
                           START @2022-12-03 22:08:27.123143
----------------------------------------------------------------------------------------
args.config_file='config_files/modify_inc/least_random_2.ini'
----------------------------------------------------------------------------------------
---------------------------------------- CONFIG -----------------------------------------
----------------------------------------------------------------------------------------
seed=0
device=device(type='cuda', index=0)
torch.backends.cudnn.enabled=False
Starting modification: initial=0, start=None, end=1000, @2022-12-03 22:08:30.723451
0 / 1000 = 0% @2022-12-03 22:08:30.723483
1 / 1000 = 0% @2022-12-03 22:08:31.039664
2 / 1000 = 0% @2022-12-03 22:08:31.052984
3 / 1000 = 0% @2022-12-03 22:08:31.065744
4 / 1000 = 0% @2022-12-03 22:08:31.081936
5 / 1000 = 0% @2022-12-03 22:08:31.182309
6 / 1000 = 0% @2022-12-03 22:08:31.201408
7 / 1000 = 0% @2022-12-03 22:08:31.220647
8 / 1000 = 0% @2022-12-03 22:08:31.242073
9 / 1000 = 0% @2022-12-03 22:08:31.263164
10 / 1000 = 1% @2022-12-03 22:08:31.499678
11 / 1000 = 1% @2022-12-03 22:08:31.572831
12 / 1000 = 1% @2022-12-03 22:08:31.602687
13 / 1000 = 1% @2022-12-03 22:08:31.776838
14 / 1000 = 1% @2022-12-03 22:08:32.035892
15 / 1000 = 1% @2022-12-03 22:08:32.057863
16 / 1000 = 1% @2022-12-03 22:08:32.075240
17 / 1000 = 1% @2022-12-03 22:08:32.310434
18 / 1000 = 1% @2022-12-03 22:08:32.324439
19 / 1000 = 1% @2022-12-03 22:08:32.338241
20 / 1000 = 2% @2022-12-03 22:08:32.405830
21 / 1000 = 2% @2022-12-03 22:08:32.422821
22 / 1000 = 2% @2022-12-03 22:08:32.489443
23 / 1000 = 2% @2022-12-03 22:08:32.505802
24 / 1000 = 2% @2022-12-03 22:08:32.523247
25 / 1000 = 2% @2022-12-03 22:08:32.540718
26 / 1000 = 2% @2022-12-03 22:08:32.609711
27 / 1000 = 2% @2022-12-03 22:08:32.629740
28 / 1000 = 2% @2022-12-03 22:08:32.698128
29 / 1000 = 2% @2022-12-03 22:08:32.918648
30 / 1000 = 3% @2022-12-03 22:08:32.935856
31 / 1000 = 3% @2022-12-03 22:08:32.953860
32 / 1000 = 3% @2022-12-03 22:08:32.970033
33 / 1000 = 3% @2022-12-03 22:08:33.038983
34 / 1000 = 3% @2022-12-03 22:08:33.064961
35 / 1000 = 3% @2022-12-03 22:08:33.078962
36 / 1000 = 3% @2022-12-03 22:08:33.267707
37 / 1000 = 3% @2022-12-03 22:08:33.306161
38 / 1000 = 3% @2022-12-03 22:08:33.561415
39 / 1000 = 3% @2022-12-03 22:08:33.772704
40 / 1000 = 4% @2022-12-03 22:08:33.789482
41 / 1000 = 4% @2022-12-03 22:08:33.858462
42 / 1000 = 4% @2022-12-03 22:08:34.095679
43 / 1000 = 4% @2022-12-03 22:08:34.112299
44 / 1000 = 4% @2022-12-03 22:08:34.138051
45 / 1000 = 4% @2022-12-03 22:08:34.163755
46 / 1000 = 4% @2022-12-03 22:08:34.177383
47 / 1000 = 4% @2022-12-03 22:08:34.245479
48 / 1000 = 4% @2022-12-03 22:08:34.264024
49 / 1000 = 4% @2022-12-03 22:08:34.280936
50 / 1000 = 5% @2022-12-03 22:08:34.298849
51 / 1000 = 5% @2022-12-03 22:08:34.499069
52 / 1000 = 5% @2022-12-03 22:08:34.608444
53 / 1000 = 5% @2022-12-03 22:08:34.625171
54 / 1000 = 5% @2022-12-03 22:08:34.741482
55 / 1000 = 5% @2022-12-03 22:08:34.758336
56 / 1000 = 5% @2022-12-03 22:08:34.774778
57 / 1000 = 5% @2022-12-03 22:08:34.846583
58 / 1000 = 5% @2022-12-03 22:08:34.863002
59 / 1000 = 5% @2022-12-03 22:08:35.035466
60 / 1000 = 6% @2022-12-03 22:08:35.103684
61 / 1000 = 6% @2022-12-03 22:08:35.354831
62 / 1000 = 6% @2022-12-03 22:08:35.424206
63 / 1000 = 6% @2022-12-03 22:08:35.443538
64 / 1000 = 6% @2022-12-03 22:08:35.604216
65 / 1000 = 6% @2022-12-03 22:08:35.624249
66 / 1000 = 6% @2022-12-03 22:08:35.644888
67 / 1000 = 6% @2022-12-03 22:08:35.719367
68 / 1000 = 6% @2022-12-03 22:08:35.737783
69 / 1000 = 6% @2022-12-03 22:08:35.756155
70 / 1000 = 7% @2022-12-03 22:08:35.774520
71 / 1000 = 7% @2022-12-03 22:08:35.795829
72 / 1000 = 7% @2022-12-03 22:08:35.820806
73 / 1000 = 7% @2022-12-03 22:08:35.841993
74 / 1000 = 7% @2022-12-03 22:08:35.863024
75 / 1000 = 7% @2022-12-03 22:08:35.887877
76 / 1000 = 7% @2022-12-03 22:08:35.909210
77 / 1000 = 7% @2022-12-03 22:08:35.927000
78 / 1000 = 7% @2022-12-03 22:08:35.951003
79 / 1000 = 7% @2022-12-03 22:08:36.250386
80 / 1000 = 8% @2022-12-03 22:08:36.620754
81 / 1000 = 8% @2022-12-03 22:08:36.645688
82 / 1000 = 8% @2022-12-03 22:08:36.822714
83 / 1000 = 8% @2022-12-03 22:08:36.843910
84 / 1000 = 8% @2022-12-03 22:08:37.048470
85 / 1000 = 8% @2022-12-03 22:08:37.149901
86 / 1000 = 8% @2022-12-03 22:08:37.167430
87 / 1000 = 8% @2022-12-03 22:08:37.186575
88 / 1000 = 8% @2022-12-03 22:08:37.251979
89 / 1000 = 8% @2022-12-03 22:08:37.276355
90 / 1000 = 9% @2022-12-03 22:08:37.298966
91 / 1000 = 9% @2022-12-03 22:08:37.320251
92 / 1000 = 9% @2022-12-03 22:08:37.649297
93 / 1000 = 9% @2022-12-03 22:08:37.679523
94 / 1000 = 9% @2022-12-03 22:08:37.965396
95 / 1000 = 9% @2022-12-03 22:08:37.989133
96 / 1000 = 9% @2022-12-03 22:08:38.234696
97 / 1000 = 9% @2022-12-03 22:08:38.254853
98 / 1000 = 9% @2022-12-03 22:08:38.668660
99 / 1000 = 9% @2022-12-03 22:08:38.699820
100 / 1000 = 10% @2022-12-03 22:08:38.897087
101 / 1000 = 10% @2022-12-03 22:08:39.229238
102 / 1000 = 10% @2022-12-03 22:08:39.374592
103 / 1000 = 10% @2022-12-03 22:08:39.531773
104 / 1000 = 10% @2022-12-03 22:08:39.577132
105 / 1000 = 10% @2022-12-03 22:08:39.598938
106 / 1000 = 10% @2022-12-03 22:08:40.046637
107 / 1000 = 10% @2022-12-03 22:08:40.078858
108 / 1000 = 10% @2022-12-03 22:08:40.111541
109 / 1000 = 10% @2022-12-03 22:08:40.159220
110 / 1000 = 11% @2022-12-03 22:08:40.182456
111 / 1000 = 11% @2022-12-03 22:08:40.298585
112 / 1000 = 11% @2022-12-03 22:08:40.328844
113 / 1000 = 11% @2022-12-03 22:08:40.658868
114 / 1000 = 11% @2022-12-03 22:08:41.128594
115 / 1000 = 11% @2022-12-03 22:08:41.410404
116 / 1000 = 11% @2022-12-03 22:08:41.445872
117 / 1000 = 11% @2022-12-03 22:08:41.542494
118 / 1000 = 11% @2022-12-03 22:08:41.638116
119 / 1000 = 11% @2022-12-03 22:08:41.731280
120 / 1000 = 12% @2022-12-03 22:08:42.010048
121 / 1000 = 12% @2022-12-03 22:08:42.088300
122 / 1000 = 12% @2022-12-03 22:08:42.124123
123 / 1000 = 12% @2022-12-03 22:08:42.220533
124 / 1000 = 12% @2022-12-03 22:08:42.499767
125 / 1000 = 12% @2022-12-03 22:08:42.779442
126 / 1000 = 12% @2022-12-03 22:08:43.061237
127 / 1000 = 12% @2022-12-03 22:08:43.147115
128 / 1000 = 12% @2022-12-03 22:08:43.693240
129 / 1000 = 12% @2022-12-03 22:08:43.790439
130 / 1000 = 13% @2022-12-03 22:08:43.887281
131 / 1000 = 13% @2022-12-03 22:08:44.044472
132 / 1000 = 13% @2022-12-03 22:08:44.141246
133 / 1000 = 13% @2022-12-03 22:08:44.176980
134 / 1000 = 13% @2022-12-03 22:08:44.272709
135 / 1000 = 13% @2022-12-03 22:08:44.307705
136 / 1000 = 13% @2022-12-03 22:08:44.342677
137 / 1000 = 13% @2022-12-03 22:08:44.429308
138 / 1000 = 13% @2022-12-03 22:08:44.465527
139 / 1000 = 13% @2022-12-03 22:08:44.495799
140 / 1000 = 14% @2022-12-03 22:08:44.538096
141 / 1000 = 14% @2022-12-03 22:08:44.581676
142 / 1000 = 14% @2022-12-03 22:08:44.624988
143 / 1000 = 14% @2022-12-03 22:08:44.668434
144 / 1000 = 14% @2022-12-03 22:08:44.768994
145 / 1000 = 14% @2022-12-03 22:08:44.809115
146 / 1000 = 14% @2022-12-03 22:08:44.848367
147 / 1000 = 14% @2022-12-03 22:08:45.054073
148 / 1000 = 14% @2022-12-03 22:08:45.093227
149 / 1000 = 14% @2022-12-03 22:08:45.247661
150 / 1000 = 15% @2022-12-03 22:08:45.287773
151 / 1000 = 15% @2022-12-03 22:08:45.333981
152 / 1000 = 15% @2022-12-03 22:08:45.382030
153 / 1000 = 15% @2022-12-03 22:08:45.422704
154 / 1000 = 15% @2022-12-03 22:08:45.455412
155 / 1000 = 15% @2022-12-03 22:08:45.586922
156 / 1000 = 15% @2022-12-03 22:08:45.779105
157 / 1000 = 15% @2022-12-03 22:08:45.826172
158 / 1000 = 15% @2022-12-03 22:08:45.874514
159 / 1000 = 15% @2022-12-03 22:08:45.914642
160 / 1000 = 16% @2022-12-03 22:08:46.117808
161 / 1000 = 16% @2022-12-03 22:08:46.155256
162 / 1000 = 16% @2022-12-03 22:08:46.200337
163 / 1000 = 16% @2022-12-03 22:08:46.247644
164 / 1000 = 16% @2022-12-03 22:08:46.282911
165 / 1000 = 16% @2022-12-03 22:08:46.326898
166 / 1000 = 16% @2022-12-03 22:08:46.370947
167 / 1000 = 16% @2022-12-03 22:08:46.419507
168 / 1000 = 16% @2022-12-03 22:08:46.470049
169 / 1000 = 16% @2022-12-03 22:08:46.516319
170 / 1000 = 17% @2022-12-03 22:08:46.566125
171 / 1000 = 17% @2022-12-03 22:08:46.654945
172 / 1000 = 17% @2022-12-03 22:08:46.751020
173 / 1000 = 17% @2022-12-03 22:08:46.790380
174 / 1000 = 17% @2022-12-03 22:08:46.879114
175 / 1000 = 17% @2022-12-03 22:08:46.967465
176 / 1000 = 17% @2022-12-03 22:08:47.072925
177 / 1000 = 17% @2022-12-03 22:08:47.160851
178 / 1000 = 17% @2022-12-03 22:08:47.206032
179 / 1000 = 17% @2022-12-03 22:08:47.254841
180 / 1000 = 18% @2022-12-03 22:08:47.343744
181 / 1000 = 18% @2022-12-03 22:08:47.438639
182 / 1000 = 18% @2022-12-03 22:08:47.486365
183 / 1000 = 18% @2022-12-03 22:08:47.582861
184 / 1000 = 18% @2022-12-03 22:08:47.678512
185 / 1000 = 18% @2022-12-03 22:08:47.767202
186 / 1000 = 18% @2022-12-03 22:08:47.817370
187 / 1000 = 18% @2022-12-03 22:08:47.864356
188 / 1000 = 18% @2022-12-03 22:08:48.041460
189 / 1000 = 18% @2022-12-03 22:08:48.089070
190 / 1000 = 19% @2022-12-03 22:08:48.128470
191 / 1000 = 19% @2022-12-03 22:08:48.169238
192 / 1000 = 19% @2022-12-03 22:08:48.221722
193 / 1000 = 19% @2022-12-03 22:08:48.271693
194 / 1000 = 19% @2022-12-03 22:08:49.109374
195 / 1000 = 19% @2022-12-03 22:08:49.150527
196 / 1000 = 19% @2022-12-03 22:08:49.190839
197 / 1000 = 19% @2022-12-03 22:08:49.230068
198 / 1000 = 19% @2022-12-03 22:08:49.285060
199 / 1000 = 19% @2022-12-03 22:08:49.555538
200 / 1000 = 20% @2022-12-03 22:08:49.787766
201 / 1000 = 20% @2022-12-03 22:08:49.845115
202 / 1000 = 20% @2022-12-03 22:08:49.893328
203 / 1000 = 20% @2022-12-03 22:08:49.935920
204 / 1000 = 20% @2022-12-03 22:08:49.998909
205 / 1000 = 20% @2022-12-03 22:08:50.061996
206 / 1000 = 20% @2022-12-03 22:08:50.124933
207 / 1000 = 20% @2022-12-03 22:08:50.187924
208 / 1000 = 20% @2022-12-03 22:08:50.250956
209 / 1000 = 20% @2022-12-03 22:08:50.313934
210 / 1000 = 21% @2022-12-03 22:08:50.368722
211 / 1000 = 21% @2022-12-03 22:08:50.421018
212 / 1000 = 21% @2022-12-03 22:08:50.477077
213 / 1000 = 21% @2022-12-03 22:08:50.537060
214 / 1000 = 21% @2022-12-03 22:08:50.760901
215 / 1000 = 21% @2022-12-03 22:08:50.817130
216 / 1000 = 21% @2022-12-03 22:08:51.042402
217 / 1000 = 21% @2022-12-03 22:08:51.098747
218 / 1000 = 21% @2022-12-03 22:08:51.321640
219 / 1000 = 21% @2022-12-03 22:08:51.377429
220 / 1000 = 22% @2022-12-03 22:08:52.001263
221 / 1000 = 22% @2022-12-03 22:08:52.300504
222 / 1000 = 22% @2022-12-03 22:08:52.449615
223 / 1000 = 22% @2022-12-03 22:08:52.600781
224 / 1000 = 22% @2022-12-03 22:08:52.762855
225 / 1000 = 22% @2022-12-03 22:08:53.156212
226 / 1000 = 22% @2022-12-03 22:08:53.359375
227 / 1000 = 22% @2022-12-03 22:08:53.892218
228 / 1000 = 22% @2022-12-03 22:08:54.388193
229 / 1000 = 22% @2022-12-03 22:08:55.989623
230 / 1000 = 23% @2022-12-03 22:08:56.843773
231 / 1000 = 23% @2022-12-03 22:08:57.627960
232 / 1000 = 23% @2022-12-03 22:08:58.232926
233 / 1000 = 23% @2022-12-03 22:08:58.398828
234 / 1000 = 23% @2022-12-03 22:08:58.540953
235 / 1000 = 23% @2022-12-03 22:08:59.043941
236 / 1000 = 23% @2022-12-03 22:08:59.245968
237 / 1000 = 23% @2022-12-03 22:08:59.569538
238 / 1000 = 23% @2022-12-03 22:08:59.809006
239 / 1000 = 23% @2022-12-03 22:09:00.038933
240 / 1000 = 24% @2022-12-03 22:09:00.231446
241 / 1000 = 24% @2022-12-03 22:09:00.675619
242 / 1000 = 24% @2022-12-03 22:09:01.324338
243 / 1000 = 24% @2022-12-03 22:09:01.584247
244 / 1000 = 24% @2022-12-03 22:09:02.560733
245 / 1000 = 24% @2022-12-03 22:09:02.893874
246 / 1000 = 24% @2022-12-03 22:09:03.105250
247 / 1000 = 24% @2022-12-03 22:09:03.421680
248 / 1000 = 24% @2022-12-03 22:09:03.812079
249 / 1000 = 24% @2022-12-03 22:09:04.136565
250 / 1000 = 25% @2022-12-03 22:09:04.386391
251 / 1000 = 25% @2022-12-03 22:09:04.511562
252 / 1000 = 25% @2022-12-03 22:09:04.765246
253 / 1000 = 25% @2022-12-03 22:09:05.023879
254 / 1000 = 25% @2022-12-03 22:09:05.643807
255 / 1000 = 25% @2022-12-03 22:09:05.791275
256 / 1000 = 25% @2022-12-03 22:09:06.031872
257 / 1000 = 25% @2022-12-03 22:09:06.535576
258 / 1000 = 25% @2022-12-03 22:09:07.374769
259 / 1000 = 25% @2022-12-03 22:09:07.674727
260 / 1000 = 26% @2022-12-03 22:09:07.775943
261 / 1000 = 26% @2022-12-03 22:09:08.299648
262 / 1000 = 26% @2022-12-03 22:09:08.434772
263 / 1000 = 26% @2022-12-03 22:09:08.831659
264 / 1000 = 26% @2022-12-03 22:09:09.062836
265 / 1000 = 26% @2022-12-03 22:09:09.663963
266 / 1000 = 26% @2022-12-03 22:09:09.979219
267 / 1000 = 26% @2022-12-03 22:09:10.717414
268 / 1000 = 26% @2022-12-03 22:09:10.958580
269 / 1000 = 26% @2022-12-03 22:09:11.064398
270 / 1000 = 27% @2022-12-03 22:09:11.339475
271 / 1000 = 27% @2022-12-03 22:09:11.478275
272 / 1000 = 27% @2022-12-03 22:09:11.855959
273 / 1000 = 27% @2022-12-03 22:09:12.059118
274 / 1000 = 27% @2022-12-03 22:09:12.667650
275 / 1000 = 27% @2022-12-03 22:09:12.811512
276 / 1000 = 27% @2022-12-03 22:09:14.394397
277 / 1000 = 27% @2022-12-03 22:09:15.209005
278 / 1000 = 27% @2022-12-03 22:09:16.239302
279 / 1000 = 27% @2022-12-03 22:09:16.865684
280 / 1000 = 28% @2022-12-03 22:09:17.888288
281 / 1000 = 28% @2022-12-03 22:09:17.989671
282 / 1000 = 28% @2022-12-03 22:09:18.060257
283 / 1000 = 28% @2022-12-03 22:09:18.389538
284 / 1000 = 28% @2022-12-03 22:09:18.538324
285 / 1000 = 28% @2022-12-03 22:09:18.924196
286 / 1000 = 28% @2022-12-03 22:09:19.625285
287 / 1000 = 28% @2022-12-03 22:09:20.241467
288 / 1000 = 28% @2022-12-03 22:09:20.628916
289 / 1000 = 28% @2022-12-03 22:09:21.944764
290 / 1000 = 29% @2022-12-03 22:09:23.136389
291 / 1000 = 29% @2022-12-03 22:09:24.127654
292 / 1000 = 29% @2022-12-03 22:09:24.884274
293 / 1000 = 29% @2022-12-03 22:09:25.076161
294 / 1000 = 29% @2022-12-03 22:09:26.122430
295 / 1000 = 29% @2022-12-03 22:09:26.488056
296 / 1000 = 29% @2022-12-03 22:09:27.085586
297 / 1000 = 29% @2022-12-03 22:09:27.284369
298 / 1000 = 29% @2022-12-03 22:09:28.230578
299 / 1000 = 29% @2022-12-03 22:09:28.762566
300 / 1000 = 30% @2022-12-03 22:09:28.909261
301 / 1000 = 30% @2022-12-03 22:09:29.197872
302 / 1000 = 30% @2022-12-03 22:09:29.442075
303 / 1000 = 30% @2022-12-03 22:09:29.710549
304 / 1000 = 30% @2022-12-03 22:09:30.243821
305 / 1000 = 30% @2022-12-03 22:09:30.602526
306 / 1000 = 30% @2022-12-03 22:09:30.773612
307 / 1000 = 30% @2022-12-03 22:09:30.921489
308 / 1000 = 30% @2022-12-03 22:09:31.298271
309 / 1000 = 30% @2022-12-03 22:09:31.433647
310 / 1000 = 31% @2022-12-03 22:09:32.850037
311 / 1000 = 31% @2022-12-03 22:09:33.527806
312 / 1000 = 31% @2022-12-03 22:09:34.686922
313 / 1000 = 31% @2022-12-03 22:09:35.094698
314 / 1000 = 31% @2022-12-03 22:09:35.258263
315 / 1000 = 31% @2022-12-03 22:09:35.481553
316 / 1000 = 31% @2022-12-03 22:09:35.775589
317 / 1000 = 31% @2022-12-03 22:09:36.010244
318 / 1000 = 31% @2022-12-03 22:09:36.346997
319 / 1000 = 31% @2022-12-03 22:09:37.313961
320 / 1000 = 32% @2022-12-03 22:09:37.583084
321 / 1000 = 32% @2022-12-03 22:09:37.713582
322 / 1000 = 32% @2022-12-03 22:09:38.277246
323 / 1000 = 32% @2022-12-03 22:09:38.375682
324 / 1000 = 32% @2022-12-03 22:09:38.449070
325 / 1000 = 32% @2022-12-03 22:09:38.589364
326 / 1000 = 32% @2022-12-03 22:09:38.825346
327 / 1000 = 32% @2022-12-03 22:09:39.361869
328 / 1000 = 32% @2022-12-03 22:09:39.596218
329 / 1000 = 32% @2022-12-03 22:09:39.701453
330 / 1000 = 33% @2022-12-03 22:09:41.063704
331 / 1000 = 33% @2022-12-03 22:09:41.605168
332 / 1000 = 33% @2022-12-03 22:09:42.227520
333 / 1000 = 33% @2022-12-03 22:09:42.671760
334 / 1000 = 33% @2022-12-03 22:09:44.028350
335 / 1000 = 33% @2022-12-03 22:09:44.781793
336 / 1000 = 33% @2022-12-03 22:09:45.605446
337 / 1000 = 33% @2022-12-03 22:09:45.806732
338 / 1000 = 33% @2022-12-03 22:09:46.685328
339 / 1000 = 33% @2022-12-03 22:09:47.336046
340 / 1000 = 34% @2022-12-03 22:09:48.149545
341 / 1000 = 34% @2022-12-03 22:09:48.327508
342 / 1000 = 34% @2022-12-03 22:09:49.544215
343 / 1000 = 34% @2022-12-03 22:09:49.770695
344 / 1000 = 34% @2022-12-03 22:09:50.161138
345 / 1000 = 34% @2022-12-03 22:09:50.604989
346 / 1000 = 34% @2022-12-03 22:09:50.978060
347 / 1000 = 34% @2022-12-03 22:09:51.109245
348 / 1000 = 34% @2022-12-03 22:09:52.327592
349 / 1000 = 34% @2022-12-03 22:09:52.788707
350 / 1000 = 35% @2022-12-03 22:09:53.220462
351 / 1000 = 35% @2022-12-03 22:09:53.413507
352 / 1000 = 35% @2022-12-03 22:09:53.852864
353 / 1000 = 35% @2022-12-03 22:09:55.033798
354 / 1000 = 35% @2022-12-03 22:09:55.246553
355 / 1000 = 35% @2022-12-03 22:09:55.971093
356 / 1000 = 35% @2022-12-03 22:09:56.912644
357 / 1000 = 35% @2022-12-03 22:09:57.170899
358 / 1000 = 35% @2022-12-03 22:09:58.669404
359 / 1000 = 35% @2022-12-03 22:10:00.061897
360 / 1000 = 36% @2022-12-03 22:10:00.464402
361 / 1000 = 36% @2022-12-03 22:10:00.731365
362 / 1000 = 36% @2022-12-03 22:10:00.964010
363 / 1000 = 36% @2022-12-03 22:10:01.433300
364 / 1000 = 36% @2022-12-03 22:10:01.872369
365 / 1000 = 36% @2022-12-03 22:10:02.279319
366 / 1000 = 36% @2022-12-03 22:10:02.453153
367 / 1000 = 36% @2022-12-03 22:10:03.676844
368 / 1000 = 36% @2022-12-03 22:10:04.531344
369 / 1000 = 36% @2022-12-03 22:10:04.796258
370 / 1000 = 37% @2022-12-03 22:10:05.205939
371 / 1000 = 37% @2022-12-03 22:10:05.369037
372 / 1000 = 37% @2022-12-03 22:10:05.503119
373 / 1000 = 37% @2022-12-03 22:10:06.676997
374 / 1000 = 37% @2022-12-03 22:10:06.906261
375 / 1000 = 37% @2022-12-03 22:10:07.051472
376 / 1000 = 37% @2022-12-03 22:10:07.937660
377 / 1000 = 37% @2022-12-03 22:10:08.140823
378 / 1000 = 37% @2022-12-03 22:10:09.617710
379 / 1000 = 37% @2022-12-03 22:10:09.808781
380 / 1000 = 38% @2022-12-03 22:10:11.284683
381 / 1000 = 38% @2022-12-03 22:10:11.879078
382 / 1000 = 38% @2022-12-03 22:10:13.246763
383 / 1000 = 38% @2022-12-03 22:10:13.851847
384 / 1000 = 38% @2022-12-03 22:10:14.169126
385 / 1000 = 38% @2022-12-03 22:10:15.219321
386 / 1000 = 38% @2022-12-03 22:10:15.500135
387 / 1000 = 38% @2022-12-03 22:10:15.870842
388 / 1000 = 38% @2022-12-03 22:10:16.605366
389 / 1000 = 38% @2022-12-03 22:10:16.866819
390 / 1000 = 39% @2022-12-03 22:10:17.339319
391 / 1000 = 39% @2022-12-03 22:10:18.108043
392 / 1000 = 39% @2022-12-03 22:10:19.571075
393 / 1000 = 39% @2022-12-03 22:10:20.319597
394 / 1000 = 39% @2022-12-03 22:10:20.629458
395 / 1000 = 39% @2022-12-03 22:10:21.127061
396 / 1000 = 39% @2022-12-03 22:10:21.692622
397 / 1000 = 39% @2022-12-03 22:10:22.566505
398 / 1000 = 39% @2022-12-03 22:10:23.224255
399 / 1000 = 39% @2022-12-03 22:10:23.987238
400 / 1000 = 40% @2022-12-03 22:10:24.458219
401 / 1000 = 40% @2022-12-03 22:10:24.629119
402 / 1000 = 40% @2022-12-03 22:10:24.915795
403 / 1000 = 40% @2022-12-03 22:10:25.185103
404 / 1000 = 40% @2022-12-03 22:10:25.805709
405 / 1000 = 40% @2022-12-03 22:10:26.710656
406 / 1000 = 40% @2022-12-03 22:10:27.138614
407 / 1000 = 40% @2022-12-03 22:10:27.251652
408 / 1000 = 40% @2022-12-03 22:10:28.011324
409 / 1000 = 40% @2022-12-03 22:10:28.382449
410 / 1000 = 41% @2022-12-03 22:10:28.587374
411 / 1000 = 41% @2022-12-03 22:10:28.918739
412 / 1000 = 41% @2022-12-03 22:10:29.415506
413 / 1000 = 41% @2022-12-03 22:10:29.974930
414 / 1000 = 41% @2022-12-03 22:10:30.724603
415 / 1000 = 41% @2022-12-03 22:10:31.770830
416 / 1000 = 41% @2022-12-03 22:10:31.973552
417 / 1000 = 41% @2022-12-03 22:10:32.042670
418 / 1000 = 41% @2022-12-03 22:10:32.245129
419 / 1000 = 41% @2022-12-03 22:10:32.410083
420 / 1000 = 42% @2022-12-03 22:10:33.608664
421 / 1000 = 42% @2022-12-03 22:10:33.972727
422 / 1000 = 42% @2022-12-03 22:10:34.483972
423 / 1000 = 42% @2022-12-03 22:10:35.059929
424 / 1000 = 42% @2022-12-03 22:10:35.111801
425 / 1000 = 42% @2022-12-03 22:10:35.576077
426 / 1000 = 42% @2022-12-03 22:10:36.144783
427 / 1000 = 42% @2022-12-03 22:10:37.063422
428 / 1000 = 42% @2022-12-03 22:10:37.172663
429 / 1000 = 42% @2022-12-03 22:10:37.427098
430 / 1000 = 43% @2022-12-03 22:10:37.478914
431 / 1000 = 43% @2022-12-03 22:10:37.608750
432 / 1000 = 43% @2022-12-03 22:10:37.750156
433 / 1000 = 43% @2022-12-03 22:10:38.452986
434 / 1000 = 43% @2022-12-03 22:10:38.803853
435 / 1000 = 43% @2022-12-03 22:10:39.056565
436 / 1000 = 43% @2022-12-03 22:10:39.458120
437 / 1000 = 43% @2022-12-03 22:10:39.632524
438 / 1000 = 43% @2022-12-03 22:10:41.031092
439 / 1000 = 43% @2022-12-03 22:10:41.203878
440 / 1000 = 44% @2022-12-03 22:10:41.337418
441 / 1000 = 44% @2022-12-03 22:10:41.598016
442 / 1000 = 44% @2022-12-03 22:10:41.766915
443 / 1000 = 44% @2022-12-03 22:10:41.905593
444 / 1000 = 44% @2022-12-03 22:10:42.010707
445 / 1000 = 44% @2022-12-03 22:10:43.196882
446 / 1000 = 44% @2022-12-03 22:10:43.824674
447 / 1000 = 44% @2022-12-03 22:10:44.395736
448 / 1000 = 44% @2022-12-03 22:10:45.049583
449 / 1000 = 44% @2022-12-03 22:10:45.340308
450 / 1000 = 45% @2022-12-03 22:10:45.841761
451 / 1000 = 45% @2022-12-03 22:10:46.465741
452 / 1000 = 45% @2022-12-03 22:10:47.653564
453 / 1000 = 45% @2022-12-03 22:10:48.225873
454 / 1000 = 45% @2022-12-03 22:10:49.178087
455 / 1000 = 45% @2022-12-03 22:10:49.411991
456 / 1000 = 45% @2022-12-03 22:10:51.009229
457 / 1000 = 45% @2022-12-03 22:10:51.773575
458 / 1000 = 45% @2022-12-03 22:10:51.994259
459 / 1000 = 45% @2022-12-03 22:10:53.199469
460 / 1000 = 46% @2022-12-03 22:10:53.369007
461 / 1000 = 46% @2022-12-03 22:10:53.905036
462 / 1000 = 46% @2022-12-03 22:10:54.155477
463 / 1000 = 46% @2022-12-03 22:10:54.351014
464 / 1000 = 46% @2022-12-03 22:10:54.568349
465 / 1000 = 46% @2022-12-03 22:10:54.680650
466 / 1000 = 46% @2022-12-03 22:10:56.037139
467 / 1000 = 46% @2022-12-03 22:10:56.458713
468 / 1000 = 46% @2022-12-03 22:10:56.792854
469 / 1000 = 46% @2022-12-03 22:10:57.033883
470 / 1000 = 47% @2022-12-03 22:10:57.969524
471 / 1000 = 47% @2022-12-03 22:10:59.326072
472 / 1000 = 47% @2022-12-03 22:11:00.278671
473 / 1000 = 47% @2022-12-03 22:11:00.704030
474 / 1000 = 47% @2022-12-03 22:11:00.997284
475 / 1000 = 47% @2022-12-03 22:11:01.199782
476 / 1000 = 47% @2022-12-03 22:11:01.274578
477 / 1000 = 47% @2022-12-03 22:11:01.598485
478 / 1000 = 47% @2022-12-03 22:11:01.772997
479 / 1000 = 47% @2022-12-03 22:11:02.000639
480 / 1000 = 48% @2022-12-03 22:11:02.621083
481 / 1000 = 48% @2022-12-03 22:11:02.888681
482 / 1000 = 48% @2022-12-03 22:11:03.149672
483 / 1000 = 48% @2022-12-03 22:11:04.332697
484 / 1000 = 48% @2022-12-03 22:11:05.660690
485 / 1000 = 48% @2022-12-03 22:11:05.915720
486 / 1000 = 48% @2022-12-03 22:11:07.111302
487 / 1000 = 48% @2022-12-03 22:11:07.316370
488 / 1000 = 48% @2022-12-03 22:11:07.579360
489 / 1000 = 48% @2022-12-03 22:11:08.474583
490 / 1000 = 49% @2022-12-03 22:11:10.025870
491 / 1000 = 49% @2022-12-03 22:11:11.015448
492 / 1000 = 49% @2022-12-03 22:11:11.460501
493 / 1000 = 49% @2022-12-03 22:11:11.965118
494 / 1000 = 49% @2022-12-03 22:11:12.376184
495 / 1000 = 49% @2022-12-03 22:11:12.475601
496 / 1000 = 49% @2022-12-03 22:11:12.960742
497 / 1000 = 49% @2022-12-03 22:11:14.482794
498 / 1000 = 49% @2022-12-03 22:11:14.789149
499 / 1000 = 49% @2022-12-03 22:11:15.074897
500 / 1000 = 50% @2022-12-03 22:11:15.514322
501 / 1000 = 50% @2022-12-03 22:11:15.658784
502 / 1000 = 50% @2022-12-03 22:11:15.969575
503 / 1000 = 50% @2022-12-03 22:11:16.602293
504 / 1000 = 50% @2022-12-03 22:11:16.661104
505 / 1000 = 50% @2022-12-03 22:11:16.850511
506 / 1000 = 50% @2022-12-03 22:11:17.295383
507 / 1000 = 50% @2022-12-03 22:11:17.534983
508 / 1000 = 50% @2022-12-03 22:11:18.160140
509 / 1000 = 50% @2022-12-03 22:11:18.846035
510 / 1000 = 51% @2022-12-03 22:11:19.010427
511 / 1000 = 51% @2022-12-03 22:11:19.380464
512 / 1000 = 51% @2022-12-03 22:11:20.158868
513 / 1000 = 51% @2022-12-03 22:11:20.362463
514 / 1000 = 51% @2022-12-03 22:11:20.577497
515 / 1000 = 51% @2022-12-03 22:11:21.257741
516 / 1000 = 51% @2022-12-03 22:11:21.544187
517 / 1000 = 51% @2022-12-03 22:11:21.829027
518 / 1000 = 51% @2022-12-03 22:11:21.899582
519 / 1000 = 51% @2022-12-03 22:11:22.730826
520 / 1000 = 52% @2022-12-03 22:11:22.798215
521 / 1000 = 52% @2022-12-03 22:11:22.864062
522 / 1000 = 52% @2022-12-03 22:11:22.922178
523 / 1000 = 52% @2022-12-03 22:11:22.988432
524 / 1000 = 52% @2022-12-03 22:11:23.067567
525 / 1000 = 52% @2022-12-03 22:11:23.134098
526 / 1000 = 52% @2022-12-03 22:11:23.201548
527 / 1000 = 52% @2022-12-03 22:11:23.257453
528 / 1000 = 52% @2022-12-03 22:11:23.323725
529 / 1000 = 52% @2022-12-03 22:11:23.383928
530 / 1000 = 53% @2022-12-03 22:11:23.625499
531 / 1000 = 53% @2022-12-03 22:11:23.877473
532 / 1000 = 53% @2022-12-03 22:11:24.312224
533 / 1000 = 53% @2022-12-03 22:11:24.544072
534 / 1000 = 53% @2022-12-03 22:11:24.710193
535 / 1000 = 53% @2022-12-03 22:11:24.887953
536 / 1000 = 53% @2022-12-03 22:11:25.098507
537 / 1000 = 53% @2022-12-03 22:11:25.258477
538 / 1000 = 53% @2022-12-03 22:11:25.338320
539 / 1000 = 53% @2022-12-03 22:11:25.417621
540 / 1000 = 54% @2022-12-03 22:11:26.504394
541 / 1000 = 54% @2022-12-03 22:11:26.579096
542 / 1000 = 54% @2022-12-03 22:11:26.693570
543 / 1000 = 54% @2022-12-03 22:11:26.805470
544 / 1000 = 54% @2022-12-03 22:11:26.897557
545 / 1000 = 54% @2022-12-03 22:11:27.780322
546 / 1000 = 54% @2022-12-03 22:11:28.884517
547 / 1000 = 54% @2022-12-03 22:11:29.376062
548 / 1000 = 54% @2022-12-03 22:11:29.464813
549 / 1000 = 54% @2022-12-03 22:11:29.704791
550 / 1000 = 55% @2022-12-03 22:11:29.790470
551 / 1000 = 55% @2022-12-03 22:11:29.868297
552 / 1000 = 55% @2022-12-03 22:11:29.960004
553 / 1000 = 55% @2022-12-03 22:11:31.319062
554 / 1000 = 55% @2022-12-03 22:11:31.687690
555 / 1000 = 55% @2022-12-03 22:11:31.779556
556 / 1000 = 55% @2022-12-03 22:11:32.270217
557 / 1000 = 55% @2022-12-03 22:11:32.353589
558 / 1000 = 55% @2022-12-03 22:11:32.844170
559 / 1000 = 55% @2022-12-03 22:11:32.936381
560 / 1000 = 56% @2022-12-03 22:11:33.028926
561 / 1000 = 56% @2022-12-03 22:11:33.562734
562 / 1000 = 56% @2022-12-03 22:11:33.844609
563 / 1000 = 56% @2022-12-03 22:11:33.922268
564 / 1000 = 56% @2022-12-03 22:11:33.998610
565 / 1000 = 56% @2022-12-03 22:11:35.525876
566 / 1000 = 56% @2022-12-03 22:11:35.618216
567 / 1000 = 56% @2022-12-03 22:11:35.688942
568 / 1000 = 56% @2022-12-03 22:11:36.617588
569 / 1000 = 56% @2022-12-03 22:11:36.783837
570 / 1000 = 57% @2022-12-03 22:11:36.863922
571 / 1000 = 57% @2022-12-03 22:11:36.949283
572 / 1000 = 57% @2022-12-03 22:11:37.088212
573 / 1000 = 57% @2022-12-03 22:11:37.180262
574 / 1000 = 57% @2022-12-03 22:11:37.265050
575 / 1000 = 57% @2022-12-03 22:11:37.425877
576 / 1000 = 57% @2022-12-03 22:11:37.517819
577 / 1000 = 57% @2022-12-03 22:11:37.730214
578 / 1000 = 57% @2022-12-03 22:11:37.844025
579 / 1000 = 57% @2022-12-03 22:11:37.924383
580 / 1000 = 58% @2022-12-03 22:11:38.039397
581 / 1000 = 58% @2022-12-03 22:11:38.130756
582 / 1000 = 58% @2022-12-03 22:11:38.669309
583 / 1000 = 58% @2022-12-03 22:11:38.761850
584 / 1000 = 58% @2022-12-03 22:11:39.370329
585 / 1000 = 58% @2022-12-03 22:11:39.506292
586 / 1000 = 58% @2022-12-03 22:11:39.587057
587 / 1000 = 58% @2022-12-03 22:11:39.765248
588 / 1000 = 58% @2022-12-03 22:11:39.844950
589 / 1000 = 58% @2022-12-03 22:11:39.932634
590 / 1000 = 59% @2022-12-03 22:11:40.013097
591 / 1000 = 59% @2022-12-03 22:11:40.091644
592 / 1000 = 59% @2022-12-03 22:11:40.170484
593 / 1000 = 59% @2022-12-03 22:11:40.245798
594 / 1000 = 59% @2022-12-03 22:11:40.331995
595 / 1000 = 59% @2022-12-03 22:11:40.410615
596 / 1000 = 59% @2022-12-03 22:11:40.587480
597 / 1000 = 59% @2022-12-03 22:11:40.679456
598 / 1000 = 59% @2022-12-03 22:11:40.755892
599 / 1000 = 59% @2022-12-03 22:11:40.834153
600 / 1000 = 60% @2022-12-03 22:11:40.920537
601 / 1000 = 60% @2022-12-03 22:11:41.001995
602 / 1000 = 60% @2022-12-03 22:11:41.081895
603 / 1000 = 60% @2022-12-03 22:11:41.174577
604 / 1000 = 60% @2022-12-03 22:11:41.454341
605 / 1000 = 60% @2022-12-03 22:11:41.945189
606 / 1000 = 60% @2022-12-03 22:11:42.037652
607 / 1000 = 60% @2022-12-03 22:11:42.280965
608 / 1000 = 60% @2022-12-03 22:11:42.344786
609 / 1000 = 60% @2022-12-03 22:11:42.525948
610 / 1000 = 61% @2022-12-03 22:11:42.593924
611 / 1000 = 61% @2022-12-03 22:11:42.676922
612 / 1000 = 61% @2022-12-03 22:11:42.848089
613 / 1000 = 61% @2022-12-03 22:11:43.028725
614 / 1000 = 61% @2022-12-03 22:11:43.115129
615 / 1000 = 61% @2022-12-03 22:11:43.200404
616 / 1000 = 61% @2022-12-03 22:11:43.383874
617 / 1000 = 61% @2022-12-03 22:11:43.469432
618 / 1000 = 61% @2022-12-03 22:11:43.735403
619 / 1000 = 61% @2022-12-03 22:11:43.809718
620 / 1000 = 62% @2022-12-03 22:11:43.990924
621 / 1000 = 62% @2022-12-03 22:11:44.174601
622 / 1000 = 62% @2022-12-03 22:11:44.375008
623 / 1000 = 62% @2022-12-03 22:11:44.464548
624 / 1000 = 62% @2022-12-03 22:11:44.635707
625 / 1000 = 62% @2022-12-03 22:11:44.819396
626 / 1000 = 62% @2022-12-03 22:11:44.904532
627 / 1000 = 62% @2022-12-03 22:11:44.989620
628 / 1000 = 62% @2022-12-03 22:11:45.071654
629 / 1000 = 62% @2022-12-03 22:11:45.242692
630 / 1000 = 63% @2022-12-03 22:11:45.324658
631 / 1000 = 63% @2022-12-03 22:11:45.399366
632 / 1000 = 63% @2022-12-03 22:11:45.505511
633 / 1000 = 63% @2022-12-03 22:11:45.614478
634 / 1000 = 63% @2022-12-03 22:11:45.815690
635 / 1000 = 63% @2022-12-03 22:11:45.916097
636 / 1000 = 63% @2022-12-03 22:11:46.026533
637 / 1000 = 63% @2022-12-03 22:11:46.125565
638 / 1000 = 63% @2022-12-03 22:11:46.680898
639 / 1000 = 63% @2022-12-03 22:11:46.756696
640 / 1000 = 64% @2022-12-03 22:11:46.856390
641 / 1000 = 64% @2022-12-03 22:11:46.960335
642 / 1000 = 64% @2022-12-03 22:11:47.058087
643 / 1000 = 64% @2022-12-03 22:11:47.160672
644 / 1000 = 64% @2022-12-03 22:11:47.365646
645 / 1000 = 64% @2022-12-03 22:11:49.369467
646 / 1000 = 64% @2022-12-03 22:11:50.235279
647 / 1000 = 64% @2022-12-03 22:11:50.316227
648 / 1000 = 64% @2022-12-03 22:11:50.705335
649 / 1000 = 64% @2022-12-03 22:11:52.646277
650 / 1000 = 65% @2022-12-03 22:11:54.242352
651 / 1000 = 65% @2022-12-03 22:11:55.567988
652 / 1000 = 65% @2022-12-03 22:11:55.936378
653 / 1000 = 65% @2022-12-03 22:11:56.315187
654 / 1000 = 65% @2022-12-03 22:11:58.954068
655 / 1000 = 65% @2022-12-03 22:11:59.096913
656 / 1000 = 65% @2022-12-03 22:12:00.184452
657 / 1000 = 65% @2022-12-03 22:12:00.553994
658 / 1000 = 65% @2022-12-03 22:12:00.669934
659 / 1000 = 65% @2022-12-03 22:12:00.766740
660 / 1000 = 66% @2022-12-03 22:12:00.866407
661 / 1000 = 66% @2022-12-03 22:12:00.988236
662 / 1000 = 66% @2022-12-03 22:12:01.091123
663 / 1000 = 66% @2022-12-03 22:12:01.730485
664 / 1000 = 66% @2022-12-03 22:12:02.369734
665 / 1000 = 66% @2022-12-03 22:12:02.471232
666 / 1000 = 66% @2022-12-03 22:12:03.430682
667 / 1000 = 66% @2022-12-03 22:12:03.546447
668 / 1000 = 66% @2022-12-03 22:12:03.649181
669 / 1000 = 66% @2022-12-03 22:12:04.167202
670 / 1000 = 67% @2022-12-03 22:12:04.296611
671 / 1000 = 67% @2022-12-03 22:12:06.090819
672 / 1000 = 67% @2022-12-03 22:12:06.189036
673 / 1000 = 67% @2022-12-03 22:12:06.382750
674 / 1000 = 67% @2022-12-03 22:12:07.293585
675 / 1000 = 67% @2022-12-03 22:12:08.539653
676 / 1000 = 67% @2022-12-03 22:12:10.081054
677 / 1000 = 67% @2022-12-03 22:12:11.554204
678 / 1000 = 67% @2022-12-03 22:12:12.943032
679 / 1000 = 67% @2022-12-03 22:12:14.778922
680 / 1000 = 68% @2022-12-03 22:12:16.456775
681 / 1000 = 68% @2022-12-03 22:12:16.561356
682 / 1000 = 68% @2022-12-03 22:12:16.662999
683 / 1000 = 68% @2022-12-03 22:12:16.766548
684 / 1000 = 68% @2022-12-03 22:12:16.864181
685 / 1000 = 68% @2022-12-03 22:12:16.964615
686 / 1000 = 68% @2022-12-03 22:12:17.063209
687 / 1000 = 68% @2022-12-03 22:12:17.162786
688 / 1000 = 68% @2022-12-03 22:12:17.261966
689 / 1000 = 68% @2022-12-03 22:12:17.360843
690 / 1000 = 69% @2022-12-03 22:12:17.460968
691 / 1000 = 69% @2022-12-03 22:12:17.561288
692 / 1000 = 69% @2022-12-03 22:12:17.664439
693 / 1000 = 69% @2022-12-03 22:12:17.766309
694 / 1000 = 69% @2022-12-03 22:12:17.864698
695 / 1000 = 69% @2022-12-03 22:12:17.966902
696 / 1000 = 69% @2022-12-03 22:12:18.069624
697 / 1000 = 69% @2022-12-03 22:12:18.170421
698 / 1000 = 69% @2022-12-03 22:12:18.268444
699 / 1000 = 69% @2022-12-03 22:12:18.369212
700 / 1000 = 70% @2022-12-03 22:12:18.470697
701 / 1000 = 70% @2022-12-03 22:12:18.573901
702 / 1000 = 70% @2022-12-03 22:12:18.737969
703 / 1000 = 70% @2022-12-03 22:12:18.835874
704 / 1000 = 70% @2022-12-03 22:12:18.935356
705 / 1000 = 70% @2022-12-03 22:12:19.035297
706 / 1000 = 70% @2022-12-03 22:12:19.134707
707 / 1000 = 70% @2022-12-03 22:12:19.302912
708 / 1000 = 70% @2022-12-03 22:12:19.418621
709 / 1000 = 70% @2022-12-03 22:12:19.546689
710 / 1000 = 71% @2022-12-03 22:12:19.685278
711 / 1000 = 71% @2022-12-03 22:12:19.826282
712 / 1000 = 71% @2022-12-03 22:12:19.955712
713 / 1000 = 71% @2022-12-03 22:12:20.300733
714 / 1000 = 71% @2022-12-03 22:12:22.354556
715 / 1000 = 71% @2022-12-03 22:12:22.556896
716 / 1000 = 71% @2022-12-03 22:12:22.923468
717 / 1000 = 71% @2022-12-03 22:12:23.120945
718 / 1000 = 71% @2022-12-03 22:12:23.589539
719 / 1000 = 71% @2022-12-03 22:12:24.047770
720 / 1000 = 72% @2022-12-03 22:12:24.503249
721 / 1000 = 72% @2022-12-03 22:12:25.246623
722 / 1000 = 72% @2022-12-03 22:12:25.614058
723 / 1000 = 72% @2022-12-03 22:12:25.905529
724 / 1000 = 72% @2022-12-03 22:12:26.529204
725 / 1000 = 72% @2022-12-03 22:12:26.888347
726 / 1000 = 72% @2022-12-03 22:12:27.089494
727 / 1000 = 72% @2022-12-03 22:12:27.963917
728 / 1000 = 72% @2022-12-03 22:12:28.312311
729 / 1000 = 72% @2022-12-03 22:12:28.534226
730 / 1000 = 73% @2022-12-03 22:12:28.728097
731 / 1000 = 73% @2022-12-03 22:12:29.802737
732 / 1000 = 73% @2022-12-03 22:12:30.127016
733 / 1000 = 73% @2022-12-03 22:12:30.305461
734 / 1000 = 73% @2022-12-03 22:12:30.505294
735 / 1000 = 73% @2022-12-03 22:12:30.731823
736 / 1000 = 73% @2022-12-03 22:12:31.486955
737 / 1000 = 73% @2022-12-03 22:12:31.850153
738 / 1000 = 73% @2022-12-03 22:12:32.059746
739 / 1000 = 73% @2022-12-03 22:12:32.194514
740 / 1000 = 74% @2022-12-03 22:12:32.485402
741 / 1000 = 74% @2022-12-03 22:12:32.600093
742 / 1000 = 74% @2022-12-03 22:12:33.061971
743 / 1000 = 74% @2022-12-03 22:12:33.504787
744 / 1000 = 74% @2022-12-03 22:12:33.954343
745 / 1000 = 74% @2022-12-03 22:12:34.410920
746 / 1000 = 74% @2022-12-03 22:12:35.286254
747 / 1000 = 74% @2022-12-03 22:12:35.588130
748 / 1000 = 74% @2022-12-03 22:12:35.950282
749 / 1000 = 74% @2022-12-03 22:12:36.409478
750 / 1000 = 75% @2022-12-03 22:12:37.471759
751 / 1000 = 75% @2022-12-03 22:12:37.863876
752 / 1000 = 75% @2022-12-03 22:12:38.322899
753 / 1000 = 75% @2022-12-03 22:12:38.880553
754 / 1000 = 75% @2022-12-03 22:12:39.098110
755 / 1000 = 75% @2022-12-03 22:12:39.271388
756 / 1000 = 75% @2022-12-03 22:12:39.740007
757 / 1000 = 75% @2022-12-03 22:12:40.152988
758 / 1000 = 75% @2022-12-03 22:12:40.565881
759 / 1000 = 75% @2022-12-03 22:12:40.857466
760 / 1000 = 76% @2022-12-03 22:12:41.010113
761 / 1000 = 76% @2022-12-03 22:12:41.163570
762 / 1000 = 76% @2022-12-03 22:12:41.316038
763 / 1000 = 76% @2022-12-03 22:12:41.819019
764 / 1000 = 76% @2022-12-03 22:12:42.149407
765 / 1000 = 76% @2022-12-03 22:12:42.418265
766 / 1000 = 76% @2022-12-03 22:12:43.200893
767 / 1000 = 76% @2022-12-03 22:12:43.318556
768 / 1000 = 76% @2022-12-03 22:12:43.432586
769 / 1000 = 76% @2022-12-03 22:12:46.219375
770 / 1000 = 77% @2022-12-03 22:12:46.355324
771 / 1000 = 77% @2022-12-03 22:12:46.492134
772 / 1000 = 77% @2022-12-03 22:12:46.626624
773 / 1000 = 77% @2022-12-03 22:12:46.755406
774 / 1000 = 77% @2022-12-03 22:12:46.885906
775 / 1000 = 77% @2022-12-03 22:12:47.015682
776 / 1000 = 77% @2022-12-03 22:12:47.257537
777 / 1000 = 77% @2022-12-03 22:12:47.383245
778 / 1000 = 77% @2022-12-03 22:12:47.512031
779 / 1000 = 77% @2022-12-03 22:12:47.775533
780 / 1000 = 78% @2022-12-03 22:12:47.946473
781 / 1000 = 78% @2022-12-03 22:12:48.409440
782 / 1000 = 78% @2022-12-03 22:12:48.668314
783 / 1000 = 78% @2022-12-03 22:12:49.067205
784 / 1000 = 78% @2022-12-03 22:12:49.229312
785 / 1000 = 78% @2022-12-03 22:12:49.523640
786 / 1000 = 78% @2022-12-03 22:12:49.690492
787 / 1000 = 78% @2022-12-03 22:12:50.265946
788 / 1000 = 78% @2022-12-03 22:12:50.737690
789 / 1000 = 78% @2022-12-03 22:12:50.908397
790 / 1000 = 79% @2022-12-03 22:12:51.081677
791 / 1000 = 79% @2022-12-03 22:12:51.207470
792 / 1000 = 79% @2022-12-03 22:12:51.378262
793 / 1000 = 79% @2022-12-03 22:12:51.704507
794 / 1000 = 79% @2022-12-03 22:12:52.166666
795 / 1000 = 79% @2022-12-03 22:12:52.337732
796 / 1000 = 79% @2022-12-03 22:12:52.753111
797 / 1000 = 79% @2022-12-03 22:12:52.926356
798 / 1000 = 79% @2022-12-03 22:12:53.098722
799 / 1000 = 79% @2022-12-03 22:12:53.236571
800 / 1000 = 80% @2022-12-03 22:12:53.382548
801 / 1000 = 80% @2022-12-03 22:12:53.530634
802 / 1000 = 80% @2022-12-03 22:12:54.342615
803 / 1000 = 80% @2022-12-03 22:12:54.485474
804 / 1000 = 80% @2022-12-03 22:12:54.620344
805 / 1000 = 80% @2022-12-03 22:12:54.753637
806 / 1000 = 80% @2022-12-03 22:12:54.907223
807 / 1000 = 80% @2022-12-03 22:12:55.065857
808 / 1000 = 80% @2022-12-03 22:12:55.373002
809 / 1000 = 80% @2022-12-03 22:12:55.534285
810 / 1000 = 81% @2022-12-03 22:12:55.695762
811 / 1000 = 81% @2022-12-03 22:12:55.986312
812 / 1000 = 81% @2022-12-03 22:12:59.290027
813 / 1000 = 81% @2022-12-03 22:12:59.579571
814 / 1000 = 81% @2022-12-03 22:12:59.861080
815 / 1000 = 81% @2022-12-03 22:13:00.153904
816 / 1000 = 81% @2022-12-03 22:13:00.350587
817 / 1000 = 81% @2022-12-03 22:13:00.546279
818 / 1000 = 81% @2022-12-03 22:13:00.840108
819 / 1000 = 81% @2022-12-03 22:13:01.121326
820 / 1000 = 82% @2022-12-03 22:13:01.520060
821 / 1000 = 82% @2022-12-03 22:13:02.830253
822 / 1000 = 82% @2022-12-03 22:13:07.533965
823 / 1000 = 82% @2022-12-03 22:13:07.731106
824 / 1000 = 82% @2022-12-03 22:13:08.407642
825 / 1000 = 82% @2022-12-03 22:13:08.613572
826 / 1000 = 82% @2022-12-03 22:13:09.576987
827 / 1000 = 82% @2022-12-03 22:13:09.771352
828 / 1000 = 82% @2022-12-03 22:13:11.892243
829 / 1000 = 82% @2022-12-03 22:13:15.816532
830 / 1000 = 83% @2022-12-03 22:13:16.113791
831 / 1000 = 83% @2022-12-03 22:13:16.327546
832 / 1000 = 83% @2022-12-03 22:13:17.341294
833 / 1000 = 83% @2022-12-03 22:13:19.395838
834 / 1000 = 83% @2022-12-03 22:13:21.172433
835 / 1000 = 83% @2022-12-03 22:13:22.567193
836 / 1000 = 83% @2022-12-03 22:13:22.845954
837 / 1000 = 83% @2022-12-03 22:13:23.064273
838 / 1000 = 83% @2022-12-03 22:13:23.356528
839 / 1000 = 83% @2022-12-03 22:13:23.653519
840 / 1000 = 84% @2022-12-03 22:13:23.932015
841 / 1000 = 84% @2022-12-03 22:13:24.130240
842 / 1000 = 84% @2022-12-03 22:13:24.427907
843 / 1000 = 84% @2022-12-03 22:13:24.642091
844 / 1000 = 84% @2022-12-03 22:13:24.858501
845 / 1000 = 84% @2022-12-03 22:13:26.885913
846 / 1000 = 84% @2022-12-03 22:13:27.190066
847 / 1000 = 84% @2022-12-03 22:13:29.787265
848 / 1000 = 84% @2022-12-03 22:13:30.083286
849 / 1000 = 84% @2022-12-03 22:13:34.544012
850 / 1000 = 85% @2022-12-03 22:13:35.442652
851 / 1000 = 85% @2022-12-03 22:13:37.181763
852 / 1000 = 85% @2022-12-03 22:13:40.585827
853 / 1000 = 85% @2022-12-03 22:13:41.404994
854 / 1000 = 85% @2022-12-03 22:13:41.860435
855 / 1000 = 85% @2022-12-03 22:13:42.027734
856 / 1000 = 85% @2022-12-03 22:13:42.215038
857 / 1000 = 85% @2022-12-03 22:13:42.383137
858 / 1000 = 85% @2022-12-03 22:13:43.411277
859 / 1000 = 85% @2022-12-03 22:13:43.626794
860 / 1000 = 86% @2022-12-03 22:13:43.840983
861 / 1000 = 86% @2022-12-03 22:13:44.054980
862 / 1000 = 86% @2022-12-03 22:13:44.269775
863 / 1000 = 86% @2022-12-03 22:13:44.484520
864 / 1000 = 86% @2022-12-03 22:13:44.708801
865 / 1000 = 86% @2022-12-03 22:13:44.929280
866 / 1000 = 86% @2022-12-03 22:13:45.200228
867 / 1000 = 86% @2022-12-03 22:13:45.411490
868 / 1000 = 86% @2022-12-03 22:13:45.605899
869 / 1000 = 86% @2022-12-03 22:13:45.876246
870 / 1000 = 87% @2022-12-03 22:13:46.095769
871 / 1000 = 87% @2022-12-03 22:13:46.314286
872 / 1000 = 87% @2022-12-03 22:13:46.533387
873 / 1000 = 87% @2022-12-03 22:13:46.755706
874 / 1000 = 87% @2022-12-03 22:13:46.952765
875 / 1000 = 87% @2022-12-03 22:13:47.177266
876 / 1000 = 87% @2022-12-03 22:13:47.391758
877 / 1000 = 87% @2022-12-03 22:13:47.613519
878 / 1000 = 87% @2022-12-03 22:13:47.841223
879 / 1000 = 87% @2022-12-03 22:13:48.040292
880 / 1000 = 88% @2022-12-03 22:13:48.242009
881 / 1000 = 88% @2022-12-03 22:13:48.435968
882 / 1000 = 88% @2022-12-03 22:13:50.404807
883 / 1000 = 88% @2022-12-03 22:13:50.633994
884 / 1000 = 88% @2022-12-03 22:13:50.847028
885 / 1000 = 88% @2022-12-03 22:13:51.041249
886 / 1000 = 88% @2022-12-03 22:13:51.391750
887 / 1000 = 88% @2022-12-03 22:13:51.937371
888 / 1000 = 88% @2022-12-03 22:13:54.609915
889 / 1000 = 88% @2022-12-03 22:13:55.303805
890 / 1000 = 89% @2022-12-03 22:13:55.972657
891 / 1000 = 89% @2022-12-03 22:13:58.013843
892 / 1000 = 89% @2022-12-03 22:13:58.227203
893 / 1000 = 89% @2022-12-03 22:13:58.760234
894 / 1000 = 89% @2022-12-03 22:13:58.981352
895 / 1000 = 89% @2022-12-03 22:13:59.541451
896 / 1000 = 89% @2022-12-03 22:13:59.756158
897 / 1000 = 89% @2022-12-03 22:14:00.387978
898 / 1000 = 89% @2022-12-03 22:14:01.588318
899 / 1000 = 89% @2022-12-03 22:14:04.203789
900 / 1000 = 90% @2022-12-03 22:14:05.702717
901 / 1000 = 90% @2022-12-03 22:14:05.953718
902 / 1000 = 90% @2022-12-03 22:14:06.531173
903 / 1000 = 90% @2022-12-03 22:14:06.772595
904 / 1000 = 90% @2022-12-03 22:14:07.954171
905 / 1000 = 90% @2022-12-03 22:14:09.471028
906 / 1000 = 90% @2022-12-03 22:14:09.706384
907 / 1000 = 90% @2022-12-03 22:14:11.284746
908 / 1000 = 90% @2022-12-03 22:14:11.540640
909 / 1000 = 90% @2022-12-03 22:14:12.731156
910 / 1000 = 91% @2022-12-03 22:14:13.026384
911 / 1000 = 91% @2022-12-03 22:14:13.400838
912 / 1000 = 91% @2022-12-03 22:14:13.725159
913 / 1000 = 91% @2022-12-03 22:14:13.976293
914 / 1000 = 91% @2022-12-03 22:14:14.276500
915 / 1000 = 91% @2022-12-03 22:14:14.536196
916 / 1000 = 91% @2022-12-03 22:14:15.264179
917 / 1000 = 91% @2022-12-03 22:14:15.513733
918 / 1000 = 91% @2022-12-03 22:14:15.762772
919 / 1000 = 91% @2022-12-03 22:14:16.353592
920 / 1000 = 92% @2022-12-03 22:14:16.804215
921 / 1000 = 92% @2022-12-03 22:14:17.129038
922 / 1000 = 92% @2022-12-03 22:14:17.700275
923 / 1000 = 92% @2022-12-03 22:14:18.026313
924 / 1000 = 92% @2022-12-03 22:14:18.249418
925 / 1000 = 92% @2022-12-03 22:14:18.577016
926 / 1000 = 92% @2022-12-03 22:14:18.851594
927 / 1000 = 92% @2022-12-03 22:14:19.180054
928 / 1000 = 92% @2022-12-03 22:14:21.069404
929 / 1000 = 92% @2022-12-03 22:14:23.432265
930 / 1000 = 93% @2022-12-03 22:14:24.153096
931 / 1000 = 93% @2022-12-03 22:14:25.942127
932 / 1000 = 93% @2022-12-03 22:14:26.167854
933 / 1000 = 93% @2022-12-03 22:14:26.876740
934 / 1000 = 93% @2022-12-03 22:14:27.790971
935 / 1000 = 93% @2022-12-03 22:14:28.258263
936 / 1000 = 93% @2022-12-03 22:14:28.597068
937 / 1000 = 93% @2022-12-03 22:14:32.239495
938 / 1000 = 93% @2022-12-03 22:14:33.222044
939 / 1000 = 93% @2022-12-03 22:14:35.325438
940 / 1000 = 94% @2022-12-03 22:14:35.541683
941 / 1000 = 94% @2022-12-03 22:14:36.131518
942 / 1000 = 94% @2022-12-03 22:14:36.391048
943 / 1000 = 94% @2022-12-03 22:14:39.501764
944 / 1000 = 94% @2022-12-03 22:14:41.695214
945 / 1000 = 94% @2022-12-03 22:14:42.552421
946 / 1000 = 94% @2022-12-03 22:14:47.531528
947 / 1000 = 94% @2022-12-03 22:14:50.661995
948 / 1000 = 94% @2022-12-03 22:14:53.831142
949 / 1000 = 94% @2022-12-03 22:14:54.669881
950 / 1000 = 95% @2022-12-03 22:14:59.308431
951 / 1000 = 95% @2022-12-03 22:15:02.408718
952 / 1000 = 95% @2022-12-03 22:15:05.030193
953 / 1000 = 95% @2022-12-03 22:15:07.456526
954 / 1000 = 95% @2022-12-03 22:15:10.559989
955 / 1000 = 95% @2022-12-03 22:15:13.664741
956 / 1000 = 95% @2022-12-03 22:15:14.408339
957 / 1000 = 95% @2022-12-03 22:15:17.050527
958 / 1000 = 95% @2022-12-03 22:15:18.127089
959 / 1000 = 95% @2022-12-03 22:15:18.615388
960 / 1000 = 96% @2022-12-03 22:15:21.467658
961 / 1000 = 96% @2022-12-03 22:15:24.603838
962 / 1000 = 96% @2022-12-03 22:15:25.099138
963 / 1000 = 96% @2022-12-03 22:15:27.840357
964 / 1000 = 96% @2022-12-03 22:15:33.040307
965 / 1000 = 96% @2022-12-03 22:15:35.922721
966 / 1000 = 96% @2022-12-03 22:15:37.943711
967 / 1000 = 96% @2022-12-03 22:15:41.574487
968 / 1000 = 96% @2022-12-03 22:15:42.014359
969 / 1000 = 96% @2022-12-03 22:15:43.991452
970 / 1000 = 97% @2022-12-03 22:15:47.216683
971 / 1000 = 97% @2022-12-03 22:15:49.165168
972 / 1000 = 97% @2022-12-03 22:15:50.584118
973 / 1000 = 97% @2022-12-03 22:15:52.566197
974 / 1000 = 97% @2022-12-03 22:15:52.814561
975 / 1000 = 97% @2022-12-03 22:15:54.511003
976 / 1000 = 97% @2022-12-03 22:15:57.258739
977 / 1000 = 97% @2022-12-03 22:15:57.803488
978 / 1000 = 97% @2022-12-03 22:15:59.397271
979 / 1000 = 97% @2022-12-03 22:15:59.663135
980 / 1000 = 98% @2022-12-03 22:15:59.947506
981 / 1000 = 98% @2022-12-03 22:16:00.364702
982 / 1000 = 98% @2022-12-03 22:16:00.649246
983 / 1000 = 98% @2022-12-03 22:16:00.940146
984 / 1000 = 98% @2022-12-03 22:16:01.354355
985 / 1000 = 98% @2022-12-03 22:16:01.647147
986 / 1000 = 98% @2022-12-03 22:16:01.934662
987 / 1000 = 98% @2022-12-03 22:16:02.223931
988 / 1000 = 98% @2022-12-03 22:16:02.635156
989 / 1000 = 98% @2022-12-03 22:16:02.923416
990 / 1000 = 99% @2022-12-03 22:16:03.217522
991 / 1000 = 99% @2022-12-03 22:16:03.507794
992 / 1000 = 99% @2022-12-03 22:16:04.237696
993 / 1000 = 99% @2022-12-03 22:16:04.524871
994 / 1000 = 99% @2022-12-03 22:16:04.940160
995 / 1000 = 99% @2022-12-03 22:16:05.226846
996 / 1000 = 99% @2022-12-03 22:16:05.513324
997 / 1000 = 99% @2022-12-03 22:16:05.801501
998 / 1000 = 99% @2022-12-03 22:16:06.215092
999 / 1000 = 99% @2022-12-03 22:16:06.502255
1000 / 1000 = 100% @2022-12-03 22:16:06.914338

                            END @2022-12-03 22:16:06.917097
----------------------------------------------------------------------------------------
