
                           START @2022-12-03 17:57:15.034826
----------------------------------------------------------------------------------------
args.config_file='config_files/modify_inc/correspond_ordered.ini'
----------------------------------------------------------------------------------------
---------------------------------------- CONFIG -----------------------------------------
----------------------------------------------------------------------------------------
seed=0
device=device(type='cuda', index=0)
torch.backends.cudnn.enabled=False
Starting modification: initial=0, start=None, end=1000, @2022-12-03 17:57:17.071772
0 / 1000 = 0% @2022-12-03 17:57:17.071797
1 / 1000 = 0% @2022-12-03 17:57:17.394844
2 / 1000 = 0% @2022-12-03 17:57:17.410472
3 / 1000 = 0% @2022-12-03 17:57:17.425169
4 / 1000 = 0% @2022-12-03 17:57:17.449447
5 / 1000 = 0% @2022-12-03 17:57:17.678072
6 / 1000 = 0% @2022-12-03 17:57:17.701579
7 / 1000 = 0% @2022-12-03 17:57:17.722829
8 / 1000 = 0% @2022-12-03 17:57:17.750749
9 / 1000 = 0% @2022-12-03 17:57:17.778328
10 / 1000 = 1% @2022-12-03 17:57:18.397295
11 / 1000 = 1% @2022-12-03 17:57:18.578587
12 / 1000 = 1% @2022-12-03 17:57:18.637209
13 / 1000 = 1% @2022-12-03 17:57:19.121215
14 / 1000 = 1% @2022-12-03 17:57:19.855673
15 / 1000 = 1% @2022-12-03 17:57:19.896259
16 / 1000 = 1% @2022-12-03 17:57:19.927412
17 / 1000 = 1% @2022-12-03 17:57:20.594805
18 / 1000 = 1% @2022-12-03 17:57:20.616420
19 / 1000 = 1% @2022-12-03 17:57:20.635189
20 / 1000 = 2% @2022-12-03 17:57:20.820231
21 / 1000 = 2% @2022-12-03 17:57:20.849121
22 / 1000 = 2% @2022-12-03 17:57:21.032506
23 / 1000 = 2% @2022-12-03 17:57:21.059651
24 / 1000 = 2% @2022-12-03 17:57:21.090301
25 / 1000 = 2% @2022-12-03 17:57:21.120882
26 / 1000 = 2% @2022-12-03 17:57:21.305760
27 / 1000 = 2% @2022-12-03 17:57:21.344901
28 / 1000 = 2% @2022-12-03 17:57:21.534517
29 / 1000 = 2% @2022-12-03 17:57:22.177610
30 / 1000 = 3% @2022-12-03 17:57:22.207801
31 / 1000 = 3% @2022-12-03 17:57:22.241386
32 / 1000 = 3% @2022-12-03 17:57:22.269285
33 / 1000 = 3% @2022-12-03 17:57:22.480136
34 / 1000 = 3% @2022-12-03 17:57:22.550326
35 / 1000 = 3% @2022-12-03 17:57:22.573107
36 / 1000 = 3% @2022-12-03 17:57:23.188271
37 / 1000 = 3% @2022-12-03 17:57:23.286695
38 / 1000 = 3% @2022-12-03 17:57:24.057693
39 / 1000 = 3% @2022-12-03 17:57:24.677839
40 / 1000 = 4% @2022-12-03 17:57:24.706132
41 / 1000 = 4% @2022-12-03 17:57:24.894215
42 / 1000 = 4% @2022-12-03 17:57:25.577923
43 / 1000 = 4% @2022-12-03 17:57:25.607968
44 / 1000 = 4% @2022-12-03 17:57:25.664141
45 / 1000 = 4% @2022-12-03 17:57:25.720799
46 / 1000 = 4% @2022-12-03 17:57:25.739941
47 / 1000 = 4% @2022-12-03 17:57:25.927296
48 / 1000 = 4% @2022-12-03 17:57:25.960845
49 / 1000 = 4% @2022-12-03 17:57:25.992098
50 / 1000 = 5% @2022-12-03 17:57:26.024484
51 / 1000 = 5% @2022-12-03 17:57:26.604474
52 / 1000 = 5% @2022-12-03 17:57:26.919183
53 / 1000 = 5% @2022-12-03 17:57:26.946652
54 / 1000 = 5% @2022-12-03 17:57:27.277532
55 / 1000 = 5% @2022-12-03 17:57:27.309280
56 / 1000 = 5% @2022-12-03 17:57:27.336457
57 / 1000 = 5% @2022-12-03 17:57:27.527769
58 / 1000 = 5% @2022-12-03 17:57:27.555033
59 / 1000 = 5% @2022-12-03 17:57:28.045367
60 / 1000 = 6% @2022-12-03 17:57:28.223059
61 / 1000 = 6% @2022-12-03 17:57:28.983469
62 / 1000 = 6% @2022-12-03 17:57:29.184466
63 / 1000 = 6% @2022-12-03 17:57:29.220893
64 / 1000 = 6% @2022-12-03 17:57:29.749287
65 / 1000 = 6% @2022-12-03 17:57:29.797717
66 / 1000 = 6% @2022-12-03 17:57:29.849456
67 / 1000 = 6% @2022-12-03 17:57:30.063871
68 / 1000 = 6% @2022-12-03 17:57:30.099642
69 / 1000 = 6% @2022-12-03 17:57:30.135126
70 / 1000 = 7% @2022-12-03 17:57:30.170464
71 / 1000 = 7% @2022-12-03 17:57:31.956744
72 / 1000 = 7% @2022-12-03 17:57:32.002851
73 / 1000 = 7% @2022-12-03 17:57:32.061200
74 / 1000 = 7% @2022-12-03 17:57:32.107267
75 / 1000 = 7% @2022-12-03 17:57:32.152574
76 / 1000 = 7% @2022-12-03 17:57:32.211079
77 / 1000 = 7% @2022-12-03 17:57:32.258269
78 / 1000 = 7% @2022-12-03 17:57:32.293305
79 / 1000 = 7% @2022-12-03 17:57:32.348754
80 / 1000 = 8% @2022-12-03 17:57:33.287196
81 / 1000 = 8% @2022-12-03 17:57:34.445400
82 / 1000 = 8% @2022-12-03 17:57:34.502731
83 / 1000 = 8% @2022-12-03 17:57:35.033025
84 / 1000 = 8% @2022-12-03 17:57:35.077037
85 / 1000 = 8% @2022-12-03 17:57:36.581465
86 / 1000 = 8% @2022-12-03 17:57:37.204638
87 / 1000 = 8% @2022-12-03 17:57:37.505920
88 / 1000 = 8% @2022-12-03 17:57:37.537551
89 / 1000 = 8% @2022-12-03 17:57:37.576570
90 / 1000 = 9% @2022-12-03 17:57:37.760490
91 / 1000 = 9% @2022-12-03 17:57:37.816992
92 / 1000 = 9% @2022-12-03 17:57:37.868243
93 / 1000 = 9% @2022-12-03 17:57:37.914205
94 / 1000 = 9% @2022-12-03 17:57:38.940846
95 / 1000 = 9% @2022-12-03 17:57:39.016180
96 / 1000 = 9% @2022-12-03 17:57:39.919804
97 / 1000 = 9% @2022-12-03 17:57:41.763308
98 / 1000 = 9% @2022-12-03 17:57:41.816605
99 / 1000 = 9% @2022-12-03 17:57:42.536343
100 / 1000 = 10% @2022-12-03 17:57:42.574033
101 / 1000 = 10% @2022-12-03 17:57:43.947970
102 / 1000 = 10% @2022-12-03 17:57:44.030474
103 / 1000 = 10% @2022-12-03 17:57:44.669074
104 / 1000 = 10% @2022-12-03 17:57:45.771064
105 / 1000 = 10% @2022-12-03 17:57:46.231294
106 / 1000 = 10% @2022-12-03 17:57:46.731706
107 / 1000 = 10% @2022-12-03 17:57:46.862525
108 / 1000 = 10% @2022-12-03 17:57:46.912477
109 / 1000 = 10% @2022-12-03 17:57:48.536040
110 / 1000 = 11% @2022-12-03 17:57:48.641423
111 / 1000 = 11% @2022-12-03 17:57:51.734185
112 / 1000 = 11% @2022-12-03 17:57:51.828292
113 / 1000 = 11% @2022-12-03 17:57:51.977301
114 / 1000 = 11% @2022-12-03 17:57:52.036152
115 / 1000 = 11% @2022-12-03 17:57:52.429812
116 / 1000 = 11% @2022-12-03 17:57:52.511008
117 / 1000 = 11% @2022-12-03 17:57:53.623116
118 / 1000 = 11% @2022-12-03 17:57:56.519557
119 / 1000 = 11% @2022-12-03 17:57:58.149955
120 / 1000 = 12% @2022-12-03 17:58:01.253059
121 / 1000 = 12% @2022-12-03 17:58:02.198367
122 / 1000 = 12% @2022-12-03 17:58:02.300805
123 / 1000 = 12% @2022-12-03 17:58:02.630340
124 / 1000 = 12% @2022-12-03 17:58:02.955021
125 / 1000 = 12% @2022-12-03 17:58:03.269961
126 / 1000 = 12% @2022-12-03 17:58:04.213260
127 / 1000 = 12% @2022-12-03 17:58:04.471108
128 / 1000 = 12% @2022-12-03 17:58:04.573264
129 / 1000 = 12% @2022-12-03 17:58:04.900125
130 / 1000 = 13% @2022-12-03 17:58:05.840782
131 / 1000 = 13% @2022-12-03 17:58:06.779227
132 / 1000 = 13% @2022-12-03 17:58:07.718979
133 / 1000 = 13% @2022-12-03 17:58:08.001824
134 / 1000 = 13% @2022-12-03 17:58:09.959751
135 / 1000 = 13% @2022-12-03 17:58:10.289103
136 / 1000 = 13% @2022-12-03 17:58:10.618508
137 / 1000 = 13% @2022-12-03 17:58:11.165511
138 / 1000 = 13% @2022-12-03 17:58:11.500177
139 / 1000 = 13% @2022-12-03 17:58:11.610267
140 / 1000 = 14% @2022-12-03 17:58:11.970552
141 / 1000 = 14% @2022-12-03 17:58:12.106271
142 / 1000 = 14% @2022-12-03 17:58:12.222570
143 / 1000 = 14% @2022-12-03 17:58:12.536445
144 / 1000 = 14% @2022-12-03 17:58:12.657703
145 / 1000 = 14% @2022-12-03 17:58:12.751064
146 / 1000 = 14% @2022-12-03 17:58:12.905880
147 / 1000 = 14% @2022-12-03 17:58:13.056654
148 / 1000 = 14% @2022-12-03 17:58:13.193275
149 / 1000 = 14% @2022-12-03 17:58:13.330476
150 / 1000 = 15% @2022-12-03 17:58:13.673476
151 / 1000 = 15% @2022-12-03 17:58:13.792025
152 / 1000 = 15% @2022-12-03 17:58:13.908641
153 / 1000 = 15% @2022-12-03 17:58:14.651776
154 / 1000 = 15% @2022-12-03 17:58:14.769443
155 / 1000 = 15% @2022-12-03 17:58:15.312643
156 / 1000 = 15% @2022-12-03 17:58:15.517464
157 / 1000 = 15% @2022-12-03 17:58:15.666337
158 / 1000 = 15% @2022-12-03 17:58:15.817773
159 / 1000 = 15% @2022-12-03 17:58:15.940948
160 / 1000 = 16% @2022-12-03 17:58:16.036034
161 / 1000 = 16% @2022-12-03 17:58:16.507831
162 / 1000 = 16% @2022-12-03 17:58:17.203541
163 / 1000 = 16% @2022-12-03 17:58:17.353766
164 / 1000 = 16% @2022-12-03 17:58:17.506782
165 / 1000 = 16% @2022-12-03 17:58:22.484192
166 / 1000 = 16% @2022-12-03 17:58:22.609061
167 / 1000 = 16% @2022-12-03 17:58:23.350478
168 / 1000 = 16% @2022-12-03 17:58:23.466658
169 / 1000 = 16% @2022-12-03 17:58:23.612288
170 / 1000 = 17% @2022-12-03 17:58:23.766816
171 / 1000 = 17% @2022-12-03 17:58:23.875838
172 / 1000 = 17% @2022-12-03 17:58:24.016974
173 / 1000 = 17% @2022-12-03 17:58:24.157706
174 / 1000 = 17% @2022-12-03 17:58:24.314331
175 / 1000 = 17% @2022-12-03 17:58:24.481141
176 / 1000 = 17% @2022-12-03 17:58:24.631568
177 / 1000 = 17% @2022-12-03 17:58:24.795620
178 / 1000 = 17% @2022-12-03 17:58:25.102785
179 / 1000 = 17% @2022-12-03 17:58:25.440049
180 / 1000 = 18% @2022-12-03 17:58:25.562570
181 / 1000 = 18% @2022-12-03 17:58:25.870029
182 / 1000 = 18% @2022-12-03 17:58:26.175751
183 / 1000 = 18% @2022-12-03 17:58:26.549224
184 / 1000 = 18% @2022-12-03 17:58:26.853330
185 / 1000 = 18% @2022-12-03 17:58:26.993478
186 / 1000 = 18% @2022-12-03 17:58:27.149139
187 / 1000 = 18% @2022-12-03 17:58:27.456165
188 / 1000 = 18% @2022-12-03 17:58:27.787625
189 / 1000 = 18% @2022-12-03 17:58:27.938058
190 / 1000 = 19% @2022-12-03 17:58:28.276588
191 / 1000 = 19% @2022-12-03 17:58:28.609638
192 / 1000 = 19% @2022-12-03 17:58:28.921546
193 / 1000 = 19% @2022-12-03 17:58:29.084779
194 / 1000 = 19% @2022-12-03 17:58:29.235955
195 / 1000 = 19% @2022-12-03 17:58:29.890724
196 / 1000 = 19% @2022-12-03 17:58:30.041260
197 / 1000 = 19% @2022-12-03 17:58:30.164106
198 / 1000 = 19% @2022-12-03 17:58:30.287356
199 / 1000 = 19% @2022-12-03 17:58:30.460194
200 / 1000 = 20% @2022-12-03 17:58:30.620746
201 / 1000 = 20% @2022-12-03 17:58:33.738689
202 / 1000 = 20% @2022-12-03 17:58:33.861479
203 / 1000 = 20% @2022-12-03 17:58:33.983996
204 / 1000 = 20% @2022-12-03 17:58:34.106563
205 / 1000 = 20% @2022-12-03 17:58:34.282092
206 / 1000 = 20% @2022-12-03 17:58:35.238301
207 / 1000 = 20% @2022-12-03 17:58:36.061202
208 / 1000 = 20% @2022-12-03 17:58:36.245324
209 / 1000 = 20% @2022-12-03 17:58:36.399303
210 / 1000 = 21% @2022-12-03 17:58:36.541956
211 / 1000 = 21% @2022-12-03 17:58:36.753437
212 / 1000 = 21% @2022-12-03 17:58:37.014904
213 / 1000 = 21% @2022-12-03 17:58:37.291754
214 / 1000 = 21% @2022-12-03 17:58:37.516603
215 / 1000 = 21% @2022-12-03 17:58:37.765573
216 / 1000 = 21% @2022-12-03 17:58:38.004954
217 / 1000 = 21% @2022-12-03 17:58:38.212484
218 / 1000 = 21% @2022-12-03 17:58:38.411106
219 / 1000 = 21% @2022-12-03 17:58:38.618057
220 / 1000 = 22% @2022-12-03 17:58:39.024950
221 / 1000 = 22% @2022-12-03 17:58:39.835580
222 / 1000 = 22% @2022-12-03 17:58:40.038141
223 / 1000 = 22% @2022-12-03 17:58:40.856631
224 / 1000 = 22% @2022-12-03 17:58:41.058245
225 / 1000 = 22% @2022-12-03 17:58:41.865752
226 / 1000 = 22% @2022-12-03 17:58:42.066428
227 / 1000 = 22% @2022-12-03 17:58:44.324327
228 / 1000 = 22% @2022-12-03 17:58:45.461053
229 / 1000 = 22% @2022-12-03 17:58:45.987725
230 / 1000 = 23% @2022-12-03 17:58:46.523608
231 / 1000 = 23% @2022-12-03 17:58:47.100033
232 / 1000 = 23% @2022-12-03 17:58:48.475040
233 / 1000 = 23% @2022-12-03 17:58:49.192719
234 / 1000 = 23% @2022-12-03 17:58:51.047140
235 / 1000 = 23% @2022-12-03 17:58:52.773298
236 / 1000 = 23% @2022-12-03 17:59:01.164734
237 / 1000 = 23% @2022-12-03 17:59:07.681873
238 / 1000 = 23% @2022-12-03 17:59:11.127430
239 / 1000 = 23% @2022-12-03 17:59:18.582599
240 / 1000 = 24% @2022-12-03 17:59:21.358644
241 / 1000 = 24% @2022-12-03 17:59:28.477613
242 / 1000 = 24% @2022-12-03 17:59:35.962208
243 / 1000 = 24% @2022-12-03 17:59:44.285994
244 / 1000 = 24% @2022-12-03 17:59:46.511441
245 / 1000 = 24% @2022-12-03 17:59:54.095426
246 / 1000 = 24% @2022-12-03 17:59:54.686616
247 / 1000 = 24% @2022-12-03 17:59:55.189516
248 / 1000 = 24% @2022-12-03 17:59:56.974248
249 / 1000 = 24% @2022-12-03 17:59:57.738309
250 / 1000 = 25% @2022-12-03 17:59:58.916649
251 / 1000 = 25% @2022-12-03 17:59:59.782686
252 / 1000 = 25% @2022-12-03 18:00:00.608583
253 / 1000 = 25% @2022-12-03 18:00:01.296873
254 / 1000 = 25% @2022-12-03 18:00:02.855889
255 / 1000 = 25% @2022-12-03 18:00:05.163758
256 / 1000 = 25% @2022-12-03 18:00:06.107639
257 / 1000 = 25% @2022-12-03 18:00:14.425910
258 / 1000 = 25% @2022-12-03 18:00:18.338968
259 / 1000 = 25% @2022-12-03 18:00:19.495067
260 / 1000 = 26% @2022-12-03 18:00:20.255172
261 / 1000 = 26% @2022-12-03 18:00:21.400728
262 / 1000 = 26% @2022-12-03 18:00:22.759353
263 / 1000 = 26% @2022-12-03 18:00:23.937166
264 / 1000 = 26% @2022-12-03 18:00:32.397682
265 / 1000 = 26% @2022-12-03 18:00:33.300353
266 / 1000 = 26% @2022-12-03 18:00:33.745233
267 / 1000 = 26% @2022-12-03 18:00:34.692550
268 / 1000 = 26% @2022-12-03 18:00:35.626728
269 / 1000 = 26% @2022-12-03 18:00:37.827167
270 / 1000 = 27% @2022-12-03 18:00:38.348801
271 / 1000 = 27% @2022-12-03 18:00:39.211091
272 / 1000 = 27% @2022-12-03 18:00:40.970773
273 / 1000 = 27% @2022-12-03 18:00:44.242647
274 / 1000 = 27% @2022-12-03 18:00:45.322162
275 / 1000 = 27% @2022-12-03 18:00:45.672803
276 / 1000 = 27% @2022-12-03 18:00:47.500274
277 / 1000 = 27% @2022-12-03 18:00:47.976437
278 / 1000 = 27% @2022-12-03 18:00:49.364978
279 / 1000 = 27% @2022-12-03 18:00:50.194055
280 / 1000 = 28% @2022-12-03 18:00:52.313037
281 / 1000 = 28% @2022-12-03 18:00:53.456264
282 / 1000 = 28% @2022-12-03 18:00:56.215227
283 / 1000 = 28% @2022-12-03 18:00:57.048966
284 / 1000 = 28% @2022-12-03 18:00:57.417466
285 / 1000 = 28% @2022-12-03 18:01:05.798614
286 / 1000 = 28% @2022-12-03 18:01:06.772356
287 / 1000 = 28% @2022-12-03 18:01:07.339994
288 / 1000 = 28% @2022-12-03 18:01:08.681680
289 / 1000 = 28% @2022-12-03 18:01:09.399730
290 / 1000 = 29% @2022-12-03 18:01:11.560231
291 / 1000 = 29% @2022-12-03 18:01:12.074949
292 / 1000 = 29% @2022-12-03 18:01:20.480294
293 / 1000 = 29% @2022-12-03 18:01:26.900954
294 / 1000 = 29% @2022-12-03 18:01:29.543107
295 / 1000 = 29% @2022-12-03 18:01:33.549142
296 / 1000 = 29% @2022-12-03 18:01:35.805878
297 / 1000 = 29% @2022-12-03 18:01:39.825309
298 / 1000 = 29% @2022-12-03 18:01:40.182512
299 / 1000 = 29% @2022-12-03 18:01:40.420136
300 / 1000 = 30% @2022-12-03 18:01:41.627424
301 / 1000 = 30% @2022-12-03 18:01:42.160023
302 / 1000 = 30% @2022-12-03 18:01:43.590257
303 / 1000 = 30% @2022-12-03 18:01:46.079632
304 / 1000 = 30% @2022-12-03 18:01:48.257874
305 / 1000 = 30% @2022-12-03 18:01:49.632033
306 / 1000 = 30% @2022-12-03 18:01:54.839685
307 / 1000 = 30% @2022-12-03 18:01:59.544573
308 / 1000 = 30% @2022-12-03 18:02:03.460645
309 / 1000 = 30% @2022-12-03 18:02:06.412334
310 / 1000 = 31% @2022-12-03 18:02:07.125684
311 / 1000 = 31% @2022-12-03 18:02:11.325790
312 / 1000 = 31% @2022-12-03 18:02:19.827544
313 / 1000 = 31% @2022-12-03 18:02:21.176561
314 / 1000 = 31% @2022-12-03 18:02:23.285477
315 / 1000 = 31% @2022-12-03 18:02:31.623994
316 / 1000 = 31% @2022-12-03 18:02:32.342401
317 / 1000 = 31% @2022-12-03 18:02:36.006527
318 / 1000 = 31% @2022-12-03 18:02:37.886993
319 / 1000 = 31% @2022-12-03 18:02:38.419322
320 / 1000 = 32% @2022-12-03 18:02:39.425971
321 / 1000 = 32% @2022-12-03 18:02:40.273311
322 / 1000 = 32% @2022-12-03 18:02:41.244230
323 / 1000 = 32% @2022-12-03 18:02:43.124124
324 / 1000 = 32% @2022-12-03 18:02:51.466952
325 / 1000 = 32% @2022-12-03 18:02:52.735680
326 / 1000 = 32% @2022-12-03 18:02:53.349984
327 / 1000 = 32% @2022-12-03 18:03:01.823893
328 / 1000 = 32% @2022-12-03 18:03:02.363021
329 / 1000 = 32% @2022-12-03 18:03:03.691389
330 / 1000 = 33% @2022-12-03 18:03:04.177442
331 / 1000 = 33% @2022-12-03 18:03:09.748505
332 / 1000 = 33% @2022-12-03 18:03:12.168064
333 / 1000 = 33% @2022-12-03 18:03:16.685516
334 / 1000 = 33% @2022-12-03 18:03:18.107261
335 / 1000 = 33% @2022-12-03 18:03:18.701034
336 / 1000 = 33% @2022-12-03 18:03:19.512625
337 / 1000 = 33% @2022-12-03 18:03:20.582274
338 / 1000 = 33% @2022-12-03 18:03:21.434643
339 / 1000 = 33% @2022-12-03 18:03:22.620780
340 / 1000 = 34% @2022-12-03 18:03:26.330408
341 / 1000 = 34% @2022-12-03 18:03:27.301083
342 / 1000 = 34% @2022-12-03 18:03:27.763281
343 / 1000 = 34% @2022-12-03 18:03:29.752602
344 / 1000 = 34% @2022-12-03 18:03:30.098021
345 / 1000 = 34% @2022-12-03 18:03:30.347466
346 / 1000 = 34% @2022-12-03 18:03:30.851915
347 / 1000 = 34% @2022-12-03 18:03:39.211229
348 / 1000 = 34% @2022-12-03 18:03:40.070482
349 / 1000 = 34% @2022-12-03 18:03:42.040561
350 / 1000 = 35% @2022-12-03 18:03:49.228231
351 / 1000 = 35% @2022-12-03 18:03:50.251010
352 / 1000 = 35% @2022-12-03 18:03:50.645574
353 / 1000 = 35% @2022-12-03 18:03:58.789374
354 / 1000 = 35% @2022-12-03 18:04:04.137875
355 / 1000 = 35% @2022-12-03 18:04:06.065847
356 / 1000 = 35% @2022-12-03 18:04:08.277039
357 / 1000 = 35% @2022-12-03 18:04:09.855294
358 / 1000 = 35% @2022-12-03 18:04:17.615886
359 / 1000 = 35% @2022-12-03 18:04:22.679943
360 / 1000 = 36% @2022-12-03 18:04:25.407709
361 / 1000 = 36% @2022-12-03 18:04:28.566092
362 / 1000 = 36% @2022-12-03 18:04:29.291344
363 / 1000 = 36% @2022-12-03 18:04:32.573574
364 / 1000 = 36% @2022-12-03 18:04:34.913480
365 / 1000 = 36% @2022-12-03 18:04:37.932430
366 / 1000 = 36% @2022-12-03 18:04:45.758218
367 / 1000 = 36% @2022-12-03 18:04:46.428638
368 / 1000 = 36% @2022-12-03 18:04:51.265735
369 / 1000 = 36% @2022-12-03 18:04:52.108530
370 / 1000 = 37% @2022-12-03 18:04:53.661029
371 / 1000 = 37% @2022-12-03 18:04:55.292345
372 / 1000 = 37% @2022-12-03 18:04:56.661132
373 / 1000 = 37% @2022-12-03 18:04:57.146923
374 / 1000 = 37% @2022-12-03 18:05:05.706694
375 / 1000 = 37% @2022-12-03 18:05:10.434076
376 / 1000 = 37% @2022-12-03 18:05:12.055452
377 / 1000 = 37% @2022-12-03 18:05:13.574327
378 / 1000 = 37% @2022-12-03 18:05:14.273082
379 / 1000 = 37% @2022-12-03 18:05:15.829885
380 / 1000 = 38% @2022-12-03 18:05:20.212481
381 / 1000 = 38% @2022-12-03 18:05:20.969455
382 / 1000 = 38% @2022-12-03 18:05:23.558439
383 / 1000 = 38% @2022-12-03 18:05:27.094341
384 / 1000 = 38% @2022-12-03 18:05:28.027555
385 / 1000 = 38% @2022-12-03 18:05:33.574361
386 / 1000 = 38% @2022-12-03 18:05:38.735909
387 / 1000 = 38% @2022-12-03 18:05:46.462389
388 / 1000 = 38% @2022-12-03 18:05:47.883137
389 / 1000 = 38% @2022-12-03 18:05:48.949598
390 / 1000 = 39% @2022-12-03 18:05:49.791989
391 / 1000 = 39% @2022-12-03 18:05:58.157647
392 / 1000 = 39% @2022-12-03 18:05:59.886337
393 / 1000 = 39% @2022-12-03 18:06:01.505258
394 / 1000 = 39% @2022-12-03 18:06:03.011822
395 / 1000 = 39% @2022-12-03 18:06:03.666411
396 / 1000 = 39% @2022-12-03 18:06:08.580499
397 / 1000 = 39% @2022-12-03 18:06:11.978791
398 / 1000 = 39% @2022-12-03 18:06:12.977504
399 / 1000 = 39% @2022-12-03 18:06:14.484413
400 / 1000 = 40% @2022-12-03 18:06:15.096849
401 / 1000 = 40% @2022-12-03 18:06:15.591960
402 / 1000 = 40% @2022-12-03 18:06:20.308145
403 / 1000 = 40% @2022-12-03 18:06:21.163166
404 / 1000 = 40% @2022-12-03 18:06:21.705364
405 / 1000 = 40% @2022-12-03 18:06:29.719380
406 / 1000 = 40% @2022-12-03 18:06:33.180312
407 / 1000 = 40% @2022-12-03 18:06:33.939538
408 / 1000 = 40% @2022-12-03 18:06:39.956677
409 / 1000 = 40% @2022-12-03 18:06:48.087387
410 / 1000 = 41% @2022-12-03 18:06:48.801210
411 / 1000 = 41% @2022-12-03 18:06:57.459387
412 / 1000 = 41% @2022-12-03 18:07:03.459918
413 / 1000 = 41% @2022-12-03 18:07:05.404543
414 / 1000 = 41% @2022-12-03 18:07:11.002327
415 / 1000 = 41% @2022-12-03 18:07:13.376100
416 / 1000 = 41% @2022-12-03 18:07:14.574069
417 / 1000 = 41% @2022-12-03 18:07:18.786086
418 / 1000 = 41% @2022-12-03 18:07:19.852880
419 / 1000 = 41% @2022-12-03 18:07:21.214545
420 / 1000 = 42% @2022-12-03 18:07:23.992231
421 / 1000 = 42% @2022-12-03 18:07:24.982005
422 / 1000 = 42% @2022-12-03 18:07:33.583170
423 / 1000 = 42% @2022-12-03 18:07:42.187661
424 / 1000 = 42% @2022-12-03 18:07:43.929690
425 / 1000 = 42% @2022-12-03 18:07:46.871620
426 / 1000 = 42% @2022-12-03 18:07:52.681257
427 / 1000 = 42% @2022-12-03 18:08:01.200008
428 / 1000 = 42% @2022-12-03 18:08:03.991402
429 / 1000 = 42% @2022-12-03 18:08:05.191207
430 / 1000 = 43% @2022-12-03 18:08:07.005490
431 / 1000 = 43% @2022-12-03 18:08:08.997300
432 / 1000 = 43% @2022-12-03 18:08:12.358712
433 / 1000 = 43% @2022-12-03 18:08:14.697625
434 / 1000 = 43% @2022-12-03 18:08:17.527350
435 / 1000 = 43% @2022-12-03 18:08:19.176695
436 / 1000 = 43% @2022-12-03 18:08:19.795085
437 / 1000 = 43% @2022-12-03 18:08:27.901446
438 / 1000 = 43% @2022-12-03 18:08:35.585162
439 / 1000 = 43% @2022-12-03 18:08:36.676164
440 / 1000 = 44% @2022-12-03 18:08:37.702673
441 / 1000 = 44% @2022-12-03 18:08:39.912558
442 / 1000 = 44% @2022-12-03 18:08:43.262688
443 / 1000 = 44% @2022-12-03 18:08:44.768987
444 / 1000 = 44% @2022-12-03 18:08:52.586364
445 / 1000 = 44% @2022-12-03 18:08:52.989067
446 / 1000 = 44% @2022-12-03 18:08:55.721436
447 / 1000 = 44% @2022-12-03 18:08:57.025825
448 / 1000 = 44% @2022-12-03 18:08:57.765488
449 / 1000 = 44% @2022-12-03 18:08:58.974193
450 / 1000 = 45% @2022-12-03 18:09:00.722540
451 / 1000 = 45% @2022-12-03 18:09:07.944735
452 / 1000 = 45% @2022-12-03 18:09:09.912792
453 / 1000 = 45% @2022-12-03 18:09:12.585806
454 / 1000 = 45% @2022-12-03 18:09:16.549420
455 / 1000 = 45% @2022-12-03 18:09:17.270194
456 / 1000 = 45% @2022-12-03 18:09:25.029006
457 / 1000 = 45% @2022-12-03 18:09:25.262402
458 / 1000 = 45% @2022-12-03 18:09:25.992474
459 / 1000 = 45% @2022-12-03 18:09:26.589641
460 / 1000 = 46% @2022-12-03 18:09:34.293302
461 / 1000 = 46% @2022-12-03 18:09:41.083149
462 / 1000 = 46% @2022-12-03 18:09:45.476752
463 / 1000 = 46% @2022-12-03 18:09:46.764123
464 / 1000 = 46% @2022-12-03 18:09:48.569144
465 / 1000 = 46% @2022-12-03 18:09:56.471221
466 / 1000 = 46% @2022-12-03 18:09:58.516284
467 / 1000 = 46% @2022-12-03 18:09:58.691402
468 / 1000 = 46% @2022-12-03 18:10:00.328411
469 / 1000 = 46% @2022-12-03 18:10:02.337336
470 / 1000 = 47% @2022-12-03 18:10:05.730781
471 / 1000 = 47% @2022-12-03 18:10:06.122597
472 / 1000 = 47% @2022-12-03 18:10:07.047175
473 / 1000 = 47% @2022-12-03 18:10:07.217059
474 / 1000 = 47% @2022-12-03 18:10:14.063059
475 / 1000 = 47% @2022-12-03 18:10:14.532444
476 / 1000 = 47% @2022-12-03 18:10:22.304609
477 / 1000 = 47% @2022-12-03 18:10:22.873843
478 / 1000 = 47% @2022-12-03 18:10:29.807417
479 / 1000 = 47% @2022-12-03 18:10:32.315997
480 / 1000 = 48% @2022-12-03 18:10:33.551834
481 / 1000 = 48% @2022-12-03 18:10:41.288547
482 / 1000 = 48% @2022-12-03 18:10:42.288060
483 / 1000 = 48% @2022-12-03 18:10:43.700010
484 / 1000 = 48% @2022-12-03 18:10:44.329342
485 / 1000 = 48% @2022-12-03 18:10:49.476903
486 / 1000 = 48% @2022-12-03 18:10:50.098560
487 / 1000 = 48% @2022-12-03 18:10:50.580538
488 / 1000 = 48% @2022-12-03 18:10:51.491077
489 / 1000 = 48% @2022-12-03 18:10:52.102550
490 / 1000 = 49% @2022-12-03 18:10:52.596283
491 / 1000 = 49% @2022-12-03 18:10:52.969639
492 / 1000 = 49% @2022-12-03 18:10:57.328358
493 / 1000 = 49% @2022-12-03 18:10:59.591362
494 / 1000 = 49% @2022-12-03 18:11:01.621322
495 / 1000 = 49% @2022-12-03 18:11:03.980093
496 / 1000 = 49% @2022-12-03 18:11:05.039355
497 / 1000 = 49% @2022-12-03 18:11:06.807159
498 / 1000 = 49% @2022-12-03 18:11:09.026912
499 / 1000 = 49% @2022-12-03 18:11:13.409930
500 / 1000 = 50% @2022-12-03 18:11:15.472252
501 / 1000 = 50% @2022-12-03 18:11:18.985103
502 / 1000 = 50% @2022-12-03 18:11:25.493315
503 / 1000 = 50% @2022-12-03 18:11:26.409842
504 / 1000 = 50% @2022-12-03 18:11:32.257645
505 / 1000 = 50% @2022-12-03 18:11:35.012979
506 / 1000 = 50% @2022-12-03 18:11:35.816143
507 / 1000 = 50% @2022-12-03 18:11:40.298180
508 / 1000 = 50% @2022-12-03 18:11:40.916423
509 / 1000 = 50% @2022-12-03 18:11:42.879491
510 / 1000 = 51% @2022-12-03 18:11:43.754955
511 / 1000 = 51% @2022-12-03 18:11:44.457512
512 / 1000 = 51% @2022-12-03 18:11:45.245728
513 / 1000 = 51% @2022-12-03 18:11:45.644904
514 / 1000 = 51% @2022-12-03 18:11:50.625772
515 / 1000 = 51% @2022-12-03 18:11:52.169644
516 / 1000 = 51% @2022-12-03 18:11:53.352713
517 / 1000 = 51% @2022-12-03 18:11:54.201495
518 / 1000 = 51% @2022-12-03 18:11:57.638331
519 / 1000 = 51% @2022-12-03 18:12:02.607588
520 / 1000 = 52% @2022-12-03 18:12:06.135753
521 / 1000 = 52% @2022-12-03 18:12:07.643999
522 / 1000 = 52% @2022-12-03 18:12:08.709761
523 / 1000 = 52% @2022-12-03 18:12:09.445920
524 / 1000 = 52% @2022-12-03 18:12:09.702588
525 / 1000 = 52% @2022-12-03 18:12:10.889065
526 / 1000 = 52% @2022-12-03 18:12:11.579164
527 / 1000 = 52% @2022-12-03 18:12:12.404313
528 / 1000 = 52% @2022-12-03 18:12:14.610704
529 / 1000 = 52% @2022-12-03 18:12:22.241338
530 / 1000 = 53% @2022-12-03 18:12:23.213238
531 / 1000 = 53% @2022-12-03 18:12:30.862702
532 / 1000 = 53% @2022-12-03 18:12:31.810801
533 / 1000 = 53% @2022-12-03 18:12:36.182756
534 / 1000 = 53% @2022-12-03 18:12:41.073641
535 / 1000 = 53% @2022-12-03 18:12:41.999561
536 / 1000 = 53% @2022-12-03 18:12:46.419829
537 / 1000 = 53% @2022-12-03 18:12:47.136252
538 / 1000 = 53% @2022-12-03 18:12:48.084794
539 / 1000 = 53% @2022-12-03 18:12:51.400757
540 / 1000 = 54% @2022-12-03 18:12:56.807898
541 / 1000 = 54% @2022-12-03 18:13:04.546359
542 / 1000 = 54% @2022-12-03 18:13:08.228106
543 / 1000 = 54% @2022-12-03 18:13:15.893307
544 / 1000 = 54% @2022-12-03 18:13:17.453168
545 / 1000 = 54% @2022-12-03 18:13:19.227885
546 / 1000 = 54% @2022-12-03 18:13:20.680432
547 / 1000 = 54% @2022-12-03 18:13:21.033116
548 / 1000 = 54% @2022-12-03 18:13:22.737774
549 / 1000 = 54% @2022-12-03 18:13:28.426116
550 / 1000 = 55% @2022-12-03 18:13:29.531526
551 / 1000 = 55% @2022-12-03 18:13:30.566777
552 / 1000 = 55% @2022-12-03 18:13:32.115207
553 / 1000 = 55% @2022-12-03 18:13:32.635216
554 / 1000 = 55% @2022-12-03 18:13:33.769372
555 / 1000 = 55% @2022-12-03 18:13:36.037228
556 / 1000 = 55% @2022-12-03 18:13:36.229590
557 / 1000 = 55% @2022-12-03 18:13:36.908986
558 / 1000 = 55% @2022-12-03 18:13:38.483033
559 / 1000 = 55% @2022-12-03 18:13:39.352957
560 / 1000 = 56% @2022-12-03 18:13:41.643710
561 / 1000 = 56% @2022-12-03 18:13:44.117265
562 / 1000 = 56% @2022-12-03 18:13:44.716830
563 / 1000 = 56% @2022-12-03 18:13:46.016282
564 / 1000 = 56% @2022-12-03 18:13:53.737129
565 / 1000 = 56% @2022-12-03 18:13:56.645820
566 / 1000 = 56% @2022-12-03 18:13:57.381975
567 / 1000 = 56% @2022-12-03 18:13:58.157209
568 / 1000 = 56% @2022-12-03 18:14:00.590795
569 / 1000 = 56% @2022-12-03 18:14:01.637443
570 / 1000 = 57% @2022-12-03 18:14:02.765394
571 / 1000 = 57% @2022-12-03 18:14:03.000569
572 / 1000 = 57% @2022-12-03 18:14:06.102867
573 / 1000 = 57% @2022-12-03 18:14:06.326092
574 / 1000 = 57% @2022-12-03 18:14:06.544720
575 / 1000 = 57% @2022-12-03 18:14:14.940057
576 / 1000 = 57% @2022-12-03 18:14:23.293579
577 / 1000 = 57% @2022-12-03 18:14:23.499222
578 / 1000 = 57% @2022-12-03 18:14:31.877218
579 / 1000 = 57% @2022-12-03 18:14:32.122960
580 / 1000 = 58% @2022-12-03 18:14:32.432136
581 / 1000 = 58% @2022-12-03 18:14:32.678610
582 / 1000 = 58% @2022-12-03 18:14:32.926214
583 / 1000 = 58% @2022-12-03 18:14:33.132955
584 / 1000 = 58% @2022-12-03 18:14:33.377615
585 / 1000 = 58% @2022-12-03 18:14:41.884445
586 / 1000 = 58% @2022-12-03 18:14:42.099508
587 / 1000 = 58% @2022-12-03 18:14:43.029055
588 / 1000 = 58% @2022-12-03 18:14:43.993485
589 / 1000 = 58% @2022-12-03 18:14:45.573699
590 / 1000 = 59% @2022-12-03 18:14:46.461207
591 / 1000 = 59% @2022-12-03 18:14:47.104495
592 / 1000 = 59% @2022-12-03 18:14:56.616853
593 / 1000 = 59% @2022-12-03 18:14:57.299543
594 / 1000 = 59% @2022-12-03 18:14:58.105117
595 / 1000 = 59% @2022-12-03 18:14:58.722683
596 / 1000 = 59% @2022-12-03 18:14:59.021447
597 / 1000 = 59% @2022-12-03 18:14:59.319924
598 / 1000 = 59% @2022-12-03 18:15:03.457351
599 / 1000 = 59% @2022-12-03 18:15:03.736433
600 / 1000 = 60% @2022-12-03 18:15:04.164453
601 / 1000 = 60% @2022-12-03 18:15:04.674576
602 / 1000 = 60% @2022-12-03 18:15:05.028580
603 / 1000 = 60% @2022-12-03 18:15:08.225227
604 / 1000 = 60% @2022-12-03 18:15:12.420367
605 / 1000 = 60% @2022-12-03 18:15:14.199137
606 / 1000 = 60% @2022-12-03 18:15:14.540439
607 / 1000 = 60% @2022-12-03 18:15:15.456778
608 / 1000 = 60% @2022-12-03 18:15:15.786945
609 / 1000 = 60% @2022-12-03 18:15:16.076796
610 / 1000 = 61% @2022-12-03 18:15:16.430926
611 / 1000 = 61% @2022-12-03 18:15:21.570021
612 / 1000 = 61% @2022-12-03 18:15:22.950303
613 / 1000 = 61% @2022-12-03 18:15:23.268389
614 / 1000 = 61% @2022-12-03 18:15:24.984384
615 / 1000 = 61% @2022-12-03 18:15:25.264951
616 / 1000 = 61% @2022-12-03 18:15:26.981981
617 / 1000 = 61% @2022-12-03 18:15:27.298079
618 / 1000 = 61% @2022-12-03 18:15:27.613410
619 / 1000 = 61% @2022-12-03 18:15:29.489875
620 / 1000 = 62% @2022-12-03 18:15:30.507571
621 / 1000 = 62% @2022-12-03 18:15:30.769254
622 / 1000 = 62% @2022-12-03 18:15:31.023961
623 / 1000 = 62% @2022-12-03 18:15:36.615441
624 / 1000 = 62% @2022-12-03 18:15:36.931951
625 / 1000 = 62% @2022-12-03 18:15:37.164658
626 / 1000 = 62% @2022-12-03 18:15:40.621371
627 / 1000 = 62% @2022-12-03 18:15:41.214496
628 / 1000 = 62% @2022-12-03 18:15:41.479364
629 / 1000 = 62% @2022-12-03 18:15:41.765912
630 / 1000 = 63% @2022-12-03 18:15:42.256342
631 / 1000 = 63% @2022-12-03 18:15:42.573044
632 / 1000 = 63% @2022-12-03 18:15:42.853839
633 / 1000 = 63% @2022-12-03 18:15:43.430232
634 / 1000 = 63% @2022-12-03 18:15:43.745619
635 / 1000 = 63% @2022-12-03 18:15:44.509704
636 / 1000 = 63% @2022-12-03 18:15:44.904587
637 / 1000 = 63% @2022-12-03 18:15:45.174921
638 / 1000 = 63% @2022-12-03 18:15:45.573131
639 / 1000 = 63% @2022-12-03 18:15:45.890649
640 / 1000 = 64% @2022-12-03 18:15:47.776720
641 / 1000 = 64% @2022-12-03 18:15:48.092701
642 / 1000 = 64% @2022-12-03 18:15:50.221169
643 / 1000 = 64% @2022-12-03 18:15:50.701122
644 / 1000 = 64% @2022-12-03 18:16:00.119245
645 / 1000 = 64% @2022-12-03 18:16:00.390681
646 / 1000 = 64% @2022-12-03 18:16:00.706256
647 / 1000 = 64% @2022-12-03 18:16:00.970036
648 / 1000 = 64% @2022-12-03 18:16:01.265696
649 / 1000 = 64% @2022-12-03 18:16:01.536469
650 / 1000 = 65% @2022-12-03 18:16:01.798180
651 / 1000 = 65% @2022-12-03 18:16:02.067658
652 / 1000 = 65% @2022-12-03 18:16:02.321261
653 / 1000 = 65% @2022-12-03 18:16:02.608145
654 / 1000 = 65% @2022-12-03 18:16:02.876774
655 / 1000 = 65% @2022-12-03 18:16:03.575266
656 / 1000 = 65% @2022-12-03 18:16:03.892001
657 / 1000 = 65% @2022-12-03 18:16:04.147141
658 / 1000 = 65% @2022-12-03 18:16:04.409815
659 / 1000 = 65% @2022-12-03 18:16:04.699346
660 / 1000 = 66% @2022-12-03 18:16:04.964244
661 / 1000 = 66% @2022-12-03 18:16:14.212835
662 / 1000 = 66% @2022-12-03 18:16:14.482479
663 / 1000 = 66% @2022-12-03 18:16:14.798417
664 / 1000 = 66% @2022-12-03 18:16:15.802755
665 / 1000 = 66% @2022-12-03 18:16:17.520873
666 / 1000 = 66% @2022-12-03 18:16:17.837096
667 / 1000 = 66% @2022-12-03 18:16:18.714796
668 / 1000 = 66% @2022-12-03 18:16:18.920567
669 / 1000 = 66% @2022-12-03 18:16:19.568957
670 / 1000 = 67% @2022-12-03 18:16:19.788790
671 / 1000 = 67% @2022-12-03 18:16:20.068048
672 / 1000 = 67% @2022-12-03 18:16:20.676797
673 / 1000 = 67% @2022-12-03 18:16:21.324256
674 / 1000 = 67% @2022-12-03 18:16:31.174484
675 / 1000 = 67% @2022-12-03 18:16:31.498271
676 / 1000 = 67% @2022-12-03 18:16:31.825522
677 / 1000 = 67% @2022-12-03 18:16:32.535667
678 / 1000 = 67% @2022-12-03 18:16:32.860375
679 / 1000 = 67% @2022-12-03 18:16:33.874857
680 / 1000 = 68% @2022-12-03 18:16:34.151100
681 / 1000 = 68% @2022-12-03 18:16:34.846415
682 / 1000 = 68% @2022-12-03 18:16:35.552642
683 / 1000 = 68% @2022-12-03 18:16:36.338890
684 / 1000 = 68% @2022-12-03 18:16:36.676337
685 / 1000 = 68% @2022-12-03 18:16:37.320909
686 / 1000 = 68% @2022-12-03 18:16:38.127712
687 / 1000 = 68% @2022-12-03 18:16:38.451431
688 / 1000 = 68% @2022-12-03 18:16:38.776766
689 / 1000 = 68% @2022-12-03 18:16:39.089231
690 / 1000 = 69% @2022-12-03 18:16:39.735198
691 / 1000 = 69% @2022-12-03 18:16:40.046456
692 / 1000 = 69% @2022-12-03 18:16:40.329984
693 / 1000 = 69% @2022-12-03 18:16:40.739987
694 / 1000 = 69% @2022-12-03 18:16:41.165312
695 / 1000 = 69% @2022-12-03 18:16:41.942744
696 / 1000 = 69% @2022-12-03 18:16:42.331104
697 / 1000 = 69% @2022-12-03 18:16:42.759444
698 / 1000 = 69% @2022-12-03 18:16:43.148073
699 / 1000 = 69% @2022-12-03 18:16:45.180564
700 / 1000 = 70% @2022-12-03 18:16:45.453841
701 / 1000 = 70% @2022-12-03 18:16:45.835391
702 / 1000 = 70% @2022-12-03 18:16:46.236839
703 / 1000 = 70% @2022-12-03 18:16:46.612359
704 / 1000 = 70% @2022-12-03 18:16:47.011077
705 / 1000 = 70% @2022-12-03 18:16:47.796154
706 / 1000 = 70% @2022-12-03 18:16:55.298833
707 / 1000 = 70% @2022-12-03 18:16:58.486987
708 / 1000 = 70% @2022-12-03 18:16:58.796563
709 / 1000 = 70% @2022-12-03 18:17:00.263400
710 / 1000 = 71% @2022-12-03 18:17:07.631596
711 / 1000 = 71% @2022-12-03 18:17:13.674266
712 / 1000 = 71% @2022-12-03 18:17:24.260313
713 / 1000 = 71% @2022-12-03 18:17:37.267333
714 / 1000 = 71% @2022-12-03 18:17:42.072449
715 / 1000 = 71% @2022-12-03 18:17:43.485407
716 / 1000 = 71% @2022-12-03 18:17:44.882038
717 / 1000 = 71% @2022-12-03 18:17:54.937119
718 / 1000 = 71% @2022-12-03 18:18:08.036816
719 / 1000 = 71% @2022-12-03 18:18:08.601763
720 / 1000 = 72% @2022-12-03 18:18:21.646638
721 / 1000 = 72% @2022-12-03 18:18:34.556905
722 / 1000 = 72% @2022-12-03 18:18:38.450743
723 / 1000 = 72% @2022-12-03 18:18:50.809495
724 / 1000 = 72% @2022-12-03 18:18:52.211619
725 / 1000 = 72% @2022-12-03 18:18:52.670771
726 / 1000 = 72% @2022-12-03 18:19:04.932421
727 / 1000 = 72% @2022-12-03 18:19:05.306284
728 / 1000 = 72% @2022-12-03 18:19:05.690183
729 / 1000 = 72% @2022-12-03 18:19:06.180107
730 / 1000 = 73% @2022-12-03 18:19:19.425997
731 / 1000 = 73% @2022-12-03 18:19:19.778222
732 / 1000 = 73% @2022-12-03 18:19:22.081534
733 / 1000 = 73% @2022-12-03 18:19:24.385813
734 / 1000 = 73% @2022-12-03 18:19:24.742431
735 / 1000 = 73% @2022-12-03 18:19:28.238611
736 / 1000 = 73% @2022-12-03 18:19:28.646010
737 / 1000 = 73% @2022-12-03 18:19:29.012213
738 / 1000 = 73% @2022-12-03 18:19:43.670252
739 / 1000 = 73% @2022-12-03 18:19:45.561076
740 / 1000 = 74% @2022-12-03 18:19:46.042325
741 / 1000 = 74% @2022-12-03 18:19:53.180213
742 / 1000 = 74% @2022-12-03 18:20:07.110346
743 / 1000 = 74% @2022-12-03 18:20:07.456741
744 / 1000 = 74% @2022-12-03 18:20:08.169423
745 / 1000 = 74% @2022-12-03 18:20:11.449135
746 / 1000 = 74% @2022-12-03 18:20:25.610555
747 / 1000 = 74% @2022-12-03 18:20:30.188224
748 / 1000 = 74% @2022-12-03 18:20:36.062961
749 / 1000 = 74% @2022-12-03 18:20:41.630502
750 / 1000 = 75% @2022-12-03 18:20:46.654954
751 / 1000 = 75% @2022-12-03 18:20:58.594855
752 / 1000 = 75% @2022-12-03 18:21:05.579902
753 / 1000 = 75% @2022-12-03 18:21:11.948283
754 / 1000 = 75% @2022-12-03 18:21:12.305660
755 / 1000 = 75% @2022-12-03 18:21:12.662915
756 / 1000 = 75% @2022-12-03 18:21:13.017879
757 / 1000 = 75% @2022-12-03 18:21:13.371754
758 / 1000 = 75% @2022-12-03 18:21:13.726082
759 / 1000 = 75% @2022-12-03 18:21:14.080847
760 / 1000 = 76% @2022-12-03 18:21:14.428042
761 / 1000 = 76% @2022-12-03 18:21:14.779989
762 / 1000 = 76% @2022-12-03 18:21:15.132369
763 / 1000 = 76% @2022-12-03 18:21:15.484049
764 / 1000 = 76% @2022-12-03 18:21:15.838323
765 / 1000 = 76% @2022-12-03 18:21:16.194747
766 / 1000 = 76% @2022-12-03 18:21:16.554358
767 / 1000 = 76% @2022-12-03 18:21:16.899221
768 / 1000 = 76% @2022-12-03 18:21:17.257211
769 / 1000 = 76% @2022-12-03 18:21:17.616926
770 / 1000 = 77% @2022-12-03 18:21:18.033339
771 / 1000 = 77% @2022-12-03 18:21:18.383977
772 / 1000 = 77% @2022-12-03 18:21:18.740382
773 / 1000 = 77% @2022-12-03 18:21:19.093615
774 / 1000 = 77% @2022-12-03 18:21:19.454589
775 / 1000 = 77% @2022-12-03 18:21:19.807839
776 / 1000 = 77% @2022-12-03 18:21:20.152690
777 / 1000 = 77% @2022-12-03 18:21:20.504963
778 / 1000 = 77% @2022-12-03 18:21:20.851548
779 / 1000 = 77% @2022-12-03 18:21:21.204913
780 / 1000 = 78% @2022-12-03 18:21:21.812701
781 / 1000 = 78% @2022-12-03 18:21:22.224379
782 / 1000 = 78% @2022-12-03 18:21:22.679306
783 / 1000 = 78% @2022-12-03 18:21:23.176437
784 / 1000 = 78% @2022-12-03 18:21:23.678240
785 / 1000 = 78% @2022-12-03 18:21:24.145174
786 / 1000 = 78% @2022-12-03 18:21:25.421160
787 / 1000 = 78% @2022-12-03 18:21:33.302197
788 / 1000 = 78% @2022-12-03 18:21:34.040726
789 / 1000 = 78% @2022-12-03 18:21:35.431246
790 / 1000 = 79% @2022-12-03 18:21:36.158496
791 / 1000 = 79% @2022-12-03 18:21:37.915003
792 / 1000 = 79% @2022-12-03 18:21:39.701799
793 / 1000 = 79% @2022-12-03 18:21:41.406785
794 / 1000 = 79% @2022-12-03 18:21:44.090312
795 / 1000 = 79% @2022-12-03 18:21:45.449644
796 / 1000 = 79% @2022-12-03 18:21:46.531656
797 / 1000 = 79% @2022-12-03 18:21:48.804488
798 / 1000 = 79% @2022-12-03 18:21:50.209866
799 / 1000 = 79% @2022-12-03 18:21:51.082227
800 / 1000 = 80% @2022-12-03 18:21:54.234281
801 / 1000 = 80% @2022-12-03 18:21:55.551889
802 / 1000 = 80% @2022-12-03 18:21:56.383785
803 / 1000 = 80% @2022-12-03 18:21:57.182258
804 / 1000 = 80% @2022-12-03 18:22:01.103519
805 / 1000 = 80% @2022-12-03 18:22:02.307298
806 / 1000 = 80% @2022-12-03 18:22:02.965593
807 / 1000 = 80% @2022-12-03 18:22:03.700677
808 / 1000 = 80% @2022-12-03 18:22:04.540126
809 / 1000 = 80% @2022-12-03 18:22:07.289056
810 / 1000 = 81% @2022-12-03 18:22:08.640242
811 / 1000 = 81% @2022-12-03 18:22:09.406685
812 / 1000 = 81% @2022-12-03 18:22:09.889723
813 / 1000 = 81% @2022-12-03 18:22:10.971721
814 / 1000 = 81% @2022-12-03 18:22:11.376723
815 / 1000 = 81% @2022-12-03 18:22:13.103239
816 / 1000 = 81% @2022-12-03 18:22:14.835672
817 / 1000 = 81% @2022-12-03 18:22:16.515594
818 / 1000 = 81% @2022-12-03 18:22:18.220662
819 / 1000 = 81% @2022-12-03 18:22:21.377746
820 / 1000 = 82% @2022-12-03 18:22:22.501397
821 / 1000 = 82% @2022-12-03 18:22:23.846675
822 / 1000 = 82% @2022-12-03 18:22:25.553232
823 / 1000 = 82% @2022-12-03 18:22:29.484287
824 / 1000 = 82% @2022-12-03 18:22:31.031856
825 / 1000 = 82% @2022-12-03 18:22:32.834482
826 / 1000 = 82% @2022-12-03 18:22:34.970830
827 / 1000 = 82% @2022-12-03 18:22:35.618817
828 / 1000 = 82% @2022-12-03 18:22:36.347944
829 / 1000 = 82% @2022-12-03 18:22:38.084000
830 / 1000 = 83% @2022-12-03 18:22:39.604482
831 / 1000 = 83% @2022-12-03 18:22:41.131900
832 / 1000 = 83% @2022-12-03 18:22:42.208196
833 / 1000 = 83% @2022-12-03 18:22:42.767584
834 / 1000 = 83% @2022-12-03 18:22:43.317006
835 / 1000 = 83% @2022-12-03 18:22:43.866441
836 / 1000 = 83% @2022-12-03 18:22:45.734534
837 / 1000 = 83% @2022-12-03 18:22:46.959504
838 / 1000 = 83% @2022-12-03 18:22:47.941321
839 / 1000 = 83% @2022-12-03 18:22:50.766110
840 / 1000 = 84% @2022-12-03 18:22:51.249351
841 / 1000 = 84% @2022-12-03 18:22:51.665164
842 / 1000 = 84% @2022-12-03 18:23:02.083081
843 / 1000 = 84% @2022-12-03 18:23:02.571717
844 / 1000 = 84% @2022-12-03 18:23:03.054303
845 / 1000 = 84% @2022-12-03 18:23:03.533420
846 / 1000 = 84% @2022-12-03 18:23:03.990403
847 / 1000 = 84% @2022-12-03 18:23:04.475419
848 / 1000 = 84% @2022-12-03 18:23:04.934977
849 / 1000 = 84% @2022-12-03 18:23:05.827043
850 / 1000 = 85% @2022-12-03 18:23:06.279344
851 / 1000 = 85% @2022-12-03 18:23:23.981902
852 / 1000 = 85% @2022-12-03 18:23:24.438880
853 / 1000 = 85% @2022-12-03 18:23:25.407938
854 / 1000 = 85% @2022-12-03 18:23:26.023076
855 / 1000 = 85% @2022-12-03 18:23:27.745396
856 / 1000 = 85% @2022-12-03 18:23:28.777587
857 / 1000 = 85% @2022-12-03 18:23:30.255926
858 / 1000 = 85% @2022-12-03 18:23:30.838378
859 / 1000 = 85% @2022-12-03 18:23:31.928573
860 / 1000 = 86% @2022-12-03 18:23:32.536419
861 / 1000 = 86% @2022-12-03 18:23:34.630776
862 / 1000 = 86% @2022-12-03 18:23:36.385075
863 / 1000 = 86% @2022-12-03 18:23:36.998404
864 / 1000 = 86% @2022-12-03 18:23:37.625779
865 / 1000 = 86% @2022-12-03 18:23:38.080431
866 / 1000 = 86% @2022-12-03 18:23:38.693480
867 / 1000 = 86% @2022-12-03 18:23:39.901039
868 / 1000 = 86% @2022-12-03 18:23:41.618171
869 / 1000 = 86% @2022-12-03 18:23:42.232524
870 / 1000 = 87% @2022-12-03 18:23:43.762302
871 / 1000 = 87% @2022-12-03 18:23:44.396120
872 / 1000 = 87% @2022-12-03 18:23:45.086118
873 / 1000 = 87% @2022-12-03 18:23:45.583768
874 / 1000 = 87% @2022-12-03 18:23:46.102226
875 / 1000 = 87% @2022-12-03 18:23:46.620865
876 / 1000 = 87% @2022-12-03 18:23:49.551951
877 / 1000 = 87% @2022-12-03 18:23:50.066479
878 / 1000 = 87% @2022-12-03 18:23:50.556222
879 / 1000 = 87% @2022-12-03 18:23:51.044022
880 / 1000 = 88% @2022-12-03 18:23:51.609869
881 / 1000 = 88% @2022-12-03 18:23:52.190764
882 / 1000 = 88% @2022-12-03 18:23:53.319115
883 / 1000 = 88% @2022-12-03 18:23:53.895474
884 / 1000 = 88% @2022-12-03 18:23:54.471766
885 / 1000 = 88% @2022-12-03 18:24:15.346143
886 / 1000 = 88% @2022-12-03 18:24:16.426215
887 / 1000 = 88% @2022-12-03 18:24:28.777911
888 / 1000 = 88% @2022-12-03 18:24:29.851036
889 / 1000 = 88% @2022-12-03 18:24:30.950726
890 / 1000 = 89% @2022-12-03 18:24:32.037758
891 / 1000 = 89% @2022-12-03 18:24:32.752812
892 / 1000 = 89% @2022-12-03 18:24:53.608754
893 / 1000 = 89% @2022-12-03 18:24:54.318691
894 / 1000 = 89% @2022-12-03 18:24:55.404734
895 / 1000 = 89% @2022-12-03 18:24:56.144609
896 / 1000 = 89% @2022-12-03 18:25:18.016330
897 / 1000 = 89% @2022-12-03 18:25:39.866459
898 / 1000 = 89% @2022-12-03 18:25:41.352607
899 / 1000 = 89% @2022-12-03 18:25:46.189419
900 / 1000 = 90% @2022-12-03 18:26:03.884868
901 / 1000 = 90% @2022-12-03 18:26:25.771678
902 / 1000 = 90% @2022-12-03 18:26:47.663206
903 / 1000 = 90% @2022-12-03 18:27:09.558508
904 / 1000 = 90% @2022-12-03 18:27:31.315087
905 / 1000 = 90% @2022-12-03 18:27:32.033186
906 / 1000 = 90% @2022-12-03 18:27:53.941913
907 / 1000 = 90% @2022-12-03 18:27:56.464779
908 / 1000 = 90% @2022-12-03 18:27:57.206516
909 / 1000 = 90% @2022-12-03 18:28:00.704534
910 / 1000 = 91% @2022-12-03 18:28:01.401527
911 / 1000 = 91% @2022-12-03 18:28:09.141350
912 / 1000 = 91% @2022-12-03 18:28:23.840550
913 / 1000 = 91% @2022-12-03 18:28:24.948128
914 / 1000 = 91% @2022-12-03 18:28:25.732408
915 / 1000 = 91% @2022-12-03 18:28:29.414327
916 / 1000 = 91% @2022-12-03 18:28:36.904213
917 / 1000 = 91% @2022-12-03 18:28:43.372228
918 / 1000 = 91% @2022-12-03 18:28:48.403328
919 / 1000 = 91% @2022-12-03 18:28:49.435530
920 / 1000 = 92% @2022-12-03 18:28:50.238324
921 / 1000 = 92% @2022-12-03 18:28:51.323677
922 / 1000 = 92% @2022-12-03 18:28:52.427964
923 / 1000 = 92% @2022-12-03 18:28:53.465684
924 / 1000 = 92% @2022-12-03 18:28:54.179757
925 / 1000 = 92% @2022-12-03 18:28:55.290982
926 / 1000 = 92% @2022-12-03 18:28:56.077512
927 / 1000 = 92% @2022-12-03 18:28:56.867873
928 / 1000 = 92% @2022-12-03 18:29:04.315688
929 / 1000 = 92% @2022-12-03 18:29:05.445842
930 / 1000 = 93% @2022-12-03 18:29:15.322651
931 / 1000 = 93% @2022-12-03 18:29:16.420195
932 / 1000 = 93% @2022-12-03 18:29:33.245205
933 / 1000 = 93% @2022-12-03 18:29:36.522113
934 / 1000 = 93% @2022-12-03 18:29:42.838709
935 / 1000 = 93% @2022-12-03 18:29:55.723825
936 / 1000 = 93% @2022-12-03 18:30:19.811661
937 / 1000 = 93% @2022-12-03 18:30:22.814732
938 / 1000 = 93% @2022-12-03 18:30:24.512577
939 / 1000 = 93% @2022-12-03 18:30:25.131864
940 / 1000 = 94% @2022-12-03 18:30:25.815232
941 / 1000 = 94% @2022-12-03 18:30:26.423359
942 / 1000 = 94% @2022-12-03 18:30:29.929279
943 / 1000 = 94% @2022-12-03 18:30:30.717944
944 / 1000 = 94% @2022-12-03 18:30:31.506924
945 / 1000 = 94% @2022-12-03 18:30:32.295329
946 / 1000 = 94% @2022-12-03 18:30:33.084856
947 / 1000 = 94% @2022-12-03 18:30:33.872481
948 / 1000 = 94% @2022-12-03 18:30:34.775158
949 / 1000 = 94% @2022-12-03 18:30:35.589363
950 / 1000 = 95% @2022-12-03 18:30:36.595273
951 / 1000 = 95% @2022-12-03 18:30:37.340478
952 / 1000 = 95% @2022-12-03 18:30:38.040572
953 / 1000 = 95% @2022-12-03 18:30:39.049519
954 / 1000 = 95% @2022-12-03 18:30:39.855219
955 / 1000 = 95% @2022-12-03 18:30:40.657616
956 / 1000 = 95% @2022-12-03 18:30:41.462155
957 / 1000 = 95% @2022-12-03 18:30:42.277421
958 / 1000 = 95% @2022-12-03 18:30:42.980230
959 / 1000 = 95% @2022-12-03 18:31:05.570498
960 / 1000 = 96% @2022-12-03 18:31:06.394943
961 / 1000 = 96% @2022-12-03 18:31:07.192160
962 / 1000 = 96% @2022-12-03 18:31:08.079882
963 / 1000 = 96% @2022-12-03 18:31:08.928070
964 / 1000 = 96% @2022-12-03 18:31:09.628755
965 / 1000 = 96% @2022-12-03 18:31:10.331294
966 / 1000 = 96% @2022-12-03 18:31:11.021332
967 / 1000 = 96% @2022-12-03 18:31:18.196592
968 / 1000 = 96% @2022-12-03 18:31:19.044063
969 / 1000 = 96% @2022-12-03 18:31:19.848469
970 / 1000 = 97% @2022-12-03 18:31:20.533547
971 / 1000 = 97% @2022-12-03 18:31:21.845154
972 / 1000 = 97% @2022-12-03 18:31:23.905606
973 / 1000 = 97% @2022-12-03 18:31:33.681415
974 / 1000 = 97% @2022-12-03 18:31:36.290143
975 / 1000 = 97% @2022-12-03 18:31:38.825099
976 / 1000 = 97% @2022-12-03 18:31:46.240270
977 / 1000 = 97% @2022-12-03 18:32:09.578430
978 / 1000 = 97% @2022-12-03 18:32:10.363728
979 / 1000 = 97% @2022-12-03 18:32:12.378784
980 / 1000 = 98% @2022-12-03 18:32:13.187335
981 / 1000 = 98% @2022-12-03 18:32:15.301936
982 / 1000 = 98% @2022-12-03 18:32:16.094371
983 / 1000 = 98% @2022-12-03 18:32:18.567304
984 / 1000 = 98% @2022-12-03 18:32:45.637358
985 / 1000 = 98% @2022-12-03 18:32:49.998271
986 / 1000 = 98% @2022-12-03 18:32:59.163926
987 / 1000 = 98% @2022-12-03 18:33:04.612116
988 / 1000 = 98% @2022-12-03 18:33:05.621809
989 / 1000 = 98% @2022-12-03 18:33:07.813943
990 / 1000 = 99% @2022-12-03 18:33:08.684884
991 / 1000 = 99% @2022-12-03 18:33:12.986148
992 / 1000 = 99% @2022-12-03 18:33:18.491039
993 / 1000 = 99% @2022-12-03 18:33:19.357680
994 / 1000 = 99% @2022-12-03 18:33:46.649016
995 / 1000 = 99% @2022-12-03 18:34:13.801267
996 / 1000 = 99% @2022-12-03 18:34:19.541758
997 / 1000 = 99% @2022-12-03 18:34:20.495011
998 / 1000 = 99% @2022-12-03 18:34:24.810241
999 / 1000 = 99% @2022-12-03 18:34:25.903362
1000 / 1000 = 100% @2022-12-03 18:34:27.294633

                            END @2022-12-03 18:34:27.297997
----------------------------------------------------------------------------------------
