2023-03-13 19:15:33,370 - INFO - 
----------------------------------------------------------------------------------------
 --------------------------- START @2023-03-13 19:15:33.370280---------------------------
----------------------------------------------------------------------------------------
2023-03-13 19:15:33,370 - INFO - config=<configparser.ConfigParser object at 0x7fea51742610>
2023-03-13 19:22:03,425 - INFO - 
----------------------------------------------------------------------------------------
 ---------------------------- END @2023-03-13 19:22:03.425484----------------------------
----------------------------------------------------------------------------------------
2023-03-13 19:28:53,878 - INFO - 
----------------------------------------------------------------------------------------
 --------------------------- START @2023-03-13 19:28:53.878022---------------------------
----------------------------------------------------------------------------------------
2023-03-13 19:28:53,878 - INFO - config=<configparser.ConfigParser object at 0x7f8c830cd430>
2023-03-13 19:29:22,105 - INFO - 
----------------------------------------------------------------------------------------
 --------------------------- START @2023-03-13 19:29:22.105512---------------------------
----------------------------------------------------------------------------------------
2023-03-13 19:29:22,105 - INFO - config=<configparser.ConfigParser object at 0x7f5ee3d43610>
2023-03-13 19:29:25,174 - INFO - model=MalConvGCT(
  (pooling): AdaptiveMaxPool1d(output_size=1)
  (cat): CatMod()
  (embd): Embedding(257, 8, padding_idx=0)
  (context_net): MalConvML(
    (pooling): AdaptiveMaxPool1d(output_size=1)
    (cat): CatMod()
    (embd): Embedding(257, 8, padding_idx=0)
    (convs): ModuleList(
      (0): Conv1d(8, 512, kernel_size=(256,), stride=(64,))
    )
    (convs_1): ModuleList(
      (0): Conv1d(256, 256, kernel_size=(1,), stride=(1,))
    )
    (fc_1): Linear(in_features=256, out_features=256, bias=True)
    (fc_2): Linear(in_features=256, out_features=256, bias=True)
  )
  (convs): ModuleList(
    (0): Conv1d(8, 512, kernel_size=(256,), stride=(64,))
  )
  (linear_atn): ModuleList(
    (0): Linear(in_features=256, out_features=256, bias=True)
  )
  (convs_share): ModuleList(
    (0): Conv1d(256, 256, kernel_size=(1,), stride=(1,))
  )
  (fc_1): Linear(in_features=256, out_features=256, bias=True)
  (fc_2): Linear(in_features=256, out_features=2, bias=True)
)
2023-03-13 19:29:33,006 - INFO - 
----------------------------------------------------------------------------------------
 --------------------------- START @2023-03-13 19:29:33.006292---------------------------
----------------------------------------------------------------------------------------
2023-03-13 19:29:33,006 - INFO - config=<configparser.ConfigParser object at 0x7fc241b6d340>
2023-03-13 19:29:35,437 - INFO - model=MalConvGCT(
  (pooling): AdaptiveMaxPool1d(output_size=1)
  (cat): CatMod()
  (embd): Embedding(257, 8, padding_idx=0)
  (context_net): MalConvML(
    (pooling): AdaptiveMaxPool1d(output_size=1)
    (cat): CatMod()
    (embd): Embedding(257, 8, padding_idx=0)
    (convs): ModuleList(
      (0): Conv1d(8, 512, kernel_size=(256,), stride=(64,))
    )
    (convs_1): ModuleList(
      (0): Conv1d(256, 256, kernel_size=(1,), stride=(1,))
    )
    (fc_1): Linear(in_features=256, out_features=256, bias=True)
    (fc_2): Linear(in_features=256, out_features=256, bias=True)
  )
  (convs): ModuleList(
    (0): Conv1d(8, 512, kernel_size=(256,), stride=(64,))
  )
  (linear_atn): ModuleList(
    (0): Linear(in_features=256, out_features=256, bias=True)
  )
  (convs_share): ModuleList(
    (0): Conv1d(256, 256, kernel_size=(1,), stride=(1,))
  )
  (fc_1): Linear(in_features=256, out_features=256, bias=True)
  (fc_2): Linear(in_features=256, out_features=2, bias=True)
)
2023-03-13 19:29:35,496 - INFO - len(ben_done)=0 -- len(ben_files)=2855 -- len(WINDOWS)=2855
len(mal_done)=2672 -- len(mal_files)=1544 -- len(SOREL)=4216
2023-03-13 19:29:53,372 - INFO - 
----------------------------------------------------------------------------------------
 --------------------------- START @2023-03-13 19:29:53.372833---------------------------
----------------------------------------------------------------------------------------
2023-03-13 19:29:53,373 - INFO - config=<configparser.ConfigParser object at 0x7f05dc8eb970>
2023-03-13 19:29:55,836 - INFO - model=MalConvGCT(
  (pooling): AdaptiveMaxPool1d(output_size=1)
  (cat): CatMod()
  (embd): Embedding(257, 8, padding_idx=0)
  (context_net): MalConvML(
    (pooling): AdaptiveMaxPool1d(output_size=1)
    (cat): CatMod()
    (embd): Embedding(257, 8, padding_idx=0)
    (convs): ModuleList(
      (0): Conv1d(8, 512, kernel_size=(256,), stride=(64,))
    )
    (convs_1): ModuleList(
      (0): Conv1d(256, 256, kernel_size=(1,), stride=(1,))
    )
    (fc_1): Linear(in_features=256, out_features=256, bias=True)
    (fc_2): Linear(in_features=256, out_features=256, bias=True)
  )
  (convs): ModuleList(
    (0): Conv1d(8, 512, kernel_size=(256,), stride=(64,))
  )
  (linear_atn): ModuleList(
    (0): Linear(in_features=256, out_features=256, bias=True)
  )
  (convs_share): ModuleList(
    (0): Conv1d(256, 256, kernel_size=(1,), stride=(1,))
  )
  (fc_1): Linear(in_features=256, out_features=256, bias=True)
  (fc_2): Linear(in_features=256, out_features=2, bias=True)
)
2023-03-13 19:29:55,872 - INFO - len(ben_done)=0 -- len(ben_files)=2855 -- len(WINDOWS)=2855
len(mal_done)=2672 -- len(mal_files)=1544 -- len(SOREL)=4216
2023-03-13 19:29:56,929 - INFO - Starting explanations: initial=0, start=None, end=None, total=179 @2023-03-13 19:29:56.929201
2023-03-13 19:29:57,427 - INFO - 0 / 179 = 0% @2023-03-13 19:29:57.427648
2023-03-13 19:29:59,503 - INFO - 1 / 179 = 0% @2023-03-13 19:29:59.503433
2023-03-13 19:30:01,685 - INFO - 2 / 179 = 1% @2023-03-13 19:30:01.685249
2023-03-13 19:30:03,682 - INFO - 3 / 179 = 1% @2023-03-13 19:30:03.682895
2023-03-13 19:30:05,542 - INFO - 4 / 179 = 2% @2023-03-13 19:30:05.541997
2023-03-13 19:30:07,264 - INFO - 5 / 179 = 2% @2023-03-13 19:30:07.264031
2023-03-13 19:30:08,978 - INFO - 6 / 179 = 3% @2023-03-13 19:30:08.978004
2023-03-13 19:30:11,422 - INFO - 7 / 179 = 3% @2023-03-13 19:30:11.422594
2023-03-13 19:30:16,601 - INFO - 8 / 179 = 4% @2023-03-13 19:30:16.601808
2023-03-13 19:30:24,023 - INFO - 9 / 179 = 5% @2023-03-13 19:30:24.023417
2023-03-13 19:30:31,408 - INFO - 10 / 179 = 5% @2023-03-13 19:30:31.408554
2023-03-13 19:30:37,300 - INFO - 11 / 179 = 6% @2023-03-13 19:30:37.300046
2023-03-13 19:30:44,948 - INFO - 12 / 179 = 6% @2023-03-13 19:30:44.948700
2023-03-13 19:30:56,338 - INFO - 13 / 179 = 7% @2023-03-13 19:30:56.338358
2023-03-13 19:31:08,449 - INFO - 14 / 179 = 7% @2023-03-13 19:31:08.449301
2023-03-13 19:31:23,268 - INFO - 15 / 179 = 8% @2023-03-13 19:31:23.268227
2023-03-13 19:31:37,192 - INFO - 16 / 179 = 8% @2023-03-13 19:31:37.192866
2023-03-13 19:31:50,640 - INFO - 17 / 179 = 9% @2023-03-13 19:31:50.640044
2023-03-13 19:32:04,189 - INFO - 18 / 179 = 10% @2023-03-13 19:32:04.189068
2023-03-13 19:32:17,682 - INFO - 19 / 179 = 10% @2023-03-13 19:32:17.682390
2023-03-13 19:32:31,156 - INFO - 20 / 179 = 11% @2023-03-13 19:32:31.156477
2023-03-13 19:32:44,717 - INFO - 21 / 179 = 11% @2023-03-13 19:32:44.717720
2023-03-13 19:32:58,195 - INFO - 22 / 179 = 12% @2023-03-13 19:32:58.195701
2023-03-13 19:33:10,670 - INFO - 23 / 179 = 12% @2023-03-13 19:33:10.670664
2023-03-13 19:33:22,238 - INFO - 24 / 179 = 13% @2023-03-13 19:33:22.238025
2023-03-13 19:33:33,750 - INFO - 25 / 179 = 13% @2023-03-13 19:33:33.750506
2023-03-13 19:33:45,326 - INFO - 26 / 179 = 14% @2023-03-13 19:33:45.326318
2023-03-13 19:33:56,834 - INFO - 27 / 179 = 15% @2023-03-13 19:33:56.834829
2023-03-13 19:34:08,347 - INFO - 28 / 179 = 15% @2023-03-13 19:34:08.347048
2023-03-13 19:34:19,924 - INFO - 29 / 179 = 16% @2023-03-13 19:34:19.924181
2023-03-13 19:34:31,422 - INFO - 30 / 179 = 16% @2023-03-13 19:34:31.422400
2023-03-13 19:34:44,498 - INFO - 31 / 179 = 17% @2023-03-13 19:34:44.498730
2023-03-13 19:34:58,046 - INFO - 32 / 179 = 17% @2023-03-13 19:34:58.046163
2023-03-13 19:35:11,512 - INFO - 33 / 179 = 18% @2023-03-13 19:35:11.512735
2023-03-13 19:35:24,976 - INFO - 34 / 179 = 18% @2023-03-13 19:35:24.976875
2023-03-13 19:35:38,521 - INFO - 35 / 179 = 19% @2023-03-13 19:35:38.521352
2023-03-13 19:35:52,012 - INFO - 36 / 179 = 20% @2023-03-13 19:35:52.011968
2023-03-13 19:36:05,445 - INFO - 37 / 179 = 20% @2023-03-13 19:36:05.445007
2023-03-13 19:36:18,731 - INFO - 38 / 179 = 21% @2023-03-13 19:36:18.731119
2023-03-13 19:36:31,387 - INFO - 39 / 179 = 21% @2023-03-13 19:36:31.387116
2023-03-13 19:36:44,615 - INFO - 40 / 179 = 22% @2023-03-13 19:36:44.615125
2023-03-13 19:36:58,153 - INFO - 41 / 179 = 22% @2023-03-13 19:36:58.153176
2023-03-13 19:37:11,580 - INFO - 42 / 179 = 23% @2023-03-13 19:37:11.580245
2023-03-13 19:37:24,977 - INFO - 43 / 179 = 24% @2023-03-13 19:37:24.977621
2023-03-13 19:37:41,906 - INFO - 44 / 179 = 24% @2023-03-13 19:37:41.906272
2023-03-13 19:37:55,415 - INFO - 45 / 179 = 25% @2023-03-13 19:37:55.415789
2023-03-13 19:38:09,032 - INFO - 46 / 179 = 25% @2023-03-13 19:38:09.032008
2023-03-13 19:38:22,527 - INFO - 47 / 179 = 26% @2023-03-13 19:38:22.527048
2023-03-13 19:38:36,024 - INFO - 48 / 179 = 26% @2023-03-13 19:38:36.024119
2023-03-13 19:38:49,567 - INFO - 49 / 179 = 27% @2023-03-13 19:38:49.567868
2023-03-13 19:39:03,119 - INFO - 50 / 179 = 27% @2023-03-13 19:39:03.119708
2023-03-13 19:39:16,583 - INFO - 51 / 179 = 28% @2023-03-13 19:39:16.583133
2023-03-13 19:39:30,013 - INFO - 52 / 179 = 29% @2023-03-13 19:39:30.013590
2023-03-13 19:39:41,502 - INFO - 53 / 179 = 29% @2023-03-13 19:39:41.502700
2023-03-13 19:39:56,475 - INFO - 54 / 179 = 30% @2023-03-13 19:39:56.475502
2023-03-13 19:40:11,687 - INFO - 55 / 179 = 30% @2023-03-13 19:40:11.687770
2023-03-13 19:40:27,547 - INFO - 56 / 179 = 31% @2023-03-13 19:40:27.547917
2023-03-13 19:40:43,232 - INFO - 57 / 179 = 31% @2023-03-13 19:40:43.232149
2023-03-13 19:41:01,198 - INFO - 58 / 179 = 32% @2023-03-13 19:41:01.198514
2023-03-13 19:41:19,679 - INFO - 59 / 179 = 32% @2023-03-13 19:41:19.679492
2023-03-13 19:41:39,825 - INFO - 60 / 179 = 33% @2023-03-13 19:41:39.825826
2023-03-13 19:42:09,475 - INFO - 61 / 179 = 34% @2023-03-13 19:42:09.475289
2023-03-13 19:42:39,229 - INFO - 62 / 179 = 34% @2023-03-13 19:42:39.229671
2023-03-13 19:43:05,407 - INFO - 63 / 179 = 35% @2023-03-13 19:43:05.407746
2023-03-13 19:43:30,823 - INFO - 64 / 179 = 35% @2023-03-13 19:43:30.823878
2023-03-13 19:43:57,067 - INFO - 65 / 179 = 36% @2023-03-13 19:43:57.067694
2023-03-13 19:44:24,172 - INFO - 66 / 179 = 36% @2023-03-13 19:44:24.171951
2023-03-13 19:44:50,020 - INFO - 67 / 179 = 37% @2023-03-13 19:44:50.020239
2023-03-13 19:45:18,883 - INFO - 68 / 179 = 37% @2023-03-13 19:45:18.883768
2023-03-13 19:45:47,091 - INFO - 69 / 179 = 38% @2023-03-13 19:45:47.091777
2023-03-13 19:46:16,458 - INFO - 70 / 179 = 39% @2023-03-13 19:46:16.458280
2023-03-13 19:46:44,254 - INFO - 71 / 179 = 39% @2023-03-13 19:46:44.254177
2023-03-13 19:47:12,535 - INFO - 72 / 179 = 40% @2023-03-13 19:47:12.535398
2023-03-13 19:47:40,170 - INFO - 73 / 179 = 40% @2023-03-13 19:47:40.170762
2023-03-13 19:48:08,573 - INFO - 74 / 179 = 41% @2023-03-13 19:48:08.573660
2023-03-13 19:48:37,014 - INFO - 75 / 179 = 41% @2023-03-13 19:48:37.014719
2023-03-13 19:49:05,372 - INFO - 76 / 179 = 42% @2023-03-13 19:49:05.372784
2023-03-13 19:49:37,423 - INFO - 77 / 179 = 43% @2023-03-13 19:49:37.423159
2023-03-13 19:50:15,965 - INFO - 78 / 179 = 43% @2023-03-13 19:50:15.965018
2023-03-13 19:50:51,758 - INFO - 79 / 179 = 44% @2023-03-13 19:50:51.758756
2023-03-13 19:51:25,188 - INFO - 80 / 179 = 44% @2023-03-13 19:51:25.188160
2023-03-13 19:52:04,347 - INFO - 81 / 179 = 45% @2023-03-13 19:52:04.347741
2023-03-13 19:52:52,694 - INFO - 82 / 179 = 45% @2023-03-13 19:52:52.694352
2023-03-13 19:53:45,878 - INFO - 83 / 179 = 46% @2023-03-13 19:53:45.878498
2023-03-13 19:54:45,315 - INFO - 84 / 179 = 46% @2023-03-13 19:54:45.315470
2023-03-13 19:55:49,467 - INFO - 85 / 179 = 47% @2023-03-13 19:55:49.467433
2023-03-13 19:56:57,364 - INFO - 86 / 179 = 48% @2023-03-13 19:56:57.364732
2023-03-13 19:58:02,140 - INFO - 87 / 179 = 48% @2023-03-13 19:58:02.140487
2023-03-13 19:59:05,875 - INFO - 88 / 179 = 49% @2023-03-13 19:59:05.875457
2023-03-13 20:00:10,638 - INFO - 89 / 179 = 49% @2023-03-13 20:00:10.638183
2023-03-13 20:01:26,377 - INFO - 90 / 179 = 50% @2023-03-13 20:01:26.377307
2023-03-13 20:02:56,574 - INFO - 91 / 179 = 50% @2023-03-13 20:02:56.573967
2023-03-13 20:04:39,832 - INFO - 92 / 179 = 51% @2023-03-13 20:04:39.832054
2023-03-13 20:06:23,809 - INFO - 93 / 179 = 51% @2023-03-13 20:06:23.809564
2023-03-13 20:08:23,898 - INFO - 94 / 179 = 52% @2023-03-13 20:08:23.898708
2023-03-13 20:10:30,158 - INFO - 95 / 179 = 53% @2023-03-13 20:10:30.158569
2023-03-13 20:12:37,497 - INFO - 96 / 179 = 53% @2023-03-13 20:12:37.497612
2023-03-13 20:14:47,876 - INFO - 97 / 179 = 54% @2023-03-13 20:14:47.876698
2023-03-13 20:16:58,713 - INFO - 98 / 179 = 54% @2023-03-13 20:16:58.713469
2023-03-13 20:19:05,235 - INFO - 99 / 179 = 55% @2023-03-13 20:19:05.235155
2023-03-13 20:21:05,928 - INFO - 100 / 179 = 55% @2023-03-13 20:21:05.928228
2023-03-13 20:23:10,220 - INFO - 101 / 179 = 56% @2023-03-13 20:23:10.220880
2023-03-13 20:25:38,243 - INFO - 102 / 179 = 56% @2023-03-13 20:25:38.243808
2023-03-13 20:28:13,342 - INFO - 103 / 179 = 57% @2023-03-13 20:28:13.342527
2023-03-13 20:30:41,598 - INFO - 104 / 179 = 58% @2023-03-13 20:30:41.598248
2023-03-13 20:33:54,355 - INFO - 105 / 179 = 58% @2023-03-13 20:33:54.355307
2023-03-13 20:37:47,848 - INFO - 106 / 179 = 59% @2023-03-13 20:37:47.848102
2023-03-13 20:42:55,233 - INFO - 107 / 179 = 59% @2023-03-13 20:42:55.233649
2023-03-13 20:48:04,509 - INFO - 108 / 179 = 60% @2023-03-13 20:48:04.509333
2023-03-13 20:53:01,964 - INFO - 109 / 179 = 60% @2023-03-13 20:53:01.964509
2023-03-13 20:57:37,842 - INFO - 110 / 179 = 61% @2023-03-13 20:57:37.842494
2023-03-13 21:02:25,584 - INFO - 111 / 179 = 62% @2023-03-13 21:02:25.584808
2023-03-13 21:04:16,203 - INFO - 112 / 179 = 62% @2023-03-13 21:04:16.203209
2023-03-13 21:10:30,628 - INFO - 113 / 179 = 63% @2023-03-13 21:10:30.628668
2023-03-13 21:15:53,502 - INFO - 114 / 179 = 63% @2023-03-13 21:15:53.502555
2023-03-13 21:20:00,164 - INFO - 115 / 179 = 64% @2023-03-13 21:20:00.164674
2023-03-13 21:26:18,199 - INFO - 116 / 179 = 64% @2023-03-13 21:26:18.199014
2023-03-13 21:33:20,999 - INFO - 117 / 179 = 65% @2023-03-13 21:33:20.999938
2023-03-13 21:43:26,031 - INFO - 118 / 179 = 65% @2023-03-13 21:43:26.031471
2023-03-13 21:52:44,021 - INFO - 119 / 179 = 66% @2023-03-13 21:52:44.021373
2023-03-13 22:03:16,795 - INFO - 120 / 179 = 67% @2023-03-13 22:03:16.795704
2023-03-13 22:10:18,584 - INFO - 121 / 179 = 67% @2023-03-13 22:10:18.584353
2023-03-13 22:17:19,971 - INFO - 122 / 179 = 68% @2023-03-13 22:17:19.971664
2023-03-13 22:28:20,725 - INFO - 123 / 179 = 68% @2023-03-13 22:28:20.725657
2023-03-13 22:39:17,339 - INFO - 124 / 179 = 69% @2023-03-13 22:39:17.339269
2023-03-13 22:46:18,263 - INFO - 125 / 179 = 69% @2023-03-13 22:46:18.263096
2023-03-13 22:57:43,377 - INFO - 126 / 179 = 70% @2023-03-13 22:57:43.377531
2023-03-13 23:09:12,411 - INFO - 127 / 179 = 70% @2023-03-13 23:09:12.411931
2023-03-13 23:16:16,921 - INFO - 128 / 179 = 71% @2023-03-13 23:16:16.921450
2023-03-13 23:28:56,074 - INFO - 129 / 179 = 72% @2023-03-13 23:28:56.074871
2023-03-13 23:36:10,090 - INFO - 130 / 179 = 72% @2023-03-13 23:36:10.090020
2023-03-13 23:43:21,824 - INFO - 131 / 179 = 73% @2023-03-13 23:43:21.824490
2023-03-13 23:57:43,742 - INFO - 132 / 179 = 73% @2023-03-13 23:57:43.742483
2023-03-14 00:14:22,218 - INFO - 133 / 179 = 74% @2023-03-14 00:14:22.218365
2023-03-14 00:32:01,592 - INFO - 134 / 179 = 74% @2023-03-14 00:32:01.592906
2023-03-14 00:51:14,372 - INFO - 135 / 179 = 75% @2023-03-14 00:51:14.372712
2023-03-14 01:11:08,885 - INFO - 136 / 179 = 75% @2023-03-14 01:11:08.885840
2023-03-14 01:32:03,302 - INFO - 137 / 179 = 76% @2023-03-14 01:32:03.302660
2023-03-14 01:53:08,064 - INFO - 138 / 179 = 77% @2023-03-14 01:53:08.064755
2023-03-14 02:10:03,874 - INFO - 139 / 179 = 77% @2023-03-14 02:10:03.874727
2023-03-14 02:32:38,007 - INFO - 140 / 179 = 78% @2023-03-14 02:32:38.007106
2023-03-14 02:56:10,252 - INFO - 141 / 179 = 78% @2023-03-14 02:56:10.251944
2023-03-14 03:18:20,826 - INFO - 142 / 179 = 79% @2023-03-14 03:18:20.826774
2023-03-14 03:40:10,268 - INFO - 143 / 179 = 79% @2023-03-14 03:40:10.268738
2023-03-14 04:24:10,696 - INFO - 144 / 179 = 80% @2023-03-14 04:24:10.695945
2023-03-14 05:08:35,070 - INFO - 145 / 179 = 81% @2023-03-14 05:08:35.070379
2023-03-14 05:22:39,951 - INFO - 146 / 179 = 81% @2023-03-14 05:22:39.951044
2023-03-14 06:08:14,112 - INFO - 147 / 179 = 82% @2023-03-14 06:08:14.112044
2023-03-14 08:12:10,182 - INFO - 148 / 179 = 82% @2023-03-14 08:12:10.182378
2023-03-14 10:45:44,504 - INFO - 149 / 179 = 83% @2023-03-14 10:45:44.504114
2023-03-14 13:21:33,838 - INFO - 
----------------------------------------------------------------------------------------
 --------------------------- START @2023-03-14 13:21:33.838290---------------------------
----------------------------------------------------------------------------------------
2023-03-14 13:21:33,838 - INFO - config=<configparser.ConfigParser object at 0x7f980b2ce430>
2023-03-14 13:22:51,831 - INFO - 
----------------------------------------------------------------------------------------
 --------------------------- START @2023-03-14 13:22:51.831942---------------------------
----------------------------------------------------------------------------------------
2023-03-14 13:22:51,832 - INFO - config=<configparser.ConfigParser object at 0x7f6df8b43be0>
2023-03-14 13:30:30,733 - INFO - 
----------------------------------------------------------------------------------------
 --------------------------- START @2023-03-14 13:30:30.733862---------------------------
----------------------------------------------------------------------------------------
2023-03-14 13:30:30,734 - INFO - config=<configparser.ConfigParser object at 0x7f65f449c280>
2023-03-14 13:30:30,767 - INFO - 
----------------------------------------------------------------------------------------
 ---------------------------- END @2023-03-14 13:30:30.767513----------------------------
----------------------------------------------------------------------------------------
2023-03-14 13:32:50,359 - INFO - 
----------------------------------------------------------------------------------------
 --------------------------- START @2023-03-14 13:32:50.359613---------------------------
----------------------------------------------------------------------------------------
2023-03-14 13:32:50,359 - INFO - config=<configparser.ConfigParser object at 0x7fbd6b745280>
2023-03-14 13:34:07,986 - INFO - 
----------------------------------------------------------------------------------------
 --------------------------- START @2023-03-14 13:34:07.986164---------------------------
----------------------------------------------------------------------------------------
2023-03-14 13:34:07,986 - INFO - config=<configparser.ConfigParser object at 0x7f30c9559280>
2023-03-14 13:38:54,728 - INFO - 
----------------------------------------------------------------------------------------
 --------------------------- START @2023-03-14 13:38:54.728142---------------------------
----------------------------------------------------------------------------------------
2023-03-14 13:38:54,728 - INFO - config=<configparser.ConfigParser object at 0x7f88f57b3be0>
2023-03-14 13:45:05,898 - INFO - 
----------------------------------------------------------------------------------------
 --------------------------- START @2023-03-14 13:45:05.898231---------------------------
----------------------------------------------------------------------------------------
2023-03-14 13:45:05,898 - INFO - config=<configparser.ConfigParser object at 0x7f05a71fe280>
2023-03-14 13:46:26,956 - INFO - 
----------------------------------------------------------------------------------------
 --------------------------- START @2023-03-14 13:46:26.956373---------------------------
----------------------------------------------------------------------------------------
2023-03-14 13:46:26,956 - INFO - config=<configparser.ConfigParser object at 0x7f2a8cdb5280>
2023-03-14 13:48:49,738 - INFO - 
----------------------------------------------------------------------------------------
 --------------------------- START @2023-03-14 13:48:49.738471---------------------------
----------------------------------------------------------------------------------------
2023-03-14 13:48:49,738 - INFO - config=<configparser.ConfigParser object at 0x7f1a6af5c280>
2023-03-14 13:48:49,801 - INFO - 
----------------------------------------------------------------------------------------
 ---------------------------- END @2023-03-14 13:48:49.801064----------------------------
----------------------------------------------------------------------------------------
2023-03-14 13:49:36,266 - INFO - 
----------------------------------------------------------------------------------------
 --------------------------- START @2023-03-14 13:49:36.266880---------------------------
----------------------------------------------------------------------------------------
2023-03-14 13:49:36,267 - INFO - config=<configparser.ConfigParser object at 0x7fbf0072b280>
2023-03-14 13:50:34,773 - INFO - 
----------------------------------------------------------------------------------------
 --------------------------- START @2023-03-14 13:50:34.773262---------------------------
----------------------------------------------------------------------------------------
2023-03-14 13:50:34,773 - INFO - config=<configparser.ConfigParser object at 0x7ff5421f5430>
2023-03-14 13:51:13,506 - INFO - 
----------------------------------------------------------------------------------------
 --------------------------- START @2023-03-14 13:51:13.506507---------------------------
----------------------------------------------------------------------------------------
2023-03-14 13:51:13,506 - INFO - config=<configparser.ConfigParser object at 0x7f965d4cfd90>
2023-03-14 13:51:13,568 - INFO - 
----------------------------------------------------------------------------------------
 ---------------------------- END @2023-03-14 13:51:13.568608----------------------------
----------------------------------------------------------------------------------------
2023-03-14 13:53:32,693 - INFO - 
----------------------------------------------------------------------------------------
 --------------------------- START @2023-03-14 13:53:32.693538---------------------------
----------------------------------------------------------------------------------------
2023-03-14 13:53:32,693 - INFO - config=<configparser.ConfigParser object at 0x7f12499f5430>
2023-03-14 13:54:20,638 - INFO - 
----------------------------------------------------------------------------------------
 --------------------------- START @2023-03-14 13:54:20.638403---------------------------
----------------------------------------------------------------------------------------
2023-03-14 13:54:20,638 - INFO - config=<configparser.ConfigParser object at 0x7ffb9095c280>
2023-03-14 13:55:55,585 - INFO - 
----------------------------------------------------------------------------------------
 --------------------------- START @2023-03-14 13:55:55.585508---------------------------
----------------------------------------------------------------------------------------
2023-03-14 13:55:55,585 - INFO - config=<configparser.ConfigParser object at 0x7f9ed61b1430>
2023-03-14 13:56:40,879 - INFO - 
----------------------------------------------------------------------------------------
 --------------------------- START @2023-03-14 13:56:40.879583---------------------------
----------------------------------------------------------------------------------------
2023-03-14 13:56:40,879 - INFO - config=<configparser.ConfigParser object at 0x7f8157234430>
2023-03-14 13:57:15,262 - INFO - 
----------------------------------------------------------------------------------------
 --------------------------- START @2023-03-14 13:57:15.262304---------------------------
----------------------------------------------------------------------------------------
2023-03-14 13:57:15,262 - INFO - config=<configparser.ConfigParser object at 0x7fa504cd9280>
2023-03-14 15:11:45,738 - INFO - 
----------------------------------------------------------------------------------------
 --------------------------- START @2023-03-14 15:11:45.738215---------------------------
----------------------------------------------------------------------------------------
2023-03-14 15:11:45,738 - INFO - config=<configparser.ConfigParser object at 0x7fcf51b80430>
2023-03-14 15:12:09,423 - INFO - 
----------------------------------------------------------------------------------------
 --------------------------- START @2023-03-14 15:12:09.423107---------------------------
----------------------------------------------------------------------------------------
2023-03-14 15:12:09,423 - INFO - config=<configparser.ConfigParser object at 0x7f3fe51ae430>
2023-03-14 15:15:30,644 - INFO - 
----------------------------------------------------------------------------------------
 --------------------------- START @2023-03-14 15:15:30.644232---------------------------
----------------------------------------------------------------------------------------
2023-03-14 15:15:30,644 - INFO - config=<configparser.ConfigParser object at 0x7f8355e65280>
2023-03-14 15:15:50,121 - INFO - 
----------------------------------------------------------------------------------------
 --------------------------- START @2023-03-14 15:15:50.121161---------------------------
----------------------------------------------------------------------------------------
2023-03-14 15:15:50,121 - INFO - config=<configparser.ConfigParser object at 0x7f32df5b3430>
2023-03-14 15:18:29,053 - INFO - 
----------------------------------------------------------------------------------------
 ---------------------------- END @2023-03-14 15:18:29.053383----------------------------
----------------------------------------------------------------------------------------
