
                           START @2022-12-03 21:06:40.297104
----------------------------------------------------------------------------------------
args.config_file='config_files/modify_inc/least_ordered.ini'
----------------------------------------------------------------------------------------
---------------------------------------- CONFIG -----------------------------------------
----------------------------------------------------------------------------------------
seed=0
device=device(type='cuda', index=0)
torch.backends.cudnn.enabled=False
Starting modification: initial=0, start=None, end=1000, @2022-12-03 21:06:43.844613
0 / 1000 = 0% @2022-12-03 21:06:43.844648
1 / 1000 = 0% @2022-12-03 21:06:44.178682
2 / 1000 = 0% @2022-12-03 21:06:44.196076
3 / 1000 = 0% @2022-12-03 21:06:44.212340
4 / 1000 = 0% @2022-12-03 21:06:44.238519
5 / 1000 = 0% @2022-12-03 21:06:44.466562
6 / 1000 = 0% @2022-12-03 21:06:44.495006
7 / 1000 = 0% @2022-12-03 21:06:44.522482
8 / 1000 = 0% @2022-12-03 21:06:44.555782
9 / 1000 = 0% @2022-12-03 21:06:44.588349
10 / 1000 = 1% @2022-12-03 21:06:45.237575
11 / 1000 = 1% @2022-12-03 21:06:45.448123
12 / 1000 = 1% @2022-12-03 21:06:45.518461
13 / 1000 = 1% @2022-12-03 21:06:46.031768
14 / 1000 = 1% @2022-12-03 21:06:46.789990
15 / 1000 = 1% @2022-12-03 21:06:46.831863
16 / 1000 = 1% @2022-12-03 21:06:46.865290
17 / 1000 = 1% @2022-12-03 21:06:47.557519
18 / 1000 = 1% @2022-12-03 21:06:47.580440
19 / 1000 = 1% @2022-12-03 21:06:47.600570
20 / 1000 = 2% @2022-12-03 21:06:47.790683
21 / 1000 = 2% @2022-12-03 21:06:47.821970
22 / 1000 = 2% @2022-12-03 21:06:48.003367
23 / 1000 = 2% @2022-12-03 21:06:48.032951
24 / 1000 = 2% @2022-12-03 21:06:48.066432
25 / 1000 = 2% @2022-12-03 21:06:48.100189
26 / 1000 = 2% @2022-12-03 21:06:48.288597
27 / 1000 = 2% @2022-12-03 21:06:48.330615
28 / 1000 = 2% @2022-12-03 21:06:48.519484
29 / 1000 = 2% @2022-12-03 21:06:49.166112
30 / 1000 = 3% @2022-12-03 21:06:49.200619
31 / 1000 = 3% @2022-12-03 21:06:49.235387
32 / 1000 = 3% @2022-12-03 21:06:49.264817
33 / 1000 = 3% @2022-12-03 21:06:49.458776
34 / 1000 = 3% @2022-12-03 21:06:49.518444
35 / 1000 = 3% @2022-12-03 21:06:49.538720
36 / 1000 = 3% @2022-12-03 21:06:50.088320
37 / 1000 = 3% @2022-12-03 21:06:50.185088
38 / 1000 = 3% @2022-12-03 21:06:50.933562
39 / 1000 = 3% @2022-12-03 21:06:51.557023
40 / 1000 = 4% @2022-12-03 21:06:51.588439
41 / 1000 = 4% @2022-12-03 21:06:51.787123
42 / 1000 = 4% @2022-12-03 21:06:52.480251
43 / 1000 = 4% @2022-12-03 21:06:52.511065
44 / 1000 = 4% @2022-12-03 21:06:52.572854
45 / 1000 = 4% @2022-12-03 21:06:52.631675
46 / 1000 = 4% @2022-12-03 21:06:52.652064
47 / 1000 = 4% @2022-12-03 21:06:52.835154
48 / 1000 = 4% @2022-12-03 21:06:52.871180
49 / 1000 = 4% @2022-12-03 21:06:52.902769
50 / 1000 = 5% @2022-12-03 21:06:52.939742
51 / 1000 = 5% @2022-12-03 21:06:53.525443
52 / 1000 = 5% @2022-12-03 21:06:53.846340
53 / 1000 = 5% @2022-12-03 21:06:53.876817
54 / 1000 = 5% @2022-12-03 21:06:54.214574
55 / 1000 = 5% @2022-12-03 21:06:54.248015
56 / 1000 = 5% @2022-12-03 21:06:54.277291
57 / 1000 = 5% @2022-12-03 21:06:54.474536
58 / 1000 = 5% @2022-12-03 21:06:54.504343
59 / 1000 = 5% @2022-12-03 21:06:55.004967
60 / 1000 = 6% @2022-12-03 21:06:55.194362
61 / 1000 = 6% @2022-12-03 21:06:55.922646
62 / 1000 = 6% @2022-12-03 21:06:56.111922
63 / 1000 = 6% @2022-12-03 21:06:56.149659
64 / 1000 = 6% @2022-12-03 21:06:56.635127
65 / 1000 = 6% @2022-12-03 21:06:56.675281
66 / 1000 = 6% @2022-12-03 21:06:56.718358
67 / 1000 = 6% @2022-12-03 21:06:56.931809
68 / 1000 = 6% @2022-12-03 21:06:56.969332
69 / 1000 = 6% @2022-12-03 21:06:57.006748
70 / 1000 = 7% @2022-12-03 21:06:57.044101
71 / 1000 = 7% @2022-12-03 21:06:58.811103
72 / 1000 = 7% @2022-12-03 21:06:58.863800
73 / 1000 = 7% @2022-12-03 21:06:58.925285
74 / 1000 = 7% @2022-12-03 21:06:58.973905
75 / 1000 = 7% @2022-12-03 21:06:59.022158
76 / 1000 = 7% @2022-12-03 21:06:59.082852
77 / 1000 = 7% @2022-12-03 21:06:59.132430
78 / 1000 = 7% @2022-12-03 21:06:59.170103
79 / 1000 = 7% @2022-12-03 21:06:59.228587
80 / 1000 = 8% @2022-12-03 21:07:00.182932
81 / 1000 = 8% @2022-12-03 21:07:01.364948
82 / 1000 = 8% @2022-12-03 21:07:01.424448
83 / 1000 = 8% @2022-12-03 21:07:01.974272
84 / 1000 = 8% @2022-12-03 21:07:02.021195
85 / 1000 = 8% @2022-12-03 21:07:03.554964
86 / 1000 = 8% @2022-12-03 21:07:04.203181
87 / 1000 = 8% @2022-12-03 21:07:04.513592
88 / 1000 = 8% @2022-12-03 21:07:04.547984
89 / 1000 = 8% @2022-12-03 21:07:04.589305
90 / 1000 = 9% @2022-12-03 21:07:04.779725
91 / 1000 = 9% @2022-12-03 21:07:04.838546
92 / 1000 = 9% @2022-12-03 21:07:04.892542
93 / 1000 = 9% @2022-12-03 21:07:04.941688
94 / 1000 = 9% @2022-12-03 21:07:05.996888
95 / 1000 = 9% @2022-12-03 21:07:06.074618
96 / 1000 = 9% @2022-12-03 21:07:06.996468
97 / 1000 = 9% @2022-12-03 21:07:08.906159
98 / 1000 = 9% @2022-12-03 21:07:08.966130
99 / 1000 = 9% @2022-12-03 21:07:09.739081
100 / 1000 = 10% @2022-12-03 21:07:09.782913
101 / 1000 = 10% @2022-12-03 21:07:11.202042
102 / 1000 = 10% @2022-12-03 21:07:11.287237
103 / 1000 = 10% @2022-12-03 21:07:11.984012
104 / 1000 = 10% @2022-12-03 21:07:13.122914
105 / 1000 = 10% @2022-12-03 21:07:13.596672
106 / 1000 = 10% @2022-12-03 21:07:14.134702
107 / 1000 = 10% @2022-12-03 21:07:14.268787
108 / 1000 = 10% @2022-12-03 21:07:14.321282
109 / 1000 = 10% @2022-12-03 21:07:15.884059
110 / 1000 = 11% @2022-12-03 21:07:15.974981
111 / 1000 = 11% @2022-12-03 21:07:19.065497
112 / 1000 = 11% @2022-12-03 21:07:19.161376
113 / 1000 = 11% @2022-12-03 21:07:19.309454
114 / 1000 = 11% @2022-12-03 21:07:19.371358
115 / 1000 = 11% @2022-12-03 21:07:19.777156
116 / 1000 = 11% @2022-12-03 21:07:19.860302
117 / 1000 = 11% @2022-12-03 21:07:21.030351
118 / 1000 = 11% @2022-12-03 21:07:23.883811
119 / 1000 = 11% @2022-12-03 21:07:25.557902
120 / 1000 = 12% @2022-12-03 21:07:28.647650
121 / 1000 = 12% @2022-12-03 21:07:29.652334
122 / 1000 = 12% @2022-12-03 21:07:29.756058
123 / 1000 = 12% @2022-12-03 21:07:30.086042
124 / 1000 = 12% @2022-12-03 21:07:30.411909
125 / 1000 = 12% @2022-12-03 21:07:30.728550
126 / 1000 = 12% @2022-12-03 21:07:31.717881
127 / 1000 = 12% @2022-12-03 21:07:31.979127
128 / 1000 = 12% @2022-12-03 21:07:32.083220
129 / 1000 = 12% @2022-12-03 21:07:32.412087
130 / 1000 = 13% @2022-12-03 21:07:33.401856
131 / 1000 = 13% @2022-12-03 21:07:34.388868
132 / 1000 = 13% @2022-12-03 21:07:35.380957
133 / 1000 = 13% @2022-12-03 21:07:35.667977
134 / 1000 = 13% @2022-12-03 21:07:37.624219
135 / 1000 = 13% @2022-12-03 21:07:37.955549
136 / 1000 = 13% @2022-12-03 21:07:38.285348
137 / 1000 = 13% @2022-12-03 21:07:38.850879
138 / 1000 = 13% @2022-12-03 21:07:39.180761
139 / 1000 = 13% @2022-12-03 21:07:39.286147
140 / 1000 = 14% @2022-12-03 21:07:39.612080
141 / 1000 = 14% @2022-12-03 21:07:39.714953
142 / 1000 = 14% @2022-12-03 21:07:39.817963
143 / 1000 = 14% @2022-12-03 21:07:40.109892
144 / 1000 = 14% @2022-12-03 21:07:40.216434
145 / 1000 = 14% @2022-12-03 21:07:40.302702
146 / 1000 = 14% @2022-12-03 21:07:40.434967
147 / 1000 = 14% @2022-12-03 21:07:40.570463
148 / 1000 = 14% @2022-12-03 21:07:40.705778
149 / 1000 = 14% @2022-12-03 21:07:40.840854
150 / 1000 = 15% @2022-12-03 21:07:41.184299
151 / 1000 = 15% @2022-12-03 21:07:41.305828
152 / 1000 = 15% @2022-12-03 21:07:41.425106
153 / 1000 = 15% @2022-12-03 21:07:42.189815
154 / 1000 = 15% @2022-12-03 21:07:42.310159
155 / 1000 = 15% @2022-12-03 21:07:42.878555
156 / 1000 = 15% @2022-12-03 21:07:43.000661
157 / 1000 = 15% @2022-12-03 21:07:43.151724
158 / 1000 = 15% @2022-12-03 21:07:43.306487
159 / 1000 = 15% @2022-12-03 21:07:43.432462
160 / 1000 = 16% @2022-12-03 21:07:43.531860
161 / 1000 = 16% @2022-12-03 21:07:44.009527
162 / 1000 = 16% @2022-12-03 21:07:44.733180
163 / 1000 = 16% @2022-12-03 21:07:44.884089
164 / 1000 = 16% @2022-12-03 21:07:45.038317
165 / 1000 = 16% @2022-12-03 21:07:49.951920
166 / 1000 = 16% @2022-12-03 21:07:50.077891
167 / 1000 = 16% @2022-12-03 21:07:50.845605
168 / 1000 = 16% @2022-12-03 21:07:50.961929
169 / 1000 = 16% @2022-12-03 21:07:51.107535
170 / 1000 = 17% @2022-12-03 21:07:51.262320
171 / 1000 = 17% @2022-12-03 21:07:51.372136
172 / 1000 = 17% @2022-12-03 21:07:51.515253
173 / 1000 = 17% @2022-12-03 21:07:51.658585
174 / 1000 = 17% @2022-12-03 21:07:51.814389
175 / 1000 = 17% @2022-12-03 21:07:51.981560
176 / 1000 = 17% @2022-12-03 21:07:52.132566
177 / 1000 = 17% @2022-12-03 21:07:52.296236
178 / 1000 = 17% @2022-12-03 21:07:52.602854
179 / 1000 = 17% @2022-12-03 21:07:52.939911
180 / 1000 = 18% @2022-12-03 21:07:53.063503
181 / 1000 = 18% @2022-12-03 21:07:53.371372
182 / 1000 = 18% @2022-12-03 21:07:53.678608
183 / 1000 = 18% @2022-12-03 21:07:54.052922
184 / 1000 = 18% @2022-12-03 21:07:54.359270
185 / 1000 = 18% @2022-12-03 21:07:54.501797
186 / 1000 = 18% @2022-12-03 21:07:54.658994
187 / 1000 = 18% @2022-12-03 21:07:54.967755
188 / 1000 = 18% @2022-12-03 21:07:55.300553
189 / 1000 = 18% @2022-12-03 21:07:55.452842
190 / 1000 = 19% @2022-12-03 21:07:55.792390
191 / 1000 = 19% @2022-12-03 21:07:56.127878
192 / 1000 = 19% @2022-12-03 21:07:56.436920
193 / 1000 = 19% @2022-12-03 21:07:56.599607
194 / 1000 = 19% @2022-12-03 21:07:56.750827
195 / 1000 = 19% @2022-12-03 21:07:57.419274
196 / 1000 = 19% @2022-12-03 21:07:57.572162
197 / 1000 = 19% @2022-12-03 21:07:57.698029
198 / 1000 = 19% @2022-12-03 21:07:57.823256
199 / 1000 = 19% @2022-12-03 21:07:57.997850
200 / 1000 = 20% @2022-12-03 21:07:58.159764
201 / 1000 = 20% @2022-12-03 21:08:01.327601
202 / 1000 = 20% @2022-12-03 21:08:01.456369
203 / 1000 = 20% @2022-12-03 21:08:01.581901
204 / 1000 = 20% @2022-12-03 21:08:01.707470
205 / 1000 = 20% @2022-12-03 21:08:01.884898
206 / 1000 = 20% @2022-12-03 21:08:02.882745
207 / 1000 = 20% @2022-12-03 21:08:03.741898
208 / 1000 = 20% @2022-12-03 21:08:03.928167
209 / 1000 = 20% @2022-12-03 21:08:04.083293
210 / 1000 = 21% @2022-12-03 21:08:04.227480
211 / 1000 = 21% @2022-12-03 21:08:04.439033
212 / 1000 = 21% @2022-12-03 21:08:04.647423
213 / 1000 = 21% @2022-12-03 21:08:04.855396
214 / 1000 = 21% @2022-12-03 21:08:05.063514
215 / 1000 = 21% @2022-12-03 21:08:05.271189
216 / 1000 = 21% @2022-12-03 21:08:05.479932
217 / 1000 = 21% @2022-12-03 21:08:05.663161
218 / 1000 = 21% @2022-12-03 21:08:05.838408
219 / 1000 = 21% @2022-12-03 21:08:06.025770
220 / 1000 = 22% @2022-12-03 21:08:06.309842
221 / 1000 = 22% @2022-12-03 21:08:07.142394
222 / 1000 = 22% @2022-12-03 21:08:07.328695
223 / 1000 = 22% @2022-12-03 21:08:08.164309
224 / 1000 = 22% @2022-12-03 21:08:08.350559
225 / 1000 = 22% @2022-12-03 21:08:09.180828
226 / 1000 = 22% @2022-12-03 21:08:09.365230
227 / 1000 = 22% @2022-12-03 21:08:11.737160
228 / 1000 = 22% @2022-12-03 21:08:12.916432
229 / 1000 = 22% @2022-12-03 21:08:13.462296
230 / 1000 = 23% @2022-12-03 21:08:14.017390
231 / 1000 = 23% @2022-12-03 21:08:14.613695
232 / 1000 = 23% @2022-12-03 21:08:16.102563
233 / 1000 = 23% @2022-12-03 21:08:16.884372
234 / 1000 = 23% @2022-12-03 21:08:18.899678
235 / 1000 = 23% @2022-12-03 21:08:20.771059
236 / 1000 = 23% @2022-12-03 21:08:28.640724
237 / 1000 = 23% @2022-12-03 21:08:34.718287
238 / 1000 = 23% @2022-12-03 21:08:37.968046
239 / 1000 = 23% @2022-12-03 21:08:45.020560
240 / 1000 = 24% @2022-12-03 21:08:48.035545
241 / 1000 = 24% @2022-12-03 21:08:54.671614
242 / 1000 = 24% @2022-12-03 21:09:01.721932
243 / 1000 = 24% @2022-12-03 21:09:09.507506
244 / 1000 = 24% @2022-12-03 21:09:11.896719
245 / 1000 = 24% @2022-12-03 21:09:19.007638
246 / 1000 = 24% @2022-12-03 21:09:19.616417
247 / 1000 = 24% @2022-12-03 21:09:20.136059
248 / 1000 = 24% @2022-12-03 21:09:22.049259
249 / 1000 = 24% @2022-12-03 21:09:22.820490
250 / 1000 = 25% @2022-12-03 21:09:24.103806
251 / 1000 = 25% @2022-12-03 21:09:25.011082
252 / 1000 = 25% @2022-12-03 21:09:25.879014
253 / 1000 = 25% @2022-12-03 21:09:26.597536
254 / 1000 = 25% @2022-12-03 21:09:28.283209
255 / 1000 = 25% @2022-12-03 21:09:30.766976
256 / 1000 = 25% @2022-12-03 21:09:31.789261
257 / 1000 = 25% @2022-12-03 21:09:39.577868
258 / 1000 = 25% @2022-12-03 21:09:43.281043
259 / 1000 = 25% @2022-12-03 21:09:44.489248
260 / 1000 = 26% @2022-12-03 21:09:45.311737
261 / 1000 = 26% @2022-12-03 21:09:46.554607
262 / 1000 = 26% @2022-12-03 21:09:48.021574
263 / 1000 = 26% @2022-12-03 21:09:49.300637
264 / 1000 = 26% @2022-12-03 21:09:57.194338
265 / 1000 = 26% @2022-12-03 21:09:58.171792
266 / 1000 = 26% @2022-12-03 21:09:58.628179
267 / 1000 = 26% @2022-12-03 21:09:59.619410
268 / 1000 = 26% @2022-12-03 21:10:00.631207
269 / 1000 = 26% @2022-12-03 21:10:03.008614
270 / 1000 = 27% @2022-12-03 21:10:03.548397
271 / 1000 = 27% @2022-12-03 21:10:04.484970
272 / 1000 = 27% @2022-12-03 21:10:06.383221
273 / 1000 = 27% @2022-12-03 21:10:09.594935
274 / 1000 = 27% @2022-12-03 21:10:10.763698
275 / 1000 = 27% @2022-12-03 21:10:11.125141
276 / 1000 = 27% @2022-12-03 21:10:13.101072
277 / 1000 = 27% @2022-12-03 21:10:13.592400
278 / 1000 = 27% @2022-12-03 21:10:15.096334
279 / 1000 = 27% @2022-12-03 21:10:15.959346
280 / 1000 = 28% @2022-12-03 21:10:18.275916
281 / 1000 = 28% @2022-12-03 21:10:19.520242
282 / 1000 = 28% @2022-12-03 21:10:22.342923
283 / 1000 = 28% @2022-12-03 21:10:23.246805
284 / 1000 = 28% @2022-12-03 21:10:23.626026
285 / 1000 = 28% @2022-12-03 21:10:31.467735
286 / 1000 = 28% @2022-12-03 21:10:32.514146
287 / 1000 = 28% @2022-12-03 21:10:33.024487
288 / 1000 = 28% @2022-12-03 21:10:34.463495
289 / 1000 = 28% @2022-12-03 21:10:35.295762
290 / 1000 = 29% @2022-12-03 21:10:37.603331
291 / 1000 = 29% @2022-12-03 21:10:38.134292
292 / 1000 = 29% @2022-12-03 21:10:46.032944
293 / 1000 = 29% @2022-12-03 21:10:52.078202
294 / 1000 = 29% @2022-12-03 21:10:54.868895
295 / 1000 = 29% @2022-12-03 21:10:58.817980
296 / 1000 = 29% @2022-12-03 21:11:01.209569
297 / 1000 = 29% @2022-12-03 21:11:05.100285
298 / 1000 = 29% @2022-12-03 21:11:05.465165
299 / 1000 = 29% @2022-12-03 21:11:05.708638
300 / 1000 = 30% @2022-12-03 21:11:06.978450
301 / 1000 = 30% @2022-12-03 21:11:07.524938
302 / 1000 = 30% @2022-12-03 21:11:09.002126
303 / 1000 = 30% @2022-12-03 21:11:11.685115
304 / 1000 = 30% @2022-12-03 21:11:14.032777
305 / 1000 = 30% @2022-12-03 21:11:15.448803
306 / 1000 = 30% @2022-12-03 21:11:20.501023
307 / 1000 = 30% @2022-12-03 21:11:25.052223
308 / 1000 = 30% @2022-12-03 21:11:28.812353
309 / 1000 = 30% @2022-12-03 21:11:31.710202
310 / 1000 = 31% @2022-12-03 21:11:32.498570
311 / 1000 = 31% @2022-12-03 21:11:36.527822
312 / 1000 = 31% @2022-12-03 21:11:44.392656
313 / 1000 = 31% @2022-12-03 21:11:45.809738
314 / 1000 = 31% @2022-12-03 21:11:48.097864
315 / 1000 = 31% @2022-12-03 21:11:55.987206
316 / 1000 = 31% @2022-12-03 21:11:56.725462
317 / 1000 = 31% @2022-12-03 21:12:00.353901
318 / 1000 = 31% @2022-12-03 21:12:02.354372
319 / 1000 = 31% @2022-12-03 21:12:02.898560
320 / 1000 = 32% @2022-12-03 21:12:03.941232
321 / 1000 = 32% @2022-12-03 21:12:04.816960
322 / 1000 = 32% @2022-12-03 21:12:05.820155
323 / 1000 = 32% @2022-12-03 21:12:07.793386
324 / 1000 = 32% @2022-12-03 21:12:15.672901
325 / 1000 = 32% @2022-12-03 21:12:16.983613
326 / 1000 = 32% @2022-12-03 21:12:17.619815
327 / 1000 = 32% @2022-12-03 21:12:25.543376
328 / 1000 = 32% @2022-12-03 21:12:26.089187
329 / 1000 = 32% @2022-12-03 21:12:27.459844
330 / 1000 = 33% @2022-12-03 21:12:27.957562
331 / 1000 = 33% @2022-12-03 21:12:33.470158
332 / 1000 = 33% @2022-12-03 21:12:36.076770
333 / 1000 = 33% @2022-12-03 21:12:40.517993
334 / 1000 = 33% @2022-12-03 21:12:41.988641
335 / 1000 = 33% @2022-12-03 21:12:42.601784
336 / 1000 = 33% @2022-12-03 21:12:43.431872
337 / 1000 = 33% @2022-12-03 21:12:44.532964
338 / 1000 = 33% @2022-12-03 21:12:45.408281
339 / 1000 = 33% @2022-12-03 21:12:46.633998
340 / 1000 = 34% @2022-12-03 21:12:50.313689
341 / 1000 = 34% @2022-12-03 21:12:51.311835
342 / 1000 = 34% @2022-12-03 21:12:51.787358
343 / 1000 = 34% @2022-12-03 21:12:53.937561
344 / 1000 = 34% @2022-12-03 21:12:54.291192
345 / 1000 = 34% @2022-12-03 21:12:54.547561
346 / 1000 = 34% @2022-12-03 21:12:55.063868
347 / 1000 = 34% @2022-12-03 21:13:02.902875
348 / 1000 = 34% @2022-12-03 21:13:03.783394
349 / 1000 = 34% @2022-12-03 21:13:05.741134
350 / 1000 = 35% @2022-12-03 21:13:12.797930
351 / 1000 = 35% @2022-12-03 21:13:13.636439
352 / 1000 = 35% @2022-12-03 21:13:14.018372
353 / 1000 = 35% @2022-12-03 21:13:21.888232
354 / 1000 = 35% @2022-12-03 21:13:27.156441
355 / 1000 = 35% @2022-12-03 21:13:29.180134
356 / 1000 = 35% @2022-12-03 21:13:31.581190
357 / 1000 = 35% @2022-12-03 21:13:33.208603
358 / 1000 = 35% @2022-12-03 21:13:41.041042
359 / 1000 = 35% @2022-12-03 21:13:46.202459
360 / 1000 = 36% @2022-12-03 21:13:49.081878
361 / 1000 = 36% @2022-12-03 21:13:52.264598
362 / 1000 = 36% @2022-12-03 21:13:53.010463
363 / 1000 = 36% @2022-12-03 21:13:56.385634
364 / 1000 = 36% @2022-12-03 21:13:58.879261
365 / 1000 = 36% @2022-12-03 21:14:02.006135
366 / 1000 = 36% @2022-12-03 21:14:09.872476
367 / 1000 = 36% @2022-12-03 21:14:10.530574
368 / 1000 = 36% @2022-12-03 21:14:15.163680
369 / 1000 = 36% @2022-12-03 21:14:15.995949
370 / 1000 = 37% @2022-12-03 21:14:17.413126
371 / 1000 = 37% @2022-12-03 21:14:19.028648
372 / 1000 = 37% @2022-12-03 21:14:20.384270
373 / 1000 = 37% @2022-12-03 21:14:20.864128
374 / 1000 = 37% @2022-12-03 21:14:28.748767
375 / 1000 = 37% @2022-12-03 21:14:33.390464
376 / 1000 = 37% @2022-12-03 21:14:35.062503
377 / 1000 = 37% @2022-12-03 21:14:36.627053
378 / 1000 = 37% @2022-12-03 21:14:37.339914
379 / 1000 = 37% @2022-12-03 21:14:38.940612
380 / 1000 = 38% @2022-12-03 21:14:43.441921
381 / 1000 = 38% @2022-12-03 21:14:44.222038
382 / 1000 = 38% @2022-12-03 21:14:47.004154
383 / 1000 = 38% @2022-12-03 21:14:50.637413
384 / 1000 = 38% @2022-12-03 21:14:51.596235
385 / 1000 = 38% @2022-12-03 21:14:57.341106
386 / 1000 = 38% @2022-12-03 21:15:02.672003
387 / 1000 = 38% @2022-12-03 21:15:10.504913
388 / 1000 = 38% @2022-12-03 21:15:12.001678
389 / 1000 = 38% @2022-12-03 21:15:12.999394
390 / 1000 = 39% @2022-12-03 21:15:13.868252
391 / 1000 = 39% @2022-12-03 21:15:21.681443
392 / 1000 = 39% @2022-12-03 21:15:23.388662
393 / 1000 = 39% @2022-12-03 21:15:25.007443
394 / 1000 = 39% @2022-12-03 21:15:26.511466
395 / 1000 = 39% @2022-12-03 21:15:27.155690
396 / 1000 = 39% @2022-12-03 21:15:31.802239
397 / 1000 = 39% @2022-12-03 21:15:35.147333
398 / 1000 = 39% @2022-12-03 21:15:36.127222
399 / 1000 = 39% @2022-12-03 21:15:37.637952
400 / 1000 = 40% @2022-12-03 21:15:38.246312
401 / 1000 = 40% @2022-12-03 21:15:38.739487
402 / 1000 = 40% @2022-12-03 21:15:43.210902
403 / 1000 = 40% @2022-12-03 21:15:44.055529
404 / 1000 = 40% @2022-12-03 21:15:44.592067
405 / 1000 = 40% @2022-12-03 21:15:51.883611
406 / 1000 = 40% @2022-12-03 21:15:55.279758
407 / 1000 = 40% @2022-12-03 21:15:56.025040
408 / 1000 = 40% @2022-12-03 21:16:01.681711
409 / 1000 = 40% @2022-12-03 21:16:09.100425
410 / 1000 = 41% @2022-12-03 21:16:09.807672
411 / 1000 = 41% @2022-12-03 21:16:17.627651
412 / 1000 = 41% @2022-12-03 21:16:23.320206
413 / 1000 = 41% @2022-12-03 21:16:25.279278
414 / 1000 = 41% @2022-12-03 21:16:30.546311
415 / 1000 = 41% @2022-12-03 21:16:32.964273
416 / 1000 = 41% @2022-12-03 21:16:34.148152
417 / 1000 = 41% @2022-12-03 21:16:38.112034
418 / 1000 = 41% @2022-12-03 21:16:39.247985
419 / 1000 = 41% @2022-12-03 21:16:40.595080
420 / 1000 = 42% @2022-12-03 21:16:43.399917
421 / 1000 = 42% @2022-12-03 21:16:44.375277
422 / 1000 = 42% @2022-12-03 21:16:52.219271
423 / 1000 = 42% @2022-12-03 21:17:00.079665
424 / 1000 = 42% @2022-12-03 21:17:01.825363
425 / 1000 = 42% @2022-12-03 21:17:04.787441
426 / 1000 = 42% @2022-12-03 21:17:10.392320
427 / 1000 = 42% @2022-12-03 21:17:18.232813
428 / 1000 = 42% @2022-12-03 21:17:21.135551
429 / 1000 = 42% @2022-12-03 21:17:22.324264
430 / 1000 = 43% @2022-12-03 21:17:24.172875
431 / 1000 = 43% @2022-12-03 21:17:26.332137
432 / 1000 = 43% @2022-12-03 21:17:29.707825
433 / 1000 = 43% @2022-12-03 21:17:32.239551
434 / 1000 = 43% @2022-12-03 21:17:35.173597
435 / 1000 = 43% @2022-12-03 21:17:36.940645
436 / 1000 = 43% @2022-12-03 21:17:37.576130
437 / 1000 = 43% @2022-12-03 21:17:45.483095
438 / 1000 = 43% @2022-12-03 21:17:53.172641
439 / 1000 = 43% @2022-12-03 21:17:54.255282
440 / 1000 = 44% @2022-12-03 21:17:55.272108
441 / 1000 = 44% @2022-12-03 21:17:57.642051
442 / 1000 = 44% @2022-12-03 21:18:01.100563
443 / 1000 = 44% @2022-12-03 21:18:02.679182
444 / 1000 = 44% @2022-12-03 21:18:10.553039
445 / 1000 = 44% @2022-12-03 21:18:10.965932
446 / 1000 = 44% @2022-12-03 21:18:13.899025
447 / 1000 = 44% @2022-12-03 21:18:15.282506
448 / 1000 = 44% @2022-12-03 21:18:16.046458
449 / 1000 = 44% @2022-12-03 21:18:17.304391
450 / 1000 = 45% @2022-12-03 21:18:19.137273
451 / 1000 = 45% @2022-12-03 21:18:26.459280
452 / 1000 = 45% @2022-12-03 21:18:28.562009
453 / 1000 = 45% @2022-12-03 21:18:31.473516
454 / 1000 = 45% @2022-12-03 21:18:35.505692
455 / 1000 = 45% @2022-12-03 21:18:36.256328
456 / 1000 = 45% @2022-12-03 21:18:44.126862
457 / 1000 = 45% @2022-12-03 21:18:44.449451
458 / 1000 = 45% @2022-12-03 21:18:45.210340
459 / 1000 = 45% @2022-12-03 21:18:45.822771
460 / 1000 = 46% @2022-12-03 21:18:53.559231
461 / 1000 = 46% @2022-12-03 21:19:00.442665
462 / 1000 = 46% @2022-12-03 21:19:05.031587
463 / 1000 = 46% @2022-12-03 21:19:06.374117
464 / 1000 = 46% @2022-12-03 21:19:08.253467
465 / 1000 = 46% @2022-12-03 21:19:16.131239
466 / 1000 = 46% @2022-12-03 21:19:18.334615
467 / 1000 = 46% @2022-12-03 21:19:18.512215
468 / 1000 = 46% @2022-12-03 21:19:20.254718
469 / 1000 = 46% @2022-12-03 21:19:22.427944
470 / 1000 = 47% @2022-12-03 21:19:25.922260
471 / 1000 = 47% @2022-12-03 21:19:26.311297
472 / 1000 = 47% @2022-12-03 21:19:27.273958
473 / 1000 = 47% @2022-12-03 21:19:27.447346
474 / 1000 = 47% @2022-12-03 21:19:34.411647
475 / 1000 = 47% @2022-12-03 21:19:34.888720
476 / 1000 = 47% @2022-12-03 21:19:42.758729
477 / 1000 = 47% @2022-12-03 21:19:43.278477
478 / 1000 = 47% @2022-12-03 21:19:50.411005
479 / 1000 = 47% @2022-12-03 21:19:53.127409
480 / 1000 = 48% @2022-12-03 21:19:54.477891
481 / 1000 = 48% @2022-12-03 21:20:02.361293
482 / 1000 = 48% @2022-12-03 21:20:03.314342
483 / 1000 = 48% @2022-12-03 21:20:04.814337
484 / 1000 = 48% @2022-12-03 21:20:05.464577
485 / 1000 = 48% @2022-12-03 21:20:10.799039
486 / 1000 = 48% @2022-12-03 21:20:11.441268
487 / 1000 = 48% @2022-12-03 21:20:11.932514
488 / 1000 = 48% @2022-12-03 21:20:12.879104
489 / 1000 = 48% @2022-12-03 21:20:13.506461
490 / 1000 = 49% @2022-12-03 21:20:14.012803
491 / 1000 = 49% @2022-12-03 21:20:14.391301
492 / 1000 = 49% @2022-12-03 21:20:18.901161
493 / 1000 = 49% @2022-12-03 21:20:21.315577
494 / 1000 = 49% @2022-12-03 21:20:23.494527
495 / 1000 = 49% @2022-12-03 21:20:26.018917
496 / 1000 = 49% @2022-12-03 21:20:27.120336
497 / 1000 = 49% @2022-12-03 21:20:28.961712
498 / 1000 = 49% @2022-12-03 21:20:31.361300
499 / 1000 = 49% @2022-12-03 21:20:35.910930
500 / 1000 = 50% @2022-12-03 21:20:38.094451
501 / 1000 = 50% @2022-12-03 21:20:41.702666
502 / 1000 = 50% @2022-12-03 21:20:48.443392
503 / 1000 = 50% @2022-12-03 21:20:49.389099
504 / 1000 = 50% @2022-12-03 21:20:55.445279
505 / 1000 = 50% @2022-12-03 21:20:58.402756
506 / 1000 = 50% @2022-12-03 21:20:59.232547
507 / 1000 = 50% @2022-12-03 21:21:03.883115
508 / 1000 = 50% @2022-12-03 21:21:04.524272
509 / 1000 = 50% @2022-12-03 21:21:06.659300
510 / 1000 = 51% @2022-12-03 21:21:07.568896
511 / 1000 = 51% @2022-12-03 21:21:08.298846
512 / 1000 = 51% @2022-12-03 21:21:09.112747
513 / 1000 = 51% @2022-12-03 21:21:09.522306
514 / 1000 = 51% @2022-12-03 21:21:14.715973
515 / 1000 = 51% @2022-12-03 21:21:16.351252
516 / 1000 = 51% @2022-12-03 21:21:17.596595
517 / 1000 = 51% @2022-12-03 21:21:18.473089
518 / 1000 = 51% @2022-12-03 21:21:22.038809
519 / 1000 = 51% @2022-12-03 21:21:27.203860
520 / 1000 = 52% @2022-12-03 21:21:30.841233
521 / 1000 = 52% @2022-12-03 21:21:32.433816
522 / 1000 = 52% @2022-12-03 21:21:33.542804
523 / 1000 = 52% @2022-12-03 21:21:34.304392
524 / 1000 = 52% @2022-12-03 21:21:34.566634
525 / 1000 = 52% @2022-12-03 21:21:35.804789
526 / 1000 = 52% @2022-12-03 21:21:36.517603
527 / 1000 = 52% @2022-12-03 21:21:37.373698
528 / 1000 = 52% @2022-12-03 21:21:39.767215
529 / 1000 = 52% @2022-12-03 21:21:47.612793
530 / 1000 = 53% @2022-12-03 21:21:48.624379
531 / 1000 = 53% @2022-12-03 21:21:56.524219
532 / 1000 = 53% @2022-12-03 21:21:57.513722
533 / 1000 = 53% @2022-12-03 21:22:02.036733
534 / 1000 = 53% @2022-12-03 21:22:07.085841
535 / 1000 = 53% @2022-12-03 21:22:08.047348
536 / 1000 = 53% @2022-12-03 21:22:12.590290
537 / 1000 = 53% @2022-12-03 21:22:13.333283
538 / 1000 = 53% @2022-12-03 21:22:14.318295
539 / 1000 = 53% @2022-12-03 21:22:17.764694
540 / 1000 = 54% @2022-12-03 21:22:23.397034
541 / 1000 = 54% @2022-12-03 21:22:31.318415
542 / 1000 = 54% @2022-12-03 21:22:35.107009
543 / 1000 = 54% @2022-12-03 21:22:43.010370
544 / 1000 = 54% @2022-12-03 21:22:44.664345
545 / 1000 = 54% @2022-12-03 21:22:46.586354
546 / 1000 = 54% @2022-12-03 21:22:48.108884
547 / 1000 = 54% @2022-12-03 21:22:48.469996
548 / 1000 = 54% @2022-12-03 21:22:50.319898
549 / 1000 = 54% @2022-12-03 21:22:56.124598
550 / 1000 = 55% @2022-12-03 21:22:57.263506
551 / 1000 = 55% @2022-12-03 21:22:58.330872
552 / 1000 = 55% @2022-12-03 21:22:59.958502
553 / 1000 = 55% @2022-12-03 21:23:00.489987
554 / 1000 = 55% @2022-12-03 21:23:01.660563
555 / 1000 = 55% @2022-12-03 21:23:04.084454
556 / 1000 = 55% @2022-12-03 21:23:04.282166
557 / 1000 = 55% @2022-12-03 21:23:04.985005
558 / 1000 = 55% @2022-12-03 21:23:06.612013
559 / 1000 = 55% @2022-12-03 21:23:07.504704
560 / 1000 = 56% @2022-12-03 21:23:09.894133
561 / 1000 = 56% @2022-12-03 21:23:12.535748
562 / 1000 = 56% @2022-12-03 21:23:13.145790
563 / 1000 = 56% @2022-12-03 21:23:14.490500
564 / 1000 = 56% @2022-12-03 21:23:22.403246
565 / 1000 = 56% @2022-12-03 21:23:25.404434
566 / 1000 = 56% @2022-12-03 21:23:26.160484
567 / 1000 = 56% @2022-12-03 21:23:26.960498
568 / 1000 = 56% @2022-12-03 21:23:29.574138
569 / 1000 = 56% @2022-12-03 21:23:30.646965
570 / 1000 = 57% @2022-12-03 21:23:31.715330
571 / 1000 = 57% @2022-12-03 21:23:32.032059
572 / 1000 = 57% @2022-12-03 21:23:35.266780
573 / 1000 = 57% @2022-12-03 21:23:35.493294
574 / 1000 = 57% @2022-12-03 21:23:35.715790
575 / 1000 = 57% @2022-12-03 21:23:44.105092
576 / 1000 = 57% @2022-12-03 21:23:52.541134
577 / 1000 = 57% @2022-12-03 21:23:52.732841
578 / 1000 = 57% @2022-12-03 21:24:01.176170
579 / 1000 = 57% @2022-12-03 21:24:01.401300
580 / 1000 = 58% @2022-12-03 21:24:01.677858
581 / 1000 = 58% @2022-12-03 21:24:01.902835
582 / 1000 = 58% @2022-12-03 21:24:02.130499
583 / 1000 = 58% @2022-12-03 21:24:02.322287
584 / 1000 = 58% @2022-12-03 21:24:02.545763
585 / 1000 = 58% @2022-12-03 21:24:11.064434
586 / 1000 = 58% @2022-12-03 21:24:11.266550
587 / 1000 = 58% @2022-12-03 21:24:12.169168
588 / 1000 = 58% @2022-12-03 21:24:13.115270
589 / 1000 = 58% @2022-12-03 21:24:14.769321
590 / 1000 = 59% @2022-12-03 21:24:15.639291
591 / 1000 = 59% @2022-12-03 21:24:16.250167
592 / 1000 = 59% @2022-12-03 21:24:25.866355
593 / 1000 = 59% @2022-12-03 21:24:26.529906
594 / 1000 = 59% @2022-12-03 21:24:27.308063
595 / 1000 = 59% @2022-12-03 21:24:27.893571
596 / 1000 = 59% @2022-12-03 21:24:28.167550
597 / 1000 = 59% @2022-12-03 21:24:28.436700
598 / 1000 = 59% @2022-12-03 21:24:32.603313
599 / 1000 = 59% @2022-12-03 21:24:32.922824
600 / 1000 = 60% @2022-12-03 21:24:33.331240
601 / 1000 = 60% @2022-12-03 21:24:33.727167
602 / 1000 = 60% @2022-12-03 21:24:34.051114
603 / 1000 = 60% @2022-12-03 21:24:37.420941
604 / 1000 = 60% @2022-12-03 21:24:41.644595
605 / 1000 = 60% @2022-12-03 21:24:43.502490
606 / 1000 = 60% @2022-12-03 21:24:43.813691
607 / 1000 = 60% @2022-12-03 21:24:44.706128
608 / 1000 = 60% @2022-12-03 21:24:45.004005
609 / 1000 = 60% @2022-12-03 21:24:45.270488
610 / 1000 = 61% @2022-12-03 21:24:45.594573
611 / 1000 = 61% @2022-12-03 21:24:50.791965
612 / 1000 = 61% @2022-12-03 21:24:52.185065
613 / 1000 = 61% @2022-12-03 21:24:52.509379
614 / 1000 = 61% @2022-12-03 21:24:54.363198
615 / 1000 = 61% @2022-12-03 21:24:54.646529
616 / 1000 = 61% @2022-12-03 21:24:56.504970
617 / 1000 = 61% @2022-12-03 21:24:56.830102
618 / 1000 = 61% @2022-12-03 21:24:57.155581
619 / 1000 = 61% @2022-12-03 21:24:59.176643
620 / 1000 = 62% @2022-12-03 21:25:00.224000
621 / 1000 = 62% @2022-12-03 21:25:00.490771
622 / 1000 = 62% @2022-12-03 21:25:00.751612
623 / 1000 = 62% @2022-12-03 21:25:06.595747
624 / 1000 = 62% @2022-12-03 21:25:06.920994
625 / 1000 = 62% @2022-12-03 21:25:07.160767
626 / 1000 = 62% @2022-12-03 21:25:10.707090
627 / 1000 = 62% @2022-12-03 21:25:11.315894
628 / 1000 = 62% @2022-12-03 21:25:11.586069
629 / 1000 = 62% @2022-12-03 21:25:11.883387
630 / 1000 = 63% @2022-12-03 21:25:12.385220
631 / 1000 = 63% @2022-12-03 21:25:12.709556
632 / 1000 = 63% @2022-12-03 21:25:12.998514
633 / 1000 = 63% @2022-12-03 21:25:13.588351
634 / 1000 = 63% @2022-12-03 21:25:13.913030
635 / 1000 = 63% @2022-12-03 21:25:14.698013
636 / 1000 = 63% @2022-12-03 21:25:15.104289
637 / 1000 = 63% @2022-12-03 21:25:15.379360
638 / 1000 = 63% @2022-12-03 21:25:15.789790
639 / 1000 = 63% @2022-12-03 21:25:16.114044
640 / 1000 = 64% @2022-12-03 21:25:18.154608
641 / 1000 = 64% @2022-12-03 21:25:18.479415
642 / 1000 = 64% @2022-12-03 21:25:20.786150
643 / 1000 = 64% @2022-12-03 21:25:21.279913
644 / 1000 = 64% @2022-12-03 21:25:30.921567
645 / 1000 = 64% @2022-12-03 21:25:31.201500
646 / 1000 = 64% @2022-12-03 21:25:31.525876
647 / 1000 = 64% @2022-12-03 21:25:31.793122
648 / 1000 = 64% @2022-12-03 21:25:32.098818
649 / 1000 = 64% @2022-12-03 21:25:32.438451
650 / 1000 = 65% @2022-12-03 21:25:32.705540
651 / 1000 = 65% @2022-12-03 21:25:32.980963
652 / 1000 = 65% @2022-12-03 21:25:33.239836
653 / 1000 = 65% @2022-12-03 21:25:33.536130
654 / 1000 = 65% @2022-12-03 21:25:33.807812
655 / 1000 = 65% @2022-12-03 21:25:34.457429
656 / 1000 = 65% @2022-12-03 21:25:34.781602
657 / 1000 = 65% @2022-12-03 21:25:35.042195
658 / 1000 = 65% @2022-12-03 21:25:35.308416
659 / 1000 = 65% @2022-12-03 21:25:35.602346
660 / 1000 = 66% @2022-12-03 21:25:35.874152
661 / 1000 = 66% @2022-12-03 21:25:45.458592
662 / 1000 = 66% @2022-12-03 21:25:45.737930
663 / 1000 = 66% @2022-12-03 21:25:46.062775
664 / 1000 = 66% @2022-12-03 21:25:47.109871
665 / 1000 = 66% @2022-12-03 21:25:48.963571
666 / 1000 = 66% @2022-12-03 21:25:49.288683
667 / 1000 = 66% @2022-12-03 21:25:50.191980
668 / 1000 = 66% @2022-12-03 21:25:50.400835
669 / 1000 = 66% @2022-12-03 21:25:51.065951
670 / 1000 = 67% @2022-12-03 21:25:51.291032
671 / 1000 = 67% @2022-12-03 21:25:51.575559
672 / 1000 = 67% @2022-12-03 21:25:52.203582
673 / 1000 = 67% @2022-12-03 21:25:52.867596
674 / 1000 = 67% @2022-12-03 21:26:03.071142
675 / 1000 = 67% @2022-12-03 21:26:03.373648
676 / 1000 = 67% @2022-12-03 21:26:03.673930
677 / 1000 = 67% @2022-12-03 21:26:04.347018
678 / 1000 = 67% @2022-12-03 21:26:04.645744
679 / 1000 = 67% @2022-12-03 21:26:05.695616
680 / 1000 = 68% @2022-12-03 21:26:05.948893
681 / 1000 = 68% @2022-12-03 21:26:06.614244
682 / 1000 = 68% @2022-12-03 21:26:07.287550
683 / 1000 = 68% @2022-12-03 21:26:08.027619
684 / 1000 = 68% @2022-12-03 21:26:08.334909
685 / 1000 = 68% @2022-12-03 21:26:08.962210
686 / 1000 = 68% @2022-12-03 21:26:09.634929
687 / 1000 = 68% @2022-12-03 21:26:09.934195
688 / 1000 = 68% @2022-12-03 21:26:10.233266
689 / 1000 = 68% @2022-12-03 21:26:10.517985
690 / 1000 = 69% @2022-12-03 21:26:11.145489
691 / 1000 = 69% @2022-12-03 21:26:11.429855
692 / 1000 = 69% @2022-12-03 21:26:11.690528
693 / 1000 = 69% @2022-12-03 21:26:12.069532
694 / 1000 = 69% @2022-12-03 21:26:12.459603
695 / 1000 = 69% @2022-12-03 21:26:13.204323
696 / 1000 = 69% @2022-12-03 21:26:13.555534
697 / 1000 = 69% @2022-12-03 21:26:13.947960
698 / 1000 = 69% @2022-12-03 21:26:14.300603
699 / 1000 = 69% @2022-12-03 21:26:16.406831
700 / 1000 = 70% @2022-12-03 21:26:16.666147
701 / 1000 = 70% @2022-12-03 21:26:17.021224
702 / 1000 = 70% @2022-12-03 21:26:17.387968
703 / 1000 = 70% @2022-12-03 21:26:17.734078
704 / 1000 = 70% @2022-12-03 21:26:18.097922
705 / 1000 = 70% @2022-12-03 21:26:18.849442
706 / 1000 = 70% @2022-12-03 21:26:26.533311
707 / 1000 = 70% @2022-12-03 21:26:29.882934
708 / 1000 = 70% @2022-12-03 21:26:30.171642
709 / 1000 = 70% @2022-12-03 21:26:31.660901
710 / 1000 = 71% @2022-12-03 21:26:39.227104
711 / 1000 = 71% @2022-12-03 21:26:45.409343
712 / 1000 = 71% @2022-12-03 21:26:56.220519
713 / 1000 = 71% @2022-12-03 21:27:09.281500
714 / 1000 = 71% @2022-12-03 21:27:14.401109
715 / 1000 = 71% @2022-12-03 21:27:15.846836
716 / 1000 = 71% @2022-12-03 21:27:17.248434
717 / 1000 = 71% @2022-12-03 21:27:27.544687
718 / 1000 = 71% @2022-12-03 21:27:40.817517
719 / 1000 = 71% @2022-12-03 21:27:41.336747
720 / 1000 = 72% @2022-12-03 21:27:54.562360
721 / 1000 = 72% @2022-12-03 21:28:07.743554
722 / 1000 = 72% @2022-12-03 21:28:11.930265
723 / 1000 = 72% @2022-12-03 21:28:24.703010
724 / 1000 = 72% @2022-12-03 21:28:26.110127
725 / 1000 = 72% @2022-12-03 21:28:26.531881
726 / 1000 = 72% @2022-12-03 21:28:38.967489
727 / 1000 = 72% @2022-12-03 21:28:39.308671
728 / 1000 = 72% @2022-12-03 21:28:39.660414
729 / 1000 = 72% @2022-12-03 21:28:40.106314
730 / 1000 = 73% @2022-12-03 21:28:53.731807
731 / 1000 = 73% @2022-12-03 21:28:54.094708
732 / 1000 = 73% @2022-12-03 21:28:56.590547
733 / 1000 = 73% @2022-12-03 21:28:59.086591
734 / 1000 = 73% @2022-12-03 21:28:59.447532
735 / 1000 = 73% @2022-12-03 21:29:03.196269
736 / 1000 = 73% @2022-12-03 21:29:03.609499
737 / 1000 = 73% @2022-12-03 21:29:03.979584
738 / 1000 = 73% @2022-12-03 21:29:18.484034
739 / 1000 = 73% @2022-12-03 21:29:20.349392
740 / 1000 = 74% @2022-12-03 21:29:20.824108
741 / 1000 = 74% @2022-12-03 21:29:27.829436
742 / 1000 = 74% @2022-12-03 21:29:42.246607
743 / 1000 = 74% @2022-12-03 21:29:42.593409
744 / 1000 = 74% @2022-12-03 21:29:43.318002
745 / 1000 = 74% @2022-12-03 21:29:46.848529
746 / 1000 = 74% @2022-12-03 21:30:01.365482
747 / 1000 = 74% @2022-12-03 21:30:06.206887
748 / 1000 = 74% @2022-12-03 21:30:12.218860
749 / 1000 = 74% @2022-12-03 21:30:17.965660
750 / 1000 = 75% @2022-12-03 21:30:23.368184
751 / 1000 = 75% @2022-12-03 21:30:35.591052
752 / 1000 = 75% @2022-12-03 21:30:42.801686
753 / 1000 = 75% @2022-12-03 21:30:49.318055
754 / 1000 = 75% @2022-12-03 21:30:49.677863
755 / 1000 = 75% @2022-12-03 21:30:50.034456
756 / 1000 = 75% @2022-12-03 21:30:50.388161
757 / 1000 = 75% @2022-12-03 21:30:50.741507
758 / 1000 = 75% @2022-12-03 21:30:51.098182
759 / 1000 = 75% @2022-12-03 21:30:51.453251
760 / 1000 = 76% @2022-12-03 21:30:51.801582
761 / 1000 = 76% @2022-12-03 21:30:52.153071
762 / 1000 = 76% @2022-12-03 21:30:52.505169
763 / 1000 = 76% @2022-12-03 21:30:52.857343
764 / 1000 = 76% @2022-12-03 21:30:53.210282
765 / 1000 = 76% @2022-12-03 21:30:53.565454
766 / 1000 = 76% @2022-12-03 21:30:53.923822
767 / 1000 = 76% @2022-12-03 21:30:54.269964
768 / 1000 = 76% @2022-12-03 21:30:54.623525
769 / 1000 = 76% @2022-12-03 21:30:54.983189
770 / 1000 = 77% @2022-12-03 21:30:55.334729
771 / 1000 = 77% @2022-12-03 21:30:55.681349
772 / 1000 = 77% @2022-12-03 21:30:56.036009
773 / 1000 = 77% @2022-12-03 21:30:56.390622
774 / 1000 = 77% @2022-12-03 21:30:56.748777
775 / 1000 = 77% @2022-12-03 21:30:57.103053
776 / 1000 = 77% @2022-12-03 21:30:57.451594
777 / 1000 = 77% @2022-12-03 21:30:57.805210
778 / 1000 = 77% @2022-12-03 21:30:58.153991
779 / 1000 = 77% @2022-12-03 21:30:58.506643
780 / 1000 = 78% @2022-12-03 21:30:59.126547
781 / 1000 = 78% @2022-12-03 21:30:59.540918
782 / 1000 = 78% @2022-12-03 21:31:00.011004
783 / 1000 = 78% @2022-12-03 21:31:00.522271
784 / 1000 = 78% @2022-12-03 21:31:01.039173
785 / 1000 = 78% @2022-12-03 21:31:01.516059
786 / 1000 = 78% @2022-12-03 21:31:02.891503
787 / 1000 = 78% @2022-12-03 21:31:10.905133
788 / 1000 = 78% @2022-12-03 21:31:11.659257
789 / 1000 = 78% @2022-12-03 21:31:13.046368
790 / 1000 = 79% @2022-12-03 21:31:13.790291
791 / 1000 = 79% @2022-12-03 21:31:15.627887
792 / 1000 = 79% @2022-12-03 21:31:17.371793
793 / 1000 = 79% @2022-12-03 21:31:19.115366
794 / 1000 = 79% @2022-12-03 21:31:21.983108
795 / 1000 = 79% @2022-12-03 21:31:23.376518
796 / 1000 = 79% @2022-12-03 21:31:24.485326
797 / 1000 = 79% @2022-12-03 21:31:26.920972
798 / 1000 = 79% @2022-12-03 21:31:28.283673
799 / 1000 = 79% @2022-12-03 21:31:29.100210
800 / 1000 = 80% @2022-12-03 21:31:32.479543
801 / 1000 = 80% @2022-12-03 21:31:33.810762
802 / 1000 = 80% @2022-12-03 21:31:34.652726
803 / 1000 = 80% @2022-12-03 21:31:35.381837
804 / 1000 = 80% @2022-12-03 21:31:39.573413
805 / 1000 = 80% @2022-12-03 21:31:40.805003
806 / 1000 = 80% @2022-12-03 21:31:41.472504
807 / 1000 = 80% @2022-12-03 21:31:42.222809
808 / 1000 = 80% @2022-12-03 21:31:43.079181
809 / 1000 = 80% @2022-12-03 21:31:46.068260
810 / 1000 = 81% @2022-12-03 21:31:47.446861
811 / 1000 = 81% @2022-12-03 21:31:48.228850
812 / 1000 = 81% @2022-12-03 21:31:48.725266
813 / 1000 = 81% @2022-12-03 21:31:49.837184
814 / 1000 = 81% @2022-12-03 21:31:50.244623
815 / 1000 = 81% @2022-12-03 21:31:52.014809
816 / 1000 = 81% @2022-12-03 21:31:53.704459
817 / 1000 = 81% @2022-12-03 21:31:55.443503
818 / 1000 = 81% @2022-12-03 21:31:57.206816
819 / 1000 = 81% @2022-12-03 21:32:00.597907
820 / 1000 = 82% @2022-12-03 21:32:01.746241
821 / 1000 = 82% @2022-12-03 21:32:03.180649
822 / 1000 = 82% @2022-12-03 21:32:04.954085
823 / 1000 = 82% @2022-12-03 21:32:09.092605
824 / 1000 = 82% @2022-12-03 21:32:10.593584
825 / 1000 = 82% @2022-12-03 21:32:12.346833
826 / 1000 = 82% @2022-12-03 21:32:14.527661
827 / 1000 = 82% @2022-12-03 21:32:15.107746
828 / 1000 = 82% @2022-12-03 21:32:15.746724
829 / 1000 = 82% @2022-12-03 21:32:17.555906
830 / 1000 = 83% @2022-12-03 21:32:19.130325
831 / 1000 = 83% @2022-12-03 21:32:20.708949
832 / 1000 = 83% @2022-12-03 21:32:21.882453
833 / 1000 = 83% @2022-12-03 21:32:22.456108
834 / 1000 = 83% @2022-12-03 21:32:23.021894
835 / 1000 = 83% @2022-12-03 21:32:23.586246
836 / 1000 = 83% @2022-12-03 21:32:25.520798
837 / 1000 = 83% @2022-12-03 21:32:26.780913
838 / 1000 = 83% @2022-12-03 21:32:27.789797
839 / 1000 = 83% @2022-12-03 21:32:30.842709
840 / 1000 = 84% @2022-12-03 21:32:31.268810
841 / 1000 = 84% @2022-12-03 21:32:31.692235
842 / 1000 = 84% @2022-12-03 21:32:42.468257
843 / 1000 = 84% @2022-12-03 21:32:42.968579
844 / 1000 = 84% @2022-12-03 21:32:43.464351
845 / 1000 = 84% @2022-12-03 21:32:43.954408
846 / 1000 = 84% @2022-12-03 21:32:44.420305
847 / 1000 = 84% @2022-12-03 21:32:44.910634
848 / 1000 = 84% @2022-12-03 21:32:45.439922
849 / 1000 = 84% @2022-12-03 21:32:46.357411
850 / 1000 = 85% @2022-12-03 21:32:46.811632
851 / 1000 = 85% @2022-12-03 21:33:05.072960
852 / 1000 = 85% @2022-12-03 21:33:05.530699
853 / 1000 = 85% @2022-12-03 21:33:06.528680
854 / 1000 = 85% @2022-12-03 21:33:07.162006
855 / 1000 = 85% @2022-12-03 21:33:08.935288
856 / 1000 = 85% @2022-12-03 21:33:09.913002
857 / 1000 = 85% @2022-12-03 21:33:11.435233
858 / 1000 = 85% @2022-12-03 21:33:12.033613
859 / 1000 = 85% @2022-12-03 21:33:13.152826
860 / 1000 = 86% @2022-12-03 21:33:13.780373
861 / 1000 = 86% @2022-12-03 21:33:15.977156
862 / 1000 = 86% @2022-12-03 21:33:17.784999
863 / 1000 = 86% @2022-12-03 21:33:18.417133
864 / 1000 = 86% @2022-12-03 21:33:19.058864
865 / 1000 = 86% @2022-12-03 21:33:19.518141
866 / 1000 = 86% @2022-12-03 21:33:20.211374
867 / 1000 = 86% @2022-12-03 21:33:21.453060
868 / 1000 = 86% @2022-12-03 21:33:23.236042
869 / 1000 = 86% @2022-12-03 21:33:23.869235
870 / 1000 = 87% @2022-12-03 21:33:25.448020
871 / 1000 = 87% @2022-12-03 21:33:26.097128
872 / 1000 = 87% @2022-12-03 21:33:26.734127
873 / 1000 = 87% @2022-12-03 21:33:27.239132
874 / 1000 = 87% @2022-12-03 21:33:27.767931
875 / 1000 = 87% @2022-12-03 21:33:28.296808
876 / 1000 = 87% @2022-12-03 21:33:31.457944
877 / 1000 = 87% @2022-12-03 21:33:31.980716
878 / 1000 = 87% @2022-12-03 21:33:32.472606
879 / 1000 = 87% @2022-12-03 21:33:32.966921
880 / 1000 = 88% @2022-12-03 21:33:33.545992
881 / 1000 = 88% @2022-12-03 21:33:34.137816
882 / 1000 = 88% @2022-12-03 21:33:35.297892
883 / 1000 = 88% @2022-12-03 21:33:35.885718
884 / 1000 = 88% @2022-12-03 21:33:36.536903
885 / 1000 = 88% @2022-12-03 21:33:58.177259
886 / 1000 = 88% @2022-12-03 21:33:59.283001
887 / 1000 = 88% @2022-12-03 21:34:12.123086
888 / 1000 = 88% @2022-12-03 21:34:13.226765
889 / 1000 = 88% @2022-12-03 21:34:14.298788
890 / 1000 = 89% @2022-12-03 21:34:15.419964
891 / 1000 = 89% @2022-12-03 21:34:16.156899
892 / 1000 = 89% @2022-12-03 21:34:37.782910
893 / 1000 = 89% @2022-12-03 21:34:38.511575
894 / 1000 = 89% @2022-12-03 21:34:39.631246
895 / 1000 = 89% @2022-12-03 21:34:40.389722
896 / 1000 = 89% @2022-12-03 21:35:03.125940
897 / 1000 = 89% @2022-12-03 21:35:25.797488
898 / 1000 = 89% @2022-12-03 21:35:27.335356
899 / 1000 = 89% @2022-12-03 21:35:32.504169
900 / 1000 = 90% @2022-12-03 21:35:50.766089
901 / 1000 = 90% @2022-12-03 21:36:13.408149
902 / 1000 = 90% @2022-12-03 21:36:36.158473
903 / 1000 = 90% @2022-12-03 21:36:58.874149
904 / 1000 = 90% @2022-12-03 21:37:21.404760
905 / 1000 = 90% @2022-12-03 21:37:22.141056
906 / 1000 = 90% @2022-12-03 21:37:44.769815
907 / 1000 = 90% @2022-12-03 21:37:47.324838
908 / 1000 = 90% @2022-12-03 21:37:48.082459
909 / 1000 = 90% @2022-12-03 21:37:51.879125
910 / 1000 = 91% @2022-12-03 21:37:52.592981
911 / 1000 = 91% @2022-12-03 21:38:00.970372
912 / 1000 = 91% @2022-12-03 21:38:16.286486
913 / 1000 = 91% @2022-12-03 21:38:17.420857
914 / 1000 = 91% @2022-12-03 21:38:18.228993
915 / 1000 = 91% @2022-12-03 21:38:22.233912
916 / 1000 = 91% @2022-12-03 21:38:30.325649
917 / 1000 = 91% @2022-12-03 21:38:37.268600
918 / 1000 = 91% @2022-12-03 21:38:42.727346
919 / 1000 = 91% @2022-12-03 21:38:43.862751
920 / 1000 = 92% @2022-12-03 21:38:44.688519
921 / 1000 = 92% @2022-12-03 21:38:45.800061
922 / 1000 = 92% @2022-12-03 21:38:46.931128
923 / 1000 = 92% @2022-12-03 21:38:47.995972
924 / 1000 = 92% @2022-12-03 21:38:48.735217
925 / 1000 = 92% @2022-12-03 21:38:49.873170
926 / 1000 = 92% @2022-12-03 21:38:50.682321
927 / 1000 = 92% @2022-12-03 21:38:51.495135
928 / 1000 = 92% @2022-12-03 21:38:59.491757
929 / 1000 = 92% @2022-12-03 21:39:00.648107
930 / 1000 = 93% @2022-12-03 21:39:10.899475
931 / 1000 = 93% @2022-12-03 21:39:12.087117
932 / 1000 = 93% @2022-12-03 21:39:29.677052
933 / 1000 = 93% @2022-12-03 21:39:33.221498
934 / 1000 = 93% @2022-12-03 21:39:40.057189
935 / 1000 = 93% @2022-12-03 21:39:53.414582
936 / 1000 = 93% @2022-12-03 21:40:18.279096
937 / 1000 = 93% @2022-12-03 21:40:21.515362
938 / 1000 = 93% @2022-12-03 21:40:23.262578
939 / 1000 = 93% @2022-12-03 21:40:23.974210
940 / 1000 = 94% @2022-12-03 21:40:24.666794
941 / 1000 = 94% @2022-12-03 21:40:25.287763
942 / 1000 = 94% @2022-12-03 21:40:29.049885
943 / 1000 = 94% @2022-12-03 21:40:29.858912
944 / 1000 = 94% @2022-12-03 21:40:30.669206
945 / 1000 = 94% @2022-12-03 21:40:31.478221
946 / 1000 = 94% @2022-12-03 21:40:32.290716
947 / 1000 = 94% @2022-12-03 21:40:33.099862
948 / 1000 = 94% @2022-12-03 21:40:33.958898
949 / 1000 = 94% @2022-12-03 21:40:34.798311
950 / 1000 = 95% @2022-12-03 21:40:35.832276
951 / 1000 = 95% @2022-12-03 21:40:36.598732
952 / 1000 = 95% @2022-12-03 21:40:37.311054
953 / 1000 = 95% @2022-12-03 21:40:38.350154
954 / 1000 = 95% @2022-12-03 21:40:39.181770
955 / 1000 = 95% @2022-12-03 21:40:40.007731
956 / 1000 = 95% @2022-12-03 21:40:40.900314
957 / 1000 = 95% @2022-12-03 21:40:41.743588
958 / 1000 = 95% @2022-12-03 21:40:42.458561
959 / 1000 = 95% @2022-12-03 21:41:06.189111
960 / 1000 = 96% @2022-12-03 21:41:07.039461
961 / 1000 = 96% @2022-12-03 21:41:07.853592
962 / 1000 = 96% @2022-12-03 21:41:08.700689
963 / 1000 = 96% @2022-12-03 21:41:09.568184
964 / 1000 = 96% @2022-12-03 21:41:10.286464
965 / 1000 = 96% @2022-12-03 21:41:11.007209
966 / 1000 = 96% @2022-12-03 21:41:11.772660
967 / 1000 = 96% @2022-12-03 21:41:19.494304
968 / 1000 = 96% @2022-12-03 21:41:20.366012
969 / 1000 = 96% @2022-12-03 21:41:21.187890
970 / 1000 = 97% @2022-12-03 21:41:21.888251
971 / 1000 = 97% @2022-12-03 21:41:23.240365
972 / 1000 = 97% @2022-12-03 21:41:25.361947
973 / 1000 = 97% @2022-12-03 21:41:35.884970
974 / 1000 = 97% @2022-12-03 21:41:38.508113
975 / 1000 = 97% @2022-12-03 21:41:41.175569
976 / 1000 = 97% @2022-12-03 21:41:49.240344
977 / 1000 = 97% @2022-12-03 21:42:13.452308
978 / 1000 = 97% @2022-12-03 21:42:14.258321
979 / 1000 = 97% @2022-12-03 21:42:16.332180
980 / 1000 = 98% @2022-12-03 21:42:17.152614
981 / 1000 = 98% @2022-12-03 21:42:19.333021
982 / 1000 = 98% @2022-12-03 21:42:20.142328
983 / 1000 = 98% @2022-12-03 21:42:22.690800
984 / 1000 = 98% @2022-12-03 21:42:50.741346
985 / 1000 = 98% @2022-12-03 21:42:55.465940
986 / 1000 = 98% @2022-12-03 21:43:05.407098
987 / 1000 = 98% @2022-12-03 21:43:11.330739
988 / 1000 = 98% @2022-12-03 21:43:12.287227
989 / 1000 = 98% @2022-12-03 21:43:14.608457
990 / 1000 = 99% @2022-12-03 21:43:15.500558
991 / 1000 = 99% @2022-12-03 21:43:20.149485
992 / 1000 = 99% @2022-12-03 21:43:26.147126
993 / 1000 = 99% @2022-12-03 21:43:27.032829
994 / 1000 = 99% @2022-12-03 21:43:55.142341
995 / 1000 = 99% @2022-12-03 21:44:23.229472
996 / 1000 = 99% @2022-12-03 21:44:29.443809
997 / 1000 = 99% @2022-12-03 21:44:30.419900
998 / 1000 = 99% @2022-12-03 21:44:35.086177
999 / 1000 = 99% @2022-12-03 21:44:36.203845
1000 / 1000 = 100% @2022-12-03 21:44:37.638194

                            END @2022-12-03 21:44:37.641329
----------------------------------------------------------------------------------------
