args.config_file='config_files/modify_inc/correspond_most.ini'
----------------------------------------------------------------------------------------
---------------------------------------- CONFIG -----------------------------------------
----------------------------------------------------------------------------------------
seed=0
device=device(type='cuda', index=0)
torch.backends.cudnn.enabled=False
ModifyParams(rep_source_mode='correspond', rep_target_mode='most', exp_explain_params=ExplainParams(softmax=False, layer=None, alg='KernelShap', attrib_params=AttributeParams(baselines=0, feature_mask_mode='text', feature_mask_size=64, method=None, n_steps=None, perturbations_per_eval=None, sliding_window_shapes_size=None, strides=None, target=1)), exp_control_params=ControlParams(output_root=PosixPath('outputs/explain'), ben_start_idx=None, mal_start_idx=None, ben_end_idx=None, mal_end_idx=None, ben_start_batch=None, mal_start_batch=None, ben_end_batch=None, mal_end_batch=None, errors='raise', progress_bar=None, verbose=None), rep_file=PosixPath('/home/lk3591/Documents/datasets/Windows/processed/test/53e17b21d2ff8fa5732211eed9f74f591b9bff985e79f6ad6b85bb72.exe'), chunk_size=64)
Starting modification: initial=0, start=None, end=1000, @2022-12-03 16:06:48.671180
0 / 1000 = 0% @2022-12-03 16:06:48.671213
1 / 1000 = 0% @2022-12-03 16:06:49.001539
2 / 1000 = 0% @2022-12-03 16:06:49.020590
3 / 1000 = 0% @2022-12-03 16:06:49.038666
4 / 1000 = 0% @2022-12-03 16:06:49.066060
5 / 1000 = 0% @2022-12-03 16:06:49.286300
6 / 1000 = 0% @2022-12-03 16:06:49.314910
7 / 1000 = 0% @2022-12-03 16:06:49.344244
8 / 1000 = 0% @2022-12-03 16:06:49.379517
9 / 1000 = 0% @2022-12-03 16:06:49.414050
10 / 1000 = 1% @2022-12-03 16:06:50.053037
11 / 1000 = 1% @2022-12-03 16:06:50.243993
12 / 1000 = 1% @2022-12-03 16:06:50.312407
13 / 1000 = 1% @2022-12-03 16:06:50.809895
14 / 1000 = 1% @2022-12-03 16:06:51.560789
15 / 1000 = 1% @2022-12-03 16:06:51.615002
16 / 1000 = 1% @2022-12-03 16:06:51.657394
17 / 1000 = 1% @2022-12-03 16:06:52.352975
18 / 1000 = 1% @2022-12-03 16:06:52.383508
19 / 1000 = 1% @2022-12-03 16:06:52.409035
20 / 1000 = 2% @2022-12-03 16:06:52.610480
21 / 1000 = 2% @2022-12-03 16:06:52.647484
22 / 1000 = 2% @2022-12-03 16:06:52.844561
23 / 1000 = 2% @2022-12-03 16:06:52.879788
24 / 1000 = 2% @2022-12-03 16:06:52.922180
25 / 1000 = 2% @2022-12-03 16:06:52.962277
26 / 1000 = 2% @2022-12-03 16:06:53.167442
27 / 1000 = 2% @2022-12-03 16:06:53.218425
28 / 1000 = 2% @2022-12-03 16:06:53.420222
29 / 1000 = 2% @2022-12-03 16:06:54.057827
30 / 1000 = 3% @2022-12-03 16:06:54.100133
31 / 1000 = 3% @2022-12-03 16:06:54.140997
32 / 1000 = 3% @2022-12-03 16:06:54.176040
33 / 1000 = 3% @2022-12-03 16:06:54.380593
34 / 1000 = 3% @2022-12-03 16:06:54.450006
35 / 1000 = 3% @2022-12-03 16:06:54.476276
36 / 1000 = 3% @2022-12-03 16:06:55.024323
37 / 1000 = 3% @2022-12-03 16:06:55.133094
38 / 1000 = 3% @2022-12-03 16:06:55.879274
39 / 1000 = 3% @2022-12-03 16:06:56.491844
40 / 1000 = 4% @2022-12-03 16:06:56.528923
41 / 1000 = 4% @2022-12-03 16:06:56.734325
42 / 1000 = 4% @2022-12-03 16:06:57.431300
43 / 1000 = 4% @2022-12-03 16:06:57.467657
44 / 1000 = 4% @2022-12-03 16:06:57.535822
45 / 1000 = 4% @2022-12-03 16:06:57.610086
46 / 1000 = 4% @2022-12-03 16:06:57.636885
47 / 1000 = 4% @2022-12-03 16:06:57.841782
48 / 1000 = 4% @2022-12-03 16:06:57.883381
49 / 1000 = 4% @2022-12-03 16:06:57.920929
50 / 1000 = 5% @2022-12-03 16:06:57.961053
51 / 1000 = 5% @2022-12-03 16:06:58.553349
52 / 1000 = 5% @2022-12-03 16:06:58.879690
53 / 1000 = 5% @2022-12-03 16:06:58.915172
54 / 1000 = 5% @2022-12-03 16:06:59.258885
55 / 1000 = 5% @2022-12-03 16:06:59.300440
56 / 1000 = 5% @2022-12-03 16:06:59.336307
57 / 1000 = 5% @2022-12-03 16:06:59.545682
58 / 1000 = 5% @2022-12-03 16:06:59.581677
59 / 1000 = 5% @2022-12-03 16:07:00.078900
60 / 1000 = 6% @2022-12-03 16:07:00.271805
61 / 1000 = 6% @2022-12-03 16:07:00.991231
62 / 1000 = 6% @2022-12-03 16:07:01.200157
63 / 1000 = 6% @2022-12-03 16:07:01.245024
64 / 1000 = 6% @2022-12-03 16:07:01.728002
65 / 1000 = 6% @2022-12-03 16:07:01.775065
66 / 1000 = 6% @2022-12-03 16:07:01.828936
67 / 1000 = 6% @2022-12-03 16:07:02.047323
68 / 1000 = 6% @2022-12-03 16:07:02.093446
69 / 1000 = 6% @2022-12-03 16:07:02.139780
70 / 1000 = 7% @2022-12-03 16:07:02.186671
71 / 1000 = 7% @2022-12-03 16:07:03.934033
72 / 1000 = 7% @2022-12-03 16:07:03.991805
73 / 1000 = 7% @2022-12-03 16:07:04.064173
74 / 1000 = 7% @2022-12-03 16:07:04.123283
75 / 1000 = 7% @2022-12-03 16:07:04.182602
76 / 1000 = 7% @2022-12-03 16:07:04.257129
77 / 1000 = 7% @2022-12-03 16:07:04.318607
78 / 1000 = 7% @2022-12-03 16:07:04.365867
79 / 1000 = 7% @2022-12-03 16:07:04.435204
80 / 1000 = 8% @2022-12-03 16:07:05.424139
81 / 1000 = 8% @2022-12-03 16:07:06.650487
82 / 1000 = 8% @2022-12-03 16:07:06.723002
83 / 1000 = 8% @2022-12-03 16:07:07.275926
84 / 1000 = 8% @2022-12-03 16:07:07.333187
85 / 1000 = 8% @2022-12-03 16:07:08.867783
86 / 1000 = 8% @2022-12-03 16:07:09.521184
87 / 1000 = 8% @2022-12-03 16:07:09.835151
88 / 1000 = 8% @2022-12-03 16:07:09.878454
89 / 1000 = 8% @2022-12-03 16:07:09.931037
90 / 1000 = 9% @2022-12-03 16:07:10.134840
91 / 1000 = 9% @2022-12-03 16:07:10.205713
92 / 1000 = 9% @2022-12-03 16:07:10.273024
93 / 1000 = 9% @2022-12-03 16:07:10.333360
94 / 1000 = 9% @2022-12-03 16:07:11.397189
95 / 1000 = 9% @2022-12-03 16:07:11.485006
96 / 1000 = 9% @2022-12-03 16:07:12.414643
97 / 1000 = 9% @2022-12-03 16:07:14.294973
98 / 1000 = 9% @2022-12-03 16:07:14.364542
99 / 1000 = 9% @2022-12-03 16:07:15.145415
100 / 1000 = 10% @2022-12-03 16:07:15.195667
101 / 1000 = 10% @2022-12-03 16:07:16.604228
102 / 1000 = 10% @2022-12-03 16:07:16.707081
103 / 1000 = 10% @2022-12-03 16:07:17.386142
104 / 1000 = 10% @2022-12-03 16:07:18.520919
105 / 1000 = 10% @2022-12-03 16:07:19.005215
106 / 1000 = 10% @2022-12-03 16:07:19.533586
107 / 1000 = 10% @2022-12-03 16:07:19.690243
108 / 1000 = 10% @2022-12-03 16:07:19.754269
109 / 1000 = 10% @2022-12-03 16:07:21.292929
110 / 1000 = 11% @2022-12-03 16:07:21.390007
111 / 1000 = 11% @2022-12-03 16:07:24.294537
112 / 1000 = 11% @2022-12-03 16:07:24.395860
113 / 1000 = 11% @2022-12-03 16:07:24.549221
114 / 1000 = 11% @2022-12-03 16:07:24.616079
115 / 1000 = 11% @2022-12-03 16:07:25.000993
116 / 1000 = 11% @2022-12-03 16:07:25.091161
117 / 1000 = 11% @2022-12-03 16:07:26.149937
118 / 1000 = 11% @2022-12-03 16:07:28.925949
119 / 1000 = 11% @2022-12-03 16:07:30.508150
120 / 1000 = 12% @2022-12-03 16:07:33.473283
121 / 1000 = 12% @2022-12-03 16:07:34.392338
122 / 1000 = 12% @2022-12-03 16:07:34.504854
123 / 1000 = 12% @2022-12-03 16:07:34.831206
124 / 1000 = 12% @2022-12-03 16:07:35.153759
125 / 1000 = 12% @2022-12-03 16:07:35.466711
126 / 1000 = 12% @2022-12-03 16:07:36.382640
127 / 1000 = 12% @2022-12-03 16:07:36.643489
128 / 1000 = 12% @2022-12-03 16:07:36.756320
129 / 1000 = 12% @2022-12-03 16:07:37.081599
130 / 1000 = 13% @2022-12-03 16:07:37.997085
131 / 1000 = 13% @2022-12-03 16:07:38.938625
132 / 1000 = 13% @2022-12-03 16:07:39.862123
133 / 1000 = 13% @2022-12-03 16:07:40.169160
134 / 1000 = 13% @2022-12-03 16:07:42.030656
135 / 1000 = 13% @2022-12-03 16:07:42.356797
136 / 1000 = 13% @2022-12-03 16:07:42.683134
137 / 1000 = 13% @2022-12-03 16:07:43.217753
138 / 1000 = 13% @2022-12-03 16:07:43.543347
139 / 1000 = 13% @2022-12-03 16:07:43.655776
140 / 1000 = 14% @2022-12-03 16:07:43.978067
141 / 1000 = 14% @2022-12-03 16:07:44.088051
142 / 1000 = 14% @2022-12-03 16:07:44.198991
143 / 1000 = 14% @2022-12-03 16:07:44.490251
144 / 1000 = 14% @2022-12-03 16:07:44.605081
145 / 1000 = 14% @2022-12-03 16:07:44.698562
146 / 1000 = 14% @2022-12-03 16:07:44.837942
147 / 1000 = 14% @2022-12-03 16:07:44.986128
148 / 1000 = 14% @2022-12-03 16:07:45.129750
149 / 1000 = 14% @2022-12-03 16:07:45.273680
150 / 1000 = 15% @2022-12-03 16:07:45.618061
151 / 1000 = 15% @2022-12-03 16:07:45.747262
152 / 1000 = 15% @2022-12-03 16:07:45.874714
153 / 1000 = 15% @2022-12-03 16:07:46.589434
154 / 1000 = 15% @2022-12-03 16:07:46.718749
155 / 1000 = 15% @2022-12-03 16:07:47.255395
156 / 1000 = 15% @2022-12-03 16:07:47.386692
157 / 1000 = 15% @2022-12-03 16:07:47.704088
158 / 1000 = 15% @2022-12-03 16:07:47.870349
159 / 1000 = 15% @2022-12-03 16:07:48.007773
160 / 1000 = 16% @2022-12-03 16:07:48.117824
161 / 1000 = 16% @2022-12-03 16:07:48.580287
162 / 1000 = 16% @2022-12-03 16:07:49.259741
163 / 1000 = 16% @2022-12-03 16:07:49.417476
164 / 1000 = 16% @2022-12-03 16:07:49.582117
165 / 1000 = 16% @2022-12-03 16:07:54.199109
166 / 1000 = 16% @2022-12-03 16:07:54.339209
167 / 1000 = 16% @2022-12-03 16:07:55.097922
168 / 1000 = 16% @2022-12-03 16:07:55.225991
169 / 1000 = 16% @2022-12-03 16:07:55.382215
170 / 1000 = 17% @2022-12-03 16:07:55.541286
171 / 1000 = 17% @2022-12-03 16:07:55.659310
172 / 1000 = 17% @2022-12-03 16:07:55.810733
173 / 1000 = 17% @2022-12-03 16:07:55.962861
174 / 1000 = 17% @2022-12-03 16:07:56.127863
175 / 1000 = 17% @2022-12-03 16:07:56.303260
176 / 1000 = 17% @2022-12-03 16:07:56.465459
177 / 1000 = 17% @2022-12-03 16:07:56.637373
178 / 1000 = 17% @2022-12-03 16:07:56.947425
179 / 1000 = 17% @2022-12-03 16:07:57.286878
180 / 1000 = 18% @2022-12-03 16:07:57.418110
181 / 1000 = 18% @2022-12-03 16:07:57.728988
182 / 1000 = 18% @2022-12-03 16:07:58.037760
183 / 1000 = 18% @2022-12-03 16:07:58.414818
184 / 1000 = 18% @2022-12-03 16:07:58.725613
185 / 1000 = 18% @2022-12-03 16:07:58.877559
186 / 1000 = 18% @2022-12-03 16:07:59.046715
187 / 1000 = 18% @2022-12-03 16:07:59.362324
188 / 1000 = 18% @2022-12-03 16:07:59.704869
189 / 1000 = 18% @2022-12-03 16:07:59.870900
190 / 1000 = 19% @2022-12-03 16:08:00.215870
191 / 1000 = 19% @2022-12-03 16:08:00.556461
192 / 1000 = 19% @2022-12-03 16:08:00.871351
193 / 1000 = 19% @2022-12-03 16:08:01.045282
194 / 1000 = 19% @2022-12-03 16:08:01.209983
195 / 1000 = 19% @2022-12-03 16:08:01.898519
196 / 1000 = 19% @2022-12-03 16:08:02.098548
197 / 1000 = 19% @2022-12-03 16:08:02.247415
198 / 1000 = 19% @2022-12-03 16:08:02.388501
199 / 1000 = 19% @2022-12-03 16:08:02.573861
200 / 1000 = 20% @2022-12-03 16:08:02.747856
201 / 1000 = 20% @2022-12-03 16:08:05.768366
202 / 1000 = 20% @2022-12-03 16:08:05.901743
203 / 1000 = 20% @2022-12-03 16:08:06.036559
204 / 1000 = 20% @2022-12-03 16:08:06.173141
205 / 1000 = 20% @2022-12-03 16:08:06.363356
206 / 1000 = 20% @2022-12-03 16:08:07.309683
207 / 1000 = 20% @2022-12-03 16:08:08.129529
208 / 1000 = 20% @2022-12-03 16:08:08.327480
209 / 1000 = 20% @2022-12-03 16:08:08.496505
210 / 1000 = 21% @2022-12-03 16:08:08.646880
211 / 1000 = 21% @2022-12-03 16:08:08.873962
212 / 1000 = 21% @2022-12-03 16:08:09.097308
213 / 1000 = 21% @2022-12-03 16:08:09.321044
214 / 1000 = 21% @2022-12-03 16:08:09.546499
215 / 1000 = 21% @2022-12-03 16:08:09.765901
216 / 1000 = 21% @2022-12-03 16:08:10.069116
217 / 1000 = 21% @2022-12-03 16:08:10.268011
218 / 1000 = 21% @2022-12-03 16:08:10.455666
219 / 1000 = 21% @2022-12-03 16:08:10.654077
220 / 1000 = 22% @2022-12-03 16:08:10.872377
221 / 1000 = 22% @2022-12-03 16:08:11.665798
222 / 1000 = 22% @2022-12-03 16:08:11.865422
223 / 1000 = 22% @2022-12-03 16:08:12.659564
224 / 1000 = 22% @2022-12-03 16:08:12.857297
225 / 1000 = 22% @2022-12-03 16:08:13.648233
226 / 1000 = 22% @2022-12-03 16:08:13.846448
227 / 1000 = 22% @2022-12-03 16:08:16.044615
228 / 1000 = 22% @2022-12-03 16:08:17.159886
229 / 1000 = 22% @2022-12-03 16:08:17.703039
230 / 1000 = 23% @2022-12-03 16:08:18.256293
231 / 1000 = 23% @2022-12-03 16:08:18.850625
232 / 1000 = 23% @2022-12-03 16:08:20.257242
233 / 1000 = 23% @2022-12-03 16:08:21.001482
234 / 1000 = 23% @2022-12-03 16:08:22.894227
235 / 1000 = 23% @2022-12-03 16:08:24.655564
236 / 1000 = 23% @2022-12-03 16:08:32.216812
237 / 1000 = 23% @2022-12-03 16:08:38.043474
238 / 1000 = 23% @2022-12-03 16:08:41.182983
239 / 1000 = 23% @2022-12-03 16:08:47.898721
240 / 1000 = 24% @2022-12-03 16:08:50.695254
241 / 1000 = 24% @2022-12-03 16:08:57.055910
242 / 1000 = 24% @2022-12-03 16:09:03.869079
243 / 1000 = 24% @2022-12-03 16:09:11.516538
244 / 1000 = 24% @2022-12-03 16:09:13.688005
245 / 1000 = 24% @2022-12-03 16:09:20.587021
246 / 1000 = 24% @2022-12-03 16:09:21.199110
247 / 1000 = 24% @2022-12-03 16:09:21.723457
248 / 1000 = 24% @2022-12-03 16:09:23.519979
249 / 1000 = 24% @2022-12-03 16:09:24.276132
250 / 1000 = 25% @2022-12-03 16:09:25.533993
251 / 1000 = 25% @2022-12-03 16:09:26.432303
252 / 1000 = 25% @2022-12-03 16:09:27.294262
253 / 1000 = 25% @2022-12-03 16:09:28.016498
254 / 1000 = 25% @2022-12-03 16:09:29.607072
255 / 1000 = 25% @2022-12-03 16:09:31.972167
256 / 1000 = 25% @2022-12-03 16:09:33.015213
257 / 1000 = 25% @2022-12-03 16:09:40.594094
258 / 1000 = 25% @2022-12-03 16:09:44.210915
259 / 1000 = 25% @2022-12-03 16:09:45.405139
260 / 1000 = 26% @2022-12-03 16:09:46.196490
261 / 1000 = 26% @2022-12-03 16:09:47.387387
262 / 1000 = 26% @2022-12-03 16:09:48.796153
263 / 1000 = 26% @2022-12-03 16:09:50.016907
264 / 1000 = 26% @2022-12-03 16:09:57.552428
265 / 1000 = 26% @2022-12-03 16:09:58.481099
266 / 1000 = 26% @2022-12-03 16:09:58.942489
267 / 1000 = 26% @2022-12-03 16:09:59.955068
268 / 1000 = 26% @2022-12-03 16:10:00.914902
269 / 1000 = 26% @2022-12-03 16:10:03.145676
270 / 1000 = 27% @2022-12-03 16:10:03.684052
271 / 1000 = 27% @2022-12-03 16:10:04.575180
272 / 1000 = 27% @2022-12-03 16:10:06.390126
273 / 1000 = 27% @2022-12-03 16:10:09.526884
274 / 1000 = 27% @2022-12-03 16:10:10.647877
275 / 1000 = 27% @2022-12-03 16:10:11.022119
276 / 1000 = 27% @2022-12-03 16:10:12.924599
277 / 1000 = 27% @2022-12-03 16:10:13.418452
278 / 1000 = 27% @2022-12-03 16:10:14.858025
279 / 1000 = 27% @2022-12-03 16:10:15.718073
280 / 1000 = 28% @2022-12-03 16:10:17.922834
281 / 1000 = 28% @2022-12-03 16:10:19.113516
282 / 1000 = 28% @2022-12-03 16:10:21.799017
283 / 1000 = 28% @2022-12-03 16:10:22.666433
284 / 1000 = 28% @2022-12-03 16:10:23.050414
285 / 1000 = 28% @2022-12-03 16:10:30.628589
286 / 1000 = 28% @2022-12-03 16:10:31.641835
287 / 1000 = 28% @2022-12-03 16:10:32.154275
288 / 1000 = 28% @2022-12-03 16:10:33.532552
289 / 1000 = 28% @2022-12-03 16:10:34.275101
290 / 1000 = 29% @2022-12-03 16:10:36.448150
291 / 1000 = 29% @2022-12-03 16:10:36.981137
292 / 1000 = 29% @2022-12-03 16:10:44.733405
293 / 1000 = 29% @2022-12-03 16:10:50.636749
294 / 1000 = 29% @2022-12-03 16:10:53.288270
295 / 1000 = 29% @2022-12-03 16:10:57.127379
296 / 1000 = 29% @2022-12-03 16:10:59.410369
297 / 1000 = 29% @2022-12-03 16:11:03.224300
298 / 1000 = 29% @2022-12-03 16:11:03.601536
299 / 1000 = 29% @2022-12-03 16:11:03.860266
300 / 1000 = 30% @2022-12-03 16:11:05.105087
301 / 1000 = 30% @2022-12-03 16:11:05.656491
302 / 1000 = 30% @2022-12-03 16:11:07.120438
303 / 1000 = 30% @2022-12-03 16:11:09.685778
304 / 1000 = 30% @2022-12-03 16:11:11.937598
305 / 1000 = 30% @2022-12-03 16:11:13.347318
306 / 1000 = 30% @2022-12-03 16:11:18.261257
307 / 1000 = 30% @2022-12-03 16:11:22.714940
308 / 1000 = 30% @2022-12-03 16:11:26.397598
309 / 1000 = 30% @2022-12-03 16:11:29.236279
310 / 1000 = 31% @2022-12-03 16:11:29.947104
311 / 1000 = 31% @2022-12-03 16:11:33.882397
312 / 1000 = 31% @2022-12-03 16:11:41.463977
313 / 1000 = 31% @2022-12-03 16:11:42.843165
314 / 1000 = 31% @2022-12-03 16:11:44.986685
315 / 1000 = 31% @2022-12-03 16:11:52.578333
316 / 1000 = 31% @2022-12-03 16:11:53.395768
317 / 1000 = 31% @2022-12-03 16:11:56.949548
318 / 1000 = 31% @2022-12-03 16:11:58.862806
319 / 1000 = 31% @2022-12-03 16:11:59.408706
320 / 1000 = 32% @2022-12-03 16:12:00.438393
321 / 1000 = 32% @2022-12-03 16:12:01.306436
322 / 1000 = 32% @2022-12-03 16:12:02.302408
323 / 1000 = 32% @2022-12-03 16:12:04.217468
324 / 1000 = 32% @2022-12-03 16:12:11.796563
325 / 1000 = 32% @2022-12-03 16:12:13.078905
326 / 1000 = 32% @2022-12-03 16:12:13.711284
327 / 1000 = 32% @2022-12-03 16:12:21.360488
328 / 1000 = 32% @2022-12-03 16:12:21.905794
329 / 1000 = 32% @2022-12-03 16:12:23.251463
330 / 1000 = 33% @2022-12-03 16:12:23.753162
331 / 1000 = 33% @2022-12-03 16:12:29.015264
332 / 1000 = 33% @2022-12-03 16:12:31.470049
333 / 1000 = 33% @2022-12-03 16:12:35.810417
334 / 1000 = 33% @2022-12-03 16:12:37.260021
335 / 1000 = 33% @2022-12-03 16:12:37.866423
336 / 1000 = 33% @2022-12-03 16:12:38.696901
337 / 1000 = 33% @2022-12-03 16:12:39.789023
338 / 1000 = 33% @2022-12-03 16:12:40.662354
339 / 1000 = 33% @2022-12-03 16:12:41.869333
340 / 1000 = 34% @2022-12-03 16:12:45.548943
341 / 1000 = 34% @2022-12-03 16:12:46.538491
342 / 1000 = 34% @2022-12-03 16:12:47.017516
343 / 1000 = 34% @2022-12-03 16:12:49.031238
344 / 1000 = 34% @2022-12-03 16:12:49.393273
345 / 1000 = 34% @2022-12-03 16:12:49.661276
346 / 1000 = 34% @2022-12-03 16:12:50.177465
347 / 1000 = 34% @2022-12-03 16:12:57.790668
348 / 1000 = 34% @2022-12-03 16:12:58.664519
349 / 1000 = 34% @2022-12-03 16:13:00.584259
350 / 1000 = 35% @2022-12-03 16:13:07.407569
351 / 1000 = 35% @2022-12-03 16:13:08.241749
352 / 1000 = 35% @2022-12-03 16:13:08.629423
353 / 1000 = 35% @2022-12-03 16:13:16.245383
354 / 1000 = 35% @2022-12-03 16:13:21.321991
355 / 1000 = 35% @2022-12-03 16:13:23.254337
356 / 1000 = 35% @2022-12-03 16:13:25.512653
357 / 1000 = 35% @2022-12-03 16:13:27.118971
358 / 1000 = 35% @2022-12-03 16:13:34.746420
359 / 1000 = 35% @2022-12-03 16:13:39.724726
360 / 1000 = 36% @2022-12-03 16:13:42.437392
361 / 1000 = 36% @2022-12-03 16:13:45.538785
362 / 1000 = 36% @2022-12-03 16:13:46.282525
363 / 1000 = 36% @2022-12-03 16:13:49.556669
364 / 1000 = 36% @2022-12-03 16:13:51.934300
365 / 1000 = 36% @2022-12-03 16:13:55.070787
366 / 1000 = 36% @2022-12-03 16:14:02.625399
367 / 1000 = 36% @2022-12-03 16:14:03.283771
368 / 1000 = 36% @2022-12-03 16:14:07.805829
369 / 1000 = 36% @2022-12-03 16:14:08.633162
370 / 1000 = 37% @2022-12-03 16:14:10.033165
371 / 1000 = 37% @2022-12-03 16:14:11.618954
372 / 1000 = 37% @2022-12-03 16:14:12.956880
373 / 1000 = 37% @2022-12-03 16:14:13.440458
374 / 1000 = 37% @2022-12-03 16:14:21.010333
375 / 1000 = 37% @2022-12-03 16:14:25.524161
376 / 1000 = 37% @2022-12-03 16:14:27.161897
377 / 1000 = 37% @2022-12-03 16:14:28.703680
378 / 1000 = 37% @2022-12-03 16:14:29.416024
379 / 1000 = 37% @2022-12-03 16:14:30.985694
380 / 1000 = 38% @2022-12-03 16:14:35.371258
381 / 1000 = 38% @2022-12-03 16:14:36.143187
382 / 1000 = 38% @2022-12-03 16:14:38.745015
383 / 1000 = 38% @2022-12-03 16:14:42.283662
384 / 1000 = 38% @2022-12-03 16:14:43.234692
385 / 1000 = 38% @2022-12-03 16:14:48.774598
386 / 1000 = 38% @2022-12-03 16:14:53.974985
387 / 1000 = 38% @2022-12-03 16:15:01.545208
388 / 1000 = 38% @2022-12-03 16:15:02.983097
389 / 1000 = 38% @2022-12-03 16:15:03.968038
390 / 1000 = 39% @2022-12-03 16:15:04.831248
391 / 1000 = 39% @2022-12-03 16:15:12.381694
392 / 1000 = 39% @2022-12-03 16:15:14.056211
393 / 1000 = 39% @2022-12-03 16:15:15.624140
394 / 1000 = 39% @2022-12-03 16:15:17.089700
395 / 1000 = 39% @2022-12-03 16:15:17.733121
396 / 1000 = 39% @2022-12-03 16:15:22.233862
397 / 1000 = 39% @2022-12-03 16:15:25.440091
398 / 1000 = 39% @2022-12-03 16:15:26.410447
399 / 1000 = 39% @2022-12-03 16:15:27.881734
400 / 1000 = 40% @2022-12-03 16:15:28.488939
401 / 1000 = 40% @2022-12-03 16:15:28.983591
402 / 1000 = 40% @2022-12-03 16:15:33.371369
403 / 1000 = 40% @2022-12-03 16:15:34.213465
404 / 1000 = 40% @2022-12-03 16:15:34.752732
405 / 1000 = 40% @2022-12-03 16:15:41.761100
406 / 1000 = 40% @2022-12-03 16:15:45.073695
407 / 1000 = 40% @2022-12-03 16:15:45.814478
408 / 1000 = 40% @2022-12-03 16:15:51.276594
409 / 1000 = 40% @2022-12-03 16:15:58.520417
410 / 1000 = 41% @2022-12-03 16:15:59.228194
411 / 1000 = 41% @2022-12-03 16:16:06.788155
412 / 1000 = 41% @2022-12-03 16:16:12.312331
413 / 1000 = 41% @2022-12-03 16:16:14.210776
414 / 1000 = 41% @2022-12-03 16:16:19.271362
415 / 1000 = 41% @2022-12-03 16:16:21.534931
416 / 1000 = 41% @2022-12-03 16:16:22.702141
417 / 1000 = 41% @2022-12-03 16:16:26.575942
418 / 1000 = 41% @2022-12-03 16:16:27.617952
419 / 1000 = 41% @2022-12-03 16:16:28.943855
420 / 1000 = 42% @2022-12-03 16:16:31.566940
421 / 1000 = 42% @2022-12-03 16:16:32.532488
422 / 1000 = 42% @2022-12-03 16:16:40.058712
423 / 1000 = 42% @2022-12-03 16:16:47.600622
424 / 1000 = 42% @2022-12-03 16:16:49.296902
425 / 1000 = 42% @2022-12-03 16:16:52.230150
426 / 1000 = 42% @2022-12-03 16:16:57.633133
427 / 1000 = 42% @2022-12-03 16:17:05.176263
428 / 1000 = 42% @2022-12-03 16:17:07.917753
429 / 1000 = 42% @2022-12-03 16:17:09.071807
430 / 1000 = 43% @2022-12-03 16:17:10.854973
431 / 1000 = 43% @2022-12-03 16:17:12.878399
432 / 1000 = 43% @2022-12-03 16:17:16.163226
433 / 1000 = 43% @2022-12-03 16:17:18.558530
434 / 1000 = 43% @2022-12-03 16:17:21.377012
435 / 1000 = 43% @2022-12-03 16:17:23.067602
436 / 1000 = 43% @2022-12-03 16:17:23.700327
437 / 1000 = 43% @2022-12-03 16:17:31.279313
438 / 1000 = 43% @2022-12-03 16:17:38.582580
439 / 1000 = 43% @2022-12-03 16:17:39.646157
440 / 1000 = 44% @2022-12-03 16:17:40.636345
441 / 1000 = 44% @2022-12-03 16:17:42.884141
442 / 1000 = 44% @2022-12-03 16:17:46.251125
443 / 1000 = 44% @2022-12-03 16:17:47.783335
444 / 1000 = 44% @2022-12-03 16:17:55.349690
445 / 1000 = 44% @2022-12-03 16:17:55.766243
446 / 1000 = 44% @2022-12-03 16:17:58.492855
447 / 1000 = 44% @2022-12-03 16:17:59.824107
448 / 1000 = 44% @2022-12-03 16:18:00.658816
449 / 1000 = 44% @2022-12-03 16:18:01.885372
450 / 1000 = 45% @2022-12-03 16:18:03.664422
451 / 1000 = 45% @2022-12-03 16:18:10.676924
452 / 1000 = 45% @2022-12-03 16:18:12.674049
453 / 1000 = 45% @2022-12-03 16:18:15.481037
454 / 1000 = 45% @2022-12-03 16:18:19.408217
455 / 1000 = 45% @2022-12-03 16:18:20.149941
456 / 1000 = 45% @2022-12-03 16:18:27.690678
457 / 1000 = 45% @2022-12-03 16:18:27.943043
458 / 1000 = 45% @2022-12-03 16:18:28.691972
459 / 1000 = 45% @2022-12-03 16:18:29.304412
460 / 1000 = 46% @2022-12-03 16:18:36.791239
461 / 1000 = 46% @2022-12-03 16:18:43.460397
462 / 1000 = 46% @2022-12-03 16:18:47.906988
463 / 1000 = 46% @2022-12-03 16:18:49.212397
464 / 1000 = 46% @2022-12-03 16:18:51.049636
465 / 1000 = 46% @2022-12-03 16:18:58.705691
466 / 1000 = 46% @2022-12-03 16:19:00.758247
467 / 1000 = 46% @2022-12-03 16:19:00.952070
468 / 1000 = 46% @2022-12-03 16:19:02.619369
469 / 1000 = 46% @2022-12-03 16:19:04.683145
470 / 1000 = 47% @2022-12-03 16:19:08.101294
471 / 1000 = 47% @2022-12-03 16:19:08.497335
472 / 1000 = 47% @2022-12-03 16:19:09.441181
473 / 1000 = 47% @2022-12-03 16:19:09.700460
474 / 1000 = 47% @2022-12-03 16:19:16.408320
475 / 1000 = 47% @2022-12-03 16:19:16.895385
476 / 1000 = 47% @2022-12-03 16:19:24.704727
477 / 1000 = 47% @2022-12-03 16:19:25.228794
478 / 1000 = 47% @2022-12-03 16:19:32.101705
479 / 1000 = 47% @2022-12-03 16:19:34.686016
480 / 1000 = 48% @2022-12-03 16:19:35.947082
481 / 1000 = 48% @2022-12-03 16:19:43.587432
482 / 1000 = 48% @2022-12-03 16:19:44.523967
483 / 1000 = 48% @2022-12-03 16:19:45.971024
484 / 1000 = 48% @2022-12-03 16:19:46.618860
485 / 1000 = 48% @2022-12-03 16:19:51.824928
486 / 1000 = 48% @2022-12-03 16:19:52.466827
487 / 1000 = 48% @2022-12-03 16:19:52.962292
488 / 1000 = 48% @2022-12-03 16:19:53.893393
489 / 1000 = 48% @2022-12-03 16:19:54.522217
490 / 1000 = 49% @2022-12-03 16:19:55.038578
491 / 1000 = 49% @2022-12-03 16:19:55.482789
492 / 1000 = 49% @2022-12-03 16:19:59.935754
493 / 1000 = 49% @2022-12-03 16:20:02.189453
494 / 1000 = 49% @2022-12-03 16:20:04.234823
495 / 1000 = 49% @2022-12-03 16:20:06.607035
496 / 1000 = 49% @2022-12-03 16:20:07.699515
497 / 1000 = 49% @2022-12-03 16:20:09.575702
498 / 1000 = 49% @2022-12-03 16:20:11.828216
499 / 1000 = 49% @2022-12-03 16:20:16.247563
500 / 1000 = 50% @2022-12-03 16:20:18.290973
501 / 1000 = 50% @2022-12-03 16:20:21.817099
502 / 1000 = 50% @2022-12-03 16:20:28.315732
503 / 1000 = 50% @2022-12-03 16:20:29.173000
504 / 1000 = 50% @2022-12-03 16:20:35.057060
505 / 1000 = 50% @2022-12-03 16:20:37.927776
506 / 1000 = 50% @2022-12-03 16:20:38.751998
507 / 1000 = 50% @2022-12-03 16:20:43.288829
508 / 1000 = 50% @2022-12-03 16:20:43.924137
509 / 1000 = 50% @2022-12-03 16:20:45.975873
510 / 1000 = 51% @2022-12-03 16:20:46.904858
511 / 1000 = 51% @2022-12-03 16:20:47.627688
512 / 1000 = 51% @2022-12-03 16:20:48.431835
513 / 1000 = 51% @2022-12-03 16:20:48.848911
514 / 1000 = 51% @2022-12-03 16:20:53.863436
515 / 1000 = 51% @2022-12-03 16:20:55.433203
516 / 1000 = 51% @2022-12-03 16:20:56.635901
517 / 1000 = 51% @2022-12-03 16:20:57.507948
518 / 1000 = 51% @2022-12-03 16:21:00.991560
519 / 1000 = 51% @2022-12-03 16:21:06.092096
520 / 1000 = 52% @2022-12-03 16:21:09.754327
521 / 1000 = 52% @2022-12-03 16:21:11.288687
522 / 1000 = 52% @2022-12-03 16:21:12.382304
523 / 1000 = 52% @2022-12-03 16:21:13.146715
524 / 1000 = 52% @2022-12-03 16:21:13.419765
525 / 1000 = 52% @2022-12-03 16:21:14.643299
526 / 1000 = 52% @2022-12-03 16:21:15.295155
527 / 1000 = 52% @2022-12-03 16:21:16.139395
528 / 1000 = 52% @2022-12-03 16:21:18.465862
529 / 1000 = 52% @2022-12-03 16:21:26.103828
530 / 1000 = 53% @2022-12-03 16:21:27.100454
531 / 1000 = 53% @2022-12-03 16:21:34.719242
532 / 1000 = 53% @2022-12-03 16:21:35.696304
533 / 1000 = 53% @2022-12-03 16:21:40.091706
534 / 1000 = 53% @2022-12-03 16:21:45.055727
535 / 1000 = 53% @2022-12-03 16:21:46.004649
536 / 1000 = 53% @2022-12-03 16:21:50.445005
537 / 1000 = 53% @2022-12-03 16:21:51.181810
538 / 1000 = 53% @2022-12-03 16:21:52.155654
539 / 1000 = 53% @2022-12-03 16:21:55.525743
540 / 1000 = 54% @2022-12-03 16:22:00.991172
541 / 1000 = 54% @2022-12-03 16:22:08.668979
542 / 1000 = 54% @2022-12-03 16:22:12.437886
543 / 1000 = 54% @2022-12-03 16:22:20.128032
544 / 1000 = 54% @2022-12-03 16:22:21.795413
545 / 1000 = 54% @2022-12-03 16:22:23.667120
546 / 1000 = 54% @2022-12-03 16:22:25.181520
547 / 1000 = 54% @2022-12-03 16:22:25.562797
548 / 1000 = 54% @2022-12-03 16:22:27.403007
549 / 1000 = 54% @2022-12-03 16:22:33.323703
550 / 1000 = 55% @2022-12-03 16:22:34.481423
551 / 1000 = 55% @2022-12-03 16:22:35.567529
552 / 1000 = 55% @2022-12-03 16:22:37.182232
553 / 1000 = 55% @2022-12-03 16:22:37.773548
554 / 1000 = 55% @2022-12-03 16:22:38.966670
555 / 1000 = 55% @2022-12-03 16:22:41.322664
556 / 1000 = 55% @2022-12-03 16:22:41.538188
557 / 1000 = 55% @2022-12-03 16:22:42.310200
558 / 1000 = 55% @2022-12-03 16:22:44.032115
559 / 1000 = 55% @2022-12-03 16:22:44.948566
560 / 1000 = 56% @2022-12-03 16:22:47.288153
561 / 1000 = 56% @2022-12-03 16:22:49.913644
562 / 1000 = 56% @2022-12-03 16:22:50.551440
563 / 1000 = 56% @2022-12-03 16:22:51.920489
564 / 1000 = 56% @2022-12-03 16:23:00.082890
565 / 1000 = 56% @2022-12-03 16:23:03.183409
566 / 1000 = 56% @2022-12-03 16:23:03.984088
567 / 1000 = 56% @2022-12-03 16:23:04.840694
568 / 1000 = 56% @2022-12-03 16:23:07.481117
569 / 1000 = 56% @2022-12-03 16:23:08.579127
570 / 1000 = 57% @2022-12-03 16:23:09.672988
571 / 1000 = 57% @2022-12-03 16:23:09.935374
572 / 1000 = 57% @2022-12-03 16:23:13.143667
573 / 1000 = 57% @2022-12-03 16:23:13.394038
574 / 1000 = 57% @2022-12-03 16:23:13.649523
575 / 1000 = 57% @2022-12-03 16:23:22.151375
576 / 1000 = 57% @2022-12-03 16:23:30.648092
577 / 1000 = 57% @2022-12-03 16:23:30.858044
578 / 1000 = 57% @2022-12-03 16:23:39.196589
579 / 1000 = 57% @2022-12-03 16:23:39.439315
580 / 1000 = 58% @2022-12-03 16:23:39.728886
581 / 1000 = 58% @2022-12-03 16:23:39.968879
582 / 1000 = 58% @2022-12-03 16:23:40.210406
583 / 1000 = 58% @2022-12-03 16:23:40.409134
584 / 1000 = 58% @2022-12-03 16:23:40.649446
585 / 1000 = 58% @2022-12-03 16:23:48.823086
586 / 1000 = 58% @2022-12-03 16:23:49.037465
587 / 1000 = 58% @2022-12-03 16:23:49.939851
588 / 1000 = 58% @2022-12-03 16:23:50.871929
589 / 1000 = 58% @2022-12-03 16:23:52.428823
590 / 1000 = 59% @2022-12-03 16:23:53.285295
591 / 1000 = 59% @2022-12-03 16:23:53.899092
592 / 1000 = 59% @2022-12-03 16:24:03.092008
593 / 1000 = 59% @2022-12-03 16:24:03.848150
594 / 1000 = 59% @2022-12-03 16:24:04.620256
595 / 1000 = 59% @2022-12-03 16:24:05.209514
596 / 1000 = 59% @2022-12-03 16:24:05.498320
597 / 1000 = 59% @2022-12-03 16:24:05.788894
598 / 1000 = 59% @2022-12-03 16:24:09.850502
599 / 1000 = 59% @2022-12-03 16:24:10.138820
600 / 1000 = 60% @2022-12-03 16:24:10.642636
601 / 1000 = 60% @2022-12-03 16:24:11.118818
602 / 1000 = 60% @2022-12-03 16:24:11.514928
603 / 1000 = 60% @2022-12-03 16:24:14.658393
604 / 1000 = 60% @2022-12-03 16:24:18.849266
605 / 1000 = 60% @2022-12-03 16:24:20.597598
606 / 1000 = 60% @2022-12-03 16:24:20.922973
607 / 1000 = 60% @2022-12-03 16:24:21.806598
608 / 1000 = 60% @2022-12-03 16:24:22.119102
609 / 1000 = 60% @2022-12-03 16:24:22.411092
610 / 1000 = 61% @2022-12-03 16:24:22.760077
611 / 1000 = 61% @2022-12-03 16:24:27.785970
612 / 1000 = 61% @2022-12-03 16:24:29.153189
613 / 1000 = 61% @2022-12-03 16:24:29.488444
614 / 1000 = 61% @2022-12-03 16:24:31.232725
615 / 1000 = 61% @2022-12-03 16:24:31.535378
616 / 1000 = 61% @2022-12-03 16:24:33.286096
617 / 1000 = 61% @2022-12-03 16:24:33.622203
618 / 1000 = 61% @2022-12-03 16:24:33.957093
619 / 1000 = 61% @2022-12-03 16:24:36.001825
620 / 1000 = 62% @2022-12-03 16:24:37.062301
621 / 1000 = 62% @2022-12-03 16:24:37.344975
622 / 1000 = 62% @2022-12-03 16:24:37.624641
623 / 1000 = 62% @2022-12-03 16:24:43.388614
624 / 1000 = 62% @2022-12-03 16:24:43.733746
625 / 1000 = 62% @2022-12-03 16:24:44.002701
626 / 1000 = 62% @2022-12-03 16:24:47.432458
627 / 1000 = 62% @2022-12-03 16:24:48.042688
628 / 1000 = 62% @2022-12-03 16:24:48.332023
629 / 1000 = 62% @2022-12-03 16:24:48.642026
630 / 1000 = 63% @2022-12-03 16:24:49.149855
631 / 1000 = 63% @2022-12-03 16:24:49.485991
632 / 1000 = 63% @2022-12-03 16:24:49.792331
633 / 1000 = 63% @2022-12-03 16:24:50.387161
634 / 1000 = 63% @2022-12-03 16:24:50.724202
635 / 1000 = 63% @2022-12-03 16:24:51.504992
636 / 1000 = 63% @2022-12-03 16:24:51.918566
637 / 1000 = 63% @2022-12-03 16:24:52.209215
638 / 1000 = 63% @2022-12-03 16:24:52.627009
639 / 1000 = 63% @2022-12-03 16:24:52.965616
640 / 1000 = 64% @2022-12-03 16:24:54.875560
641 / 1000 = 64% @2022-12-03 16:24:55.213750
642 / 1000 = 64% @2022-12-03 16:24:57.369790
643 / 1000 = 64% @2022-12-03 16:24:57.868126
644 / 1000 = 64% @2022-12-03 16:25:07.174792
645 / 1000 = 64% @2022-12-03 16:25:07.482342
646 / 1000 = 64% @2022-12-03 16:25:07.820029
647 / 1000 = 64% @2022-12-03 16:25:08.107607
648 / 1000 = 64% @2022-12-03 16:25:08.426345
649 / 1000 = 64% @2022-12-03 16:25:08.720107
650 / 1000 = 65% @2022-12-03 16:25:09.012131
651 / 1000 = 65% @2022-12-03 16:25:09.304020
652 / 1000 = 65% @2022-12-03 16:25:09.580165
653 / 1000 = 65% @2022-12-03 16:25:09.894803
654 / 1000 = 65% @2022-12-03 16:25:10.188084
655 / 1000 = 65% @2022-12-03 16:25:10.840107
656 / 1000 = 65% @2022-12-03 16:25:11.181588
657 / 1000 = 65% @2022-12-03 16:25:11.460218
658 / 1000 = 65% @2022-12-03 16:25:11.827938
659 / 1000 = 65% @2022-12-03 16:25:12.140455
660 / 1000 = 66% @2022-12-03 16:25:12.432185
661 / 1000 = 66% @2022-12-03 16:25:21.788136
662 / 1000 = 66% @2022-12-03 16:25:22.082503
663 / 1000 = 66% @2022-12-03 16:25:22.421277
664 / 1000 = 66% @2022-12-03 16:25:23.443985
665 / 1000 = 66% @2022-12-03 16:25:25.191319
666 / 1000 = 66% @2022-12-03 16:25:25.531082
667 / 1000 = 66% @2022-12-03 16:25:26.428812
668 / 1000 = 66% @2022-12-03 16:25:26.670845
669 / 1000 = 66% @2022-12-03 16:25:27.341586
670 / 1000 = 67% @2022-12-03 16:25:27.589954
671 / 1000 = 67% @2022-12-03 16:25:27.892824
672 / 1000 = 67% @2022-12-03 16:25:28.526070
673 / 1000 = 67% @2022-12-03 16:25:29.197018
674 / 1000 = 67% @2022-12-03 16:25:39.085063
675 / 1000 = 67% @2022-12-03 16:25:39.401032
676 / 1000 = 67% @2022-12-03 16:25:39.722071
677 / 1000 = 67% @2022-12-03 16:25:40.400150
678 / 1000 = 67% @2022-12-03 16:25:40.712254
679 / 1000 = 67% @2022-12-03 16:25:41.687178
680 / 1000 = 68% @2022-12-03 16:25:41.959384
681 / 1000 = 68% @2022-12-03 16:25:42.629802
682 / 1000 = 68% @2022-12-03 16:25:43.312480
683 / 1000 = 68% @2022-12-03 16:25:44.057497
684 / 1000 = 68% @2022-12-03 16:25:44.382055
685 / 1000 = 68% @2022-12-03 16:25:45.100519
686 / 1000 = 68% @2022-12-03 16:25:45.837382
687 / 1000 = 68% @2022-12-03 16:25:46.224049
688 / 1000 = 68% @2022-12-03 16:25:46.583878
689 / 1000 = 68% @2022-12-03 16:25:46.912075
690 / 1000 = 69% @2022-12-03 16:25:47.543737
691 / 1000 = 69% @2022-12-03 16:25:47.841125
692 / 1000 = 69% @2022-12-03 16:25:48.119546
693 / 1000 = 69% @2022-12-03 16:25:48.512662
694 / 1000 = 69% @2022-12-03 16:25:48.917469
695 / 1000 = 69% @2022-12-03 16:25:49.668513
696 / 1000 = 69% @2022-12-03 16:25:50.066633
697 / 1000 = 69% @2022-12-03 16:25:50.554231
698 / 1000 = 69% @2022-12-03 16:25:50.927749
699 / 1000 = 69% @2022-12-03 16:25:52.917359
700 / 1000 = 70% @2022-12-03 16:25:53.201563
701 / 1000 = 70% @2022-12-03 16:25:53.583316
702 / 1000 = 70% @2022-12-03 16:25:53.981938
703 / 1000 = 70% @2022-12-03 16:25:54.360786
704 / 1000 = 70% @2022-12-03 16:25:54.756257
705 / 1000 = 70% @2022-12-03 16:25:55.537557
706 / 1000 = 70% @2022-12-03 16:26:03.208925
707 / 1000 = 70% @2022-12-03 16:26:06.348727
708 / 1000 = 70% @2022-12-03 16:26:06.658736
709 / 1000 = 70% @2022-12-03 16:26:08.103706
710 / 1000 = 71% @2022-12-03 16:26:15.375334
711 / 1000 = 71% @2022-12-03 16:26:21.419294
712 / 1000 = 71% @2022-12-03 16:26:32.023128
713 / 1000 = 71% @2022-12-03 16:26:44.713392
714 / 1000 = 71% @2022-12-03 16:26:49.673742
715 / 1000 = 71% @2022-12-03 16:26:51.099105
716 / 1000 = 71% @2022-12-03 16:26:53.022286
717 / 1000 = 71% @2022-12-03 16:27:03.061510
718 / 1000 = 71% @2022-12-03 16:27:15.768231
719 / 1000 = 71% @2022-12-03 16:27:16.302980
720 / 1000 = 72% @2022-12-03 16:27:29.082457
721 / 1000 = 72% @2022-12-03 16:27:41.787282
722 / 1000 = 72% @2022-12-03 16:27:45.695819
723 / 1000 = 72% @2022-12-03 16:27:57.967379
724 / 1000 = 72% @2022-12-03 16:27:59.348456
725 / 1000 = 72% @2022-12-03 16:27:59.788764
726 / 1000 = 72% @2022-12-03 16:28:11.852071
727 / 1000 = 72% @2022-12-03 16:28:12.220558
728 / 1000 = 72% @2022-12-03 16:28:12.596874
729 / 1000 = 72% @2022-12-03 16:28:13.139554
730 / 1000 = 73% @2022-12-03 16:28:26.311559
731 / 1000 = 73% @2022-12-03 16:28:26.701460
732 / 1000 = 73% @2022-12-03 16:28:29.048923
733 / 1000 = 73% @2022-12-03 16:28:31.396128
734 / 1000 = 73% @2022-12-03 16:28:31.787130
735 / 1000 = 73% @2022-12-03 16:28:35.289326
736 / 1000 = 73% @2022-12-03 16:28:35.729854
737 / 1000 = 73% @2022-12-03 16:28:36.125578
738 / 1000 = 73% @2022-12-03 16:28:50.076431
739 / 1000 = 73% @2022-12-03 16:28:51.910099
740 / 1000 = 74% @2022-12-03 16:28:52.400986
741 / 1000 = 74% @2022-12-03 16:28:59.254308
742 / 1000 = 74% @2022-12-03 16:29:13.208101
743 / 1000 = 74% @2022-12-03 16:29:13.582049
744 / 1000 = 74% @2022-12-03 16:29:14.316774
745 / 1000 = 74% @2022-12-03 16:29:17.601907
746 / 1000 = 74% @2022-12-03 16:29:31.549726
747 / 1000 = 74% @2022-12-03 16:29:36.208315
748 / 1000 = 74% @2022-12-03 16:29:42.034260
749 / 1000 = 74% @2022-12-03 16:29:47.688936
750 / 1000 = 75% @2022-12-03 16:29:53.002873
751 / 1000 = 75% @2022-12-03 16:30:04.875561
752 / 1000 = 75% @2022-12-03 16:30:11.849183
753 / 1000 = 75% @2022-12-03 16:30:18.190315
754 / 1000 = 75% @2022-12-03 16:30:18.589403
755 / 1000 = 75% @2022-12-03 16:30:18.978394
756 / 1000 = 75% @2022-12-03 16:30:19.362253
757 / 1000 = 75% @2022-12-03 16:30:19.752313
758 / 1000 = 75% @2022-12-03 16:30:20.138942
759 / 1000 = 75% @2022-12-03 16:30:20.524096
760 / 1000 = 76% @2022-12-03 16:30:20.913386
761 / 1000 = 76% @2022-12-03 16:30:21.302455
762 / 1000 = 76% @2022-12-03 16:30:21.680640
763 / 1000 = 76% @2022-12-03 16:30:22.067182
764 / 1000 = 76% @2022-12-03 16:30:22.453252
765 / 1000 = 76% @2022-12-03 16:30:22.841210
766 / 1000 = 76% @2022-12-03 16:30:23.304037
767 / 1000 = 76% @2022-12-03 16:30:23.682822
768 / 1000 = 76% @2022-12-03 16:30:24.065835
769 / 1000 = 76% @2022-12-03 16:30:24.449898
770 / 1000 = 77% @2022-12-03 16:30:24.828185
771 / 1000 = 77% @2022-12-03 16:30:25.211552
772 / 1000 = 77% @2022-12-03 16:30:25.595127
773 / 1000 = 77% @2022-12-03 16:30:26.010662
774 / 1000 = 77% @2022-12-03 16:30:26.473388
775 / 1000 = 77% @2022-12-03 16:30:26.924767
776 / 1000 = 77% @2022-12-03 16:30:27.323718
777 / 1000 = 77% @2022-12-03 16:30:27.706098
778 / 1000 = 77% @2022-12-03 16:30:28.093016
779 / 1000 = 77% @2022-12-03 16:30:28.551956
780 / 1000 = 78% @2022-12-03 16:30:29.278185
781 / 1000 = 78% @2022-12-03 16:30:29.725201
782 / 1000 = 78% @2022-12-03 16:30:30.209476
783 / 1000 = 78% @2022-12-03 16:30:30.741943
784 / 1000 = 78% @2022-12-03 16:30:31.278803
785 / 1000 = 78% @2022-12-03 16:30:31.775770
786 / 1000 = 78% @2022-12-03 16:30:33.093033
787 / 1000 = 78% @2022-12-03 16:30:40.950636
788 / 1000 = 78% @2022-12-03 16:30:41.822610
789 / 1000 = 78% @2022-12-03 16:30:43.239298
790 / 1000 = 79% @2022-12-03 16:30:44.158683
791 / 1000 = 79% @2022-12-03 16:30:46.070336
792 / 1000 = 79% @2022-12-03 16:30:47.920325
793 / 1000 = 79% @2022-12-03 16:30:49.756686
794 / 1000 = 79% @2022-12-03 16:30:52.611565
795 / 1000 = 79% @2022-12-03 16:30:54.093751
796 / 1000 = 79% @2022-12-03 16:30:55.290624
797 / 1000 = 79% @2022-12-03 16:30:57.709792
798 / 1000 = 79% @2022-12-03 16:30:59.167144
799 / 1000 = 79% @2022-12-03 16:31:00.029542
800 / 1000 = 80% @2022-12-03 16:31:03.428658
801 / 1000 = 80% @2022-12-03 16:31:04.855215
802 / 1000 = 80% @2022-12-03 16:31:05.789973
803 / 1000 = 80% @2022-12-03 16:31:06.629040
804 / 1000 = 80% @2022-12-03 16:31:10.688657
805 / 1000 = 80% @2022-12-03 16:31:11.939103
806 / 1000 = 80% @2022-12-03 16:31:12.627387
807 / 1000 = 80% @2022-12-03 16:31:13.544505
808 / 1000 = 80% @2022-12-03 16:31:14.452076
809 / 1000 = 80% @2022-12-03 16:31:17.276227
810 / 1000 = 81% @2022-12-03 16:31:18.651891
811 / 1000 = 81% @2022-12-03 16:31:19.453684
812 / 1000 = 81% @2022-12-03 16:31:19.972188
813 / 1000 = 81% @2022-12-03 16:31:21.078681
814 / 1000 = 81% @2022-12-03 16:31:21.517133
815 / 1000 = 81% @2022-12-03 16:31:23.271008
816 / 1000 = 81% @2022-12-03 16:31:24.948056
817 / 1000 = 81% @2022-12-03 16:31:26.649170
818 / 1000 = 81% @2022-12-03 16:31:28.489527
819 / 1000 = 81% @2022-12-03 16:31:31.724046
820 / 1000 = 82% @2022-12-03 16:31:32.957992
821 / 1000 = 82% @2022-12-03 16:31:34.331466
822 / 1000 = 82% @2022-12-03 16:31:36.080356
823 / 1000 = 82% @2022-12-03 16:31:40.020424
824 / 1000 = 82% @2022-12-03 16:31:41.630354
825 / 1000 = 82% @2022-12-03 16:31:43.398600
826 / 1000 = 82% @2022-12-03 16:31:45.507289
827 / 1000 = 82% @2022-12-03 16:31:46.115595
828 / 1000 = 82% @2022-12-03 16:31:46.777338
829 / 1000 = 82% @2022-12-03 16:31:48.629768
830 / 1000 = 83% @2022-12-03 16:31:50.281533
831 / 1000 = 83% @2022-12-03 16:31:51.890177
832 / 1000 = 83% @2022-12-03 16:31:53.001323
833 / 1000 = 83% @2022-12-03 16:31:53.590350
834 / 1000 = 83% @2022-12-03 16:31:54.262237
835 / 1000 = 83% @2022-12-03 16:31:54.915157
836 / 1000 = 83% @2022-12-03 16:31:56.842358
837 / 1000 = 83% @2022-12-03 16:31:58.097908
838 / 1000 = 83% @2022-12-03 16:31:59.109151
839 / 1000 = 83% @2022-12-03 16:32:01.980672
840 / 1000 = 84% @2022-12-03 16:32:02.431472
841 / 1000 = 84% @2022-12-03 16:32:02.880644
842 / 1000 = 84% @2022-12-03 16:32:13.577218
843 / 1000 = 84% @2022-12-03 16:32:14.163971
844 / 1000 = 84% @2022-12-03 16:32:14.695895
845 / 1000 = 84% @2022-12-03 16:32:15.211753
846 / 1000 = 84% @2022-12-03 16:32:15.708968
847 / 1000 = 84% @2022-12-03 16:32:16.233119
848 / 1000 = 84% @2022-12-03 16:32:16.733763
849 / 1000 = 84% @2022-12-03 16:32:17.668350
850 / 1000 = 85% @2022-12-03 16:32:18.156454
851 / 1000 = 85% @2022-12-03 16:32:37.809011
852 / 1000 = 85% @2022-12-03 16:32:38.412856
853 / 1000 = 85% @2022-12-03 16:32:39.713686
854 / 1000 = 85% @2022-12-03 16:32:40.471348
855 / 1000 = 85% @2022-12-03 16:32:42.403025
856 / 1000 = 85% @2022-12-03 16:32:43.441013
857 / 1000 = 85% @2022-12-03 16:32:45.076234
858 / 1000 = 85% @2022-12-03 16:32:45.799015
859 / 1000 = 85% @2022-12-03 16:32:47.006462
860 / 1000 = 86% @2022-12-03 16:32:47.686581
861 / 1000 = 86% @2022-12-03 16:32:49.994049
862 / 1000 = 86% @2022-12-03 16:32:51.877871
863 / 1000 = 86% @2022-12-03 16:32:52.567698
864 / 1000 = 86% @2022-12-03 16:32:53.262246
865 / 1000 = 86% @2022-12-03 16:32:53.783237
866 / 1000 = 86% @2022-12-03 16:32:54.538888
867 / 1000 = 86% @2022-12-03 16:32:55.868506
868 / 1000 = 86% @2022-12-03 16:32:57.884515
869 / 1000 = 86% @2022-12-03 16:32:58.629852
870 / 1000 = 87% @2022-12-03 16:33:00.252437
871 / 1000 = 87% @2022-12-03 16:33:00.955915
872 / 1000 = 87% @2022-12-03 16:33:01.651800
873 / 1000 = 87% @2022-12-03 16:33:02.223893
874 / 1000 = 87% @2022-12-03 16:33:02.822135
875 / 1000 = 87% @2022-12-03 16:33:03.520008
876 / 1000 = 87% @2022-12-03 16:33:06.622251
877 / 1000 = 87% @2022-12-03 16:33:07.245787
878 / 1000 = 87% @2022-12-03 16:33:07.817089
879 / 1000 = 87% @2022-12-03 16:33:08.344598
880 / 1000 = 88% @2022-12-03 16:33:09.025017
881 / 1000 = 88% @2022-12-03 16:33:09.718739
882 / 1000 = 88% @2022-12-03 16:33:10.939926
883 / 1000 = 88% @2022-12-03 16:33:11.566342
884 / 1000 = 88% @2022-12-03 16:33:12.261275
885 / 1000 = 88% @2022-12-03 16:33:35.936487
886 / 1000 = 88% @2022-12-03 16:33:37.078148
887 / 1000 = 88% @2022-12-03 16:33:50.072641
888 / 1000 = 88% @2022-12-03 16:33:51.438227
889 / 1000 = 88% @2022-12-03 16:33:52.791758
890 / 1000 = 89% @2022-12-03 16:33:53.973027
891 / 1000 = 89% @2022-12-03 16:33:54.776101
892 / 1000 = 89% @2022-12-03 16:34:18.183076
893 / 1000 = 89% @2022-12-03 16:34:18.949605
894 / 1000 = 89% @2022-12-03 16:34:20.092535
895 / 1000 = 89% @2022-12-03 16:34:20.882184
896 / 1000 = 89% @2022-12-03 16:34:42.975511
897 / 1000 = 89% @2022-12-03 16:35:04.964024
898 / 1000 = 89% @2022-12-03 16:35:06.498888
899 / 1000 = 89% @2022-12-03 16:35:11.430333
900 / 1000 = 90% @2022-12-03 16:35:29.733711
901 / 1000 = 90% @2022-12-03 16:35:52.791785
902 / 1000 = 90% @2022-12-03 16:36:15.264617
903 / 1000 = 90% @2022-12-03 16:36:37.656782
904 / 1000 = 90% @2022-12-03 16:37:03.354268
905 / 1000 = 90% @2022-12-03 16:37:04.149501
906 / 1000 = 90% @2022-12-03 16:37:29.840692
907 / 1000 = 90% @2022-12-03 16:37:32.448042
908 / 1000 = 90% @2022-12-03 16:37:33.284717
909 / 1000 = 90% @2022-12-03 16:37:36.939002
910 / 1000 = 91% @2022-12-03 16:37:37.694272
911 / 1000 = 91% @2022-12-03 16:37:45.530563
912 / 1000 = 91% @2022-12-03 16:38:00.566666
913 / 1000 = 91% @2022-12-03 16:38:01.737282
914 / 1000 = 91% @2022-12-03 16:38:02.574253
915 / 1000 = 91% @2022-12-03 16:38:06.716827
916 / 1000 = 91% @2022-12-03 16:38:14.655659
917 / 1000 = 91% @2022-12-03 16:38:21.654155
918 / 1000 = 91% @2022-12-03 16:38:27.019364
919 / 1000 = 91% @2022-12-03 16:38:28.132147
920 / 1000 = 92% @2022-12-03 16:38:29.019637
921 / 1000 = 92% @2022-12-03 16:38:30.190030
922 / 1000 = 92% @2022-12-03 16:38:31.384905
923 / 1000 = 92% @2022-12-03 16:38:32.603594
924 / 1000 = 92% @2022-12-03 16:38:33.575185
925 / 1000 = 92% @2022-12-03 16:38:34.814828
926 / 1000 = 92% @2022-12-03 16:38:35.688232
927 / 1000 = 92% @2022-12-03 16:38:36.563039
928 / 1000 = 92% @2022-12-03 16:38:44.348178
929 / 1000 = 92% @2022-12-03 16:38:45.573434
930 / 1000 = 93% @2022-12-03 16:38:57.272438
931 / 1000 = 93% @2022-12-03 16:38:58.487577
932 / 1000 = 93% @2022-12-03 16:39:18.427982
933 / 1000 = 93% @2022-12-03 16:39:22.001843
934 / 1000 = 93% @2022-12-03 16:39:28.436689
935 / 1000 = 93% @2022-12-03 16:39:41.398464
936 / 1000 = 93% @2022-12-03 16:40:05.900297
937 / 1000 = 93% @2022-12-03 16:40:09.108959
938 / 1000 = 93% @2022-12-03 16:40:10.988632
939 / 1000 = 93% @2022-12-03 16:40:11.701652
940 / 1000 = 94% @2022-12-03 16:40:12.468767
941 / 1000 = 94% @2022-12-03 16:40:13.134039
942 / 1000 = 94% @2022-12-03 16:40:16.892189
943 / 1000 = 94% @2022-12-03 16:40:17.740164
944 / 1000 = 94% @2022-12-03 16:40:18.592961
945 / 1000 = 94% @2022-12-03 16:40:19.479562
946 / 1000 = 94% @2022-12-03 16:40:20.327700
947 / 1000 = 94% @2022-12-03 16:40:21.172862
948 / 1000 = 94% @2022-12-03 16:40:22.150411
949 / 1000 = 94% @2022-12-03 16:40:23.145588
950 / 1000 = 95% @2022-12-03 16:40:24.360198
951 / 1000 = 95% @2022-12-03 16:40:25.229729
952 / 1000 = 95% @2022-12-03 16:40:26.075281
953 / 1000 = 95% @2022-12-03 16:40:27.372185
954 / 1000 = 95% @2022-12-03 16:40:28.272033
955 / 1000 = 95% @2022-12-03 16:40:29.175496
956 / 1000 = 95% @2022-12-03 16:40:30.219336
957 / 1000 = 95% @2022-12-03 16:40:31.204570
958 / 1000 = 95% @2022-12-03 16:40:32.130394
959 / 1000 = 95% @2022-12-03 16:40:58.566906
960 / 1000 = 96% @2022-12-03 16:40:59.505482
961 / 1000 = 96% @2022-12-03 16:41:00.417764
962 / 1000 = 96% @2022-12-03 16:41:01.508212
963 / 1000 = 96% @2022-12-03 16:41:02.461568
964 / 1000 = 96% @2022-12-03 16:41:03.265246
965 / 1000 = 96% @2022-12-03 16:41:04.124934
966 / 1000 = 96% @2022-12-03 16:41:04.933730
967 / 1000 = 96% @2022-12-03 16:41:12.463874
968 / 1000 = 96% @2022-12-03 16:41:13.400908
969 / 1000 = 96% @2022-12-03 16:41:14.302303
970 / 1000 = 97% @2022-12-03 16:41:15.116700
971 / 1000 = 97% @2022-12-03 16:41:16.672678
972 / 1000 = 97% @2022-12-03 16:41:18.887700
973 / 1000 = 97% @2022-12-03 16:41:29.957445
974 / 1000 = 97% @2022-12-03 16:41:32.683086
975 / 1000 = 97% @2022-12-03 16:41:35.371662
976 / 1000 = 97% @2022-12-03 16:41:43.338624
977 / 1000 = 97% @2022-12-03 16:42:10.894646
978 / 1000 = 97% @2022-12-03 16:42:11.779947
979 / 1000 = 97% @2022-12-03 16:42:14.053198
980 / 1000 = 98% @2022-12-03 16:42:14.962211
981 / 1000 = 98% @2022-12-03 16:42:17.198607
982 / 1000 = 98% @2022-12-03 16:42:18.093540
983 / 1000 = 98% @2022-12-03 16:42:20.642297
984 / 1000 = 98% @2022-12-03 16:42:52.340177
985 / 1000 = 98% @2022-12-03 16:42:56.980383
986 / 1000 = 98% @2022-12-03 16:43:06.796997
987 / 1000 = 98% @2022-12-03 16:43:12.536012
988 / 1000 = 98% @2022-12-03 16:43:13.580310
989 / 1000 = 98% @2022-12-03 16:43:15.924532
990 / 1000 = 99% @2022-12-03 16:43:16.909893
991 / 1000 = 99% @2022-12-03 16:43:21.455582
992 / 1000 = 99% @2022-12-03 16:43:27.257703
993 / 1000 = 99% @2022-12-03 16:43:28.236307
994 / 1000 = 99% @2022-12-03 16:43:58.451322
995 / 1000 = 99% @2022-12-03 16:44:26.284572
996 / 1000 = 99% @2022-12-03 16:44:32.341685
997 / 1000 = 99% @2022-12-03 16:44:33.509769
998 / 1000 = 99% @2022-12-03 16:44:38.128369
999 / 1000 = 99% @2022-12-03 16:44:39.560777
1000 / 1000 = 100% @2022-12-03 16:44:41.185538
