
                           START @2022-12-03 17:49:28.232423
----------------------------------------------------------------------------------------
args.config_file='config_files/modify_inc/least_random.ini'
----------------------------------------------------------------------------------------
---------------------------------------- CONFIG -----------------------------------------
----------------------------------------------------------------------------------------
seed=0
device=device(type='cuda', index=0)
torch.backends.cudnn.enabled=False
Starting modification: initial=0, start=None, end=1000, @2022-12-03 17:49:30.303171
0 / 1000 = 0% @2022-12-03 17:49:30.303192
1 / 1000 = 0% @2022-12-03 17:49:30.631262
2 / 1000 = 0% @2022-12-03 17:49:30.648147
3 / 1000 = 0% @2022-12-03 17:49:30.664327
4 / 1000 = 0% @2022-12-03 17:49:30.690131
5 / 1000 = 0% @2022-12-03 17:49:30.920612
6 / 1000 = 0% @2022-12-03 17:49:30.948647
7 / 1000 = 0% @2022-12-03 17:49:30.976563
8 / 1000 = 0% @2022-12-03 17:49:31.008393
9 / 1000 = 0% @2022-12-03 17:49:31.038155
10 / 1000 = 1% @2022-12-03 17:49:31.670107
11 / 1000 = 1% @2022-12-03 17:49:31.849449
12 / 1000 = 1% @2022-12-03 17:49:31.909896
13 / 1000 = 1% @2022-12-03 17:49:32.383282
14 / 1000 = 1% @2022-12-03 17:49:33.098752
15 / 1000 = 1% @2022-12-03 17:49:33.142279
16 / 1000 = 1% @2022-12-03 17:49:33.174876
17 / 1000 = 1% @2022-12-03 17:49:33.850220
18 / 1000 = 1% @2022-12-03 17:49:33.874341
19 / 1000 = 1% @2022-12-03 17:49:33.894429
20 / 1000 = 2% @2022-12-03 17:49:34.076685
21 / 1000 = 2% @2022-12-03 17:49:34.107401
22 / 1000 = 2% @2022-12-03 17:49:34.282299
23 / 1000 = 2% @2022-12-03 17:49:34.311304
24 / 1000 = 2% @2022-12-03 17:49:34.345801
25 / 1000 = 2% @2022-12-03 17:49:34.378024
26 / 1000 = 2% @2022-12-03 17:49:34.563622
27 / 1000 = 2% @2022-12-03 17:49:34.603955
28 / 1000 = 2% @2022-12-03 17:49:34.787687
29 / 1000 = 2% @2022-12-03 17:49:35.398501
30 / 1000 = 3% @2022-12-03 17:49:35.430963
31 / 1000 = 3% @2022-12-03 17:49:35.465194
32 / 1000 = 3% @2022-12-03 17:49:35.499117
33 / 1000 = 3% @2022-12-03 17:49:35.705310
34 / 1000 = 3% @2022-12-03 17:49:35.773157
35 / 1000 = 3% @2022-12-03 17:49:35.797220
36 / 1000 = 3% @2022-12-03 17:49:36.349623
37 / 1000 = 3% @2022-12-03 17:49:36.454563
38 / 1000 = 3% @2022-12-03 17:49:37.229406
39 / 1000 = 3% @2022-12-03 17:49:37.847347
40 / 1000 = 4% @2022-12-03 17:49:37.882845
41 / 1000 = 4% @2022-12-03 17:49:38.085721
42 / 1000 = 4% @2022-12-03 17:49:38.792956
43 / 1000 = 4% @2022-12-03 17:49:38.830277
44 / 1000 = 4% @2022-12-03 17:49:38.902238
45 / 1000 = 4% @2022-12-03 17:49:38.968672
46 / 1000 = 4% @2022-12-03 17:49:38.992726
47 / 1000 = 4% @2022-12-03 17:49:39.195126
48 / 1000 = 4% @2022-12-03 17:49:39.234467
49 / 1000 = 4% @2022-12-03 17:49:39.270028
50 / 1000 = 5% @2022-12-03 17:49:39.308160
51 / 1000 = 5% @2022-12-03 17:49:39.887854
52 / 1000 = 5% @2022-12-03 17:49:40.204904
53 / 1000 = 5% @2022-12-03 17:49:40.238299
54 / 1000 = 5% @2022-12-03 17:49:40.576397
55 / 1000 = 5% @2022-12-03 17:49:40.613870
56 / 1000 = 5% @2022-12-03 17:49:40.647645
57 / 1000 = 5% @2022-12-03 17:49:40.853235
58 / 1000 = 5% @2022-12-03 17:49:40.886818
59 / 1000 = 5% @2022-12-03 17:49:41.380730
60 / 1000 = 6% @2022-12-03 17:49:41.574333
61 / 1000 = 6% @2022-12-03 17:49:42.298704
62 / 1000 = 6% @2022-12-03 17:49:42.493257
63 / 1000 = 6% @2022-12-03 17:49:42.539501
64 / 1000 = 6% @2022-12-03 17:49:43.020914
65 / 1000 = 6% @2022-12-03 17:49:43.064227
66 / 1000 = 6% @2022-12-03 17:49:43.115586
67 / 1000 = 6% @2022-12-03 17:49:43.330130
68 / 1000 = 6% @2022-12-03 17:49:43.372594
69 / 1000 = 6% @2022-12-03 17:49:43.415854
70 / 1000 = 7% @2022-12-03 17:49:43.458871
71 / 1000 = 7% @2022-12-03 17:49:45.364853
72 / 1000 = 7% @2022-12-03 17:49:45.424042
73 / 1000 = 7% @2022-12-03 17:49:45.492503
74 / 1000 = 7% @2022-12-03 17:49:45.546274
75 / 1000 = 7% @2022-12-03 17:49:45.599474
76 / 1000 = 7% @2022-12-03 17:49:45.669334
77 / 1000 = 7% @2022-12-03 17:49:45.728771
78 / 1000 = 7% @2022-12-03 17:49:45.771783
79 / 1000 = 7% @2022-12-03 17:49:45.838140
80 / 1000 = 8% @2022-12-03 17:49:46.794571
81 / 1000 = 8% @2022-12-03 17:49:48.005611
82 / 1000 = 8% @2022-12-03 17:49:48.076955
83 / 1000 = 8% @2022-12-03 17:49:48.661976
84 / 1000 = 8% @2022-12-03 17:49:48.715951
85 / 1000 = 8% @2022-12-03 17:49:50.348053
86 / 1000 = 8% @2022-12-03 17:49:51.018529
87 / 1000 = 8% @2022-12-03 17:49:51.323351
88 / 1000 = 8% @2022-12-03 17:49:51.362663
89 / 1000 = 8% @2022-12-03 17:49:51.410314
90 / 1000 = 9% @2022-12-03 17:49:51.608163
91 / 1000 = 9% @2022-12-03 17:49:51.674859
92 / 1000 = 9% @2022-12-03 17:49:51.737684
93 / 1000 = 9% @2022-12-03 17:49:51.792243
94 / 1000 = 9% @2022-12-03 17:49:52.864056
95 / 1000 = 9% @2022-12-03 17:49:52.949938
96 / 1000 = 9% @2022-12-03 17:49:53.876633
97 / 1000 = 9% @2022-12-03 17:49:55.915307
98 / 1000 = 9% @2022-12-03 17:49:55.978274
99 / 1000 = 9% @2022-12-03 17:49:56.742055
100 / 1000 = 10% @2022-12-03 17:49:56.788572
101 / 1000 = 10% @2022-12-03 17:49:58.260679
102 / 1000 = 10% @2022-12-03 17:49:58.357570
103 / 1000 = 10% @2022-12-03 17:49:59.066205
104 / 1000 = 10% @2022-12-03 17:50:00.220287
105 / 1000 = 10% @2022-12-03 17:50:00.726963
106 / 1000 = 10% @2022-12-03 17:50:01.256536
107 / 1000 = 10% @2022-12-03 17:50:01.408480
108 / 1000 = 10% @2022-12-03 17:50:01.467620
109 / 1000 = 10% @2022-12-03 17:50:03.051770
110 / 1000 = 11% @2022-12-03 17:50:03.156425
111 / 1000 = 11% @2022-12-03 17:50:06.435000
112 / 1000 = 11% @2022-12-03 17:50:06.545015
113 / 1000 = 11% @2022-12-03 17:50:06.715992
114 / 1000 = 11% @2022-12-03 17:50:06.785278
115 / 1000 = 11% @2022-12-03 17:50:07.213608
116 / 1000 = 11% @2022-12-03 17:50:07.311390
117 / 1000 = 11% @2022-12-03 17:50:08.501733
118 / 1000 = 11% @2022-12-03 17:50:11.410291
119 / 1000 = 11% @2022-12-03 17:50:13.058362
120 / 1000 = 12% @2022-12-03 17:50:16.209229
121 / 1000 = 12% @2022-12-03 17:50:17.168320
122 / 1000 = 12% @2022-12-03 17:50:17.271406
123 / 1000 = 12% @2022-12-03 17:50:17.591905
124 / 1000 = 12% @2022-12-03 17:50:17.907267
125 / 1000 = 12% @2022-12-03 17:50:18.212981
126 / 1000 = 12% @2022-12-03 17:50:19.163531
127 / 1000 = 12% @2022-12-03 17:50:19.415517
128 / 1000 = 12% @2022-12-03 17:50:19.520340
129 / 1000 = 12% @2022-12-03 17:50:19.840193
130 / 1000 = 13% @2022-12-03 17:50:20.798757
131 / 1000 = 13% @2022-12-03 17:50:21.754960
132 / 1000 = 13% @2022-12-03 17:50:22.706404
133 / 1000 = 13% @2022-12-03 17:50:22.985128
134 / 1000 = 13% @2022-12-03 17:50:24.872753
135 / 1000 = 13% @2022-12-03 17:50:25.203613
136 / 1000 = 13% @2022-12-03 17:50:25.524398
137 / 1000 = 13% @2022-12-03 17:50:26.078205
138 / 1000 = 13% @2022-12-03 17:50:26.404730
139 / 1000 = 13% @2022-12-03 17:50:26.532611
140 / 1000 = 14% @2022-12-03 17:50:26.881515
141 / 1000 = 14% @2022-12-03 17:50:26.993910
142 / 1000 = 14% @2022-12-03 17:50:27.099146
143 / 1000 = 14% @2022-12-03 17:50:27.384580
144 / 1000 = 14% @2022-12-03 17:50:27.497026
145 / 1000 = 14% @2022-12-03 17:50:27.583188
146 / 1000 = 14% @2022-12-03 17:50:27.716990
147 / 1000 = 14% @2022-12-03 17:50:27.858289
148 / 1000 = 14% @2022-12-03 17:50:28.000136
149 / 1000 = 14% @2022-12-03 17:50:28.352225
150 / 1000 = 15% @2022-12-03 17:50:28.693380
151 / 1000 = 15% @2022-12-03 17:50:28.813771
152 / 1000 = 15% @2022-12-03 17:50:28.931323
153 / 1000 = 15% @2022-12-03 17:50:29.738781
154 / 1000 = 15% @2022-12-03 17:50:29.868871
155 / 1000 = 15% @2022-12-03 17:50:30.409982
156 / 1000 = 15% @2022-12-03 17:50:30.531391
157 / 1000 = 15% @2022-12-03 17:50:30.681643
158 / 1000 = 15% @2022-12-03 17:50:30.834785
159 / 1000 = 15% @2022-12-03 17:50:30.960873
160 / 1000 = 16% @2022-12-03 17:50:31.059271
161 / 1000 = 16% @2022-12-03 17:50:31.514189
162 / 1000 = 16% @2022-12-03 17:50:32.213380
163 / 1000 = 16% @2022-12-03 17:50:32.363422
164 / 1000 = 16% @2022-12-03 17:50:32.517024
165 / 1000 = 16% @2022-12-03 17:50:37.760620
166 / 1000 = 16% @2022-12-03 17:50:37.886143
167 / 1000 = 16% @2022-12-03 17:50:38.631160
168 / 1000 = 16% @2022-12-03 17:50:38.754898
169 / 1000 = 16% @2022-12-03 17:50:38.900536
170 / 1000 = 17% @2022-12-03 17:50:39.051327
171 / 1000 = 17% @2022-12-03 17:50:39.165231
172 / 1000 = 17% @2022-12-03 17:50:39.304230
173 / 1000 = 17% @2022-12-03 17:50:39.446242
174 / 1000 = 17% @2022-12-03 17:50:39.606083
175 / 1000 = 17% @2022-12-03 17:50:39.770465
176 / 1000 = 17% @2022-12-03 17:50:39.921034
177 / 1000 = 17% @2022-12-03 17:50:40.081730
178 / 1000 = 17% @2022-12-03 17:50:40.385953
179 / 1000 = 17% @2022-12-03 17:50:40.713056
180 / 1000 = 18% @2022-12-03 17:50:40.836867
181 / 1000 = 18% @2022-12-03 17:50:41.138534
182 / 1000 = 18% @2022-12-03 17:50:41.439213
183 / 1000 = 18% @2022-12-03 17:50:41.806744
184 / 1000 = 18% @2022-12-03 17:50:42.105543
185 / 1000 = 18% @2022-12-03 17:50:42.245334
186 / 1000 = 18% @2022-12-03 17:50:42.402543
187 / 1000 = 18% @2022-12-03 17:50:42.705433
188 / 1000 = 18% @2022-12-03 17:50:43.033146
189 / 1000 = 18% @2022-12-03 17:50:43.184788
190 / 1000 = 19% @2022-12-03 17:50:43.517297
191 / 1000 = 19% @2022-12-03 17:50:43.846653
192 / 1000 = 19% @2022-12-03 17:50:44.296491
193 / 1000 = 19% @2022-12-03 17:50:44.459077
194 / 1000 = 19% @2022-12-03 17:50:44.610522
195 / 1000 = 19% @2022-12-03 17:50:45.242611
196 / 1000 = 19% @2022-12-03 17:50:45.395071
197 / 1000 = 19% @2022-12-03 17:50:45.519483
198 / 1000 = 19% @2022-12-03 17:50:45.645553
199 / 1000 = 19% @2022-12-03 17:50:45.817711
200 / 1000 = 20% @2022-12-03 17:50:45.978807
201 / 1000 = 20% @2022-12-03 17:50:49.198525
202 / 1000 = 20% @2022-12-03 17:50:49.326819
203 / 1000 = 20% @2022-12-03 17:50:49.457407
204 / 1000 = 20% @2022-12-03 17:50:49.581018
205 / 1000 = 20% @2022-12-03 17:50:49.755634
206 / 1000 = 20% @2022-12-03 17:50:50.804317
207 / 1000 = 20% @2022-12-03 17:50:51.619687
208 / 1000 = 20% @2022-12-03 17:50:51.801398
209 / 1000 = 20% @2022-12-03 17:50:51.953782
210 / 1000 = 21% @2022-12-03 17:50:52.091000
211 / 1000 = 21% @2022-12-03 17:50:52.300594
212 / 1000 = 21% @2022-12-03 17:50:52.506896
213 / 1000 = 21% @2022-12-03 17:50:52.712525
214 / 1000 = 21% @2022-12-03 17:50:52.918830
215 / 1000 = 21% @2022-12-03 17:50:53.124262
216 / 1000 = 21% @2022-12-03 17:50:53.330948
217 / 1000 = 21% @2022-12-03 17:50:53.515053
218 / 1000 = 21% @2022-12-03 17:50:53.686526
219 / 1000 = 21% @2022-12-03 17:50:53.869500
220 / 1000 = 22% @2022-12-03 17:50:54.071375
221 / 1000 = 22% @2022-12-03 17:50:54.837557
222 / 1000 = 22% @2022-12-03 17:50:55.024723
223 / 1000 = 22% @2022-12-03 17:50:55.791310
224 / 1000 = 22% @2022-12-03 17:50:55.975208
225 / 1000 = 22% @2022-12-03 17:50:56.764245
226 / 1000 = 22% @2022-12-03 17:50:56.948451
227 / 1000 = 22% @2022-12-03 17:50:59.195028
228 / 1000 = 22% @2022-12-03 17:51:00.324985
229 / 1000 = 22% @2022-12-03 17:51:00.850543
