
                           START @2022-11-23 09:38:08.954879
----------------------------------------------------------------------------------------
----------------------------------------------------------------------------------------
---------------------------------------- CONFIG -----------------------------------------
----------------------------------------------------------------------------------------
seed=0
device=device(type='cuda', index=1)
torch.backends.cudnn.enabled=False
Starting explanations: initial=0, start=1000000, end=None, total=361 @2022-11-23 09:38:11.675152
0 / 361 = 0% @2022-11-23 09:38:11.689755
1 / 361 = 0% @2022-11-23 09:38:11.689803
2 / 361 = 0% @2022-11-23 09:38:11.730516
3 / 361 = 0% @2022-11-23 09:38:11.730564
4 / 361 = 1% @2022-11-23 09:38:11.730658
5 / 361 = 1% @2022-11-23 09:38:11.730684
6 / 361 = 1% @2022-11-23 09:38:11.754637
7 / 361 = 1% @2022-11-23 09:38:11.759969
8 / 361 = 2% @2022-11-23 09:38:11.760138
9 / 361 = 2% @2022-11-23 09:38:11.760185
10 / 361 = 2% @2022-11-23 09:38:11.760330
11 / 361 = 3% @2022-11-23 09:38:11.760384
12 / 361 = 3% @2022-11-23 09:38:11.760527
13 / 361 = 3% @2022-11-23 09:38:11.760553
14 / 361 = 3% @2022-11-23 09:38:11.760679
15 / 361 = 4% @2022-11-23 09:38:11.760705
16 / 361 = 4% @2022-11-23 09:38:11.760828
17 / 361 = 4% @2022-11-23 09:38:11.760846
18 / 361 = 4% @2022-11-23 09:38:11.761033
19 / 361 = 5% @2022-11-23 09:38:11.761057
20 / 361 = 5% @2022-11-23 09:38:11.761247
21 / 361 = 5% @2022-11-23 09:38:11.761269
22 / 361 = 6% @2022-11-23 09:38:11.761398
23 / 361 = 6% @2022-11-23 09:38:11.761420
24 / 361 = 6% @2022-11-23 09:38:11.761671
25 / 361 = 6% @2022-11-23 09:38:11.761694
26 / 361 = 7% @2022-11-23 09:38:11.761831
27 / 361 = 7% @2022-11-23 09:38:11.761851
28 / 361 = 7% @2022-11-23 09:38:11.761993
29 / 361 = 8% @2022-11-23 09:38:11.762014
30 / 361 = 8% @2022-11-23 09:38:11.762170
31 / 361 = 8% @2022-11-23 09:38:11.762187
32 / 361 = 8% @2022-11-23 09:38:11.762354
33 / 361 = 9% @2022-11-23 09:38:11.762376
34 / 361 = 9% @2022-11-23 09:38:11.765653
35 / 361 = 9% @2022-11-23 09:38:11.765691
36 / 361 = 9% @2022-11-23 09:38:11.765876
37 / 361 = 10% @2022-11-23 09:38:11.765896
38 / 361 = 10% @2022-11-23 09:38:11.766085
39 / 361 = 10% @2022-11-23 09:38:11.766105
40 / 361 = 11% @2022-11-23 09:38:11.766444
41 / 361 = 11% @2022-11-23 09:38:11.766466
42 / 361 = 11% @2022-11-23 09:38:11.767784
43 / 361 = 11% @2022-11-23 09:38:11.767816
44 / 361 = 12% @2022-11-23 09:38:11.768010
45 / 361 = 12% @2022-11-23 09:38:11.768029
46 / 361 = 12% @2022-11-23 09:38:12.160954
47 / 361 = 13% @2022-11-23 09:38:12.161006
48 / 361 = 13% @2022-11-23 09:38:12.161216
49 / 361 = 13% @2022-11-23 09:38:12.161241
50 / 361 = 13% @2022-11-23 09:38:12.161490
51 / 361 = 14% @2022-11-23 09:38:12.161511
52 / 361 = 14% @2022-11-23 09:38:12.161790
53 / 361 = 14% @2022-11-23 09:38:12.161816
54 / 361 = 14% @2022-11-23 09:38:12.162061
55 / 361 = 15% @2022-11-23 09:38:12.162086
56 / 361 = 15% @2022-11-23 09:38:12.162358
57 / 361 = 15% @2022-11-23 09:38:12.162379
58 / 361 = 16% @2022-11-23 09:38:12.162674
59 / 361 = 16% @2022-11-23 09:38:12.162692
60 / 361 = 16% @2022-11-23 09:38:12.163014
61 / 361 = 16% @2022-11-23 09:38:12.163039
62 / 361 = 17% @2022-11-23 09:38:12.163389
63 / 361 = 17% @2022-11-23 09:38:12.163413
64 / 361 = 17% @2022-11-23 09:38:12.163758
65 / 361 = 18% @2022-11-23 09:38:12.163778
66 / 361 = 18% @2022-11-23 09:38:12.164154
67 / 361 = 18% @2022-11-23 09:38:12.167177
68 / 361 = 18% @2022-11-23 09:38:12.470451
69 / 361 = 19% @2022-11-23 09:38:12.470499
70 / 361 = 19% @2022-11-23 09:38:12.470915
71 / 361 = 19% @2022-11-23 09:38:12.470936
72 / 361 = 19% @2022-11-23 09:38:12.471371
73 / 361 = 20% @2022-11-23 09:38:12.471394
74 / 361 = 20% @2022-11-23 09:38:12.471822
75 / 361 = 20% @2022-11-23 09:38:12.471843
76 / 361 = 21% @2022-11-23 09:38:12.472297
77 / 361 = 21% @2022-11-23 09:38:12.472317
78 / 361 = 21% @2022-11-23 09:38:12.472785
79 / 361 = 21% @2022-11-23 09:38:12.472806
80 / 361 = 22% @2022-11-23 09:38:12.473183
81 / 361 = 22% @2022-11-23 09:38:12.473201
82 / 361 = 22% @2022-11-23 09:38:12.541334
83 / 361 = 22% @2022-11-23 09:38:12.541380
84 / 361 = 23% @2022-11-23 09:38:12.541823
85 / 361 = 23% @2022-11-23 09:38:12.541846
86 / 361 = 23% @2022-11-23 09:38:12.542355
87 / 361 = 24% @2022-11-23 09:38:12.542375
88 / 361 = 24% @2022-11-23 09:38:12.542837
89 / 361 = 24% @2022-11-23 09:38:12.542858
90 / 361 = 24% @2022-11-23 09:38:12.543386
91 / 361 = 25% @2022-11-23 09:38:12.543406
92 / 361 = 25% @2022-11-23 09:38:12.544030
93 / 361 = 25% @2022-11-23 09:38:12.711408
94 / 361 = 26% @2022-11-23 09:38:12.711960
95 / 361 = 26% @2022-11-23 09:38:12.717058
96 / 361 = 26% @2022-11-23 09:38:12.717703
97 / 361 = 26% @2022-11-23 09:38:12.717728
98 / 361 = 27% @2022-11-23 09:38:12.718338
99 / 361 = 27% @2022-11-23 09:38:12.718360
100 / 361 = 27% @2022-11-23 09:38:12.718933
101 / 361 = 27% @2022-11-23 09:38:12.718953
102 / 361 = 28% @2022-11-23 09:38:12.719533
103 / 361 = 28% @2022-11-23 09:38:12.719557
104 / 361 = 28% @2022-11-23 09:38:12.913942
105 / 361 = 29% @2022-11-23 09:38:12.913991
106 / 361 = 29% @2022-11-23 09:38:12.914702
107 / 361 = 29% @2022-11-23 09:38:12.914725
108 / 361 = 29% @2022-11-23 09:38:12.915361
109 / 361 = 30% @2022-11-23 09:38:12.915382
110 / 361 = 30% @2022-11-23 09:38:12.916047
111 / 361 = 30% @2022-11-23 09:38:12.916068
112 / 361 = 31% @2022-11-23 09:38:12.916823
113 / 361 = 31% @2022-11-23 09:38:12.916845
114 / 361 = 31% @2022-11-23 09:38:12.917464
115 / 361 = 31% @2022-11-23 09:38:12.917481
116 / 361 = 32% @2022-11-23 09:38:12.918313
117 / 361 = 32% @2022-11-23 09:38:12.918384
118 / 361 = 32% @2022-11-23 09:38:12.949674
119 / 361 = 32% @2022-11-23 09:38:12.949720
120 / 361 = 33% @2022-11-23 09:38:12.950472
121 / 361 = 33% @2022-11-23 09:38:12.950494
122 / 361 = 33% @2022-11-23 09:38:12.951256
123 / 361 = 34% @2022-11-23 09:38:12.951277
124 / 361 = 34% @2022-11-23 09:38:13.018163
125 / 361 = 34% @2022-11-23 09:38:13.018214
126 / 361 = 34% @2022-11-23 09:38:13.019064
127 / 361 = 35% @2022-11-23 09:38:13.399108
128 / 361 = 35% @2022-11-23 09:38:13.399822
129 / 361 = 35% @2022-11-23 09:38:13.399848
130 / 361 = 36% @2022-11-23 09:38:13.400667
131 / 361 = 36% @2022-11-23 09:38:13.400691
132 / 361 = 36% @2022-11-23 09:38:13.401438
133 / 361 = 36% @2022-11-23 09:38:13.464651
134 / 361 = 37% @2022-11-23 09:38:13.465514
135 / 361 = 37% @2022-11-23 09:38:13.465542
136 / 361 = 37% @2022-11-23 09:38:13.466420
137 / 361 = 37% @2022-11-23 09:38:13.466445
138 / 361 = 38% @2022-11-23 09:38:13.467338
139 / 361 = 38% @2022-11-23 09:38:13.467362
140 / 361 = 38% @2022-11-23 09:38:14.014786
141 / 361 = 39% @2022-11-23 09:38:14.014835
142 / 361 = 39% @2022-11-23 09:38:14.015687
143 / 361 = 39% @2022-11-23 09:38:14.015714
144 / 361 = 39% @2022-11-23 09:38:14.016651
145 / 361 = 40% @2022-11-23 09:38:14.016677
146 / 361 = 40% @2022-11-23 09:38:14.017618
147 / 361 = 40% @2022-11-23 09:38:14.017646
148 / 361 = 40% @2022-11-23 09:38:14.018641
149 / 361 = 41% @2022-11-23 09:38:14.018663
150 / 361 = 41% @2022-11-23 09:38:14.020192
151 / 361 = 41% @2022-11-23 09:38:14.020222
152 / 361 = 42% @2022-11-23 09:38:14.021262
153 / 361 = 42% @2022-11-23 09:38:14.021285
154 / 361 = 42% @2022-11-23 09:38:14.022381
155 / 361 = 42% @2022-11-23 09:38:14.022401
156 / 361 = 43% @2022-11-23 09:38:14.023453
157 / 361 = 43% @2022-11-23 09:38:14.023475
158 / 361 = 43% @2022-11-23 09:38:14.024597
159 / 361 = 44% @2022-11-23 09:38:14.024638
160 / 361 = 44% @2022-11-23 09:38:14.026401
161 / 361 = 44% @2022-11-23 09:38:14.026431
162 / 361 = 44% @2022-11-23 09:38:14.027633
163 / 361 = 45% @2022-11-23 09:38:14.027654
164 / 361 = 45% @2022-11-23 09:38:14.028889
165 / 361 = 45% @2022-11-23 09:38:14.167856
166 / 361 = 45% @2022-11-23 09:38:14.169183
167 / 361 = 46% @2022-11-23 09:38:15.146789
168 / 361 = 46% @2022-11-23 09:38:15.148064
169 / 361 = 46% @2022-11-23 09:38:15.148093
170 / 361 = 47% @2022-11-23 09:38:15.149422
171 / 361 = 47% @2022-11-23 09:38:15.149448
172 / 361 = 47% @2022-11-23 09:38:15.150766
173 / 361 = 47% @2022-11-23 09:38:15.150791
174 / 361 = 48% @2022-11-23 09:38:15.152423
175 / 361 = 48% @2022-11-23 09:38:15.152456
176 / 361 = 48% @2022-11-23 09:38:15.153830
177 / 361 = 49% @2022-11-23 09:38:15.153855
178 / 361 = 49% @2022-11-23 09:38:15.155294
179 / 361 = 49% @2022-11-23 09:38:15.155319
180 / 361 = 49% @2022-11-23 09:38:15.156753
181 / 361 = 50% @2022-11-23 09:38:15.156780
182 / 361 = 50% @2022-11-23 09:38:15.158952
183 / 361 = 50% @2022-11-23 09:38:15.158988
184 / 361 = 50% @2022-11-23 09:38:15.160403
185 / 361 = 51% @2022-11-23 09:38:15.160424
186 / 361 = 51% @2022-11-23 09:38:15.161960
187 / 361 = 51% @2022-11-23 09:38:15.161986
188 / 361 = 52% @2022-11-23 09:38:15.164201
189 / 361 = 52% @2022-11-23 09:38:15.164251
190 / 361 = 52% @2022-11-23 09:38:15.166001
191 / 361 = 52% @2022-11-23 09:38:15.166042
192 / 361 = 53% @2022-11-23 09:38:15.167876
193 / 361 = 53% @2022-11-23 09:38:15.167908
194 / 361 = 53% @2022-11-23 09:38:15.170187
195 / 361 = 54% @2022-11-23 09:38:15.170253
196 / 361 = 54% @2022-11-23 09:38:15.172174
197 / 361 = 54% @2022-11-23 09:38:15.172202
198 / 361 = 54% @2022-11-23 09:38:15.174087
199 / 361 = 55% @2022-11-23 09:38:15.529307
200 / 361 = 55% @2022-11-23 09:38:15.777967
201 / 361 = 55% @2022-11-23 09:38:15.778027
202 / 361 = 55% @2022-11-23 09:38:15.780035
203 / 361 = 56% @2022-11-23 09:38:16.032444
204 / 361 = 56% @2022-11-23 09:38:16.036063
205 / 361 = 56% @2022-11-23 09:38:16.444888
206 / 361 = 57% @2022-11-23 09:38:16.448284
207 / 361 = 57% @2022-11-23 09:38:16.448322
208 / 361 = 57% @2022-11-23 09:38:16.450400
209 / 361 = 57% @2022-11-23 09:38:16.450425
210 / 361 = 58% @2022-11-23 09:38:16.452981
211 / 361 = 58% @2022-11-23 09:38:16.453019
212 / 361 = 58% @2022-11-23 09:38:16.496083
213 / 361 = 59% @2022-11-23 09:38:16.496137
214 / 361 = 59% @2022-11-23 09:38:16.498516
215 / 361 = 59% @2022-11-23 09:38:16.498550
216 / 361 = 59% @2022-11-23 09:38:16.503084
217 / 361 = 60% @2022-11-23 09:38:16.503131
218 / 361 = 60% @2022-11-23 09:38:17.253054
219 / 361 = 60% @2022-11-23 09:38:17.384893
220 / 361 = 60% @2022-11-23 09:38:17.387455
221 / 361 = 61% @2022-11-23 09:38:17.387498
222 / 361 = 61% @2022-11-23 09:38:17.390371
223 / 361 = 61% @2022-11-23 09:38:17.390410
224 / 361 = 62% @2022-11-23 09:38:17.393110
225 / 361 = 62% @2022-11-23 09:38:17.504791
226 / 361 = 62% @2022-11-23 09:38:17.507418
227 / 361 = 62% @2022-11-23 09:38:17.507460
228 / 361 = 63% @2022-11-23 09:38:17.510405
229 / 361 = 63% @2022-11-23 09:38:17.510446
230 / 361 = 63% @2022-11-23 09:38:18.143179
231 / 361 = 63% @2022-11-23 09:38:18.143237
232 / 361 = 64% @2022-11-23 09:38:18.146105
233 / 361 = 64% @2022-11-23 09:38:18.146148
234 / 361 = 64% @2022-11-23 09:38:18.148980
235 / 361 = 65% @2022-11-23 09:38:18.149015
236 / 361 = 65% @2022-11-23 09:38:18.152111
237 / 361 = 65% @2022-11-23 09:38:18.152145
238 / 361 = 65% @2022-11-23 09:38:18.155086
239 / 361 = 66% @2022-11-23 09:38:19.212936
240 / 361 = 66% @2022-11-23 09:38:19.215836
241 / 361 = 66% @2022-11-23 09:38:19.215878
242 / 361 = 67% @2022-11-23 09:38:19.219257
243 / 361 = 67% @2022-11-23 09:38:19.219295
244 / 361 = 67% @2022-11-23 09:38:19.222582
245 / 361 = 67% @2022-11-23 09:38:19.537669
246 / 361 = 68% @2022-11-23 09:38:19.540975
247 / 361 = 68% @2022-11-23 09:38:19.541020
248 / 361 = 68% @2022-11-23 09:38:19.544587
249 / 361 = 68% @2022-11-23 09:38:19.544636
250 / 361 = 69% @2022-11-23 09:38:19.548132
251 / 361 = 69% @2022-11-23 09:38:19.548174
252 / 361 = 69% @2022-11-23 09:38:19.551904
253 / 361 = 70% @2022-11-23 09:38:19.921507
254 / 361 = 70% @2022-11-23 09:38:19.925108
255 / 361 = 70% @2022-11-23 09:38:19.925156
256 / 361 = 70% @2022-11-23 09:38:19.929182
257 / 361 = 71% @2022-11-23 09:38:19.929231
258 / 361 = 71% @2022-11-23 09:38:19.933106
259 / 361 = 71% @2022-11-23 09:38:19.933145
260 / 361 = 72% @2022-11-23 09:38:19.937357
261 / 361 = 72% @2022-11-23 09:38:19.937401
262 / 361 = 72% @2022-11-23 09:38:19.941885
263 / 361 = 72% @2022-11-23 09:38:19.941933
264 / 361 = 73% @2022-11-23 09:38:19.946093
265 / 361 = 73% @2022-11-23 09:38:19.946139
266 / 361 = 73% @2022-11-23 09:38:19.950787
267 / 361 = 73% @2022-11-23 09:38:19.950833
268 / 361 = 74% @2022-11-23 09:38:20.139354
269 / 361 = 74% @2022-11-23 09:38:20.139429
270 / 361 = 74% @2022-11-23 09:38:20.143946
271 / 361 = 75% @2022-11-23 09:38:20.143990
272 / 361 = 75% @2022-11-23 09:38:20.148652
273 / 361 = 75% @2022-11-23 09:38:20.148697
274 / 361 = 75% @2022-11-23 09:38:20.153277
275 / 361 = 76% @2022-11-23 09:38:20.931052
276 / 361 = 76% @2022-11-23 09:38:20.935436
277 / 361 = 76% @2022-11-23 09:38:20.935523
278 / 361 = 77% @2022-11-23 09:38:20.940564
279 / 361 = 77% @2022-11-23 09:38:20.940665
280 / 361 = 77% @2022-11-23 09:38:21.022399
281 / 361 = 77% @2022-11-23 09:38:21.231647
282 / 361 = 78% @2022-11-23 09:38:21.236511
283 / 361 = 78% @2022-11-23 09:38:21.236593
284 / 361 = 78% @2022-11-23 09:38:21.242560
285 / 361 = 78% @2022-11-23 09:38:21.242653
286 / 361 = 79% @2022-11-23 09:38:21.248571
287 / 361 = 79% @2022-11-23 09:38:21.248656
288 / 361 = 79% @2022-11-23 09:38:21.256760
289 / 361 = 80% @2022-11-23 09:38:21.256890
290 / 361 = 80% @2022-11-23 09:38:21.268039
291 / 361 = 80% @2022-11-23 09:38:21.268175
292 / 361 = 80% @2022-11-23 09:38:21.279209
293 / 361 = 81% @2022-11-23 09:38:21.279307
294 / 361 = 81% @2022-11-23 09:38:21.289614
295 / 361 = 81% @2022-11-23 09:38:21.289720
296 / 361 = 81% @2022-11-23 09:38:21.300585
297 / 361 = 82% @2022-11-23 09:38:21.300684
298 / 361 = 82% @2022-11-23 09:38:21.311141
299 / 361 = 82% @2022-11-23 09:38:21.311231
300 / 361 = 83% @2022-11-23 09:38:21.326695
301 / 361 = 83% @2022-11-23 09:38:21.326782
302 / 361 = 83% @2022-11-23 09:38:21.340204
303 / 361 = 83% @2022-11-23 09:38:21.340268
304 / 361 = 84% @2022-11-23 09:38:21.346620
305 / 361 = 84% @2022-11-23 09:38:21.346785
306 / 361 = 84% @2022-11-23 09:38:21.442451
307 / 361 = 85% @2022-11-23 09:38:21.442490
308 / 361 = 85% @2022-11-23 09:38:21.449111
309 / 361 = 85% @2022-11-23 09:38:21.449132
310 / 361 = 85% @2022-11-23 09:38:21.456115
311 / 361 = 86% @2022-11-23 09:38:21.456135
312 / 361 = 86% @2022-11-23 09:38:21.463953
313 / 361 = 86% @2022-11-23 09:38:21.463984
314 / 361 = 86% @2022-11-23 09:38:21.471354
315 / 361 = 87% @2022-11-23 09:38:21.471385
316 / 361 = 87% @2022-11-23 09:38:21.980599
317 / 361 = 87% @2022-11-23 09:38:21.980676
318 / 361 = 88% @2022-11-23 09:38:21.987812
319 / 361 = 88% @2022-11-23 09:38:21.987838
320 / 361 = 88% @2022-11-23 09:38:21.998474
321 / 361 = 88% @2022-11-23 09:38:21.998498
322 / 361 = 89% @2022-11-23 09:38:22.006512
323 / 361 = 89% @2022-11-23 09:38:22.006533
324 / 361 = 89% @2022-11-23 09:38:22.016084
325 / 361 = 90% @2022-11-23 09:38:22.016104
326 / 361 = 90% @2022-11-23 09:38:22.024447
327 / 361 = 90% @2022-11-23 09:38:22.024464
328 / 361 = 90% @2022-11-23 09:38:22.033868
329 / 361 = 91% @2022-11-23 09:38:22.033887
330 / 361 = 91% @2022-11-23 09:38:22.044048
331 / 361 = 91% @2022-11-23 09:38:22.044065
332 / 361 = 91% @2022-11-23 09:38:22.054123
333 / 361 = 92% @2022-11-23 09:38:22.054140
334 / 361 = 92% @2022-11-23 09:38:22.063519
335 / 361 = 92% @2022-11-23 09:38:22.063536
336 / 361 = 93% @2022-11-23 09:38:22.072608
337 / 361 = 93% @2022-11-23 09:38:22.072625
338 / 361 = 93% @2022-11-23 09:38:22.082655
339 / 361 = 93% @2022-11-23 09:38:22.082671
340 / 361 = 94% @2022-11-23 09:38:22.092259
341 / 361 = 94% @2022-11-23 09:38:22.092275
342 / 361 = 94% @2022-11-23 09:38:22.102895
343 / 361 = 95% @2022-11-23 09:38:22.102912
344 / 361 = 95% @2022-11-23 09:38:22.112615
345 / 361 = 95% @2022-11-23 09:38:22.112745
346 / 361 = 95% @2022-11-23 09:38:22.122372
347 / 361 = 96% @2022-11-23 09:38:22.122390
348 / 361 = 96% @2022-11-23 09:38:22.132877
349 / 361 = 96% @2022-11-23 09:38:22.132894
350 / 361 = 96% @2022-11-23 09:38:22.142960
351 / 361 = 97% @2022-11-23 09:38:22.142977
352 / 361 = 97% @2022-11-23 09:38:22.187844
353 / 361 = 97% @2022-11-23 09:38:22.187871
354 / 361 = 98% @2022-11-23 09:38:22.197694
355 / 361 = 98% @2022-11-23 09:38:22.197713
356 / 361 = 98% @2022-11-23 09:38:22.207504
357 / 361 = 98% @2022-11-23 09:38:22.207522
358 / 361 = 99% @2022-11-23 09:38:22.217563
359 / 361 = 99% @2022-11-23 09:38:22.217579
360 / 361 = 99% @2022-11-23 09:38:22.228271
Starting explanations: initial=0, start=248, end=None, total=357 @2022-11-23 09:38:23.100482
0 / 357 = 0% @2022-11-23 09:38:23.173995
1 / 357 = 0% @2022-11-23 09:38:23.175648
2 / 357 = 0% @2022-11-23 09:38:23.175753
3 / 357 = 0% @2022-11-23 09:38:23.175773
4 / 357 = 1% @2022-11-23 09:38:23.175862
5 / 357 = 1% @2022-11-23 09:38:23.175878
6 / 357 = 1% @2022-11-23 09:38:23.175970
7 / 357 = 1% @2022-11-23 09:38:23.175986
8 / 357 = 2% @2022-11-23 09:38:23.176082
9 / 357 = 2% @2022-11-23 09:38:23.176103
10 / 357 = 2% @2022-11-23 09:38:23.176202
11 / 357 = 3% @2022-11-23 09:38:23.176218
12 / 357 = 3% @2022-11-23 09:38:23.176312
13 / 357 = 3% @2022-11-23 09:38:23.176334
14 / 357 = 3% @2022-11-23 09:38:23.176430
15 / 357 = 4% @2022-11-23 09:38:23.176447
16 / 357 = 4% @2022-11-23 09:38:23.176559
17 / 357 = 4% @2022-11-23 09:38:23.176575
18 / 357 = 5% @2022-11-23 09:38:23.176739
19 / 357 = 5% @2022-11-23 09:38:23.176756
20 / 357 = 5% @2022-11-23 09:38:23.177014
21 / 357 = 5% @2022-11-23 09:38:23.177031
22 / 357 = 6% @2022-11-23 09:38:23.177190
23 / 357 = 6% @2022-11-23 09:38:23.177206
24 / 357 = 6% @2022-11-23 09:38:23.177363
25 / 357 = 7% @2022-11-23 09:38:23.177379
26 / 357 = 7% @2022-11-23 09:38:23.177580
27 / 357 = 7% @2022-11-23 09:38:23.177597
28 / 357 = 7% @2022-11-23 09:38:23.177934
29 / 357 = 8% @2022-11-23 09:38:23.177950
30 / 357 = 8% @2022-11-23 09:38:23.178165
31 / 357 = 8% @2022-11-23 09:38:23.178180
32 / 357 = 8% @2022-11-23 09:38:23.178520
33 / 357 = 9% @2022-11-23 09:38:23.186833
34 / 357 = 9% @2022-11-23 09:38:23.187211
35 / 357 = 9% @2022-11-23 09:38:23.187259
36 / 357 = 10% @2022-11-23 09:38:23.189558
37 / 357 = 10% @2022-11-23 09:38:23.191972
38 / 357 = 10% @2022-11-23 09:38:23.192210
39 / 357 = 10% @2022-11-23 09:38:23.192232
40 / 357 = 11% @2022-11-23 09:38:23.192533
41 / 357 = 11% @2022-11-23 09:38:23.192552
42 / 357 = 11% @2022-11-23 09:38:23.192770
43 / 357 = 12% @2022-11-23 09:38:23.192789
44 / 357 = 12% @2022-11-23 09:38:23.193087
45 / 357 = 12% @2022-11-23 09:38:23.193108
46 / 357 = 12% @2022-11-23 09:38:23.193305
47 / 357 = 13% @2022-11-23 09:38:23.193323
48 / 357 = 13% @2022-11-23 09:38:23.193527
49 / 357 = 13% @2022-11-23 09:38:23.193547
50 / 357 = 14% @2022-11-23 09:38:23.193841
51 / 357 = 14% @2022-11-23 09:38:23.193860
52 / 357 = 14% @2022-11-23 09:38:23.194150
53 / 357 = 14% @2022-11-23 09:38:23.194167
54 / 357 = 15% @2022-11-23 09:38:23.194365
55 / 357 = 15% @2022-11-23 09:38:23.194383
56 / 357 = 15% @2022-11-23 09:38:23.194691
57 / 357 = 15% @2022-11-23 09:38:23.194710
58 / 357 = 16% @2022-11-23 09:38:23.194906
59 / 357 = 16% @2022-11-23 09:38:23.194924
60 / 357 = 16% @2022-11-23 09:38:23.195128
61 / 357 = 17% @2022-11-23 09:38:23.195146
62 / 357 = 17% @2022-11-23 09:38:23.195449
63 / 357 = 17% @2022-11-23 09:38:23.195467
64 / 357 = 17% @2022-11-23 09:38:23.195684
65 / 357 = 18% @2022-11-23 09:38:23.195703
66 / 357 = 18% @2022-11-23 09:38:23.195900
67 / 357 = 18% @2022-11-23 09:38:23.195918
68 / 357 = 19% @2022-11-23 09:38:23.196214
69 / 357 = 19% @2022-11-23 09:38:23.196232
70 / 357 = 19% @2022-11-23 09:38:23.196413
71 / 357 = 19% @2022-11-23 09:38:23.196430
72 / 357 = 20% @2022-11-23 09:38:23.202639
73 / 357 = 20% @2022-11-23 09:38:23.219994
74 / 357 = 20% @2022-11-23 09:38:23.220281
75 / 357 = 21% @2022-11-23 09:38:23.225184
76 / 357 = 21% @2022-11-23 09:38:23.225467
77 / 357 = 21% @2022-11-23 09:38:23.225490
78 / 357 = 21% @2022-11-23 09:38:23.225717
79 / 357 = 22% @2022-11-23 09:38:23.225739
80 / 357 = 22% @2022-11-23 09:38:23.226046
81 / 357 = 22% @2022-11-23 09:38:23.226064
82 / 357 = 22% @2022-11-23 09:38:23.226301
83 / 357 = 23% @2022-11-23 09:38:23.226318
84 / 357 = 23% @2022-11-23 09:38:23.226697
85 / 357 = 23% @2022-11-23 09:38:23.226714
86 / 357 = 24% @2022-11-23 09:38:23.226958
87 / 357 = 24% @2022-11-23 09:38:23.226975
88 / 357 = 24% @2022-11-23 09:38:23.227204
89 / 357 = 24% @2022-11-23 09:38:23.227226
90 / 357 = 25% @2022-11-23 09:38:23.227581
91 / 357 = 25% @2022-11-23 09:38:23.227598
92 / 357 = 25% @2022-11-23 09:38:23.227817
93 / 357 = 26% @2022-11-23 09:38:23.227835
94 / 357 = 26% @2022-11-23 09:38:23.228039
95 / 357 = 26% @2022-11-23 09:38:23.228056
96 / 357 = 26% @2022-11-23 09:38:23.228379
97 / 357 = 27% @2022-11-23 09:38:23.228395
98 / 357 = 27% @2022-11-23 09:38:23.228594
99 / 357 = 27% @2022-11-23 09:38:23.228610
100 / 357 = 28% @2022-11-23 09:38:23.228834
101 / 357 = 28% @2022-11-23 09:38:23.228851
102 / 357 = 28% @2022-11-23 09:38:23.229185
103 / 357 = 28% @2022-11-23 09:38:23.229209
104 / 357 = 29% @2022-11-23 09:38:23.229404
105 / 357 = 29% @2022-11-23 09:38:23.238497
106 / 357 = 29% @2022-11-23 09:38:23.243840
107 / 357 = 29% @2022-11-23 09:38:23.243880
108 / 357 = 30% @2022-11-23 09:38:23.245150
109 / 357 = 30% @2022-11-23 09:38:23.259247
110 / 357 = 30% @2022-11-23 09:38:23.259500
111 / 357 = 31% @2022-11-23 09:38:23.261042
112 / 357 = 31% @2022-11-23 09:38:23.261291
113 / 357 = 31% @2022-11-23 09:38:23.261312
114 / 357 = 31% @2022-11-23 09:38:23.261531
115 / 357 = 32% @2022-11-23 09:38:23.261549
116 / 357 = 32% @2022-11-23 09:38:23.261820
117 / 357 = 32% @2022-11-23 09:38:23.261838
118 / 357 = 33% @2022-11-23 09:38:23.262098
119 / 357 = 33% @2022-11-23 09:38:23.262114
120 / 357 = 33% @2022-11-23 09:38:23.262392
121 / 357 = 33% @2022-11-23 09:38:23.262409
122 / 357 = 34% @2022-11-23 09:38:23.262817
123 / 357 = 34% @2022-11-23 09:38:23.266437
124 / 357 = 34% @2022-11-23 09:38:23.266823
125 / 357 = 35% @2022-11-23 09:38:23.266853
126 / 357 = 35% @2022-11-23 09:38:23.270071
127 / 357 = 35% @2022-11-23 09:38:23.270156
128 / 357 = 35% @2022-11-23 09:38:23.270991
129 / 357 = 36% @2022-11-23 09:38:23.271053
130 / 357 = 36% @2022-11-23 09:38:23.271612
131 / 357 = 36% @2022-11-23 09:38:23.271674
132 / 357 = 36% @2022-11-23 09:38:23.272327
133 / 357 = 37% @2022-11-23 09:38:23.272382
134 / 357 = 37% @2022-11-23 09:38:23.273204
135 / 357 = 37% @2022-11-23 09:38:23.273258
136 / 357 = 38% @2022-11-23 09:38:23.273868
137 / 357 = 38% @2022-11-23 09:38:23.276130
138 / 357 = 38% @2022-11-23 09:38:23.276605
139 / 357 = 38% @2022-11-23 09:38:23.276637
140 / 357 = 39% @2022-11-23 09:38:23.278351
141 / 357 = 39% @2022-11-23 09:38:23.278427
142 / 357 = 39% @2022-11-23 09:38:23.280789
143 / 357 = 40% @2022-11-23 09:38:23.285198
144 / 357 = 40% @2022-11-23 09:38:23.285734
145 / 357 = 40% @2022-11-23 09:38:23.285776
146 / 357 = 40% @2022-11-23 09:38:23.286321
147 / 357 = 41% @2022-11-23 09:38:23.290472
148 / 357 = 41% @2022-11-23 09:38:23.299648
149 / 357 = 41% @2022-11-23 09:38:23.300781
150 / 357 = 42% @2022-11-23 09:38:23.301253
151 / 357 = 42% @2022-11-23 09:38:23.301288
152 / 357 = 42% @2022-11-23 09:38:23.301887
153 / 357 = 42% @2022-11-23 09:38:23.301911
154 / 357 = 43% @2022-11-23 09:38:23.302315
155 / 357 = 43% @2022-11-23 09:38:23.304389
156 / 357 = 43% @2022-11-23 09:38:23.304831
157 / 357 = 43% @2022-11-23 09:38:23.304858
158 / 357 = 44% @2022-11-23 09:38:23.305338
159 / 357 = 44% @2022-11-23 09:38:23.305366
160 / 357 = 44% @2022-11-23 09:38:23.305923
161 / 357 = 45% @2022-11-23 09:38:23.305949
162 / 357 = 45% @2022-11-23 09:38:23.306474
163 / 357 = 45% @2022-11-23 09:38:23.306499
164 / 357 = 45% @2022-11-23 09:38:23.306988
165 / 357 = 46% @2022-11-23 09:38:23.317107
166 / 357 = 46% @2022-11-23 09:38:23.317677
167 / 357 = 46% @2022-11-23 09:38:23.317705
168 / 357 = 47% @2022-11-23 09:38:23.318432
169 / 357 = 47% @2022-11-23 09:38:23.318459
170 / 357 = 47% @2022-11-23 09:38:23.321657
171 / 357 = 47% @2022-11-23 09:38:23.321777
172 / 357 = 48% @2022-11-23 09:38:23.323336
173 / 357 = 48% @2022-11-23 09:38:23.323466
174 / 357 = 48% @2022-11-23 09:38:23.324246
175 / 357 = 49% @2022-11-23 09:38:23.326197
176 / 357 = 49% @2022-11-23 09:38:23.328424
177 / 357 = 49% @2022-11-23 09:38:23.329718
178 / 357 = 49% @2022-11-23 09:38:23.332231
179 / 357 = 50% @2022-11-23 09:38:23.332292
180 / 357 = 50% @2022-11-23 09:38:23.334507
181 / 357 = 50% @2022-11-23 09:38:23.335716
182 / 357 = 50% @2022-11-23 09:38:23.337576
183 / 357 = 51% @2022-11-23 09:38:23.346070
184 / 357 = 51% @2022-11-23 09:38:23.347068
185 / 357 = 51% @2022-11-23 09:38:23.347100
186 / 357 = 52% @2022-11-23 09:38:23.347711
