
                           START @2022-12-03 19:52:39.351958
----------------------------------------------------------------------------------------
args.config_file='config_files/modify_inc/least_random.ini'
----------------------------------------------------------------------------------------
---------------------------------------- CONFIG -----------------------------------------
----------------------------------------------------------------------------------------
seed=0
device=device(type='cuda', index=0)
torch.backends.cudnn.enabled=False
Starting modification: initial=0, start=None, end=1000, @2022-12-03 19:52:42.912606
0 / 1000 = 0% @2022-12-03 19:52:42.912641
1 / 1000 = 0% @2022-12-03 19:52:43.241559
2 / 1000 = 0% @2022-12-03 19:52:43.258647
3 / 1000 = 0% @2022-12-03 19:52:43.275044
4 / 1000 = 0% @2022-12-03 19:52:43.300891
5 / 1000 = 0% @2022-12-03 19:52:43.530092
6 / 1000 = 0% @2022-12-03 19:52:43.558573
7 / 1000 = 0% @2022-12-03 19:52:43.585725
8 / 1000 = 0% @2022-12-03 19:52:43.618408
9 / 1000 = 0% @2022-12-03 19:52:43.650861
10 / 1000 = 1% @2022-12-03 19:52:44.296450
11 / 1000 = 1% @2022-12-03 19:52:44.486778
12 / 1000 = 1% @2022-12-03 19:52:44.552602
13 / 1000 = 1% @2022-12-03 19:52:45.055736
14 / 1000 = 1% @2022-12-03 19:52:45.813700
15 / 1000 = 1% @2022-12-03 19:52:45.855001
16 / 1000 = 1% @2022-12-03 19:52:45.887972
17 / 1000 = 1% @2022-12-03 19:52:46.572906
18 / 1000 = 1% @2022-12-03 19:52:46.596706
19 / 1000 = 1% @2022-12-03 19:52:46.617016
20 / 1000 = 2% @2022-12-03 19:52:46.807972
21 / 1000 = 2% @2022-12-03 19:52:46.838924
22 / 1000 = 2% @2022-12-03 19:52:47.025076
23 / 1000 = 2% @2022-12-03 19:52:47.054573
24 / 1000 = 2% @2022-12-03 19:52:47.089932
25 / 1000 = 2% @2022-12-03 19:52:47.122913
26 / 1000 = 2% @2022-12-03 19:52:47.316470
27 / 1000 = 2% @2022-12-03 19:52:47.357137
28 / 1000 = 2% @2022-12-03 19:52:47.548230
29 / 1000 = 2% @2022-12-03 19:52:48.196756
30 / 1000 = 3% @2022-12-03 19:52:48.228889
31 / 1000 = 3% @2022-12-03 19:52:48.263238
32 / 1000 = 3% @2022-12-03 19:52:48.292332
33 / 1000 = 3% @2022-12-03 19:52:48.487313
34 / 1000 = 3% @2022-12-03 19:52:48.546383
35 / 1000 = 3% @2022-12-03 19:52:48.567211
36 / 1000 = 3% @2022-12-03 19:52:49.115030
37 / 1000 = 3% @2022-12-03 19:52:49.210157
38 / 1000 = 3% @2022-12-03 19:52:49.960720
39 / 1000 = 3% @2022-12-03 19:52:50.576052
40 / 1000 = 4% @2022-12-03 19:52:50.606690
41 / 1000 = 4% @2022-12-03 19:52:50.800868
42 / 1000 = 4% @2022-12-03 19:52:51.486964
43 / 1000 = 4% @2022-12-03 19:52:51.521068
44 / 1000 = 4% @2022-12-03 19:52:51.579640
45 / 1000 = 4% @2022-12-03 19:52:51.638061
46 / 1000 = 4% @2022-12-03 19:52:51.658961
47 / 1000 = 4% @2022-12-03 19:52:51.851195
48 / 1000 = 4% @2022-12-03 19:52:51.887175
49 / 1000 = 4% @2022-12-03 19:52:51.918424
50 / 1000 = 5% @2022-12-03 19:52:51.952803
51 / 1000 = 5% @2022-12-03 19:52:52.532228
52 / 1000 = 5% @2022-12-03 19:52:52.854299
53 / 1000 = 5% @2022-12-03 19:52:52.884030
54 / 1000 = 5% @2022-12-03 19:52:53.224795
55 / 1000 = 5% @2022-12-03 19:52:53.255235
56 / 1000 = 5% @2022-12-03 19:52:53.284316
57 / 1000 = 5% @2022-12-03 19:52:53.470592
58 / 1000 = 5% @2022-12-03 19:52:53.500261
59 / 1000 = 5% @2022-12-03 19:52:53.993306
60 / 1000 = 6% @2022-12-03 19:52:54.175915
61 / 1000 = 6% @2022-12-03 19:52:54.899779
62 / 1000 = 6% @2022-12-03 19:52:55.090544
63 / 1000 = 6% @2022-12-03 19:52:55.128617
64 / 1000 = 6% @2022-12-03 19:52:55.609436
65 / 1000 = 6% @2022-12-03 19:52:55.649137
66 / 1000 = 6% @2022-12-03 19:52:55.692305
67 / 1000 = 6% @2022-12-03 19:52:55.905772
68 / 1000 = 6% @2022-12-03 19:52:55.943433
69 / 1000 = 6% @2022-12-03 19:52:55.981312
70 / 1000 = 7% @2022-12-03 19:52:56.018985
71 / 1000 = 7% @2022-12-03 19:52:57.787259
72 / 1000 = 7% @2022-12-03 19:52:57.843931
73 / 1000 = 7% @2022-12-03 19:52:57.904918
74 / 1000 = 7% @2022-12-03 19:52:57.953169
75 / 1000 = 7% @2022-12-03 19:52:58.000646
76 / 1000 = 7% @2022-12-03 19:52:58.061077
77 / 1000 = 7% @2022-12-03 19:52:58.110611
78 / 1000 = 7% @2022-12-03 19:52:58.148294
79 / 1000 = 7% @2022-12-03 19:52:58.206760
80 / 1000 = 8% @2022-12-03 19:52:59.170348
81 / 1000 = 8% @2022-12-03 19:53:00.355378
82 / 1000 = 8% @2022-12-03 19:53:00.417754
83 / 1000 = 8% @2022-12-03 19:53:01.006958
84 / 1000 = 8% @2022-12-03 19:53:01.057028
85 / 1000 = 8% @2022-12-03 19:53:02.613490
86 / 1000 = 8% @2022-12-03 19:53:03.258454
87 / 1000 = 8% @2022-12-03 19:53:03.565514
88 / 1000 = 8% @2022-12-03 19:53:03.599685
89 / 1000 = 8% @2022-12-03 19:53:03.641097
90 / 1000 = 9% @2022-12-03 19:53:03.832089
91 / 1000 = 9% @2022-12-03 19:53:03.890525
92 / 1000 = 9% @2022-12-03 19:53:03.944338
93 / 1000 = 9% @2022-12-03 19:53:03.992689
94 / 1000 = 9% @2022-12-03 19:53:05.051021
95 / 1000 = 9% @2022-12-03 19:53:05.128106
96 / 1000 = 9% @2022-12-03 19:53:06.043621
97 / 1000 = 9% @2022-12-03 19:53:07.916932
98 / 1000 = 9% @2022-12-03 19:53:07.979174
99 / 1000 = 9% @2022-12-03 19:53:08.761401
100 / 1000 = 10% @2022-12-03 19:53:08.802387
101 / 1000 = 10% @2022-12-03 19:53:10.214986
102 / 1000 = 10% @2022-12-03 19:53:10.299383
103 / 1000 = 10% @2022-12-03 19:53:10.996385
104 / 1000 = 10% @2022-12-03 19:53:12.146307
105 / 1000 = 10% @2022-12-03 19:53:12.649134
106 / 1000 = 10% @2022-12-03 19:53:13.191427
107 / 1000 = 10% @2022-12-03 19:53:13.325719
108 / 1000 = 10% @2022-12-03 19:53:13.377761
109 / 1000 = 10% @2022-12-03 19:53:14.934182
110 / 1000 = 11% @2022-12-03 19:53:15.028881
111 / 1000 = 11% @2022-12-03 19:53:18.096501
112 / 1000 = 11% @2022-12-03 19:53:18.194817
113 / 1000 = 11% @2022-12-03 19:53:18.345150
114 / 1000 = 11% @2022-12-03 19:53:18.405369
115 / 1000 = 11% @2022-12-03 19:53:18.810431
116 / 1000 = 11% @2022-12-03 19:53:18.900230
117 / 1000 = 11% @2022-12-03 19:53:20.077411
118 / 1000 = 11% @2022-12-03 19:53:22.942645
119 / 1000 = 11% @2022-12-03 19:53:24.632172
120 / 1000 = 12% @2022-12-03 19:53:27.739856
121 / 1000 = 12% @2022-12-03 19:53:28.747537
122 / 1000 = 12% @2022-12-03 19:53:28.851104
123 / 1000 = 12% @2022-12-03 19:53:29.182584
124 / 1000 = 12% @2022-12-03 19:53:29.521802
125 / 1000 = 12% @2022-12-03 19:53:29.846394
126 / 1000 = 12% @2022-12-03 19:53:30.854106
127 / 1000 = 12% @2022-12-03 19:53:31.115335
128 / 1000 = 12% @2022-12-03 19:53:31.219208
129 / 1000 = 12% @2022-12-03 19:53:31.546393
130 / 1000 = 13% @2022-12-03 19:53:32.544382
131 / 1000 = 13% @2022-12-03 19:53:33.533729
132 / 1000 = 13% @2022-12-03 19:53:34.520355
133 / 1000 = 13% @2022-12-03 19:53:34.806003
134 / 1000 = 13% @2022-12-03 19:53:36.757681
135 / 1000 = 13% @2022-12-03 19:53:37.099886
136 / 1000 = 13% @2022-12-03 19:53:37.429217
137 / 1000 = 13% @2022-12-03 19:53:38.001833
138 / 1000 = 13% @2022-12-03 19:53:38.331302
139 / 1000 = 13% @2022-12-03 19:53:38.437780
140 / 1000 = 14% @2022-12-03 19:53:38.785669
141 / 1000 = 14% @2022-12-03 19:53:38.888026
142 / 1000 = 14% @2022-12-03 19:53:38.992320
143 / 1000 = 14% @2022-12-03 19:53:39.283419
144 / 1000 = 14% @2022-12-03 19:53:39.390863
145 / 1000 = 14% @2022-12-03 19:53:39.475974
146 / 1000 = 14% @2022-12-03 19:53:39.607373
147 / 1000 = 14% @2022-12-03 19:53:39.743168
148 / 1000 = 14% @2022-12-03 19:53:39.878489
149 / 1000 = 14% @2022-12-03 19:53:40.090787
150 / 1000 = 15% @2022-12-03 19:53:40.434014
151 / 1000 = 15% @2022-12-03 19:53:40.553532
152 / 1000 = 15% @2022-12-03 19:53:40.671267
153 / 1000 = 15% @2022-12-03 19:53:41.432331
154 / 1000 = 15% @2022-12-03 19:53:41.552177
155 / 1000 = 15% @2022-12-03 19:53:42.121607
156 / 1000 = 15% @2022-12-03 19:53:42.243484
157 / 1000 = 15% @2022-12-03 19:53:42.394604
158 / 1000 = 15% @2022-12-03 19:53:42.547896
159 / 1000 = 15% @2022-12-03 19:53:42.673271
160 / 1000 = 16% @2022-12-03 19:53:42.771835
161 / 1000 = 16% @2022-12-03 19:53:43.261585
162 / 1000 = 16% @2022-12-03 19:53:43.986724
163 / 1000 = 16% @2022-12-03 19:53:44.137080
164 / 1000 = 16% @2022-12-03 19:53:44.291792
165 / 1000 = 16% @2022-12-03 19:53:49.159727
166 / 1000 = 16% @2022-12-03 19:53:49.284828
167 / 1000 = 16% @2022-12-03 19:53:50.053003
168 / 1000 = 16% @2022-12-03 19:53:50.171182
169 / 1000 = 16% @2022-12-03 19:53:50.315498
170 / 1000 = 17% @2022-12-03 19:53:50.467268
171 / 1000 = 17% @2022-12-03 19:53:50.580684
172 / 1000 = 17% @2022-12-03 19:53:50.719773
173 / 1000 = 17% @2022-12-03 19:53:50.862941
174 / 1000 = 17% @2022-12-03 19:53:51.019854
175 / 1000 = 17% @2022-12-03 19:53:51.185226
176 / 1000 = 17% @2022-12-03 19:53:51.337146
177 / 1000 = 17% @2022-12-03 19:53:51.498962
178 / 1000 = 17% @2022-12-03 19:53:51.806034
179 / 1000 = 17% @2022-12-03 19:53:52.143147
180 / 1000 = 18% @2022-12-03 19:53:52.266934
181 / 1000 = 18% @2022-12-03 19:53:52.574747
182 / 1000 = 18% @2022-12-03 19:53:52.885141
183 / 1000 = 18% @2022-12-03 19:53:53.260452
184 / 1000 = 18% @2022-12-03 19:53:53.564503
185 / 1000 = 18% @2022-12-03 19:53:53.703510
186 / 1000 = 18% @2022-12-03 19:53:53.859147
187 / 1000 = 18% @2022-12-03 19:53:54.167101
188 / 1000 = 18% @2022-12-03 19:53:54.499348
189 / 1000 = 18% @2022-12-03 19:53:54.651084
190 / 1000 = 19% @2022-12-03 19:53:54.988817
191 / 1000 = 19% @2022-12-03 19:53:55.323058
192 / 1000 = 19% @2022-12-03 19:53:55.631003
193 / 1000 = 19% @2022-12-03 19:53:55.793420
194 / 1000 = 19% @2022-12-03 19:53:55.945097
195 / 1000 = 19% @2022-12-03 19:53:56.617550
196 / 1000 = 19% @2022-12-03 19:53:56.770308
197 / 1000 = 19% @2022-12-03 19:53:56.894483
198 / 1000 = 19% @2022-12-03 19:53:57.020742
199 / 1000 = 19% @2022-12-03 19:53:57.192939
200 / 1000 = 20% @2022-12-03 19:53:57.353899
201 / 1000 = 20% @2022-12-03 19:54:00.515971
202 / 1000 = 20% @2022-12-03 19:54:00.645231
203 / 1000 = 20% @2022-12-03 19:54:00.776560
204 / 1000 = 20% @2022-12-03 19:54:00.900743
205 / 1000 = 20% @2022-12-03 19:54:01.076480
206 / 1000 = 20% @2022-12-03 19:54:02.138698
207 / 1000 = 20% @2022-12-03 19:54:02.998792
208 / 1000 = 20% @2022-12-03 19:54:03.182120
209 / 1000 = 20% @2022-12-03 19:54:03.335666
210 / 1000 = 21% @2022-12-03 19:54:03.474004
211 / 1000 = 21% @2022-12-03 19:54:03.686444
212 / 1000 = 21% @2022-12-03 19:54:03.894958
213 / 1000 = 21% @2022-12-03 19:54:04.102444
214 / 1000 = 21% @2022-12-03 19:54:04.311008
215 / 1000 = 21% @2022-12-03 19:54:04.518392
216 / 1000 = 21% @2022-12-03 19:54:04.726906
217 / 1000 = 21% @2022-12-03 19:54:04.914698
218 / 1000 = 21% @2022-12-03 19:54:05.087900
219 / 1000 = 21% @2022-12-03 19:54:05.272661
220 / 1000 = 22% @2022-12-03 19:54:05.476645
221 / 1000 = 22% @2022-12-03 19:54:06.314018
222 / 1000 = 22% @2022-12-03 19:54:06.503375
223 / 1000 = 22% @2022-12-03 19:54:07.344185
224 / 1000 = 22% @2022-12-03 19:54:07.531160
225 / 1000 = 22% @2022-12-03 19:54:08.367780
226 / 1000 = 22% @2022-12-03 19:54:08.553904
227 / 1000 = 22% @2022-12-03 19:54:10.920054
228 / 1000 = 22% @2022-12-03 19:54:12.095152
229 / 1000 = 22% @2022-12-03 19:54:12.636260
230 / 1000 = 23% @2022-12-03 19:54:13.188412
231 / 1000 = 23% @2022-12-03 19:54:13.784393
232 / 1000 = 23% @2022-12-03 19:54:15.269674
233 / 1000 = 23% @2022-12-03 19:54:16.050303
234 / 1000 = 23% @2022-12-03 19:54:18.061699
235 / 1000 = 23% @2022-12-03 19:54:19.939338
236 / 1000 = 23% @2022-12-03 19:54:27.757379
237 / 1000 = 23% @2022-12-03 19:54:33.889721
238 / 1000 = 23% @2022-12-03 19:54:37.137175
239 / 1000 = 23% @2022-12-03 19:54:44.245698
240 / 1000 = 24% @2022-12-03 19:54:47.261243
241 / 1000 = 24% @2022-12-03 19:54:53.861779
242 / 1000 = 24% @2022-12-03 19:55:00.903788
243 / 1000 = 24% @2022-12-03 19:55:08.688003
244 / 1000 = 24% @2022-12-03 19:55:11.003471
245 / 1000 = 24% @2022-12-03 19:55:18.123442
246 / 1000 = 24% @2022-12-03 19:55:18.734071
247 / 1000 = 24% @2022-12-03 19:55:19.253069
248 / 1000 = 24% @2022-12-03 19:55:21.140211
249 / 1000 = 24% @2022-12-03 19:55:21.891394
250 / 1000 = 25% @2022-12-03 19:55:23.168081
251 / 1000 = 25% @2022-12-03 19:55:24.065389
252 / 1000 = 25% @2022-12-03 19:55:24.921885
253 / 1000 = 25% @2022-12-03 19:55:25.636015
254 / 1000 = 25% @2022-12-03 19:55:27.315024
255 / 1000 = 25% @2022-12-03 19:55:29.793897
256 / 1000 = 25% @2022-12-03 19:55:30.801405
257 / 1000 = 25% @2022-12-03 19:55:38.555811
258 / 1000 = 25% @2022-12-03 19:55:42.274958
259 / 1000 = 25% @2022-12-03 19:55:43.598446
260 / 1000 = 26% @2022-12-03 19:55:44.405804
261 / 1000 = 26% @2022-12-03 19:55:45.644900
262 / 1000 = 26% @2022-12-03 19:55:47.116055
263 / 1000 = 26% @2022-12-03 19:55:48.381910
264 / 1000 = 26% @2022-12-03 19:55:56.096518
265 / 1000 = 26% @2022-12-03 19:55:57.041085
266 / 1000 = 26% @2022-12-03 19:55:57.492091
267 / 1000 = 26% @2022-12-03 19:55:58.476781
268 / 1000 = 26% @2022-12-03 19:55:59.480028
269 / 1000 = 26% @2022-12-03 19:56:01.850509
270 / 1000 = 27% @2022-12-03 19:56:02.387427
271 / 1000 = 27% @2022-12-03 19:56:03.317853
272 / 1000 = 27% @2022-12-03 19:56:05.215173
273 / 1000 = 27% @2022-12-03 19:56:08.422836
274 / 1000 = 27% @2022-12-03 19:56:09.593644
275 / 1000 = 27% @2022-12-03 19:56:09.951607
276 / 1000 = 27% @2022-12-03 19:56:11.916819
277 / 1000 = 27% @2022-12-03 19:56:12.406651
278 / 1000 = 27% @2022-12-03 19:56:13.899689
279 / 1000 = 27% @2022-12-03 19:56:14.791789
280 / 1000 = 28% @2022-12-03 19:56:17.106201
281 / 1000 = 28% @2022-12-03 19:56:18.338346
282 / 1000 = 28% @2022-12-03 19:56:21.230913
283 / 1000 = 28% @2022-12-03 19:56:22.130147
284 / 1000 = 28% @2022-12-03 19:56:22.505353
285 / 1000 = 28% @2022-12-03 19:56:30.217272
286 / 1000 = 28% @2022-12-03 19:56:31.251665
287 / 1000 = 28% @2022-12-03 19:56:31.758264
288 / 1000 = 28% @2022-12-03 19:56:33.200773
289 / 1000 = 28% @2022-12-03 19:56:33.937639
290 / 1000 = 29% @2022-12-03 19:56:36.224640
291 / 1000 = 29% @2022-12-03 19:56:36.753082
292 / 1000 = 29% @2022-12-03 19:56:44.614696
293 / 1000 = 29% @2022-12-03 19:56:50.629210
294 / 1000 = 29% @2022-12-03 19:56:53.425839
295 / 1000 = 29% @2022-12-03 19:56:57.338709
296 / 1000 = 29% @2022-12-03 19:56:59.720602
297 / 1000 = 29% @2022-12-03 19:57:03.613965
298 / 1000 = 29% @2022-12-03 19:57:03.978397
299 / 1000 = 29% @2022-12-03 19:57:04.217449
300 / 1000 = 30% @2022-12-03 19:57:05.518588
301 / 1000 = 30% @2022-12-03 19:57:06.061881
302 / 1000 = 30% @2022-12-03 19:57:07.604805
303 / 1000 = 30% @2022-12-03 19:57:10.275419
304 / 1000 = 30% @2022-12-03 19:57:12.621308
305 / 1000 = 30% @2022-12-03 19:57:14.095529
306 / 1000 = 30% @2022-12-03 19:57:19.230200
307 / 1000 = 30% @2022-12-03 19:57:23.779624
308 / 1000 = 30% @2022-12-03 19:57:27.546551
309 / 1000 = 30% @2022-12-03 19:57:30.461110
310 / 1000 = 31% @2022-12-03 19:57:31.181818
311 / 1000 = 31% @2022-12-03 19:57:35.208895
312 / 1000 = 31% @2022-12-03 19:57:43.064120
313 / 1000 = 31% @2022-12-03 19:57:44.474236
314 / 1000 = 31% @2022-12-03 19:57:46.747255
315 / 1000 = 31% @2022-12-03 19:57:54.551459
316 / 1000 = 31% @2022-12-03 19:57:55.288165
317 / 1000 = 31% @2022-12-03 19:57:58.922268
318 / 1000 = 31% @2022-12-03 19:58:00.951581
319 / 1000 = 31% @2022-12-03 19:58:01.493957
320 / 1000 = 32% @2022-12-03 19:58:02.580010
321 / 1000 = 32% @2022-12-03 19:58:03.485414
322 / 1000 = 32% @2022-12-03 19:58:04.530577
323 / 1000 = 32% @2022-12-03 19:58:06.565466
324 / 1000 = 32% @2022-12-03 19:58:14.411318
325 / 1000 = 32% @2022-12-03 19:58:15.728862
326 / 1000 = 32% @2022-12-03 19:58:16.366192
327 / 1000 = 32% @2022-12-03 19:58:24.219662
328 / 1000 = 32% @2022-12-03 19:58:24.761711
329 / 1000 = 32% @2022-12-03 19:58:26.184615
330 / 1000 = 33% @2022-12-03 19:58:26.755438
331 / 1000 = 33% @2022-12-03 19:58:32.236809
332 / 1000 = 33% @2022-12-03 19:58:34.839050
333 / 1000 = 33% @2022-12-03 19:58:39.292516
334 / 1000 = 33% @2022-12-03 19:58:40.831448
335 / 1000 = 33% @2022-12-03 19:58:41.434745
336 / 1000 = 33% @2022-12-03 19:58:42.270919
337 / 1000 = 33% @2022-12-03 19:58:43.401551
338 / 1000 = 33% @2022-12-03 19:58:44.312119
339 / 1000 = 33% @2022-12-03 19:58:45.584261
340 / 1000 = 34% @2022-12-03 19:58:49.259991
341 / 1000 = 34% @2022-12-03 19:58:50.262790
342 / 1000 = 34% @2022-12-03 19:58:50.735491
343 / 1000 = 34% @2022-12-03 19:58:52.876966
344 / 1000 = 34% @2022-12-03 19:58:53.226017
345 / 1000 = 34% @2022-12-03 19:58:53.481576
346 / 1000 = 34% @2022-12-03 19:58:53.994906
347 / 1000 = 34% @2022-12-03 19:59:01.844217
348 / 1000 = 34% @2022-12-03 19:59:02.752475
349 / 1000 = 34% @2022-12-03 19:59:04.785420
350 / 1000 = 35% @2022-12-03 19:59:11.865732
351 / 1000 = 35% @2022-12-03 19:59:12.731059
352 / 1000 = 35% @2022-12-03 19:59:13.109544
353 / 1000 = 35% @2022-12-03 19:59:20.958067
354 / 1000 = 35% @2022-12-03 19:59:26.162342
355 / 1000 = 35% @2022-12-03 19:59:28.227524
356 / 1000 = 35% @2022-12-03 19:59:30.631893
357 / 1000 = 35% @2022-12-03 19:59:32.324551
358 / 1000 = 35% @2022-12-03 19:59:40.197081
359 / 1000 = 35% @2022-12-03 19:59:45.386123
360 / 1000 = 36% @2022-12-03 19:59:48.289123
361 / 1000 = 36% @2022-12-03 19:59:51.473916
362 / 1000 = 36% @2022-12-03 19:59:52.247879
363 / 1000 = 36% @2022-12-03 19:59:55.610933
364 / 1000 = 36% @2022-12-03 19:59:58.119415
365 / 1000 = 36% @2022-12-03 20:00:01.251560
366 / 1000 = 36% @2022-12-03 20:00:09.112163
367 / 1000 = 36% @2022-12-03 20:00:09.770936
368 / 1000 = 36% @2022-12-03 20:00:14.418248
369 / 1000 = 36% @2022-12-03 20:00:15.258305
370 / 1000 = 37% @2022-12-03 20:00:16.738359
371 / 1000 = 37% @2022-12-03 20:00:18.491513
372 / 1000 = 37% @2022-12-03 20:00:19.902309
373 / 1000 = 37% @2022-12-03 20:00:20.376918
374 / 1000 = 37% @2022-12-03 20:00:28.223175
375 / 1000 = 37% @2022-12-03 20:00:32.865023
376 / 1000 = 37% @2022-12-03 20:00:34.605496
377 / 1000 = 37% @2022-12-03 20:00:36.236819
378 / 1000 = 37% @2022-12-03 20:00:36.948129
379 / 1000 = 37% @2022-12-03 20:00:38.615324
380 / 1000 = 38% @2022-12-03 20:00:43.153416
381 / 1000 = 38% @2022-12-03 20:00:43.929524
382 / 1000 = 38% @2022-12-03 20:00:46.748822
383 / 1000 = 38% @2022-12-03 20:00:50.409480
384 / 1000 = 38% @2022-12-03 20:00:51.414050
385 / 1000 = 38% @2022-12-03 20:00:57.107393
386 / 1000 = 38% @2022-12-03 20:01:02.442746
387 / 1000 = 38% @2022-12-03 20:01:10.302951
388 / 1000 = 38% @2022-12-03 20:01:11.805674
389 / 1000 = 38% @2022-12-03 20:01:12.842285
390 / 1000 = 39% @2022-12-03 20:01:13.750960
391 / 1000 = 39% @2022-12-03 20:01:21.547096
392 / 1000 = 39% @2022-12-03 20:01:23.327009
393 / 1000 = 39% @2022-12-03 20:01:24.992138
394 / 1000 = 39% @2022-12-03 20:01:26.532370
395 / 1000 = 39% @2022-12-03 20:01:27.174885
396 / 1000 = 39% @2022-12-03 20:01:31.824076
397 / 1000 = 39% @2022-12-03 20:01:35.215084
398 / 1000 = 39% @2022-12-03 20:01:36.236702
399 / 1000 = 39% @2022-12-03 20:01:37.791901
400 / 1000 = 40% @2022-12-03 20:01:38.395035
401 / 1000 = 40% @2022-12-03 20:01:38.883975
402 / 1000 = 40% @2022-12-03 20:01:43.390677
403 / 1000 = 40% @2022-12-03 20:01:44.262395
404 / 1000 = 40% @2022-12-03 20:01:44.798036
405 / 1000 = 40% @2022-12-03 20:01:52.149602
406 / 1000 = 40% @2022-12-03 20:01:55.549314
407 / 1000 = 40% @2022-12-03 20:01:56.326182
408 / 1000 = 40% @2022-12-03 20:02:01.962062
409 / 1000 = 40% @2022-12-03 20:02:09.390659
410 / 1000 = 41% @2022-12-03 20:02:10.101159
411 / 1000 = 41% @2022-12-03 20:02:17.914963
412 / 1000 = 41% @2022-12-03 20:02:23.577555
413 / 1000 = 41% @2022-12-03 20:02:25.585050
414 / 1000 = 41% @2022-12-03 20:02:30.830850
415 / 1000 = 41% @2022-12-03 20:02:33.244745
416 / 1000 = 41% @2022-12-03 20:02:34.424322
417 / 1000 = 41% @2022-12-03 20:02:38.380055
418 / 1000 = 41% @2022-12-03 20:02:39.507078
419 / 1000 = 41% @2022-12-03 20:02:40.849193
420 / 1000 = 42% @2022-12-03 20:02:43.648306
421 / 1000 = 42% @2022-12-03 20:02:44.635429
422 / 1000 = 42% @2022-12-03 20:02:52.203433
423 / 1000 = 42% @2022-12-03 20:02:59.792646
424 / 1000 = 42% @2022-12-03 20:03:01.488967
425 / 1000 = 42% @2022-12-03 20:03:04.367291
426 / 1000 = 42% @2022-12-03 20:03:09.784177
427 / 1000 = 42% @2022-12-03 20:03:17.360951
428 / 1000 = 42% @2022-12-03 20:03:20.147054
429 / 1000 = 42% @2022-12-03 20:03:21.276742
430 / 1000 = 43% @2022-12-03 20:03:23.118423
431 / 1000 = 43% @2022-12-03 20:03:25.193146
432 / 1000 = 43% @2022-12-03 20:03:28.431788
433 / 1000 = 43% @2022-12-03 20:03:30.873255
434 / 1000 = 43% @2022-12-03 20:03:33.694636
435 / 1000 = 43% @2022-12-03 20:03:35.361027
436 / 1000 = 43% @2022-12-03 20:03:35.976157
437 / 1000 = 43% @2022-12-03 20:03:43.575485
438 / 1000 = 43% @2022-12-03 20:03:50.929823
439 / 1000 = 43% @2022-12-03 20:03:51.972347
440 / 1000 = 44% @2022-12-03 20:03:52.943464
441 / 1000 = 44% @2022-12-03 20:03:55.218771
442 / 1000 = 44% @2022-12-03 20:03:58.512097
443 / 1000 = 44% @2022-12-03 20:04:00.046146
444 / 1000 = 44% @2022-12-03 20:04:07.589262
445 / 1000 = 44% @2022-12-03 20:04:07.992913
446 / 1000 = 44% @2022-12-03 20:04:10.814982
447 / 1000 = 44% @2022-12-03 20:04:12.138719
448 / 1000 = 44% @2022-12-03 20:04:12.874574
449 / 1000 = 44% @2022-12-03 20:04:14.096087
450 / 1000 = 45% @2022-12-03 20:04:15.917960
451 / 1000 = 45% @2022-12-03 20:04:22.967862
452 / 1000 = 45% @2022-12-03 20:04:25.020815
453 / 1000 = 45% @2022-12-03 20:04:27.817314
454 / 1000 = 45% @2022-12-03 20:04:31.709060
455 / 1000 = 45% @2022-12-03 20:04:32.433425
456 / 1000 = 45% @2022-12-03 20:04:39.942053
457 / 1000 = 45% @2022-12-03 20:04:40.180059
458 / 1000 = 45% @2022-12-03 20:04:40.920284
459 / 1000 = 45% @2022-12-03 20:04:41.518304
460 / 1000 = 46% @2022-12-03 20:04:48.959721
461 / 1000 = 46% @2022-12-03 20:04:55.683023
462 / 1000 = 46% @2022-12-03 20:05:00.067834
463 / 1000 = 46% @2022-12-03 20:05:01.401647
464 / 1000 = 46% @2022-12-03 20:05:03.282758
465 / 1000 = 46% @2022-12-03 20:05:10.870482
466 / 1000 = 46% @2022-12-03 20:05:13.002317
467 / 1000 = 46% @2022-12-03 20:05:13.173237
468 / 1000 = 46% @2022-12-03 20:05:14.869392
469 / 1000 = 46% @2022-12-03 20:05:16.961595
470 / 1000 = 47% @2022-12-03 20:05:20.322711
471 / 1000 = 47% @2022-12-03 20:05:20.700445
472 / 1000 = 47% @2022-12-03 20:05:21.626262
473 / 1000 = 47% @2022-12-03 20:05:21.797504
474 / 1000 = 47% @2022-12-03 20:05:28.481064
475 / 1000 = 47% @2022-12-03 20:05:28.945223
476 / 1000 = 47% @2022-12-03 20:05:36.505808
477 / 1000 = 47% @2022-12-03 20:05:37.016068
478 / 1000 = 47% @2022-12-03 20:05:43.830612
479 / 1000 = 47% @2022-12-03 20:05:46.403697
480 / 1000 = 48% @2022-12-03 20:05:47.685334
481 / 1000 = 48% @2022-12-03 20:05:55.287464
482 / 1000 = 48% @2022-12-03 20:05:56.217137
483 / 1000 = 48% @2022-12-03 20:05:57.690512
484 / 1000 = 48% @2022-12-03 20:05:58.406114
485 / 1000 = 48% @2022-12-03 20:06:03.543175
486 / 1000 = 48% @2022-12-03 20:06:04.162873
487 / 1000 = 48% @2022-12-03 20:06:04.641181
488 / 1000 = 48% @2022-12-03 20:06:05.553404
489 / 1000 = 48% @2022-12-03 20:06:06.159589
490 / 1000 = 49% @2022-12-03 20:06:06.651609
491 / 1000 = 49% @2022-12-03 20:06:07.021754
492 / 1000 = 49% @2022-12-03 20:06:11.357195
493 / 1000 = 49% @2022-12-03 20:06:13.637158
494 / 1000 = 49% @2022-12-03 20:06:15.643289
495 / 1000 = 49% @2022-12-03 20:06:18.057180
496 / 1000 = 49% @2022-12-03 20:06:19.110725
497 / 1000 = 49% @2022-12-03 20:06:20.869211
498 / 1000 = 49% @2022-12-03 20:06:23.171797
499 / 1000 = 49% @2022-12-03 20:06:27.532054
500 / 1000 = 50% @2022-12-03 20:06:29.568160
501 / 1000 = 50% @2022-12-03 20:06:33.060975
502 / 1000 = 50% @2022-12-03 20:06:39.516275
503 / 1000 = 50% @2022-12-03 20:06:40.349658
504 / 1000 = 50% @2022-12-03 20:06:46.187531
505 / 1000 = 50% @2022-12-03 20:06:49.018571
506 / 1000 = 50% @2022-12-03 20:06:49.815590
507 / 1000 = 50% @2022-12-03 20:06:54.312581
508 / 1000 = 50% @2022-12-03 20:06:54.930933
509 / 1000 = 50% @2022-12-03 20:06:57.025837
510 / 1000 = 51% @2022-12-03 20:06:57.897371
511 / 1000 = 51% @2022-12-03 20:06:58.601759
512 / 1000 = 51% @2022-12-03 20:06:59.385402
513 / 1000 = 51% @2022-12-03 20:06:59.784162
514 / 1000 = 51% @2022-12-03 20:07:04.756142
515 / 1000 = 51% @2022-12-03 20:07:06.291396
516 / 1000 = 51% @2022-12-03 20:07:07.462642
517 / 1000 = 51% @2022-12-03 20:07:08.304511
518 / 1000 = 51% @2022-12-03 20:07:11.733815
519 / 1000 = 51% @2022-12-03 20:07:16.684199
520 / 1000 = 52% @2022-12-03 20:07:20.224802
521 / 1000 = 52% @2022-12-03 20:07:21.723180
522 / 1000 = 52% @2022-12-03 20:07:22.783178
523 / 1000 = 52% @2022-12-03 20:07:23.515808
524 / 1000 = 52% @2022-12-03 20:07:23.771535
525 / 1000 = 52% @2022-12-03 20:07:24.953036
526 / 1000 = 52% @2022-12-03 20:07:25.579676
527 / 1000 = 52% @2022-12-03 20:07:26.400666
528 / 1000 = 52% @2022-12-03 20:07:28.763943
529 / 1000 = 52% @2022-12-03 20:07:36.318998
530 / 1000 = 53% @2022-12-03 20:07:37.284909
531 / 1000 = 53% @2022-12-03 20:07:44.873178
532 / 1000 = 53% @2022-12-03 20:07:45.822372
533 / 1000 = 53% @2022-12-03 20:07:50.173116
534 / 1000 = 53% @2022-12-03 20:07:55.066033
535 / 1000 = 53% @2022-12-03 20:07:55.991617
536 / 1000 = 53% @2022-12-03 20:08:00.390481
537 / 1000 = 53% @2022-12-03 20:08:01.102413
538 / 1000 = 53% @2022-12-03 20:08:02.061458
539 / 1000 = 53% @2022-12-03 20:08:05.406859
540 / 1000 = 54% @2022-12-03 20:08:10.885411
541 / 1000 = 54% @2022-12-03 20:08:18.533842
542 / 1000 = 54% @2022-12-03 20:08:22.218143
543 / 1000 = 54% @2022-12-03 20:08:29.836467
544 / 1000 = 54% @2022-12-03 20:08:31.397592
545 / 1000 = 54% @2022-12-03 20:08:33.181556
546 / 1000 = 54% @2022-12-03 20:08:34.639982
547 / 1000 = 54% @2022-12-03 20:08:34.994850
548 / 1000 = 54% @2022-12-03 20:08:36.810649
549 / 1000 = 54% @2022-12-03 20:08:42.468288
550 / 1000 = 55% @2022-12-03 20:08:43.571969
551 / 1000 = 55% @2022-12-03 20:08:44.607169
552 / 1000 = 55% @2022-12-03 20:08:46.145425
553 / 1000 = 55% @2022-12-03 20:08:46.663954
554 / 1000 = 55% @2022-12-03 20:08:47.796810
555 / 1000 = 55% @2022-12-03 20:08:50.153758
556 / 1000 = 55% @2022-12-03 20:08:50.348915
557 / 1000 = 55% @2022-12-03 20:08:51.027793
558 / 1000 = 55% @2022-12-03 20:08:52.592195
559 / 1000 = 55% @2022-12-03 20:08:53.457335
560 / 1000 = 56% @2022-12-03 20:08:55.784567
561 / 1000 = 56% @2022-12-03 20:08:58.340114
562 / 1000 = 56% @2022-12-03 20:08:58.931754
563 / 1000 = 56% @2022-12-03 20:09:00.230728
564 / 1000 = 56% @2022-12-03 20:09:07.817236
565 / 1000 = 56% @2022-12-03 20:09:10.707511
566 / 1000 = 56% @2022-12-03 20:09:11.435735
567 / 1000 = 56% @2022-12-03 20:09:12.206138
568 / 1000 = 56% @2022-12-03 20:09:14.738003
569 / 1000 = 56% @2022-12-03 20:09:15.775400
570 / 1000 = 57% @2022-12-03 20:09:16.891158
571 / 1000 = 57% @2022-12-03 20:09:17.129398
572 / 1000 = 57% @2022-12-03 20:09:20.222018
573 / 1000 = 57% @2022-12-03 20:09:20.449499
574 / 1000 = 57% @2022-12-03 20:09:20.670633
575 / 1000 = 57% @2022-12-03 20:09:28.749289
576 / 1000 = 57% @2022-12-03 20:09:36.811914
577 / 1000 = 57% @2022-12-03 20:09:37.003032
578 / 1000 = 57% @2022-12-03 20:09:45.075619
579 / 1000 = 57% @2022-12-03 20:09:45.297802
580 / 1000 = 58% @2022-12-03 20:09:45.577065
581 / 1000 = 58% @2022-12-03 20:09:45.798245
582 / 1000 = 58% @2022-12-03 20:09:46.026268
583 / 1000 = 58% @2022-12-03 20:09:46.209438
584 / 1000 = 58% @2022-12-03 20:09:46.431396
585 / 1000 = 58% @2022-12-03 20:09:54.610661
586 / 1000 = 58% @2022-12-03 20:09:54.816776
587 / 1000 = 58% @2022-12-03 20:09:55.690801
588 / 1000 = 58% @2022-12-03 20:09:56.604474
589 / 1000 = 58% @2022-12-03 20:09:58.135601
590 / 1000 = 59% @2022-12-03 20:09:58.974566
591 / 1000 = 59% @2022-12-03 20:09:59.571529
592 / 1000 = 59% @2022-12-03 20:10:08.754388
593 / 1000 = 59% @2022-12-03 20:10:09.398819
594 / 1000 = 59% @2022-12-03 20:10:10.149828
595 / 1000 = 59% @2022-12-03 20:10:10.723009
596 / 1000 = 59% @2022-12-03 20:10:10.994047
597 / 1000 = 59% @2022-12-03 20:10:11.262992
598 / 1000 = 59% @2022-12-03 20:10:15.369787
599 / 1000 = 59% @2022-12-03 20:10:15.623929
600 / 1000 = 60% @2022-12-03 20:10:16.023100
601 / 1000 = 60% @2022-12-03 20:10:16.414683
602 / 1000 = 60% @2022-12-03 20:10:16.733435
603 / 1000 = 60% @2022-12-03 20:10:19.978714
604 / 1000 = 60% @2022-12-03 20:10:24.047050
605 / 1000 = 60% @2022-12-03 20:10:25.762810
606 / 1000 = 60% @2022-12-03 20:10:26.069622
607 / 1000 = 60% @2022-12-03 20:10:26.930018
608 / 1000 = 60% @2022-12-03 20:10:27.222890
609 / 1000 = 60% @2022-12-03 20:10:27.486459
610 / 1000 = 61% @2022-12-03 20:10:27.806497
611 / 1000 = 61% @2022-12-03 20:10:32.838119
612 / 1000 = 61% @2022-12-03 20:10:34.180387
613 / 1000 = 61% @2022-12-03 20:10:34.499271
614 / 1000 = 61% @2022-12-03 20:10:36.219197
615 / 1000 = 61% @2022-12-03 20:10:36.505662
616 / 1000 = 61% @2022-12-03 20:10:38.221470
617 / 1000 = 61% @2022-12-03 20:10:38.541658
618 / 1000 = 61% @2022-12-03 20:10:38.860114
619 / 1000 = 61% @2022-12-03 20:10:40.722925
620 / 1000 = 62% @2022-12-03 20:10:41.732409
621 / 1000 = 62% @2022-12-03 20:10:41.996687
622 / 1000 = 62% @2022-12-03 20:10:42.253029
623 / 1000 = 62% @2022-12-03 20:10:47.799608
624 / 1000 = 62% @2022-12-03 20:10:48.119066
625 / 1000 = 62% @2022-12-03 20:10:48.361407
626 / 1000 = 62% @2022-12-03 20:10:51.869755
627 / 1000 = 62% @2022-12-03 20:10:52.465016
628 / 1000 = 62% @2022-12-03 20:10:52.736877
629 / 1000 = 62% @2022-12-03 20:10:53.029431
630 / 1000 = 63% @2022-12-03 20:10:53.520308
631 / 1000 = 63% @2022-12-03 20:10:53.840141
632 / 1000 = 63% @2022-12-03 20:10:54.129527
633 / 1000 = 63% @2022-12-03 20:10:54.707074
634 / 1000 = 63% @2022-12-03 20:10:55.027089
635 / 1000 = 63% @2022-12-03 20:10:55.783346
636 / 1000 = 63% @2022-12-03 20:10:56.182784
637 / 1000 = 63% @2022-12-03 20:10:56.455942
638 / 1000 = 63% @2022-12-03 20:10:56.856800
639 / 1000 = 63% @2022-12-03 20:10:57.175106
640 / 1000 = 64% @2022-12-03 20:10:59.054657
641 / 1000 = 64% @2022-12-03 20:10:59.372721
642 / 1000 = 64% @2022-12-03 20:11:01.493240
643 / 1000 = 64% @2022-12-03 20:11:01.975332
644 / 1000 = 64% @2022-12-03 20:11:11.204767
645 / 1000 = 64% @2022-12-03 20:11:11.486443
646 / 1000 = 64% @2022-12-03 20:11:11.803633
647 / 1000 = 64% @2022-12-03 20:11:12.070249
648 / 1000 = 64% @2022-12-03 20:11:12.370603
649 / 1000 = 64% @2022-12-03 20:11:12.644507
650 / 1000 = 65% @2022-12-03 20:11:12.909728
651 / 1000 = 65% @2022-12-03 20:11:13.182323
652 / 1000 = 65% @2022-12-03 20:11:13.439599
653 / 1000 = 65% @2022-12-03 20:11:13.736790
654 / 1000 = 65% @2022-12-03 20:11:14.010107
655 / 1000 = 65% @2022-12-03 20:11:14.644681
656 / 1000 = 65% @2022-12-03 20:11:14.964313
657 / 1000 = 65% @2022-12-03 20:11:15.220835
658 / 1000 = 65% @2022-12-03 20:11:15.566359
659 / 1000 = 65% @2022-12-03 20:11:15.858038
660 / 1000 = 66% @2022-12-03 20:11:16.130231
661 / 1000 = 66% @2022-12-03 20:11:25.309347
662 / 1000 = 66% @2022-12-03 20:11:25.584062
663 / 1000 = 66% @2022-12-03 20:11:25.903087
664 / 1000 = 66% @2022-12-03 20:11:26.903323
665 / 1000 = 66% @2022-12-03 20:11:28.622890
666 / 1000 = 66% @2022-12-03 20:11:28.939514
667 / 1000 = 66% @2022-12-03 20:11:29.809807
668 / 1000 = 66% @2022-12-03 20:11:30.022108
669 / 1000 = 66% @2022-12-03 20:11:30.673825
670 / 1000 = 67% @2022-12-03 20:11:30.900813
671 / 1000 = 67% @2022-12-03 20:11:31.183664
672 / 1000 = 67% @2022-12-03 20:11:31.795413
673 / 1000 = 67% @2022-12-03 20:11:32.445205
674 / 1000 = 67% @2022-12-03 20:11:42.199883
675 / 1000 = 67% @2022-12-03 20:11:42.495622
676 / 1000 = 67% @2022-12-03 20:11:42.792848
677 / 1000 = 67% @2022-12-03 20:11:43.452525
678 / 1000 = 67% @2022-12-03 20:11:43.744203
679 / 1000 = 67% @2022-12-03 20:11:44.696249
680 / 1000 = 68% @2022-12-03 20:11:44.948598
681 / 1000 = 68% @2022-12-03 20:11:45.600452
682 / 1000 = 68% @2022-12-03 20:11:46.260902
683 / 1000 = 68% @2022-12-03 20:11:46.983993
684 / 1000 = 68% @2022-12-03 20:11:47.292363
685 / 1000 = 68% @2022-12-03 20:11:47.969519
686 / 1000 = 68% @2022-12-03 20:11:48.629258
687 / 1000 = 68% @2022-12-03 20:11:48.922605
688 / 1000 = 68% @2022-12-03 20:11:49.213950
689 / 1000 = 68% @2022-12-03 20:11:49.498557
690 / 1000 = 69% @2022-12-03 20:11:50.111398
691 / 1000 = 69% @2022-12-03 20:11:50.393905
692 / 1000 = 69% @2022-12-03 20:11:50.649709
693 / 1000 = 69% @2022-12-03 20:11:51.023641
694 / 1000 = 69% @2022-12-03 20:11:51.407815
695 / 1000 = 69% @2022-12-03 20:11:52.137235
696 / 1000 = 69% @2022-12-03 20:11:52.474286
697 / 1000 = 69% @2022-12-03 20:11:52.857684
698 / 1000 = 69% @2022-12-03 20:11:53.204630
699 / 1000 = 69% @2022-12-03 20:11:55.187403
700 / 1000 = 70% @2022-12-03 20:11:55.449122
701 / 1000 = 70% @2022-12-03 20:11:55.800892
702 / 1000 = 70% @2022-12-03 20:11:56.169274
703 / 1000 = 70% @2022-12-03 20:11:56.508095
704 / 1000 = 70% @2022-12-03 20:11:56.867515
705 / 1000 = 70% @2022-12-03 20:11:57.606872
706 / 1000 = 70% @2022-12-03 20:12:04.964781
707 / 1000 = 70% @2022-12-03 20:12:08.078192
708 / 1000 = 70% @2022-12-03 20:12:08.357889
709 / 1000 = 70% @2022-12-03 20:12:09.771161
710 / 1000 = 71% @2022-12-03 20:12:17.017526
711 / 1000 = 71% @2022-12-03 20:12:22.955640
712 / 1000 = 71% @2022-12-03 20:12:33.324086
713 / 1000 = 71% @2022-12-03 20:12:45.859103
714 / 1000 = 71% @2022-12-03 20:12:50.791519
715 / 1000 = 71% @2022-12-03 20:12:52.218063
716 / 1000 = 71% @2022-12-03 20:12:53.566904
717 / 1000 = 71% @2022-12-03 20:13:03.426636
718 / 1000 = 71% @2022-12-03 20:13:16.117031
719 / 1000 = 71% @2022-12-03 20:13:16.622063
720 / 1000 = 72% @2022-12-03 20:13:29.329666
721 / 1000 = 72% @2022-12-03 20:13:41.945275
722 / 1000 = 72% @2022-12-03 20:13:46.011361
723 / 1000 = 72% @2022-12-03 20:13:58.216306
724 / 1000 = 72% @2022-12-03 20:13:59.567846
725 / 1000 = 72% @2022-12-03 20:13:59.981622
726 / 1000 = 72% @2022-12-03 20:14:12.014101
727 / 1000 = 72% @2022-12-03 20:14:12.354469
728 / 1000 = 72% @2022-12-03 20:14:12.707755
729 / 1000 = 72% @2022-12-03 20:14:13.143267
730 / 1000 = 73% @2022-12-03 20:14:26.221116
731 / 1000 = 73% @2022-12-03 20:14:26.582996
732 / 1000 = 73% @2022-12-03 20:14:28.975195
733 / 1000 = 73% @2022-12-03 20:14:31.286392
734 / 1000 = 73% @2022-12-03 20:14:31.643280
735 / 1000 = 73% @2022-12-03 20:14:35.129244
736 / 1000 = 73% @2022-12-03 20:14:35.537945
737 / 1000 = 73% @2022-12-03 20:14:35.901859
738 / 1000 = 73% @2022-12-03 20:14:49.818780
739 / 1000 = 73% @2022-12-03 20:14:51.623639
740 / 1000 = 74% @2022-12-03 20:14:52.092458
741 / 1000 = 74% @2022-12-03 20:14:58.840353
742 / 1000 = 74% @2022-12-03 20:15:12.743052
743 / 1000 = 74% @2022-12-03 20:15:13.094144
744 / 1000 = 74% @2022-12-03 20:15:13.805392
745 / 1000 = 74% @2022-12-03 20:15:17.083810
746 / 1000 = 74% @2022-12-03 20:15:30.988834
747 / 1000 = 74% @2022-12-03 20:15:35.698755
748 / 1000 = 74% @2022-12-03 20:15:41.533420
749 / 1000 = 74% @2022-12-03 20:15:47.081072
750 / 1000 = 75% @2022-12-03 20:15:52.293480
751 / 1000 = 75% @2022-12-03 20:16:04.170376
752 / 1000 = 75% @2022-12-03 20:16:11.086598
753 / 1000 = 75% @2022-12-03 20:16:17.387926
754 / 1000 = 75% @2022-12-03 20:16:17.748612
755 / 1000 = 75% @2022-12-03 20:16:18.102850
756 / 1000 = 75% @2022-12-03 20:16:18.456554
757 / 1000 = 75% @2022-12-03 20:16:18.804011
758 / 1000 = 75% @2022-12-03 20:16:19.160389
759 / 1000 = 75% @2022-12-03 20:16:19.517063
760 / 1000 = 76% @2022-12-03 20:16:19.868078
761 / 1000 = 76% @2022-12-03 20:16:20.222090
762 / 1000 = 76% @2022-12-03 20:16:20.572480
763 / 1000 = 76% @2022-12-03 20:16:20.925124
764 / 1000 = 76% @2022-12-03 20:16:21.268818
765 / 1000 = 76% @2022-12-03 20:16:21.635038
766 / 1000 = 76% @2022-12-03 20:16:21.993661
767 / 1000 = 76% @2022-12-03 20:16:22.337232
768 / 1000 = 76% @2022-12-03 20:16:22.696073
769 / 1000 = 76% @2022-12-03 20:16:23.064411
770 / 1000 = 77% @2022-12-03 20:16:23.418319
771 / 1000 = 77% @2022-12-03 20:16:23.773120
772 / 1000 = 77% @2022-12-03 20:16:24.123964
773 / 1000 = 77% @2022-12-03 20:16:24.479590
774 / 1000 = 77% @2022-12-03 20:16:24.834152
775 / 1000 = 77% @2022-12-03 20:16:25.192428
776 / 1000 = 77% @2022-12-03 20:16:25.544581
777 / 1000 = 77% @2022-12-03 20:16:25.892275
778 / 1000 = 77% @2022-12-03 20:16:26.240367
779 / 1000 = 77% @2022-12-03 20:16:26.594985
780 / 1000 = 78% @2022-12-03 20:16:27.202181
781 / 1000 = 78% @2022-12-03 20:16:27.607906
782 / 1000 = 78% @2022-12-03 20:16:28.059753
783 / 1000 = 78% @2022-12-03 20:16:28.561883
784 / 1000 = 78% @2022-12-03 20:16:29.069952
785 / 1000 = 78% @2022-12-03 20:16:29.541376
786 / 1000 = 78% @2022-12-03 20:16:30.875558
787 / 1000 = 78% @2022-12-03 20:16:38.616114
788 / 1000 = 78% @2022-12-03 20:16:39.353476
789 / 1000 = 78% @2022-12-03 20:16:40.696323
790 / 1000 = 79% @2022-12-03 20:16:41.428880
791 / 1000 = 79% @2022-12-03 20:16:43.176813
792 / 1000 = 79% @2022-12-03 20:16:44.867555
793 / 1000 = 79% @2022-12-03 20:16:46.557922
794 / 1000 = 79% @2022-12-03 20:16:49.220587
795 / 1000 = 79% @2022-12-03 20:16:50.566396
796 / 1000 = 79% @2022-12-03 20:16:51.710967
797 / 1000 = 79% @2022-12-03 20:16:53.978914
798 / 1000 = 79% @2022-12-03 20:16:55.298171
799 / 1000 = 79% @2022-12-03 20:16:56.039969
800 / 1000 = 80% @2022-12-03 20:16:59.158561
801 / 1000 = 80% @2022-12-03 20:17:00.443143
802 / 1000 = 80% @2022-12-03 20:17:01.260867
803 / 1000 = 80% @2022-12-03 20:17:01.976338
804 / 1000 = 80% @2022-12-03 20:17:05.844708
805 / 1000 = 80% @2022-12-03 20:17:07.051144
806 / 1000 = 80% @2022-12-03 20:17:07.705286
807 / 1000 = 80% @2022-12-03 20:17:08.444624
808 / 1000 = 80% @2022-12-03 20:17:09.279962
809 / 1000 = 80% @2022-12-03 20:17:12.056287
810 / 1000 = 81% @2022-12-03 20:17:13.390403
811 / 1000 = 81% @2022-12-03 20:17:14.159193
812 / 1000 = 81% @2022-12-03 20:17:14.648434
813 / 1000 = 81% @2022-12-03 20:17:15.729654
814 / 1000 = 81% @2022-12-03 20:17:16.127435
815 / 1000 = 81% @2022-12-03 20:17:17.837450
816 / 1000 = 81% @2022-12-03 20:17:19.464604
817 / 1000 = 81% @2022-12-03 20:17:21.123299
818 / 1000 = 81% @2022-12-03 20:17:22.815505
819 / 1000 = 81% @2022-12-03 20:17:25.949707
820 / 1000 = 82% @2022-12-03 20:17:27.074235
821 / 1000 = 82% @2022-12-03 20:17:28.404282
822 / 1000 = 82% @2022-12-03 20:17:30.098554
823 / 1000 = 82% @2022-12-03 20:17:33.975387
824 / 1000 = 82% @2022-12-03 20:17:35.426311
825 / 1000 = 82% @2022-12-03 20:17:37.124293
826 / 1000 = 82% @2022-12-03 20:17:39.156167
827 / 1000 = 82% @2022-12-03 20:17:39.728850
828 / 1000 = 82% @2022-12-03 20:17:40.354984
829 / 1000 = 82% @2022-12-03 20:17:42.090161
830 / 1000 = 83% @2022-12-03 20:17:43.610928
831 / 1000 = 83% @2022-12-03 20:17:45.134954
832 / 1000 = 83% @2022-12-03 20:17:46.219164
833 / 1000 = 83% @2022-12-03 20:17:46.779942
834 / 1000 = 83% @2022-12-03 20:17:47.335250
835 / 1000 = 83% @2022-12-03 20:17:47.896281
836 / 1000 = 83% @2022-12-03 20:17:49.762900
837 / 1000 = 83% @2022-12-03 20:17:51.058483
838 / 1000 = 83% @2022-12-03 20:17:52.040431
839 / 1000 = 83% @2022-12-03 20:17:54.857411
840 / 1000 = 84% @2022-12-03 20:17:55.277236
841 / 1000 = 84% @2022-12-03 20:17:55.691534
842 / 1000 = 84% @2022-12-03 20:18:06.154552
843 / 1000 = 84% @2022-12-03 20:18:06.647038
844 / 1000 = 84% @2022-12-03 20:18:07.134134
845 / 1000 = 84% @2022-12-03 20:18:07.618855
846 / 1000 = 84% @2022-12-03 20:18:08.081316
847 / 1000 = 84% @2022-12-03 20:18:08.567752
848 / 1000 = 84% @2022-12-03 20:18:09.030270
849 / 1000 = 84% @2022-12-03 20:18:09.927344
850 / 1000 = 85% @2022-12-03 20:18:10.407116
851 / 1000 = 85% @2022-12-03 20:18:28.062492
852 / 1000 = 85% @2022-12-03 20:18:28.502349
853 / 1000 = 85% @2022-12-03 20:18:29.475962
854 / 1000 = 85% @2022-12-03 20:18:30.165738
855 / 1000 = 85% @2022-12-03 20:18:31.888292
856 / 1000 = 85% @2022-12-03 20:18:32.846377
857 / 1000 = 85% @2022-12-03 20:18:34.321333
858 / 1000 = 85% @2022-12-03 20:18:34.909579
859 / 1000 = 85% @2022-12-03 20:18:36.001584
860 / 1000 = 86% @2022-12-03 20:18:36.614525
861 / 1000 = 86% @2022-12-03 20:18:38.719561
862 / 1000 = 86% @2022-12-03 20:18:40.473072
863 / 1000 = 86% @2022-12-03 20:18:41.105149
864 / 1000 = 86% @2022-12-03 20:18:41.743230
865 / 1000 = 86% @2022-12-03 20:18:42.206150
866 / 1000 = 86% @2022-12-03 20:18:42.906633
867 / 1000 = 86% @2022-12-03 20:18:44.114390
868 / 1000 = 86% @2022-12-03 20:18:45.827489
869 / 1000 = 86% @2022-12-03 20:18:46.453021
870 / 1000 = 87% @2022-12-03 20:18:47.975738
871 / 1000 = 87% @2022-12-03 20:18:48.613450
872 / 1000 = 87% @2022-12-03 20:18:49.237929
873 / 1000 = 87% @2022-12-03 20:18:49.743905
874 / 1000 = 87% @2022-12-03 20:18:50.272851
875 / 1000 = 87% @2022-12-03 20:18:50.804716
876 / 1000 = 87% @2022-12-03 20:18:53.838877
877 / 1000 = 87% @2022-12-03 20:18:54.345898
878 / 1000 = 87% @2022-12-03 20:18:54.840190
879 / 1000 = 87% @2022-12-03 20:18:55.323092
880 / 1000 = 88% @2022-12-03 20:18:55.882138
881 / 1000 = 88% @2022-12-03 20:18:56.453156
882 / 1000 = 88% @2022-12-03 20:18:57.585992
883 / 1000 = 88% @2022-12-03 20:18:58.169800
884 / 1000 = 88% @2022-12-03 20:18:58.768182
885 / 1000 = 88% @2022-12-03 20:19:19.689982
886 / 1000 = 88% @2022-12-03 20:19:20.776072
887 / 1000 = 88% @2022-12-03 20:19:33.232155
888 / 1000 = 88% @2022-12-03 20:19:34.316596
889 / 1000 = 88% @2022-12-03 20:19:35.368491
890 / 1000 = 89% @2022-12-03 20:19:36.463951
891 / 1000 = 89% @2022-12-03 20:19:37.193990
892 / 1000 = 89% @2022-12-03 20:19:58.184928
893 / 1000 = 89% @2022-12-03 20:19:58.905711
894 / 1000 = 89% @2022-12-03 20:19:59.998383
895 / 1000 = 89% @2022-12-03 20:20:00.758223
896 / 1000 = 89% @2022-12-03 20:20:22.622081
897 / 1000 = 89% @2022-12-03 20:20:44.600881
898 / 1000 = 89% @2022-12-03 20:20:46.100064
899 / 1000 = 89% @2022-12-03 20:20:51.054738
900 / 1000 = 90% @2022-12-03 20:21:08.717762
901 / 1000 = 90% @2022-12-03 20:21:30.707895
902 / 1000 = 90% @2022-12-03 20:21:52.612490
903 / 1000 = 90% @2022-12-03 20:22:14.502096
904 / 1000 = 90% @2022-12-03 20:22:36.286061
905 / 1000 = 90% @2022-12-03 20:22:37.017943
906 / 1000 = 90% @2022-12-03 20:22:58.972023
907 / 1000 = 90% @2022-12-03 20:23:01.539100
908 / 1000 = 90% @2022-12-03 20:23:02.310057
909 / 1000 = 90% @2022-12-03 20:23:05.969343
910 / 1000 = 91% @2022-12-03 20:23:06.681984
911 / 1000 = 91% @2022-12-03 20:23:14.766236
912 / 1000 = 91% @2022-12-03 20:23:29.557334
913 / 1000 = 91% @2022-12-03 20:23:30.669919
914 / 1000 = 91% @2022-12-03 20:23:31.470168
915 / 1000 = 91% @2022-12-03 20:23:35.331868
916 / 1000 = 91% @2022-12-03 20:23:43.240752
917 / 1000 = 91% @2022-12-03 20:23:50.105819
918 / 1000 = 91% @2022-12-03 20:23:55.369937
919 / 1000 = 91% @2022-12-03 20:23:56.419850
920 / 1000 = 92% @2022-12-03 20:23:57.235553
921 / 1000 = 92% @2022-12-03 20:23:58.328249
922 / 1000 = 92% @2022-12-03 20:23:59.443285
923 / 1000 = 92% @2022-12-03 20:24:00.484975
924 / 1000 = 92% @2022-12-03 20:24:01.222770
925 / 1000 = 92% @2022-12-03 20:24:02.396233
926 / 1000 = 92% @2022-12-03 20:24:03.195023
927 / 1000 = 92% @2022-12-03 20:24:03.993391
928 / 1000 = 92% @2022-12-03 20:24:11.721033
929 / 1000 = 92% @2022-12-03 20:24:12.856975
930 / 1000 = 93% @2022-12-03 20:24:22.750748
931 / 1000 = 93% @2022-12-03 20:24:23.852852
932 / 1000 = 93% @2022-12-03 20:24:40.723502
933 / 1000 = 93% @2022-12-03 20:24:44.158295
934 / 1000 = 93% @2022-12-03 20:24:50.746876
935 / 1000 = 93% @2022-12-03 20:25:03.609114
936 / 1000 = 93% @2022-12-03 20:25:27.892698
937 / 1000 = 93% @2022-12-03 20:25:31.033391
938 / 1000 = 93% @2022-12-03 20:25:32.739722
939 / 1000 = 93% @2022-12-03 20:25:33.348810
940 / 1000 = 94% @2022-12-03 20:25:34.043900
941 / 1000 = 94% @2022-12-03 20:25:34.657794
942 / 1000 = 94% @2022-12-03 20:25:38.325991
943 / 1000 = 94% @2022-12-03 20:25:39.116487
944 / 1000 = 94% @2022-12-03 20:25:39.917091
945 / 1000 = 94% @2022-12-03 20:25:40.711366
946 / 1000 = 94% @2022-12-03 20:25:41.510452
947 / 1000 = 94% @2022-12-03 20:25:42.365350
948 / 1000 = 94% @2022-12-03 20:25:43.212781
949 / 1000 = 94% @2022-12-03 20:25:44.038519
950 / 1000 = 95% @2022-12-03 20:25:45.055836
951 / 1000 = 95% @2022-12-03 20:25:45.824950
952 / 1000 = 95% @2022-12-03 20:25:46.545808
953 / 1000 = 95% @2022-12-03 20:25:47.568758
954 / 1000 = 95% @2022-12-03 20:25:48.397832
955 / 1000 = 95% @2022-12-03 20:25:49.220346
956 / 1000 = 95% @2022-12-03 20:25:50.053219
957 / 1000 = 95% @2022-12-03 20:25:50.880726
958 / 1000 = 95% @2022-12-03 20:25:51.598205
959 / 1000 = 95% @2022-12-03 20:26:14.413772
960 / 1000 = 96% @2022-12-03 20:26:15.261789
961 / 1000 = 96% @2022-12-03 20:26:16.141694
962 / 1000 = 96% @2022-12-03 20:26:16.980075
963 / 1000 = 96% @2022-12-03 20:26:17.836330
964 / 1000 = 96% @2022-12-03 20:26:18.573056
965 / 1000 = 96% @2022-12-03 20:26:19.290929
966 / 1000 = 96% @2022-12-03 20:26:20.003830
967 / 1000 = 96% @2022-12-03 20:26:27.502159
968 / 1000 = 96% @2022-12-03 20:26:28.360346
969 / 1000 = 96% @2022-12-03 20:26:29.172611
970 / 1000 = 97% @2022-12-03 20:26:29.877819
971 / 1000 = 97% @2022-12-03 20:26:31.197386
972 / 1000 = 97% @2022-12-03 20:26:33.253148
973 / 1000 = 97% @2022-12-03 20:26:43.503392
974 / 1000 = 97% @2022-12-03 20:26:46.054465
975 / 1000 = 97% @2022-12-03 20:26:48.588822
976 / 1000 = 97% @2022-12-03 20:26:56.386013
977 / 1000 = 97% @2022-12-03 20:27:19.860301
978 / 1000 = 97% @2022-12-03 20:27:20.666835
979 / 1000 = 97% @2022-12-03 20:27:22.706673
980 / 1000 = 98% @2022-12-03 20:27:23.526511
981 / 1000 = 98% @2022-12-03 20:27:25.696625
982 / 1000 = 98% @2022-12-03 20:27:26.513569
983 / 1000 = 98% @2022-12-03 20:27:28.908708
984 / 1000 = 98% @2022-12-03 20:27:56.109970
985 / 1000 = 98% @2022-12-03 20:28:00.692171
986 / 1000 = 98% @2022-12-03 20:28:10.430308
987 / 1000 = 98% @2022-12-03 20:28:16.214051
988 / 1000 = 98% @2022-12-03 20:28:17.162713
989 / 1000 = 98% @2022-12-03 20:28:19.359586
990 / 1000 = 99% @2022-12-03 20:28:20.258428
991 / 1000 = 99% @2022-12-03 20:28:24.742902
992 / 1000 = 99% @2022-12-03 20:28:30.530640
993 / 1000 = 99% @2022-12-03 20:28:31.413943
994 / 1000 = 99% @2022-12-03 20:28:58.785288
995 / 1000 = 99% @2022-12-03 20:29:26.176119
996 / 1000 = 99% @2022-12-03 20:29:32.166467
997 / 1000 = 99% @2022-12-03 20:29:33.126836
998 / 1000 = 99% @2022-12-03 20:29:37.670571
999 / 1000 = 99% @2022-12-03 20:29:38.834200
1000 / 1000 = 100% @2022-12-03 20:29:40.235647

                            END @2022-12-03 20:29:40.239537
----------------------------------------------------------------------------------------
