
                           START @2022-12-03 16:00:02.620521
----------------------------------------------------------------------------------------
----------------------------------------------------------------------------------------
---------------------------------------- CONFIG -----------------------------------------
----------------------------------------------------------------------------------------
seed=0
device=device(type='cuda', index=1)
torch.backends.cudnn.enabled=False
Traceback (most recent call last):
  File "explain.py", line 552, in <module>
    main(config)
  File "explain.py", line 542, in main
    run(*parse_config(config))
  File "explain.py", line 417, in run
    control_params.mal_start_batch = control_params.mal_start_batch // data_params.batch_size
TypeError: unsupported operand type(s) for //: 'NoneType' and 'int'

                           START @2022-12-03 16:22:52.821417
----------------------------------------------------------------------------------------
----------------------------------------------------------------------------------------
---------------------------------------- CONFIG -----------------------------------------
----------------------------------------------------------------------------------------
seed=0
device=device(type='cuda', index=1)
torch.backends.cudnn.enabled=False

                           START @2022-12-03 16:26:47.122951
----------------------------------------------------------------------------------------
----------------------------------------------------------------------------------------
---------------------------------------- CONFIG -----------------------------------------
----------------------------------------------------------------------------------------
seed=0
device=device(type='cuda', index=1)
torch.backends.cudnn.enabled=False
